*** Terminating app due to uncaught exception 'NSRangeException', reason: '*** -[__NSArray0 objectAtIndex:]: index 0 beyond bounds for empty array'
*** First throw call stack:
(
	0   CoreFoundation                      0x00000001823c98dc __exceptionPreprocess + 176
	1   libobjc.A.dylib                     0x0000000181ea2418 objc_exception_throw + 88
	2   CoreFoundation                      0x00000001823e8888 CFArrayApply + 0
	3   libmlx.dylib                        0x00000001257849d8 _ZN3mlx4core5metal6DeviceC2Ev + 204
	4   libmlx.dylib                        0x0000000125788068 _ZN3mlx4core5metal6deviceENS0_6DeviceE + 80
	5   libmlx.dylib                        0x000000012575f91c _ZN3mlx4core5metal14MetalAllocatorC2Ev + 60
	6   libmlx.dylib                        0x000000012575f7bc _ZN3mlx4core9allocator9allocatorEv + 80
	7   libmlx.dylib                        0x0000000124cca958 _ZN3mlx4core5array4initIPKjEEvT_ + 64
	8   libmlx.dylib                        0x0000000124cca890 _ZN3mlx4core5arrayC2IjEESt16initializer_listIT_ENS0_5DtypeE + 156
	9   libmlx.dylib                        0x0000000124cc3f64 _ZN3mlx4core6random3keyEy + 72
	10  core.cpython-312-darwin.so          0x00000001208dbfcc PyInit_core + 732728
	11  core.cpython-312-darwin.so          0x00000001208dda74 PyInit_core + 739552
	12  core.cpython-312-darwin.so          0x0000000120829328 PyInit_core + 404
	13  Python                              0x0000000105c74368 _PyImport_LoadDynamicModuleWithSpec + 588
	14  Python                              0x0000000105c73330 _imp_create_dynamic + 240
	15  Python                              0x0000000105b52f9c cfunction_vectorcall_FASTCALL + 96
	16  Python                              0x0000000105c2da14 _PyEval_EvalFrameDefault + 52668
	17  Python                              0x0000000105ae7b8c object_vacall + 292
	18  Python                              0x0000000105ae7a18 PyObject_CallMethodObjArgs + 108
	19  Python                              0x0000000105c6ff7c PyImport_ImportModuleLevelObject + 1208
	20  Python                              0x0000000105c29098 _PyEval_EvalFrameDefault + 33856
	21  Python                              0x0000000105c20940 PyEval_EvalCode + 304
	22  Python                              0x0000000105c1c394 builtin_exec + 472
	23  Python                              0x0000000105b530a4 cfunction_vectorcall_FASTCALL_KEYWORDS + 92
	24  Python                              0x0000000105c2da14 _PyEval_EvalFrameDefault + 52668
	25  Python                              0x0000000105ae7b8c object_vacall + 292
	26  Python                              0x0000000105ae7a18 PyObject_CallMethodObjArgs + 108
	27  Python                              0x0000000105c6ff7c PyImport_ImportModuleLevelObject + 1208
	28  Python                              0x0000000105c29098 _PyEval_EvalFrameDefault + 33856
	29  Python                              0x0000000105c20940 PyEval_EvalCode + 304
	30  Python                              0x0000000105ca0ddc run_mod + 176
	31  Python                              0x0000000105c9fe6c pyrun_file + 148
	32  Python                              0x0000000105c9edd0 _PyRun_SimpleFileObject + 304
	33  Python                              0x0000000105c9ea40 _PyRun_AnyFileObject + 248
	34  Python                              0x0000000105ccd044 pymain_run_file_obj + 220
	35  Python                              0x0000000105cccd84 pymain_run_file + 72
	36  Python                              0x0000000105ccc670 Py_RunMain + 1544
	37  Python                              0x0000000105ccc85c pymain_main + 36
	38  Python                              0x0000000105ccc8d4 Py_BytesMain + 40
	39  dyld                                0x0000000181f15d54 start + 7184
)
libc++abi: terminating due to uncaught exception of type NSException
