SSE Stream Started: 2026-01-12 06:57:54.955577
Stream URL: http://127.0.0.1:5005/stream/cea4513e-96ba-4f3e-8214-56ebc407b095
================================================================================

[06:57:54.955] connected: {
  "type": "connected",
  "job_id": "cea4513e-96ba-4f3e-8214-56ebc407b095"
}

[06:58:24.964] heartbeat: {
  "type": "heartbeat",
  "timestamp": 1768226304.9615731
}

[06:58:54.967] heartbeat: {
  "type": "heartbeat",
  "timestamp": 1768226334.967479
}

[06:59:24.969] heartbeat: {
  "type": "heartbeat",
  "timestamp": 1768226364.9687989
}

[06:59:54.972] heartbeat: {
  "type": "heartbeat",
  "timestamp": 1768226394.971749
}

[07:00:24.975] heartbeat: {
  "type": "heartbeat",
  "timestamp": 1768226424.973752
}

[07:00:54.977] heartbeat: {
  "type": "heartbeat",
  "timestamp": 1768226454.9768908
}

[07:01:24.974] heartbeat: {
  "type": "heartbeat",
  "timestamp": 1768226484.972747
}

[07:01:54.974] heartbeat: {
  "type": "heartbeat",
  "timestamp": 1768226514.974045
}

[07:02:24.980] heartbeat: {
  "type": "heartbeat",
  "timestamp": 1768226544.980248
}

