[INFO] Python executable: /Library/Frameworks/Python.framework/Versions/3.12/bin/python3
[INFO] Python version: 3.12.2
[INFO] Working directory: /Users/shaydu/dev/mondrian-macos
[INFO] Environment variables:
[INFO]   MLX_USE_CPU=<not set>
[INFO]   CUDA_VISIBLE_DEVICES=<not set>
[INFO]   PYTORCH_ENABLE_MPS_FALLBACK=<not set>
[INFO] MLX default device explicitly set to: Device(gpu, 0)
[INFO] MLX configured to use GPU backend (Metal)
Traceback (most recent call last):
  File "/Users/shaydu/dev/mondrian-macos/mondrian/ai_advisor_service.py", line 71, in <module>
    from mlx_vlm import load, generate, stream_generate
  File "/Library/Frameworks/Python.framework/Versions/3.12/lib/python3.12/site-packages/mlx_vlm/__init__.py", line 3, in <module>
    from .convert import convert
  File "/Library/Frameworks/Python.framework/Versions/3.12/lib/python3.12/site-packages/mlx_vlm/convert.py", line 10, in <module>
    from mlx_lm.utils import dequantize_model, quantize_model
  File "/Library/Frameworks/Python.framework/Versions/3.12/lib/python3.12/site-packages/mlx_lm/__init__.py", line 9, in <module>
    from .convert import convert
  File "/Library/Frameworks/Python.framework/Versions/3.12/lib/python3.12/site-packages/mlx_lm/convert.py", line 11, in <module>
    from .utils import (
  File "/Library/Frameworks/Python.framework/Versions/3.12/lib/python3.12/site-packages/mlx_lm/utils.py", line 42, in <module>
    from .tokenizer_utils import TokenizerWrapper
  File "/Library/Frameworks/Python.framework/Versions/3.12/lib/python3.12/site-packages/mlx_lm/tokenizer_utils.py", line 6, in <module>
    from transformers import AutoTokenizer, PreTrainedTokenizerFast
  File "/Library/Frameworks/Python.framework/Versions/3.12/lib/python3.12/site-packages/transformers/__init__.py", line 30, in <module>
    from . import dependency_versions_check
  File "/Library/Frameworks/Python.framework/Versions/3.12/lib/python3.12/site-packages/transformers/dependency_versions_check.py", line 16, in <module>
    from .utils.versions import require_version, require_version_core
  File "/Library/Frameworks/Python.framework/Versions/3.12/lib/python3.12/site-packages/transformers/utils/__init__.py", line 22, in <module>
    from .auto_docstring import (
  File "/Library/Frameworks/Python.framework/Versions/3.12/lib/python3.12/site-packages/transformers/utils/auto_docstring.py", line 30, in <module>
    from .generic import ModelOutput
  File "/Library/Frameworks/Python.framework/Versions/3.12/lib/python3.12/site-packages/transformers/utils/generic.py", line 33, in <module>
    from .import_utils import is_mlx_available, is_torch_available, is_torch_fx_proxy, requires
  File "/Library/Frameworks/Python.framework/Versions/3.12/lib/python3.12/site-packages/transformers/utils/import_utils.py", line 45, in <module>
    PACKAGE_DISTRIBUTION_MAPPING = importlib.metadata.packages_distributions()
                                   ^^^^^^^^^^^^^^^^^^^^^^^^^^^^^^^^^^^^^^^^^^^
  File "/Library/Frameworks/Python.framework/Versions/3.12/lib/python3.12/importlib/metadata/__init__.py", line 946, in packages_distributions
    for pkg in _top_level_declared(dist) or _top_level_inferred(dist):
                                            ^^^^^^^^^^^^^^^^^^^^^^^^^
  File "/Library/Frameworks/Python.framework/Versions/3.12/lib/python3.12/importlib/metadata/__init__.py", line 958, in _top_level_inferred
    for f in always_iterable(dist.files)
                             ^^^^^^^^^^
  File "/Library/Frameworks/Python.framework/Versions/3.12/lib/python3.12/importlib/metadata/__init__.py", line 500, in files
    return skip_missing_files(
           ^^^^^^^^^^^^^^^^^^^
  File "/Library/Frameworks/Python.framework/Versions/3.12/lib/python3.12/importlib/metadata/_functools.py", line 102, in wrapper
    return func(param, *args, **kwargs)
           ^^^^^^^^^^^^^^^^^^^^^^^^^^^^
  File "/Library/Frameworks/Python.framework/Versions/3.12/lib/python3.12/importlib/metadata/__init__.py", line 498, in skip_missing_files
    return list(filter(lambda path: path.locate().exists(), package_paths))
           ^^^^^^^^^^^^^^^^^^^^^^^^^^^^^^^^^^^^^^^^^^^^^^^^^^^^^^^^^^^^^^^^
  File "/Library/Frameworks/Python.framework/Versions/3.12/lib/python3.12/importlib/metadata/__init__.py", line 498, in <lambda>
    return list(filter(lambda path: path.locate().exists(), package_paths))
                                    ^^^^^^^^^^^^^^^^^^^^^^
  File "/Library/Frameworks/Python.framework/Versions/3.12/lib/python3.12/pathlib.py", line 860, in exists
    self.stat(follow_symlinks=follow_symlinks)
  File "/Library/Frameworks/Python.framework/Versions/3.12/lib/python3.12/pathlib.py", line 840, in stat
    return os.stat(self, follow_symlinks=follow_symlinks)
           ^^^^^^^^^^^^^^^^^^^^^^^^^^^^^^^^^^^^^^^^^^^^^^
KeyboardInterrupt
