[INFO] Python executable: /Users/shaydu/dev/mondrian-macos/mondrian/venv/bin/python3
[INFO] Python version: 3.12.2
[INFO] Working directory: /Users/shaydu/dev/mondrian-macos
[INFO] Environment variables:
[INFO]   MLX_USE_CPU=<not set>
[INFO]   CUDA_VISIBLE_DEVICES=<not set>
[INFO]   PYTORCH_ENABLE_MPS_FALLBACK=<not set>
[INFO] MLX default device explicitly set to: Device(gpu, 0)
[INFO] MLX configured to use GPU backend (Metal)
Traceback (most recent call last):
  File "/Users/shaydu/dev/mondrian-macos/mondrian/ai_advisor_service.py", line 71, in <module>
    from mlx_vlm import load, generate, stream_generate
  File "/Users/shaydu/dev/mondrian-macos/mondrian/venv/lib/python3.12/site-packages/mlx_vlm/__init__.py", line 3, in <module>
    from .convert import convert
  File "/Users/shaydu/dev/mondrian-macos/mondrian/venv/lib/python3.12/site-packages/mlx_vlm/convert.py", line 10, in <module>
    from mlx_lm.utils import dequantize_model, quantize_model
  File "/Users/shaydu/dev/mondrian-macos/mondrian/venv/lib/python3.12/site-packages/mlx_lm/__init__.py", line 9, in <module>
    from .convert import convert
  File "/Users/shaydu/dev/mondrian-macos/mondrian/venv/lib/python3.12/site-packages/mlx_lm/convert.py", line 11, in <module>
    from .utils import (
  File "/Users/shaydu/dev/mondrian-macos/mondrian/venv/lib/python3.12/site-packages/mlx_lm/utils.py", line 41, in <module>
    from .tokenizer_utils import TokenizerWrapper
  File "/Users/shaydu/dev/mondrian-macos/mondrian/venv/lib/python3.12/site-packages/mlx_lm/tokenizer_utils.py", line 7, in <module>
    from transformers import AutoTokenizer, PreTrainedTokenizerFast
  File "/Users/shaydu/dev/mondrian-macos/mondrian/venv/lib/python3.12/site-packages/transformers/__init__.py", line 30, in <module>
    from . import dependency_versions_check
  File "/Users/shaydu/dev/mondrian-macos/mondrian/venv/lib/python3.12/site-packages/transformers/dependency_versions_check.py", line 16, in <module>
    from .utils.versions import require_version, require_version_core
  File "/Users/shaydu/dev/mondrian-macos/mondrian/venv/lib/python3.12/site-packages/transformers/utils/__init__.py", line 22, in <module>
    from .auto_docstring import (
  File "/Users/shaydu/dev/mondrian-macos/mondrian/venv/lib/python3.12/site-packages/transformers/utils/auto_docstring.py", line 30, in <module>
    from .generic import ModelOutput
  File "/Users/shaydu/dev/mondrian-macos/mondrian/venv/lib/python3.12/site-packages/transformers/utils/generic.py", line 33, in <module>
    from .import_utils import is_mlx_available, is_torch_available, is_torch_fx_proxy, requires
  File "/Users/shaydu/dev/mondrian-macos/mondrian/venv/lib/python3.12/site-packages/transformers/utils/import_utils.py", line 45, in <module>
    PACKAGE_DISTRIBUTION_MAPPING = importlib.metadata.packages_distributions()
                                   ^^^^^^^^^^^^^^^^^^^^^^^^^^^^^^^^^^^^^^^^^^^
  File "/Library/Frameworks/Python.framework/Versions/3.12/lib/python3.12/importlib/metadata/__init__.py", line 947, in packages_distributions
    pkg_to_dist[pkg].append(dist.metadata['Name'])
                            ^^^^^^^^^^^^^
  File "/Library/Frameworks/Python.framework/Versions/3.12/lib/python3.12/importlib/metadata/__init__.py", line 444, in metadata
    self.read_text('METADATA')
  File "/Library/Frameworks/Python.framework/Versions/3.12/lib/python3.12/importlib/metadata/__init__.py", line 818, in read_text
    return self._path.joinpath(filename).read_text(encoding='utf-8')
           ^^^^^^^^^^^^^^^^^^^^^^^^^^^^^^^^^^^^^^^^^^^^^^^^^^^^^^^^^
  File "/Library/Frameworks/Python.framework/Versions/3.12/lib/python3.12/pathlib.py", line 1028, in read_text
    return f.read()
           ^^^^^^^^
  File "<frozen codecs>", line 319, in decode
KeyboardInterrupt
