[INFO] Job Service v2.3-DB-FIXED starting...
[INFO] Database connection management fixed for real-time status updates
[INIT] AI_SERVICE_URL: http://127.0.0.1:5100/analyze
[INIT] Port: 5005
[INIT] Database: /Users/shaydu/dev/mondrian-macos/mondrian/mondrian.db
[INIT] Debug mode: False
[INIT] Created directories
[INIT] Initializing database...
[INIT] Database schema OK
[INIT] RAG Default: ENABLED (from RAG_ENABLED env var)
============================================================
Starting Job Service v2.3-DB-FIXED on port 5005...
Host: 0.0.0.0:5005
AI Service: http://127.0.0.1:5100/analyze
============================================================
 * Serving Flask app 'job_service_v2.3'
 * Debug mode: off
[31m[1mWARNING: This is a development server. Do not use it in a production deployment. Use a production WSGI server instead.[0m
 * Running on all addresses (0.0.0.0)
 * Running on http://127.0.0.1:5005
 * Running on http://10.0.0.131:5005
[33mPress CTRL+C to quit[0m
127.0.0.1 - - [15/Jan/2026 05:39:00] "GET /health HTTP/1.1" 200 -
127.0.0.1 - - [15/Jan/2026 05:39:05] "GET /health HTTP/1.1" 200 -
127.0.0.1 - - [15/Jan/2026 05:39:05] "GET /health HTTP/1.1" 200 -
127.0.0.1 - - [15/Jan/2026 05:39:09] "GET /health HTTP/1.1" 200 -
127.0.0.1 - - [15/Jan/2026 05:39:09] "GET /health HTTP/1.1" 200 -
127.0.0.1 - - [15/Jan/2026 05:39:10] "GET /health HTTP/1.1" 200 -
127.0.0.1 - - [15/Jan/2026 05:39:14] "GET /health HTTP/1.1" 200 -
127.0.0.1 - - [15/Jan/2026 05:39:15] "GET /health HTTP/1.1" 200 -
127.0.0.1 - - [15/Jan/2026 05:39:19] "GET /health HTTP/1.1" 200 -
127.0.0.1 - - [15/Jan/2026 05:39:20] "GET /health HTTP/1.1" 200 -
127.0.0.1 - - [15/Jan/2026 05:39:24] "GET /health HTTP/1.1" 200 -
127.0.0.1 - - [15/Jan/2026 05:39:25] "GET /health HTTP/1.1" 200 -
127.0.0.1 - - [15/Jan/2026 05:39:29] "GET /health HTTP/1.1" 200 -
127.0.0.1 - - [15/Jan/2026 05:39:30] "GET /health HTTP/1.1" 200 -
127.0.0.1 - - [15/Jan/2026 05:39:34] "GET /health HTTP/1.1" 200 -
127.0.0.1 - - [15/Jan/2026 05:39:35] "GET /health HTTP/1.1" 200 -
127.0.0.1 - - [15/Jan/2026 05:39:39] "GET /health HTTP/1.1" 200 -
127.0.0.1 - - [15/Jan/2026 05:39:40] "GET /health HTTP/1.1" 200 -
127.0.0.1 - - [15/Jan/2026 05:39:44] "GET /health HTTP/1.1" 200 -
127.0.0.1 - - [15/Jan/2026 05:39:45] "GET /health HTTP/1.1" 200 -
127.0.0.1 - - [15/Jan/2026 05:39:49] "GET /health HTTP/1.1" 200 -
127.0.0.1 - - [15/Jan/2026 05:39:50] "GET /health HTTP/1.1" 200 -
127.0.0.1 - - [15/Jan/2026 05:39:54] "GET /health HTTP/1.1" 200 -
127.0.0.1 - - [15/Jan/2026 05:39:55] "GET /health HTTP/1.1" 200 -
127.0.0.1 - - [15/Jan/2026 05:39:59] "GET /health HTTP/1.1" 200 -
127.0.0.1 - - [15/Jan/2026 05:40:00] "GET /health HTTP/1.1" 200 -
127.0.0.1 - - [15/Jan/2026 05:40:00] "GET /health HTTP/1.1" 200 -

====================================================================================================
[API REQUEST] GET /health
[API REQUEST] No parameters
====================================================================================================

[API RESPONSE] ✅ 200 GET /health


====================================================================================================
[API REQUEST] GET /health
[API REQUEST] No parameters
====================================================================================================

[API RESPONSE] ✅ 200 GET /health


====================================================================================================
[API REQUEST] GET /health
[API REQUEST] No parameters
====================================================================================================

[API RESPONSE] ✅ 200 GET /health


====================================================================================================
[API REQUEST] GET /health
[API REQUEST] No parameters
====================================================================================================

[API RESPONSE] ✅ 200 GET /health


====================================================================================================
[API REQUEST] GET /health
[API REQUEST] No parameters
====================================================================================================

[API RESPONSE] ✅ 200 GET /health


====================================================================================================
[API REQUEST] GET /health
[API REQUEST] No parameters
====================================================================================================

[API RESPONSE] ✅ 200 GET /health


====================================================================================================
[API REQUEST] GET /health
[API REQUEST] No parameters
====================================================================================================

[API RESPONSE] ✅ 200 GET /health


====================================================================================================
[API REQUEST] GET /health
[API REQUEST] No parameters
====================================================================================================

[API RESPONSE] ✅ 200 GET /health


====================================================================================================
[API REQUEST] GET /health
[API REQUEST] No parameters
====================================================================================================

[API RESPONSE] ✅ 200 GET /health


====================================================================================================
[API REQUEST] GET /health
[API REQUEST] No parameters
====================================================================================================

[API RESPONSE] ✅ 200 GET /health


====================================================================================================
[API REQUEST] GET /health
[API REQUEST] No parameters
====================================================================================================

[API RESPONSE] ✅ 200 GET /health


====================================================================================================
[API REQUEST] GET /health
[API REQUEST] No parameters
====================================================================================================

[API RESPONSE] ✅ 200 GET /health


====================================================================================================
[API REQUEST] GET /health
[API REQUEST] No parameters
====================================================================================================

[API RESPONSE] ✅ 200 GET /health


====================================================================================================
[API REQUEST] GET /health
[API REQUEST] No parameters
====================================================================================================

[API RESPONSE] ✅ 200 GET /health


====================================================================================================
[API REQUEST] GET /health
[API REQUEST] No parameters
====================================================================================================

[API RESPONSE] ✅ 200 GET /health


====================================================================================================
[API REQUEST] GET /health
[API REQUEST] No parameters
====================================================================================================

[API RESPONSE] ✅ 200 GET /health


====================================================================================================
[API REQUEST] GET /health
[API REQUEST] No parameters
====================================================================================================

[API RESPONSE] ✅ 200 GET /health


====================================================================================================
[API REQUEST] GET /health
[API REQUEST] No parameters
====================================================================================================

[API RESPONSE] ✅ 200 GET /health


====================================================================================================
[API REQUEST] GET /health
[API REQUEST] No parameters
====================================================================================================

[API RESPONSE] ✅ 200 GET /health


====================================================================================================
[API REQUEST] GET /health
[API REQUEST] No parameters
====================================================================================================

[API RESPONSE] ✅ 200 GET /health


====================================================================================================
[API REQUEST] GET /health
[API REQUEST] No parameters
====================================================================================================

[API RESPONSE] ✅ 200 GET /health


====================================================================================================
[API REQUEST] GET /health
[API REQUEST] No parameters
====================================================================================================

[API RESPONSE] ✅ 200 GET /health


====================================================================================================
[API REQUEST] GET /health
[API REQUEST] No parameters
====================================================================================================

[API RESPONSE] ✅ 200 GET /health


====================================================================================================
[API REQUEST] GET /health
[API REQUEST] No parameters
====================================================================================================

[API RESPONSE] ✅ 200 GET /health


====================================================================================================
[API REQUEST] GET /health
[API REQUEST] No parameters
====================================================================================================

[API RESPONSE] ✅ 200 GET /health


====================================================================================================
[API REQUEST] GET /health
[API REQUEST] No parameters
====================================================================================================

[API RESPONSE] ✅ 200 GET /health


====================================================================================================
[API REQUEST] GET /health
[API REQUEST] No parameters
====================================================================================================

[API RESPONSE] ✅ 200 GET /health


====================================================================================================
[API REQUEST] GET /health
[API REQUEST] No parameters
127.0.0.1 - - [15/Jan/2026 05:40:04] "GET /health HTTP/1.1" 200 -
127.0.0.1 - - [15/Jan/2026 05:40:06] "GET /health HTTP/1.1" 200 -
127.0.0.1 - - [15/Jan/2026 05:40:09] "GET /health HTTP/1.1" 200 -
127.0.0.1 - - [15/Jan/2026 05:40:11] "GET /health HTTP/1.1" 200 -
127.0.0.1 - - [15/Jan/2026 05:40:15] "GET /health HTTP/1.1" 200 -
127.0.0.1 - - [15/Jan/2026 05:40:16] "GET /health HTTP/1.1" 200 -
127.0.0.1 - - [15/Jan/2026 05:40:20] "GET /health HTTP/1.1" 200 -
127.0.0.1 - - [15/Jan/2026 05:40:21] "GET /health HTTP/1.1" 200 -
127.0.0.1 - - [15/Jan/2026 05:40:25] "GET /health HTTP/1.1" 200 -
127.0.0.1 - - [15/Jan/2026 05:40:26] "GET /health HTTP/1.1" 200 -
127.0.0.1 - - [15/Jan/2026 05:40:30] "GET /health HTTP/1.1" 200 -
127.0.0.1 - - [15/Jan/2026 05:40:31] "GET /health HTTP/1.1" 200 -
127.0.0.1 - - [15/Jan/2026 05:40:35] "GET /health HTTP/1.1" 200 -
127.0.0.1 - - [15/Jan/2026 05:40:36] "GET /health HTTP/1.1" 200 -
127.0.0.1 - - [15/Jan/2026 05:40:40] "GET /health HTTP/1.1" 200 -
127.0.0.1 - - [15/Jan/2026 05:40:41] "GET /health HTTP/1.1" 200 -
127.0.0.1 - - [15/Jan/2026 05:40:45] "GET /health HTTP/1.1" 200 -
127.0.0.1 - - [15/Jan/2026 05:40:46] "GET /health HTTP/1.1" 200 -
127.0.0.1 - - [15/Jan/2026 05:40:50] "GET /health HTTP/1.1" 200 -
127.0.0.1 - - [15/Jan/2026 05:40:51] "GET /health HTTP/1.1" 200 -
127.0.0.1 - - [15/Jan/2026 05:40:56] "GET /health HTTP/1.1" 200 -
127.0.0.1 - - [15/Jan/2026 05:40:56] "GET /health HTTP/1.1" 200 -
127.0.0.1 - - [15/Jan/2026 05:41:01] "GET /health HTTP/1.1" 200 -
127.0.0.1 - - [15/Jan/2026 05:41:01] "GET /health HTTP/1.1" 200 -
127.0.0.1 - - [15/Jan/2026 05:41:06] "GET /health HTTP/1.1" 200 -
127.0.0.1 - - [15/Jan/2026 05:41:06] "GET /health HTTP/1.1" 200 -
127.0.0.1 - - [15/Jan/2026 05:41:11] "GET /health HTTP/1.1" 200 -
127.0.0.1 - - [15/Jan/2026 05:41:11] "GET /health HTTP/1.1" 200 -
====================================================================================================

[API RESPONSE] ✅ 200 GET /health


====================================================================================================
[API REQUEST] GET /health
[API REQUEST] No parameters
====================================================================================================

[API RESPONSE] ✅ 200 GET /health


====================================================================================================
[API REQUEST] GET /health
[API REQUEST] No parameters
====================================================================================================

[API RESPONSE] ✅ 200 GET /health


====================================================================================================
[API REQUEST] GET /health
[API REQUEST] No parameters
====================================================================================================

[API RESPONSE] ✅ 200 GET /health


====================================================================================================
[API REQUEST] GET /health
[API REQUEST] No parameters
====================================================================================================

[API RESPONSE] ✅ 200 GET /health


====================================================================================================
[API REQUEST] GET /health
[API REQUEST] No parameters
====================================================================================================

[API RESPONSE] ✅ 200 GET /health


====================================================================================================
[API REQUEST] GET /health
[API REQUEST] No parameters
====================================================================================================

[API RESPONSE] ✅ 200 GET /health


====================================================================================================
[API REQUEST] GET /health
[API REQUEST] No parameters
====================================================================================================

[API RESPONSE] ✅ 200 GET /health


====================================================================================================
[API REQUEST] GET /health
[API REQUEST] No parameters
====================================================================================================

[API RESPONSE] ✅ 200 GET /health


====================================================================================================
[API REQUEST] GET /health
[API REQUEST] No parameters
====================================================================================================

[API RESPONSE] ✅ 200 GET /health


====================================================================================================
[API REQUEST] GET /health
[API REQUEST] No parameters
====================================================================================================

[API RESPONSE] ✅ 200 GET /health


====================================================================================================
[API REQUEST] GET /health
[API REQUEST] No parameters
====================================================================================================

[API RESPONSE] ✅ 200 GET /health


====================================================================================================
[API REQUEST] GET /health
[API REQUEST] No parameters
====================================================================================================

[API RESPONSE] ✅ 200 GET /health


====================================================================================================
[API REQUEST] GET /health
[API REQUEST] No parameters
====================================================================================================

[API RESPONSE] ✅ 200 GET /health


====================================================================================================
[API REQUEST] GET /health
[API REQUEST] No parameters
====================================================================================================

[API RESPONSE] ✅ 200 GET /health


====================================================================================================
[API REQUEST] GET /health
[API REQUEST] No parameters
====================================================================================================

[API RESPONSE] ✅ 200 GET /health


====================================================================================================
[API REQUEST] GET /health
[API REQUEST] No parameters
====================================================================================================

[API RESPONSE] ✅ 200 GET /health


====================================================================================================
[API REQUEST] GET /health
[API REQUEST] No parameters
====================================================================================================

[API RESPONSE] ✅ 200 GET /health


====================================================================================================
[API REQUEST] GET /health
[API REQUEST] No parameters
====================================================================================================

[API RESPONSE] ✅ 200 GET /health


====================================================================================================
[API REQUEST] GET /health
[API REQUEST] No parameters
====================================================================================================

[API RESPONSE] ✅ 200 GET /health


====================================================================================================
[API REQUEST] GET /health
[API REQUEST] No parameters
====================================================================================================

[API RESPONSE] ✅ 200 GET /health


====================================================================================================
[API REQUEST] GET /health
[API REQUEST] No parameters
====================================================================================================

[API RESPONSE] ✅ 200 GET /health


====================================================================================================
[API REQUEST] GET /health
[API REQUEST] No parameters
====================================================================================================

[API RESPONSE] ✅ 200 GET /health


====================================================================================================
[API REQUEST] GET /health
[API REQUEST] No parameters
====================================================================================================

[API RESPONSE] ✅ 200 GET /health


====================================================================================================
[API REQUEST] GET /health
[API REQUEST] No parameters
====================================================================================================

[API RESPONSE] ✅ 200 GET /health


====================================================================================================
[API REQUEST] GET /health
[API REQUEST] No parameters
====================================================================================================

[API RESPONSE] ✅ 200 GET /health


====================================================================================================
[API REQUEST] GET /health
[API REQUEST] No parameters
====================================================================================================

[API RESPONSE] ✅ 200 GET /health


====================================================================================================
[API REQUEST] GET /health
[API REQUEST] No parameters
====================================================================================================

[API RESPONSE] ✅ 200 GET /health


====================================================================================================
127.0.0.1 - - [15/Jan/2026 05:41:16] "GET /health HTTP/1.1" 200 -
127.0.0.1 - - [15/Jan/2026 05:41:16] "GET /health HTTP/1.1" 200 -
127.0.0.1 - - [15/Jan/2026 05:41:21] "GET /health HTTP/1.1" 200 -
127.0.0.1 - - [15/Jan/2026 05:41:21] "GET /health HTTP/1.1" 200 -
127.0.0.1 - - [15/Jan/2026 05:41:26] "GET /health HTTP/1.1" 200 -
127.0.0.1 - - [15/Jan/2026 05:41:27] "GET /health HTTP/1.1" 200 -
127.0.0.1 - - [15/Jan/2026 05:41:31] "GET /health HTTP/1.1" 200 -
127.0.0.1 - - [15/Jan/2026 05:41:32] "GET /health HTTP/1.1" 200 -
127.0.0.1 - - [15/Jan/2026 05:41:37] "GET /health HTTP/1.1" 200 -
127.0.0.1 - - [15/Jan/2026 05:41:37] "GET /health HTTP/1.1" 200 -
127.0.0.1 - - [15/Jan/2026 05:41:42] "GET /health HTTP/1.1" 200 -
127.0.0.1 - - [15/Jan/2026 05:41:42] "GET /health HTTP/1.1" 200 -
127.0.0.1 - - [15/Jan/2026 05:41:48] "GET /health HTTP/1.1" 200 -
127.0.0.1 - - [15/Jan/2026 05:41:48] "GET /health HTTP/1.1" 200 -
127.0.0.1 - - [15/Jan/2026 05:41:54] "GET /health HTTP/1.1" 200 -
127.0.0.1 - - [15/Jan/2026 05:41:54] "GET /health HTTP/1.1" 200 -
127.0.0.1 - - [15/Jan/2026 05:42:00] "GET /health HTTP/1.1" 200 -
127.0.0.1 - - [15/Jan/2026 05:42:00] "GET /health HTTP/1.1" 200 -
127.0.0.1 - - [15/Jan/2026 05:42:06] "GET /health HTTP/1.1" 200 -
127.0.0.1 - - [15/Jan/2026 05:42:06] "GET /health HTTP/1.1" 200 -
127.0.0.1 - - [15/Jan/2026 05:42:11] "GET /health HTTP/1.1" 200 -
127.0.0.1 - - [15/Jan/2026 05:42:11] "GET /health HTTP/1.1" 200 -
127.0.0.1 - - [15/Jan/2026 05:42:17] "GET /health HTTP/1.1" 200 -
127.0.0.1 - - [15/Jan/2026 05:42:17] "GET /health HTTP/1.1" 200 -
127.0.0.1 - - [15/Jan/2026 05:42:22] "GET /health HTTP/1.1" 200 -
127.0.0.1 - - [15/Jan/2026 05:42:22] "GET /health HTTP/1.1" 200 -
127.0.0.1 - - [15/Jan/2026 05:42:28] "GET /health HTTP/1.1" 200 -
127.0.0.1 - - [15/Jan/2026 05:42:28] "GET /health HTTP/1.1" 200 -
[API REQUEST] GET /health
[API REQUEST] No parameters
====================================================================================================

[API RESPONSE] ✅ 200 GET /health


====================================================================================================
[API REQUEST] GET /health
[API REQUEST] No parameters
====================================================================================================

[API RESPONSE] ✅ 200 GET /health


====================================================================================================
[API REQUEST] GET /health
[API REQUEST] No parameters
====================================================================================================

[API RESPONSE] ✅ 200 GET /health


====================================================================================================
[API REQUEST] GET /health
[API REQUEST] No parameters
====================================================================================================

[API RESPONSE] ✅ 200 GET /health


====================================================================================================
[API REQUEST] GET /health
[API REQUEST] No parameters
====================================================================================================

[API RESPONSE] ✅ 200 GET /health


====================================================================================================
[API REQUEST] GET /health
[API REQUEST] No parameters
====================================================================================================

[API RESPONSE] ✅ 200 GET /health


====================================================================================================
[API REQUEST] GET /health
[API REQUEST] No parameters
====================================================================================================

[API RESPONSE] ✅ 200 GET /health


====================================================================================================
[API REQUEST] GET /health
[API REQUEST] No parameters
====================================================================================================

[API RESPONSE] ✅ 200 GET /health


====================================================================================================
[API REQUEST] GET /health
[API REQUEST] No parameters
====================================================================================================


====================================================================================================
[API REQUEST] GET /health
[API REQUEST] No parameters
====================================================================================================

[API RESPONSE] ✅ 200 GET /health

[API RESPONSE] ✅ 200 GET /health


====================================================================================================
[API REQUEST] GET /health
[API REQUEST] No parameters
====================================================================================================


====================================================================================================
[API REQUEST] GET /health
[API REQUEST] No parameters
====================================================================================================

[API RESPONSE] ✅ 200 GET /health

[API RESPONSE] ✅ 200 GET /health


====================================================================================================
[API REQUEST] GET /health
[API REQUEST] No parameters
====================================================================================================


====================================================================================================
[API REQUEST] GET /health
[API REQUEST] No parameters
====================================================================================================

[API RESPONSE] ✅ 200 GET /health

[API RESPONSE] ✅ 200 GET /health


====================================================================================================
[API REQUEST] GET /health
[API REQUEST] No parameters
====================================================================================================


====================================================================================================
[API REQUEST] GET /health
[API REQUEST] No parameters
====================================================================================================

[API RESPONSE] ✅ 200 GET /health

[API RESPONSE] ✅ 200 GET /health


====================================================================================================

====================================================================================================
[API REQUEST] GET /health
[API REQUEST] No parameters
====================================================================================================

[API REQUEST] GET /health
[API REQUEST] No parameters
====================================================================================================

[API RESPONSE] ✅ 200 GET /health

[API RESPONSE] ✅ 200 GET /health


====================================================================================================
[API REQUEST] GET /health
[API REQUEST] No parameters
====================================================================================================


====================================================================================================
[API REQUEST] GET /health
[API REQUEST] No parameters
====================================================================================================

[API RESPONSE] ✅ 200 GET /health

[API RESPONSE] ✅ 200 GET /health


====================================================================================================
[API REQUEST] GET /health
[API REQUEST] No parameters
====================================================================================================


====================================================================================================
[API REQUEST] GET /health
[API REQUEST] No parameters
====================================================================================================

[API RESPONSE] ✅ 200 GET /health

[API RESPONSE] ✅ 200 GET /health


====================================================================================================
[API REQUEST] GET /health
[API REQUEST] No parameters
====================================================================================================


====================================================================================================
[API REQUEST] GET /health
[API REQUEST] No parameters
====================================================================================================

[API RESPONSE] ✅ 200 GET /health

[API RESPONSE] ✅ 200 GET /health


====================================================================================================
[API REQUEST] GET /health
[API REQUEST] No parameters
====================================================================================================


====================================================================================================
[API REQUEST] GET /health
[API REQUEST] No parameters
====================================================================================================

[API RESPONSE] ✅ 200 GET /health

[API RESPONSE] ✅ 200 GET /health


====================================================================================================
[API REQUEST] GET /health
[API REQUEST] No parameters
====================================================================================================


====================================================================================================
[API REQUEST] GET /health
[API REQUEST] No parameters
====================================================================================================

[API RESPONSE] ✅ 200 GET /health

[API RESPONSE] ✅ 200 GET /health

127.0.0.1 - - [15/Jan/2026 05:42:34] "GET /health HTTP/1.1" 200 -
127.0.0.1 - - [15/Jan/2026 05:42:34] "GET /health HTTP/1.1" 200 -
127.0.0.1 - - [15/Jan/2026 05:42:39] "GET /health HTTP/1.1" 200 -
127.0.0.1 - - [15/Jan/2026 05:42:39] "GET /health HTTP/1.1" 200 -
127.0.0.1 - - [15/Jan/2026 05:42:45] "GET /health HTTP/1.1" 200 -
127.0.0.1 - - [15/Jan/2026 05:42:45] "GET /health HTTP/1.1" 200 -
127.0.0.1 - - [15/Jan/2026 05:42:50] "GET /health HTTP/1.1" 200 -
127.0.0.1 - - [15/Jan/2026 05:42:50] "GET /health HTTP/1.1" 200 -
127.0.0.1 - - [15/Jan/2026 05:42:55] "GET /health HTTP/1.1" 200 -
127.0.0.1 - - [15/Jan/2026 05:42:55] "GET /health HTTP/1.1" 200 -
127.0.0.1 - - [15/Jan/2026 05:43:00] "GET /health HTTP/1.1" 200 -
127.0.0.1 - - [15/Jan/2026 05:43:00] "GET /health HTTP/1.1" 200 -
127.0.0.1 - - [15/Jan/2026 05:43:05] "GET /health HTTP/1.1" 200 -
127.0.0.1 - - [15/Jan/2026 05:43:05] "GET /health HTTP/1.1" 200 -
127.0.0.1 - - [15/Jan/2026 05:43:10] "GET /health HTTP/1.1" 200 -
127.0.0.1 - - [15/Jan/2026 05:43:10] "GET /health HTTP/1.1" 200 -
127.0.0.1 - - [15/Jan/2026 05:43:15] "GET /health HTTP/1.1" 200 -
127.0.0.1 - - [15/Jan/2026 05:43:15] "GET /health HTTP/1.1" 200 -
127.0.0.1 - - [15/Jan/2026 05:43:20] "GET /health HTTP/1.1" 200 -
127.0.0.1 - - [15/Jan/2026 05:43:20] "GET /health HTTP/1.1" 200 -
127.0.0.1 - - [15/Jan/2026 05:43:25] "GET /health HTTP/1.1" 200 -
127.0.0.1 - - [15/Jan/2026 05:43:25] "GET /health HTTP/1.1" 200 -
127.0.0.1 - - [15/Jan/2026 05:43:30] "GET /health HTTP/1.1" 200 -
127.0.0.1 - - [15/Jan/2026 05:43:30] "GET /health HTTP/1.1" 200 -
127.0.0.1 - - [15/Jan/2026 05:43:35] "GET /health HTTP/1.1" 200 -
127.0.0.1 - - [15/Jan/2026 05:43:35] "GET /health HTTP/1.1" 200 -
127.0.0.1 - - [15/Jan/2026 05:43:40] "GET /health HTTP/1.1" 200 -

====================================================================================================
[API REQUEST] GET /health
[API REQUEST] No parameters
====================================================================================================

[API RESPONSE] ✅ 200 GET /health

[API RESPONSE] ✅ 200 GET /health


====================================================================================================
[API REQUEST] GET /health
[API REQUEST] No parameters
====================================================================================================


====================================================================================================
[API REQUEST] GET /health
[API REQUEST] No parameters
====================================================================================================

[API RESPONSE] ✅ 200 GET /health

[API RESPONSE] ✅ 200 GET /health


====================================================================================================
[API REQUEST] GET /health
[API REQUEST] No parameters
====================================================================================================


====================================================================================================
[API REQUEST] GET /health
[API REQUEST] No parameters
====================================================================================================

[API RESPONSE] ✅ 200 GET /health

[API RESPONSE] ✅ 200 GET /health


====================================================================================================
[API REQUEST] GET /health
[API REQUEST] No parameters
====================================================================================================

[API RESPONSE] ✅ 200 GET /health


====================================================================================================
[API REQUEST] GET /health
[API REQUEST] No parameters
====================================================================================================

[API RESPONSE] ✅ 200 GET /health


====================================================================================================
[API REQUEST] GET /health
[API REQUEST] No parameters
====================================================================================================

[API RESPONSE] ✅ 200 GET /health


====================================================================================================
[API REQUEST] GET /health
[API REQUEST] No parameters
====================================================================================================

[API RESPONSE] ✅ 200 GET /health


====================================================================================================
[API REQUEST] GET /health
[API REQUEST] No parameters
====================================================================================================

[API RESPONSE] ✅ 200 GET /health


====================================================================================================
[API REQUEST] GET /health
[API REQUEST] No parameters
====================================================================================================

[API RESPONSE] ✅ 200 GET /health


====================================================================================================
[API REQUEST] GET /health
[API REQUEST] No parameters
====================================================================================================

[API RESPONSE] ✅ 200 GET /health


====================================================================================================
[API REQUEST] GET /health
[API REQUEST] No parameters
====================================================================================================

[API RESPONSE] ✅ 200 GET /health


====================================================================================================
[API REQUEST] GET /health
[API REQUEST] No parameters
====================================================================================================

[API RESPONSE] ✅ 200 GET /health


====================================================================================================
[API REQUEST] GET /health
[API REQUEST] No parameters
====================================================================================================

[API RESPONSE] ✅ 200 GET /health


====================================================================================================
[API REQUEST] GET /health
[API REQUEST] No parameters
====================================================================================================

[API RESPONSE] ✅ 200 GET /health


====================================================================================================
[API REQUEST] GET /health
[API REQUEST] No parameters
====================================================================================================

[API RESPONSE] ✅ 200 GET /health


====================================================================================================
[API REQUEST] GET /health
[API REQUEST] No parameters
====================================================================================================

[API RESPONSE] ✅ 200 GET /health


====================================================================================================
[API REQUEST] GET /health
[API REQUEST] No parameters
====================================================================================================

[API RESPONSE] ✅ 200 GET /health


====================================================================================================
[API REQUEST] GET /health
[API REQUEST] No parameters
====================================================================================================

[API RESPONSE] ✅ 200 GET /health


====================================================================================================
[API REQUEST] GET /health
[API REQUEST] No parameters
====================================================================================================

[API RESPONSE] ✅ 200 GET /health


====================================================================================================
[API REQUEST] GET /health
[API REQUEST] No parameters
====================================================================================================

[API RESPONSE] ✅ 200 GET /health


====================================================================================================
[API REQUEST] GET /health
[API REQUEST] No parameters
====================================================================================================

[API RESPONSE] ✅ 200 GET /health


====================================================================================================
[API REQUEST] GET /health
[API REQUEST] No parameters
====================================================================================================

[API RESPONSE] ✅ 200 GET /health


====================================================================================================
[API REQUEST] GET /health
[API REQUEST] No parameters
====================================================================================================

[API RESPONSE] ✅ 200 GET /health


====================================================================================================
[API REQUEST] GET /health
[API REQUEST] No parameters
====================================================================================================

[API RESPONSE] ✅ 200 GET /health


====================================================================================================
[API REQUEST] GET /health
[API REQUEST] No parameters
                                                                                                                                                                                                                                                                  127.0.0.1 - - [15/Jan/2026 05:43:40] "GET /health HTTP/1.1" 200 -
====================================================================================================

[API RESPONSE] ✅ 200 GET /health

