[INFO] Job Service v2.3-DB-FIXED starting...
[INFO] Database connection management fixed for real-time status updates
[CONFIG] ANALYSIS_MODE loaded: rag (from env: rag)
[INIT] AI_SERVICE_URL: http://127.0.0.1:5100/analyze
[INIT] Port: 5005
[INIT] Database: /Users/shaydu/dev/mondrian-macos/mondrian/mondrian.db
[INIT] Debug mode: False
[INIT] Created directories
[INIT] Initializing database...
[INIT] Database schema OK
[INIT] RAG Default: ENABLED (from RAG_ENABLED env var)
============================================================
Starting Job Service v2.3-DB-FIXED on port 5005...
Host: 0.0.0.0:5005
AI Service: http://127.0.0.1:5100/analyze
============================================================
 * Serving Flask app 'job_service_v2.3'
 * Debug mode: off
[31m[1mWARNING: This is a development server. Do not use it in a production deployment. Use a production WSGI server instead.[0m
 * Running on all addresses (0.0.0.0)
 * Running on http://127.0.0.1:5005
 * Running on http://10.0.0.131:5005
[33mPress CTRL+C to quit[0m
127.0.0.1 - - [16/Jan/2026 10:21:06] "GET /health HTTP/1.1" 200 -
127.0.0.1 - - [16/Jan/2026 10:21:09] "GET /health HTTP/1.1" 200 -
127.0.0.1 - - [16/Jan/2026 10:21:11] "GET /health HTTP/1.1" 200 -
127.0.0.1 - - [16/Jan/2026 10:21:11] "GET /health HTTP/1.1" 200 -
127.0.0.1 - - [16/Jan/2026 10:21:11] "GET /health HTTP/1.1" 200 -
127.0.0.1 - - [16/Jan/2026 10:21:16] "GET /health HTTP/1.1" 200 -
127.0.0.1 - - [16/Jan/2026 10:21:17] "GET /health HTTP/1.1" 200 -
127.0.0.1 - - [16/Jan/2026 10:21:21] "GET /health HTTP/1.1" 200 -
127.0.0.1 - - [16/Jan/2026 10:21:22] "GET /health HTTP/1.1" 200 -
127.0.0.1 - - [16/Jan/2026 10:21:26] "GET /health HTTP/1.1" 200 -
127.0.0.1 - - [16/Jan/2026 10:21:27] "GET /health HTTP/1.1" 200 -
127.0.0.1 - - [16/Jan/2026 10:21:31] "GET /health HTTP/1.1" 200 -
127.0.0.1 - - [16/Jan/2026 10:21:32] "GET /health HTTP/1.1" 200 -
127.0.0.1 - - [16/Jan/2026 10:21:36] "GET /health HTTP/1.1" 200 -
127.0.0.1 - - [16/Jan/2026 10:21:37] "GET /health HTTP/1.1" 200 -
127.0.0.1 - - [16/Jan/2026 10:21:41] "GET /health HTTP/1.1" 200 -
127.0.0.1 - - [16/Jan/2026 10:21:42] "GET /health HTTP/1.1" 200 -
127.0.0.1 - - [16/Jan/2026 10:21:46] "GET /health HTTP/1.1" 200 -
127.0.0.1 - - [16/Jan/2026 10:21:47] "GET /health HTTP/1.1" 200 -
127.0.0.1 - - [16/Jan/2026 10:21:51] "GET /health HTTP/1.1" 200 -
127.0.0.1 - - [16/Jan/2026 10:21:52] "GET /health HTTP/1.1" 200 -
127.0.0.1 - - [16/Jan/2026 10:21:56] "GET /health HTTP/1.1" 200 -
127.0.0.1 - - [16/Jan/2026 10:21:57] "GET /health HTTP/1.1" 200 -
127.0.0.1 - - [16/Jan/2026 10:22:01] "GET /health HTTP/1.1" 200 -
127.0.0.1 - - [16/Jan/2026 10:22:02] "GET /health HTTP/1.1" 200 -
127.0.0.1 - - [16/Jan/2026 10:22:06] "GET /health HTTP/1.1" 200 -
127.0.0.1 - - [16/Jan/2026 10:22:07] "GET /health HTTP/1.1" 200 -

====================================================================================================
[API REQUEST] GET /health
[API REQUEST] No parameters
====================================================================================================

[API RESPONSE] ✅ 200 GET /health


====================================================================================================
[API REQUEST] GET /health
[API REQUEST] No parameters
====================================================================================================

[API RESPONSE] ✅ 200 GET /health


====================================================================================================
[API REQUEST] GET /health
[API REQUEST] No parameters
====================================================================================================

[API RESPONSE] ✅ 200 GET /health


====================================================================================================
[API REQUEST] GET /health
[API REQUEST] No parameters
====================================================================================================

[API RESPONSE] ✅ 200 GET /health


====================================================================================================
[API REQUEST] GET /health
[API REQUEST] No parameters
====================================================================================================

[API RESPONSE] ✅ 200 GET /health


====================================================================================================
[API REQUEST] GET /health
[API REQUEST] No parameters
====================================================================================================

[API RESPONSE] ✅ 200 GET /health


====================================================================================================
[API REQUEST] GET /health
[API REQUEST] No parameters
====================================================================================================

[API RESPONSE] ✅ 200 GET /health


====================================================================================================
[API REQUEST] GET /health
[API REQUEST] No parameters
====================================================================================================

[API RESPONSE] ✅ 200 GET /health


====================================================================================================
[API REQUEST] GET /health
[API REQUEST] No parameters
====================================================================================================

[API RESPONSE] ✅ 200 GET /health


====================================================================================================
[API REQUEST] GET /health
[API REQUEST] No parameters
====================================================================================================

[API RESPONSE] ✅ 200 GET /health


====================================================================================================
[API REQUEST] GET /health
[API REQUEST] No parameters
====================================================================================================

[API RESPONSE] ✅ 200 GET /health


====================================================================================================
[API REQUEST] GET /health
[API REQUEST] No parameters
====================================================================================================

[API RESPONSE] ✅ 200 GET /health


====================================================================================================
[API REQUEST] GET /health
[API REQUEST] No parameters
====================================================================================================

[API RESPONSE] ✅ 200 GET /health


====================================================================================================
[API REQUEST] GET /health
[API REQUEST] No parameters
====================================================================================================

[API RESPONSE] ✅ 200 GET /health


====================================================================================================
[API REQUEST] GET /health
[API REQUEST] No parameters
====================================================================================================

[API RESPONSE] ✅ 200 GET /health


====================================================================================================
[API REQUEST] GET /health
[API REQUEST] No parameters
====================================================================================================

[API RESPONSE] ✅ 200 GET /health


====================================================================================================
[API REQUEST] GET /health
[API REQUEST] No parameters
====================================================================================================

[API RESPONSE] ✅ 200 GET /health


====================================================================================================
[API REQUEST] GET /health
[API REQUEST] No parameters
====================================================================================================

[API RESPONSE] ✅ 200 GET /health


====================================================================================================
[API REQUEST] GET /health
[API REQUEST] No parameters
====================================================================================================

[API RESPONSE] ✅ 200 GET /health


====================================================================================================
[API REQUEST] GET /health
[API REQUEST] No parameters
====================================================================================================

[API RESPONSE] ✅ 200 GET /health


====================================================================================================
[API REQUEST] GET /health
[API REQUEST] No parameters
====================================================================================================

[API RESPONSE] ✅ 200 GET /health


====================================================================================================
[API REQUEST] GET /health
[API REQUEST] No parameters
====================================================================================================

[API RESPONSE] ✅ 200 GET /health


====================================================================================================
[API REQUEST] GET /health
[API REQUEST] No parameters
====================================================================================================

[API RESPONSE] ✅ 200 GET /health


====================================================================================================
[API REQUEST] GET /health
[API REQUEST] No parameters
====================================================================================================

[API RESPONSE] ✅ 200 GET /health


====================================================================================================
[API REQUEST] GET /health
[API REQUEST] No parameters
====================================================================================================

[API RESPONSE] ✅ 200 GET /health


====================================================================================================
[API REQUEST] GET /health
[API REQUEST] No parameters
====================================================================================================

[API RESPONSE] ✅ 200 GET /health


====================================================================================================
[API REQUEST] GET /health
[API REQUEST] No parameters
====================================================================================================

[API RESPONSE] ✅ 200 GET /health


====================================================================================================
[API REQUEST] GET /health
[API REQUEST] No parameters
127.0.0.1 - - [16/Jan/2026 10:22:11] "GET /health HTTP/1.1" 200 -
127.0.0.1 - - [16/Jan/2026 10:22:12] "GET /health HTTP/1.1" 200 -
127.0.0.1 - - [16/Jan/2026 10:22:16] "GET /health HTTP/1.1" 200 -
127.0.0.1 - - [16/Jan/2026 10:22:17] "GET /health HTTP/1.1" 200 -
127.0.0.1 - - [16/Jan/2026 10:22:21] "GET /health HTTP/1.1" 200 -
127.0.0.1 - - [16/Jan/2026 10:22:22] "GET /health HTTP/1.1" 200 -
127.0.0.1 - - [16/Jan/2026 10:22:26] "GET /health HTTP/1.1" 200 -
127.0.0.1 - - [16/Jan/2026 10:22:27] "GET /health HTTP/1.1" 200 -
127.0.0.1 - - [16/Jan/2026 10:22:31] "GET /health HTTP/1.1" 200 -
127.0.0.1 - - [16/Jan/2026 10:22:32] "GET /health HTTP/1.1" 200 -
127.0.0.1 - - [16/Jan/2026 10:22:36] "GET /health HTTP/1.1" 200 -
127.0.0.1 - - [16/Jan/2026 10:22:37] "GET /health HTTP/1.1" 200 -
====================================================================================================

[API RESPONSE] ✅ 200 GET /health


====================================================================================================
[API REQUEST] GET /health
[API REQUEST] No parameters
====================================================================================================

[API RESPONSE] ✅ 200 GET /health


====================================================================================================
[API REQUEST] GET /health
[API REQUEST] No parameters
====================================================================================================

[API RESPONSE] ✅ 200 GET /health


====================================================================================================
[API REQUEST] GET /health
[API REQUEST] No parameters
====================================================================================================

[API RESPONSE] ✅ 200 GET /health


====================================================================================================
[API REQUEST] GET /health
[API REQUEST] No parameters
====================================================================================================

[API RESPONSE] ✅ 200 GET /health


====================================================================================================
[API REQUEST] GET /health
[API REQUEST] No parameters
====================================================================================================

[API RESPONSE] ✅ 200 GET /health


====================================================================================================
[API REQUEST] GET /health
[API REQUEST] No parameters
====================================================================================================

[API RESPONSE] ✅ 200 GET /health


====================================================================================================
[API REQUEST] GET /health
[API REQUEST] No parameters
====================================================================================================

[API RESPONSE] ✅ 200 GET /health


====================================================================================================
[API REQUEST] GET /health
[API REQUEST] No parameters
====================================================================================================

[API RESPONSE] ✅ 200 GET /health


====================================================================================================
[API REQUEST] GET /health
[API REQUEST] No parameters
====================================================================================================

[API RESPONSE] ✅ 200 GET /health


====================================================================================================
[API REQUEST] GET /health
[API REQUEST] No parameters
====================================================================================================

[API RESPONSE] ✅ 200 GET /health


====================================================================================================
[API REQUEST] GET /health
[API REQUEST] No parameters
====================================================================================================

[API RESPONSE] ✅ 200 GET /health

