[INFO] Job Service v2.3-DB-FIXED starting...
[INFO] Database connection management fixed for real-time status updates
[INIT] AI_SERVICE_URL: http://127.0.0.1:5100/analyze
[INIT] Port: 5005
[INIT] Database: /Users/shaydu/dev/mondrian-macos/mondrian/mondrian.db
[INIT] Debug mode: False
[INIT] Created directories
[INIT] Initializing database...
[INIT] Database schema OK
[INIT] RAG Default: ENABLED (from RAG_ENABLED env var)
============================================================
Starting Job Service v2.3-DB-FIXED on port 5005...
Host: 0.0.0.0:5005
AI Service: http://127.0.0.1:5100/analyze
============================================================
 * Serving Flask app 'job_service_v2.3'
 * Debug mode: off
[31m[1mWARNING: This is a development server. Do not use it in a production deployment. Use a production WSGI server instead.[0m
 * Running on all addresses (0.0.0.0)
 * Running on http://127.0.0.1:5005
 * Running on http://10.0.0.131:5005
[33mPress CTRL+C to quit[0m
127.0.0.1 - - [15/Jan/2026 06:48:44] "GET /health HTTP/1.1" 200 -
127.0.0.1 - - [15/Jan/2026 06:48:49] "GET /health HTTP/1.1" 200 -
127.0.0.1 - - [15/Jan/2026 06:48:49] "GET /health HTTP/1.1" 200 -
127.0.0.1 - - [15/Jan/2026 06:48:50] "GET /health HTTP/1.1" 200 -
127.0.0.1 - - [15/Jan/2026 06:48:50] "GET /health HTTP/1.1" 200 -
127.0.0.1 - - [15/Jan/2026 06:48:55] "GET /health HTTP/1.1" 200 -
127.0.0.1 - - [15/Jan/2026 06:49:00] "GET /health HTTP/1.1" 200 -
127.0.0.1 - - [15/Jan/2026 06:49:05] "GET /health HTTP/1.1" 200 -
127.0.0.1 - - [15/Jan/2026 06:49:10] "GET /health HTTP/1.1" 200 -
127.0.0.1 - - [15/Jan/2026 06:49:15] "GET /health HTTP/1.1" 200 -
127.0.0.1 - - [15/Jan/2026 06:49:20] "GET /health HTTP/1.1" 200 -
127.0.0.1 - - [15/Jan/2026 06:49:25] "GET /health HTTP/1.1" 200 -
127.0.0.1 - - [15/Jan/2026 06:49:30] "GET /health HTTP/1.1" 200 -
127.0.0.1 - - [15/Jan/2026 06:49:35] "GET /health HTTP/1.1" 200 -
127.0.0.1 - - [15/Jan/2026 06:49:40] "GET /health HTTP/1.1" 200 -
127.0.0.1 - - [15/Jan/2026 06:49:45] "GET /health HTTP/1.1" 200 -
127.0.0.1 - - [15/Jan/2026 06:49:50] "GET /health HTTP/1.1" 200 -
127.0.0.1 - - [15/Jan/2026 06:49:55] "GET /health HTTP/1.1" 200 -
127.0.0.1 - - [15/Jan/2026 06:50:00] "GET /health HTTP/1.1" 200 -
127.0.0.1 - - [15/Jan/2026 06:50:06] "GET /health HTTP/1.1" 200 -
127.0.0.1 - - [15/Jan/2026 06:50:11] "GET /health HTTP/1.1" 200 -
127.0.0.1 - - [15/Jan/2026 06:50:16] "GET /health HTTP/1.1" 200 -
127.0.0.1 - - [15/Jan/2026 06:50:21] "GET /health HTTP/1.1" 200 -
127.0.0.1 - - [15/Jan/2026 06:50:26] "GET /health HTTP/1.1" 200 -
127.0.0.1 - - [15/Jan/2026 06:50:31] "GET /health HTTP/1.1" 200 -
127.0.0.1 - - [15/Jan/2026 06:50:36] "GET /health HTTP/1.1" 200 -
127.0.0.1 - - [15/Jan/2026 06:50:41] "GET /health HTTP/1.1" 200 -

====================================================================================================
[API REQUEST] GET /health
[API REQUEST] No parameters
====================================================================================================

[API RESPONSE] ✅ 200 GET /health


====================================================================================================
[API REQUEST] GET /health
[API REQUEST] No parameters
====================================================================================================

[API RESPONSE] ✅ 200 GET /health


====================================================================================================
[API REQUEST] GET /health
[API REQUEST] No parameters
====================================================================================================

[API RESPONSE] ✅ 200 GET /health


====================================================================================================
[API REQUEST] GET /health
[API REQUEST] No parameters
====================================================================================================

[API RESPONSE] ✅ 200 GET /health


====================================================================================================
[API REQUEST] GET /health
[API REQUEST] No parameters
====================================================================================================

[API RESPONSE] ✅ 200 GET /health


====================================================================================================
[API REQUEST] GET /health
[API REQUEST] No parameters
====================================================================================================

[API RESPONSE] ✅ 200 GET /health


====================================================================================================
[API REQUEST] GET /health
[API REQUEST] No parameters
====================================================================================================

[API RESPONSE] ✅ 200 GET /health


====================================================================================================
[API REQUEST] GET /health
[API REQUEST] No parameters
====================================================================================================

[API RESPONSE] ✅ 200 GET /health


====================================================================================================
[API REQUEST] GET /health
[API REQUEST] No parameters
====================================================================================================

[API RESPONSE] ✅ 200 GET /health


====================================================================================================
[API REQUEST] GET /health
[API REQUEST] No parameters
====================================================================================================

[API RESPONSE] ✅ 200 GET /health


====================================================================================================
[API REQUEST] GET /health
[API REQUEST] No parameters
====================================================================================================

[API RESPONSE] ✅ 200 GET /health


====================================================================================================
[API REQUEST] GET /health
[API REQUEST] No parameters
====================================================================================================

[API RESPONSE] ✅ 200 GET /health


====================================================================================================
[API REQUEST] GET /health
[API REQUEST] No parameters
====================================================================================================

[API RESPONSE] ✅ 200 GET /health


====================================================================================================
[API REQUEST] GET /health
[API REQUEST] No parameters
====================================================================================================

[API RESPONSE] ✅ 200 GET /health


====================================================================================================
[API REQUEST] GET /health
[API REQUEST] No parameters
====================================================================================================

[API RESPONSE] ✅ 200 GET /health


====================================================================================================
[API REQUEST] GET /health
[API REQUEST] No parameters
====================================================================================================

[API RESPONSE] ✅ 200 GET /health


====================================================================================================
[API REQUEST] GET /health
[API REQUEST] No parameters
====================================================================================================

[API RESPONSE] ✅ 200 GET /health


====================================================================================================
[API REQUEST] GET /health
[API REQUEST] No parameters
====================================================================================================

[API RESPONSE] ✅ 200 GET /health


====================================================================================================
[API REQUEST] GET /health
[API REQUEST] No parameters
====================================================================================================

[API RESPONSE] ✅ 200 GET /health


====================================================================================================
[API REQUEST] GET /health
[API REQUEST] No parameters
====================================================================================================

[API RESPONSE] ✅ 200 GET /health


====================================================================================================
[API REQUEST] GET /health
[API REQUEST] No parameters
====================================================================================================

[API RESPONSE] ✅ 200 GET /health


====================================================================================================
[API REQUEST] GET /health
[API REQUEST] No parameters
====================================================================================================

[API RESPONSE] ✅ 200 GET /health


====================================================================================================
[API REQUEST] GET /health
[API REQUEST] No parameters
====================================================================================================

[API RESPONSE] ✅ 200 GET /health


====================================================================================================
[API REQUEST] GET /health
[API REQUEST] No parameters
====================================================================================================

[API RESPONSE] ✅ 200 GET /health


====================================================================================================
[API REQUEST] GET /health
[API REQUEST] No parameters
====================================================================================================

[API RESPONSE] ✅ 200 GET /health


====================================================================================================
[API REQUEST] GET /health
[API REQUEST] No parameters
====================================================================================================

[API RESPONSE] ✅ 200 GET /health


====================================================================================================
[API REQUEST] GET /health
[API REQUEST] No parameters
====================================================================================================

[API RESPONSE] ✅ 200 GET /health


====================================================================================================
[API REQUEST] GET /health
[API REQUEST] No parameters
127.0.0.1 - - [15/Jan/2026 06:50:46] "GET /health HTTP/1.1" 200 -
127.0.0.1 - - [15/Jan/2026 06:50:51] "GET /health HTTP/1.1" 200 -
127.0.0.1 - - [15/Jan/2026 06:50:56] "GET /health HTTP/1.1" 200 -
127.0.0.1 - - [15/Jan/2026 06:51:01] "GET /health HTTP/1.1" 200 -
127.0.0.1 - - [15/Jan/2026 06:51:06] "GET /health HTTP/1.1" 200 -
127.0.0.1 - - [15/Jan/2026 06:51:11] "GET /health HTTP/1.1" 200 -
127.0.0.1 - - [15/Jan/2026 06:51:16] "GET /health HTTP/1.1" 200 -
127.0.0.1 - - [15/Jan/2026 06:51:21] "GET /health HTTP/1.1" 200 -
127.0.0.1 - - [15/Jan/2026 06:51:26] "GET /health HTTP/1.1" 200 -
127.0.0.1 - - [15/Jan/2026 06:51:31] "GET /health HTTP/1.1" 200 -
127.0.0.1 - - [15/Jan/2026 06:51:36] "GET /health HTTP/1.1" 200 -
127.0.0.1 - - [15/Jan/2026 06:51:41] "GET /health HTTP/1.1" 200 -
127.0.0.1 - - [15/Jan/2026 06:51:46] "GET /health HTTP/1.1" 200 -
127.0.0.1 - - [15/Jan/2026 06:51:51] "GET /health HTTP/1.1" 200 -
127.0.0.1 - - [15/Jan/2026 06:51:56] "GET /health HTTP/1.1" 200 -
127.0.0.1 - - [15/Jan/2026 06:52:01] "GET /health HTTP/1.1" 200 -
127.0.0.1 - - [15/Jan/2026 06:52:06] "GET /health HTTP/1.1" 200 -
127.0.0.1 - - [15/Jan/2026 06:52:11] "GET /health HTTP/1.1" 200 -
127.0.0.1 - - [15/Jan/2026 06:52:16] "GET /health HTTP/1.1" 200 -
127.0.0.1 - - [15/Jan/2026 06:52:21] "GET /health HTTP/1.1" 200 -
127.0.0.1 - - [15/Jan/2026 06:52:26] "GET /health HTTP/1.1" 200 -
127.0.0.1 - - [15/Jan/2026 06:52:31] "GET /health HTTP/1.1" 200 -
127.0.0.1 - - [15/Jan/2026 06:52:36] "GET /health HTTP/1.1" 200 -
127.0.0.1 - - [15/Jan/2026 06:52:41] "GET /health HTTP/1.1" 200 -
127.0.0.1 - - [15/Jan/2026 06:52:46] "GET /health HTTP/1.1" 200 -
127.0.0.1 - - [15/Jan/2026 06:52:51] "GET /health HTTP/1.1" 200 -
127.0.0.1 - - [15/Jan/2026 06:52:56] "GET /health HTTP/1.1" 200 -
127.0.0.1 - - [15/Jan/2026 06:53:01] "GET /health HTTP/1.1" 200 -
====================================================================================================

[API RESPONSE] ✅ 200 GET /health


====================================================================================================
[API REQUEST] GET /health
[API REQUEST] No parameters
====================================================================================================

[API RESPONSE] ✅ 200 GET /health


====================================================================================================
[API REQUEST] GET /health
[API REQUEST] No parameters
====================================================================================================

[API RESPONSE] ✅ 200 GET /health


====================================================================================================
[API REQUEST] GET /health
[API REQUEST] No parameters
====================================================================================================

[API RESPONSE] ✅ 200 GET /health


====================================================================================================
[API REQUEST] GET /health
[API REQUEST] No parameters
====================================================================================================

[API RESPONSE] ✅ 200 GET /health


====================================================================================================
[API REQUEST] GET /health
[API REQUEST] No parameters
====================================================================================================

[API RESPONSE] ✅ 200 GET /health


====================================================================================================
[API REQUEST] GET /health
[API REQUEST] No parameters
====================================================================================================

[API RESPONSE] ✅ 200 GET /health


====================================================================================================
[API REQUEST] GET /health
[API REQUEST] No parameters
====================================================================================================

[API RESPONSE] ✅ 200 GET /health


====================================================================================================
[API REQUEST] GET /health
[API REQUEST] No parameters
====================================================================================================

[API RESPONSE] ✅ 200 GET /health


====================================================================================================
[API REQUEST] GET /health
[API REQUEST] No parameters
====================================================================================================

[API RESPONSE] ✅ 200 GET /health


====================================================================================================
[API REQUEST] GET /health
[API REQUEST] No parameters
====================================================================================================

[API RESPONSE] ✅ 200 GET /health


====================================================================================================
[API REQUEST] GET /health
[API REQUEST] No parameters
====================================================================================================

[API RESPONSE] ✅ 200 GET /health


====================================================================================================
[API REQUEST] GET /health
[API REQUEST] No parameters
====================================================================================================

[API RESPONSE] ✅ 200 GET /health


====================================================================================================
[API REQUEST] GET /health
[API REQUEST] No parameters
====================================================================================================

[API RESPONSE] ✅ 200 GET /health


====================================================================================================
[API REQUEST] GET /health
[API REQUEST] No parameters
====================================================================================================

[API RESPONSE] ✅ 200 GET /health


====================================================================================================
[API REQUEST] GET /health
[API REQUEST] No parameters
====================================================================================================

[API RESPONSE] ✅ 200 GET /health


====================================================================================================
[API REQUEST] GET /health
[API REQUEST] No parameters
====================================================================================================

[API RESPONSE] ✅ 200 GET /health


====================================================================================================
[API REQUEST] GET /health
[API REQUEST] No parameters
====================================================================================================

[API RESPONSE] ✅ 200 GET /health


====================================================================================================
[API REQUEST] GET /health
[API REQUEST] No parameters
====================================================================================================

[API RESPONSE] ✅ 200 GET /health


====================================================================================================
[API REQUEST] GET /health
[API REQUEST] No parameters
====================================================================================================

[API RESPONSE] ✅ 200 GET /health


====================================================================================================
[API REQUEST] GET /health
[API REQUEST] No parameters
====================================================================================================

[API RESPONSE] ✅ 200 GET /health


====================================================================================================
[API REQUEST] GET /health
[API REQUEST] No parameters
====================================================================================================

[API RESPONSE] ✅ 200 GET /health


====================================================================================================
[API REQUEST] GET /health
[API REQUEST] No parameters
====================================================================================================

[API RESPONSE] ✅ 200 GET /health


====================================================================================================
[API REQUEST] GET /health
[API REQUEST] No parameters
====================================================================================================

[API RESPONSE] ✅ 200 GET /health


====================================================================================================
[API REQUEST] GET /health
[API REQUEST] No parameters
====================================================================================================

[API RESPONSE] ✅ 200 GET /health


====================================================================================================
[API REQUEST] GET /health
[API REQUEST] No parameters
====================================================================================================

[API RESPONSE] ✅ 200 GET /health


====================================================================================================
[API REQUEST] GET /health
[API REQUEST] No parameters
====================================================================================================

[API RESPONSE] ✅ 200 GET /health


====================================================================================================
[API REQUEST] GET /health
[API REQUEST] No parameters
====================================================================================================

[API RESPONSE] ✅ 200 GET /health


====================================================================================================
127.0.0.1 - - [15/Jan/2026 06:53:06] "GET /health HTTP/1.1" 200 -
127.0.0.1 - - [15/Jan/2026 06:53:12] "GET /health HTTP/1.1" 200 -
127.0.0.1 - - [15/Jan/2026 06:53:17] "GET /health HTTP/1.1" 200 -
127.0.0.1 - - [15/Jan/2026 06:53:22] "GET /health HTTP/1.1" 200 -
127.0.0.1 - - [15/Jan/2026 06:53:27] "GET /health HTTP/1.1" 200 -
127.0.0.1 - - [15/Jan/2026 06:53:32] "GET /health HTTP/1.1" 200 -
127.0.0.1 - - [15/Jan/2026 06:53:37] "GET /health HTTP/1.1" 200 -
127.0.0.1 - - [15/Jan/2026 06:53:42] "GET /health HTTP/1.1" 200 -
127.0.0.1 - - [15/Jan/2026 06:53:47] "GET /health HTTP/1.1" 200 -
127.0.0.1 - - [15/Jan/2026 06:53:52] "GET /health HTTP/1.1" 200 -
127.0.0.1 - - [15/Jan/2026 06:53:57] "GET /health HTTP/1.1" 200 -
127.0.0.1 - - [15/Jan/2026 06:54:02] "GET /health HTTP/1.1" 200 -
127.0.0.1 - - [15/Jan/2026 06:54:07] "GET /health HTTP/1.1" 200 -
127.0.0.1 - - [15/Jan/2026 06:54:12] "GET /health HTTP/1.1" 200 -
127.0.0.1 - - [15/Jan/2026 06:54:17] "GET /health HTTP/1.1" 200 -
127.0.0.1 - - [15/Jan/2026 06:54:22] "GET /health HTTP/1.1" 200 -
127.0.0.1 - - [15/Jan/2026 06:54:27] "GET /health HTTP/1.1" 200 -
127.0.0.1 - - [15/Jan/2026 06:54:32] "GET /health HTTP/1.1" 200 -
127.0.0.1 - - [15/Jan/2026 06:54:37] "GET /health HTTP/1.1" 200 -
127.0.0.1 - - [15/Jan/2026 06:54:42] "GET /health HTTP/1.1" 200 -
127.0.0.1 - - [15/Jan/2026 06:54:47] "GET /health HTTP/1.1" 200 -
127.0.0.1 - - [15/Jan/2026 06:54:52] "GET /health HTTP/1.1" 200 -
127.0.0.1 - - [15/Jan/2026 06:54:57] "GET /health HTTP/1.1" 200 -
127.0.0.1 - - [15/Jan/2026 06:55:02] "GET /health HTTP/1.1" 200 -
127.0.0.1 - - [15/Jan/2026 06:55:07] "GET /health HTTP/1.1" 200 -
127.0.0.1 - - [15/Jan/2026 06:55:12] "GET /health HTTP/1.1" 200 -
127.0.0.1 - - [15/Jan/2026 06:55:17] "GET /health HTTP/1.1" 200 -
127.0.0.1 - - [15/Jan/2026 06:55:22] "GET /health HTTP/1.1" 200 -
[API REQUEST] GET /health
[API REQUEST] No parameters
====================================================================================================

[API RESPONSE] ✅ 200 GET /health


====================================================================================================
[API REQUEST] GET /health
[API REQUEST] No parameters
====================================================================================================

[API RESPONSE] ✅ 200 GET /health


====================================================================================================
[API REQUEST] GET /health
[API REQUEST] No parameters
====================================================================================================

[API RESPONSE] ✅ 200 GET /health


====================================================================================================
[API REQUEST] GET /health
[API REQUEST] No parameters
====================================================================================================

[API RESPONSE] ✅ 200 GET /health


====================================================================================================
[API REQUEST] GET /health
[API REQUEST] No parameters
====================================================================================================

[API RESPONSE] ✅ 200 GET /health


====================================================================================================
[API REQUEST] GET /health
[API REQUEST] No parameters
====================================================================================================

[API RESPONSE] ✅ 200 GET /health


====================================================================================================
[API REQUEST] GET /health
[API REQUEST] No parameters
====================================================================================================

[API RESPONSE] ✅ 200 GET /health


====================================================================================================
[API REQUEST] GET /health
[API REQUEST] No parameters
====================================================================================================

[API RESPONSE] ✅ 200 GET /health


====================================================================================================
[API REQUEST] GET /health
[API REQUEST] No parameters
====================================================================================================

[API RESPONSE] ✅ 200 GET /health


====================================================================================================
[API REQUEST] GET /health
[API REQUEST] No parameters
====================================================================================================

[API RESPONSE] ✅ 200 GET /health


====================================================================================================
[API REQUEST] GET /health
[API REQUEST] No parameters
====================================================================================================

[API RESPONSE] ✅ 200 GET /health


====================================================================================================
[API REQUEST] GET /health
[API REQUEST] No parameters
====================================================================================================

[API RESPONSE] ✅ 200 GET /health


====================================================================================================
[API REQUEST] GET /health
[API REQUEST] No parameters
====================================================================================================

[API RESPONSE] ✅ 200 GET /health


====================================================================================================
[API REQUEST] GET /health
[API REQUEST] No parameters
====================================================================================================

[API RESPONSE] ✅ 200 GET /health


====================================================================================================
[API REQUEST] GET /health
[API REQUEST] No parameters
====================================================================================================

[API RESPONSE] ✅ 200 GET /health


====================================================================================================
[API REQUEST] GET /health
[API REQUEST] No parameters
====================================================================================================

[API RESPONSE] ✅ 200 GET /health


====================================================================================================
[API REQUEST] GET /health
[API REQUEST] No parameters
====================================================================================================

[API RESPONSE] ✅ 200 GET /health


====================================================================================================
[API REQUEST] GET /health
[API REQUEST] No parameters
====================================================================================================

[API RESPONSE] ✅ 200 GET /health


====================================================================================================
[API REQUEST] GET /health
[API REQUEST] No parameters
====================================================================================================

[API RESPONSE] ✅ 200 GET /health


====================================================================================================
[API REQUEST] GET /health
[API REQUEST] No parameters
====================================================================================================

[API RESPONSE] ✅ 200 GET /health


====================================================================================================
[API REQUEST] GET /health
[API REQUEST] No parameters
====================================================================================================

[API RESPONSE] ✅ 200 GET /health


====================================================================================================
[API REQUEST] GET /health
[API REQUEST] No parameters
====================================================================================================

[API RESPONSE] ✅ 200 GET /health


====================================================================================================
[API REQUEST] GET /health
[API REQUEST] No parameters
====================================================================================================

[API RESPONSE] ✅ 200 GET /health


====================================================================================================
[API REQUEST] GET /health
[API REQUEST] No parameters
====================================================================================================

[API RESPONSE] ✅ 200 GET /health


====================================================================================================
[API REQUEST] GET /health
[API REQUEST] No parameters
====================================================================================================

[API RESPONSE] ✅ 200 GET /health


====================================================================================================
[API REQUEST] GET /health
[API REQUEST] No parameters
====================================================================================================

[API RESPONSE] ✅ 200 GET /health


====================================================================================================
[API REQUEST] GET /health
[API REQUEST] No parameters
====================================================================================================

[API RESPONSE] ✅ 200 GET /health


====================================================================================================
[API REQUEST] GET /health
[API REQUEST] No parameters
====================================================================================================

[API RESPONSE] ✅ 200 GET /health

127.0.0.1 - - [15/Jan/2026 06:55:27] "GET /health HTTP/1.1" 200 -
127.0.0.1 - - [15/Jan/2026 06:55:32] "GET /health HTTP/1.1" 200 -
127.0.0.1 - - [15/Jan/2026 06:55:37] "GET /health HTTP/1.1" 200 -
127.0.0.1 - - [15/Jan/2026 06:55:42] "GET /health HTTP/1.1" 200 -
127.0.0.1 - - [15/Jan/2026 06:55:47] "GET /health HTTP/1.1" 200 -
127.0.0.1 - - [15/Jan/2026 06:55:52] "GET /health HTTP/1.1" 200 -
127.0.0.1 - - [15/Jan/2026 06:55:57] "GET /health HTTP/1.1" 200 -
127.0.0.1 - - [15/Jan/2026 06:56:02] "GET /health HTTP/1.1" 200 -
