[INFO] Job Service v2.3-DB-FIXED starting...
[INFO] Database connection management fixed for real-time status updates
[INIT] AI_SERVICE_URL: http://127.0.0.1:5100/analyze
[INIT] Port: 5005
[INIT] Database: /Users/shaydu/dev/mondrian-macos/mondrian/mondrian.db
[INIT] Debug mode: False
[INIT] Created directories
[INIT] Initializing database...
[INIT] Database schema OK
[INIT] RAG Default: ENABLED (from RAG_ENABLED env var)
============================================================
Starting Job Service v2.3-DB-FIXED on port 5005...
Host: 0.0.0.0:5005
AI Service: http://127.0.0.1:5100/analyze
============================================================
 * Serving Flask app 'job_service_v2.3'
 * Debug mode: off
[31m[1mWARNING: This is a development server. Do not use it in a production deployment. Use a production WSGI server instead.[0m
 * Running on all addresses (0.0.0.0)
 * Running on http://127.0.0.1:5005
 * Running on http://10.0.0.131:5005
[33mPress CTRL+C to quit[0m
127.0.0.1 - - [15/Jan/2026 04:44:08] "GET /health HTTP/1.1" 200 -
127.0.0.1 - - [15/Jan/2026 04:44:14] "GET /health HTTP/1.1" 200 -
127.0.0.1 - - [15/Jan/2026 04:44:14] "GET /health HTTP/1.1" 200 -
127.0.0.1 - - [15/Jan/2026 04:44:19] "GET /health HTTP/1.1" 200 -
127.0.0.1 - - [15/Jan/2026 04:44:24] "GET /health HTTP/1.1" 200 -
127.0.0.1 - - [15/Jan/2026 04:44:29] "GET /health HTTP/1.1" 200 -
127.0.0.1 - - [15/Jan/2026 04:44:34] "GET /health HTTP/1.1" 200 -
127.0.0.1 - - [15/Jan/2026 04:44:39] "GET /health HTTP/1.1" 200 -
127.0.0.1 - - [15/Jan/2026 04:44:44] "GET /health HTTP/1.1" 200 -
127.0.0.1 - - [15/Jan/2026 04:44:49] "GET /health HTTP/1.1" 200 -
127.0.0.1 - - [15/Jan/2026 04:44:54] "GET /health HTTP/1.1" 200 -
127.0.0.1 - - [15/Jan/2026 04:44:59] "GET /health HTTP/1.1" 200 -
127.0.0.1 - - [15/Jan/2026 04:45:04] "GET /health HTTP/1.1" 200 -
127.0.0.1 - - [15/Jan/2026 04:45:09] "GET /health HTTP/1.1" 200 -
127.0.0.1 - - [15/Jan/2026 04:45:14] "GET /health HTTP/1.1" 200 -
127.0.0.1 - - [15/Jan/2026 04:45:19] "GET /health HTTP/1.1" 200 -
127.0.0.1 - - [15/Jan/2026 04:45:24] "GET /health HTTP/1.1" 200 -
127.0.0.1 - - [15/Jan/2026 04:45:29] "GET /health HTTP/1.1" 200 -
127.0.0.1 - - [15/Jan/2026 04:45:34] "GET /health HTTP/1.1" 200 -

====================================================================================================
[API REQUEST] GET /health
[API REQUEST] No parameters
====================================================================================================

[API RESPONSE] ✅ 200 GET /health


====================================================================================================
[API REQUEST] GET /health
[API REQUEST] No parameters
====================================================================================================

[API RESPONSE] ✅ 200 GET /health


====================================================================================================
[API REQUEST] GET /health
[API REQUEST] No parameters
====================================================================================================

[API RESPONSE] ✅ 200 GET /health


====================================================================================================
[API REQUEST] GET /health
[API REQUEST] No parameters
====================================================================================================

[API RESPONSE] ✅ 200 GET /health


====================================================================================================
[API REQUEST] GET /health
[API REQUEST] No parameters
====================================================================================================

[API RESPONSE] ✅ 200 GET /health


====================================================================================================
[API REQUEST] GET /health
[API REQUEST] No parameters
====================================================================================================

[API RESPONSE] ✅ 200 GET /health


====================================================================================================
[API REQUEST] GET /health
[API REQUEST] No parameters
====================================================================================================

[API RESPONSE] ✅ 200 GET /health


====================================================================================================
[API REQUEST] GET /health
[API REQUEST] No parameters
====================================================================================================

[API RESPONSE] ✅ 200 GET /health


====================================================================================================
[API REQUEST] GET /health
[API REQUEST] No parameters
====================================================================================================

[API RESPONSE] ✅ 200 GET /health


====================================================================================================
[API REQUEST] GET /health
[API REQUEST] No parameters
====================================================================================================

[API RESPONSE] ✅ 200 GET /health


====================================================================================================
[API REQUEST] GET /health
[API REQUEST] No parameters
====================================================================================================

[API RESPONSE] ✅ 200 GET /health


====================================================================================================
[API REQUEST] GET /health
[API REQUEST] No parameters
====================================================================================================

[API RESPONSE] ✅ 200 GET /health


====================================================================================================
[API REQUEST] GET /health
[API REQUEST] No parameters
====================================================================================================

[API RESPONSE] ✅ 200 GET /health


====================================================================================================
[API REQUEST] GET /health
[API REQUEST] No parameters
====================================================================================================

[API RESPONSE] ✅ 200 GET /health


====================================================================================================
[API REQUEST] GET /health
[API REQUEST] No parameters
====================================================================================================

[API RESPONSE] ✅ 200 GET /health


====================================================================================================
[API REQUEST] GET /health
[API REQUEST] No parameters
====================================================================================================

[API RESPONSE] ✅ 200 GET /health


====================================================================================================
[API REQUEST] GET /health
[API REQUEST] No parameters
====================================================================================================

[API RESPONSE] ✅ 200 GET /health


====================================================================================================
[API REQUEST] GET /health
[API REQUEST] No parameters
====================================================================================================

[API RESPONSE] ✅ 200 GET /health


====================================================================================================
[API REQUEST] GET /health
[API REQUEST] No parameters
====================================================================================================

[API RESPONSE] ✅ 200 GET /health

