[INFO] Job Service v2.3-DB-FIXED starting...
[INFO] Database connection management fixed for real-time status updates
[INIT] AI_SERVICE_URL: http://127.0.0.1:5100/analyze
[INIT] Port: 5005
[INIT] Database: /Users/shaydu/dev/mondrian-macos/mondrian/mondrian.db
[INIT] Debug mode: False
[INIT] Created directories
[INIT] Initializing database...
[INIT] Database schema OK
[INIT] RAG Default: ENABLED (from RAG_ENABLED env var)
============================================================
Starting Job Service v2.3-DB-FIXED on port 5005...
Host: 0.0.0.0:5005
AI Service: http://127.0.0.1:5100/analyze
============================================================
 * Serving Flask app 'job_service_v2.3'
 * Debug mode: off
[31m[1mWARNING: This is a development server. Do not use it in a production deployment. Use a production WSGI server instead.[0m
 * Running on all addresses (0.0.0.0)
 * Running on http://127.0.0.1:5005
 * Running on http://10.0.0.131:5005
[33mPress CTRL+C to quit[0m
127.0.0.1 - - [15/Jan/2026 05:02:32] "GET /health HTTP/1.1" 200 -
127.0.0.1 - - [15/Jan/2026 05:02:36] "GET /health HTTP/1.1" 200 -
127.0.0.1 - - [15/Jan/2026 05:02:36] "GET /health HTTP/1.1" 200 -
127.0.0.1 - - [15/Jan/2026 05:02:41] "GET /health HTTP/1.1" 200 -
127.0.0.1 - - [15/Jan/2026 05:02:46] "GET /health HTTP/1.1" 200 -
127.0.0.1 - - [15/Jan/2026 05:02:52] "GET /health HTTP/1.1" 200 -
127.0.0.1 - - [15/Jan/2026 05:02:57] "GET /health HTTP/1.1" 200 -
127.0.0.1 - - [15/Jan/2026 05:03:02] "GET /health HTTP/1.1" 200 -
127.0.0.1 - - [15/Jan/2026 05:03:07] "GET /health HTTP/1.1" 200 -
127.0.0.1 - - [15/Jan/2026 05:03:11] "GET /health HTTP/1.1" 200 -
127.0.0.1 - - [15/Jan/2026 05:03:12] "GET /health HTTP/1.1" 200 -
127.0.0.1 - - [15/Jan/2026 05:03:17] "GET /health HTTP/1.1" 200 -
127.0.0.1 - - [15/Jan/2026 05:03:22] "GET /health HTTP/1.1" 200 -
127.0.0.1 - - [15/Jan/2026 05:03:27] "GET /health HTTP/1.1" 200 -
127.0.0.1 - - [15/Jan/2026 05:03:33] "GET /health HTTP/1.1" 200 -
127.0.0.1 - - [15/Jan/2026 05:03:38] "GET /health HTTP/1.1" 200 -
127.0.0.1 - - [15/Jan/2026 05:03:43] "GET /health HTTP/1.1" 200 -
127.0.0.1 - - [15/Jan/2026 05:03:48] "GET /health HTTP/1.1" 200 -
127.0.0.1 - - [15/Jan/2026 05:03:53] "GET /health HTTP/1.1" 200 -
127.0.0.1 - - [15/Jan/2026 05:03:58] "GET /health HTTP/1.1" 200 -
127.0.0.1 - - [15/Jan/2026 05:04:00] "GET /health HTTP/1.1" 200 -
127.0.0.1 - - [15/Jan/2026 05:04:00] "GET /health HTTP/1.1" 200 -
127.0.0.1 - - [15/Jan/2026 05:04:03] "GET /health HTTP/1.1" 200 -
127.0.0.1 - - [15/Jan/2026 05:04:08] "GET /health HTTP/1.1" 200 -
127.0.0.1 - - [15/Jan/2026 05:04:13] "GET /health HTTP/1.1" 200 -
127.0.0.1 - - [15/Jan/2026 05:04:18] "GET /health HTTP/1.1" 200 -
127.0.0.1 - - [15/Jan/2026 05:04:23] "GET /health HTTP/1.1" 200 -

====================================================================================================
[API REQUEST] GET /health
[API REQUEST] No parameters
====================================================================================================

[API RESPONSE] ✅ 200 GET /health


====================================================================================================
[API REQUEST] GET /health
[API REQUEST] No parameters
====================================================================================================

[API RESPONSE] ✅ 200 GET /health


====================================================================================================
[API REQUEST] GET /health
[API REQUEST] No parameters
====================================================================================================

[API RESPONSE] ✅ 200 GET /health


====================================================================================================
[API REQUEST] GET /health
[API REQUEST] No parameters
====================================================================================================

[API RESPONSE] ✅ 200 GET /health


====================================================================================================
[API REQUEST] GET /health
[API REQUEST] No parameters
====================================================================================================

[API RESPONSE] ✅ 200 GET /health


====================================================================================================
[API REQUEST] GET /health
[API REQUEST] No parameters
====================================================================================================

[API RESPONSE] ✅ 200 GET /health


====================================================================================================
[API REQUEST] GET /health
[API REQUEST] No parameters
====================================================================================================

[API RESPONSE] ✅ 200 GET /health


====================================================================================================
[API REQUEST] GET /health
[API REQUEST] No parameters
====================================================================================================

[API RESPONSE] ✅ 200 GET /health


====================================================================================================
[API REQUEST] GET /health
[API REQUEST] No parameters
====================================================================================================

[API RESPONSE] ✅ 200 GET /health


====================================================================================================
[API REQUEST] GET /health
[API REQUEST] No parameters
====================================================================================================

[API RESPONSE] ✅ 200 GET /health


====================================================================================================
[API REQUEST] GET /health
[API REQUEST] No parameters
====================================================================================================

[API RESPONSE] ✅ 200 GET /health


====================================================================================================
[API REQUEST] GET /health
[API REQUEST] No parameters
====================================================================================================

[API RESPONSE] ✅ 200 GET /health


====================================================================================================
[API REQUEST] GET /health
[API REQUEST] No parameters
====================================================================================================

[API RESPONSE] ✅ 200 GET /health


====================================================================================================
[API REQUEST] GET /health
[API REQUEST] No parameters
====================================================================================================

[API RESPONSE] ✅ 200 GET /health


====================================================================================================
[API REQUEST] GET /health
[API REQUEST] No parameters
====================================================================================================

[API RESPONSE] ✅ 200 GET /health


====================================================================================================
[API REQUEST] GET /health
[API REQUEST] No parameters
====================================================================================================

[API RESPONSE] ✅ 200 GET /health


====================================================================================================
[API REQUEST] GET /health
[API REQUEST] No parameters
====================================================================================================

[API RESPONSE] ✅ 200 GET /health


====================================================================================================
[API REQUEST] GET /health
[API REQUEST] No parameters
====================================================================================================

[API RESPONSE] ✅ 200 GET /health


====================================================================================================
[API REQUEST] GET /health
[API REQUEST] No parameters
====================================================================================================

[API RESPONSE] ✅ 200 GET /health


====================================================================================================
[API REQUEST] GET /health
[API REQUEST] No parameters
====================================================================================================

[API RESPONSE] ✅ 200 GET /health


====================================================================================================
[API REQUEST] GET /health
[API REQUEST] No parameters
====================================================================================================

[API RESPONSE] ✅ 200 GET /health


====================================================================================================
[API REQUEST] GET /health
[API REQUEST] No parameters
====================================================================================================

[API RESPONSE] ✅ 200 GET /health


====================================================================================================
[API REQUEST] GET /health
[API REQUEST] No parameters
====================================================================================================

[API RESPONSE] ✅ 200 GET /health


====================================================================================================
[API REQUEST] GET /health
[API REQUEST] No parameters
====================================================================================================

[API RESPONSE] ✅ 200 GET /health


====================================================================================================
[API REQUEST] GET /health
[API REQUEST] No parameters
====================================================================================================

[API RESPONSE] ✅ 200 GET /health


====================================================================================================
[API REQUEST] GET /health
[API REQUEST] No parameters
====================================================================================================

[API RESPONSE] ✅ 200 GET /health


====================================================================================================
[API REQUEST] GET /health
[API REQUEST] No parameters
====================================================================================================

[API RESPONSE] ✅ 200 GET /health


====================================================================================================
[API REQUEST] GET /health
[API REQUEST] No parameters
127.0.0.1 - - [15/Jan/2026 05:04:28] "GET /health HTTP/1.1" 200 -
127.0.0.1 - - [15/Jan/2026 05:04:34] "GET /health HTTP/1.1" 200 -
127.0.0.1 - - [15/Jan/2026 05:04:39] "GET /health HTTP/1.1" 200 -
127.0.0.1 - - [15/Jan/2026 05:04:44] "GET /health HTTP/1.1" 200 -
127.0.0.1 - - [15/Jan/2026 05:04:49] "GET /health HTTP/1.1" 200 -
127.0.0.1 - - [15/Jan/2026 05:04:54] "GET /health HTTP/1.1" 200 -
127.0.0.1 - - [15/Jan/2026 05:04:59] "GET /health HTTP/1.1" 200 -
127.0.0.1 - - [15/Jan/2026 05:05:04] "GET /health HTTP/1.1" 200 -
127.0.0.1 - - [15/Jan/2026 05:05:09] "GET /health HTTP/1.1" 200 -
127.0.0.1 - - [15/Jan/2026 05:05:14] "GET /health HTTP/1.1" 200 -
127.0.0.1 - - [15/Jan/2026 05:05:19] "GET /health HTTP/1.1" 200 -
127.0.0.1 - - [15/Jan/2026 05:05:24] "GET /health HTTP/1.1" 200 -
127.0.0.1 - - [15/Jan/2026 05:05:29] "GET /health HTTP/1.1" 200 -
127.0.0.1 - - [15/Jan/2026 05:05:34] "GET /health HTTP/1.1" 200 -
127.0.0.1 - - [15/Jan/2026 05:05:39] "GET /health HTTP/1.1" 200 -
127.0.0.1 - - [15/Jan/2026 05:05:44] "GET /health HTTP/1.1" 200 -
127.0.0.1 - - [15/Jan/2026 05:05:49] "GET /health HTTP/1.1" 200 -
127.0.0.1 - - [15/Jan/2026 05:05:54] "GET /health HTTP/1.1" 200 -
127.0.0.1 - - [15/Jan/2026 05:05:59] "GET /health HTTP/1.1" 200 -
127.0.0.1 - - [15/Jan/2026 05:06:04] "GET /health HTTP/1.1" 200 -
127.0.0.1 - - [15/Jan/2026 05:06:09] "GET /health HTTP/1.1" 200 -
127.0.0.1 - - [15/Jan/2026 05:06:14] "GET /health HTTP/1.1" 200 -
127.0.0.1 - - [15/Jan/2026 05:06:19] "GET /health HTTP/1.1" 200 -
127.0.0.1 - - [15/Jan/2026 05:06:24] "GET /health HTTP/1.1" 200 -
127.0.0.1 - - [15/Jan/2026 05:06:29] "GET /health HTTP/1.1" 200 -
====================================================================================================

[API RESPONSE] ✅ 200 GET /health


====================================================================================================
[API REQUEST] GET /health
[API REQUEST] No parameters
====================================================================================================

[API RESPONSE] ✅ 200 GET /health


====================================================================================================
[API REQUEST] GET /health
[API REQUEST] No parameters
====================================================================================================

[API RESPONSE] ✅ 200 GET /health


====================================================================================================
[API REQUEST] GET /health
[API REQUEST] No parameters
====================================================================================================

[API RESPONSE] ✅ 200 GET /health


====================================================================================================
[API REQUEST] GET /health
[API REQUEST] No parameters
====================================================================================================

[API RESPONSE] ✅ 200 GET /health


====================================================================================================
[API REQUEST] GET /health
[API REQUEST] No parameters
====================================================================================================

[API RESPONSE] ✅ 200 GET /health


====================================================================================================
[API REQUEST] GET /health
[API REQUEST] No parameters
====================================================================================================

[API RESPONSE] ✅ 200 GET /health


====================================================================================================
[API REQUEST] GET /health
[API REQUEST] No parameters
====================================================================================================

[API RESPONSE] ✅ 200 GET /health


====================================================================================================
[API REQUEST] GET /health
[API REQUEST] No parameters
====================================================================================================

[API RESPONSE] ✅ 200 GET /health


====================================================================================================
[API REQUEST] GET /health
[API REQUEST] No parameters
====================================================================================================

[API RESPONSE] ✅ 200 GET /health


====================================================================================================
[API REQUEST] GET /health
[API REQUEST] No parameters
====================================================================================================

[API RESPONSE] ✅ 200 GET /health


====================================================================================================
[API REQUEST] GET /health
[API REQUEST] No parameters
====================================================================================================

[API RESPONSE] ✅ 200 GET /health


====================================================================================================
[API REQUEST] GET /health
[API REQUEST] No parameters
====================================================================================================

[API RESPONSE] ✅ 200 GET /health


====================================================================================================
[API REQUEST] GET /health
[API REQUEST] No parameters
====================================================================================================

[API RESPONSE] ✅ 200 GET /health


====================================================================================================
[API REQUEST] GET /health
[API REQUEST] No parameters
====================================================================================================

[API RESPONSE] ✅ 200 GET /health


====================================================================================================
[API REQUEST] GET /health
[API REQUEST] No parameters
====================================================================================================

[API RESPONSE] ✅ 200 GET /health


====================================================================================================
[API REQUEST] GET /health
[API REQUEST] No parameters
====================================================================================================

[API RESPONSE] ✅ 200 GET /health


====================================================================================================
[API REQUEST] GET /health
[API REQUEST] No parameters
====================================================================================================

[API RESPONSE] ✅ 200 GET /health


====================================================================================================
[API REQUEST] GET /health
[API REQUEST] No parameters
====================================================================================================

[API RESPONSE] ✅ 200 GET /health


====================================================================================================
[API REQUEST] GET /health
[API REQUEST] No parameters
====================================================================================================

[API RESPONSE] ✅ 200 GET /health


====================================================================================================
[API REQUEST] GET /health
[API REQUEST] No parameters
====================================================================================================

[API RESPONSE] ✅ 200 GET /health


====================================================================================================
[API REQUEST] GET /health
[API REQUEST] No parameters
====================================================================================================

[API RESPONSE] ✅ 200 GET /health


====================================================================================================
[API REQUEST] GET /health
[API REQUEST] No parameters
====================================================================================================

[API RESPONSE] ✅ 200 GET /health


====================================================================================================
[API REQUEST] GET /health
[API REQUEST] No parameters
====================================================================================================

[API RESPONSE] ✅ 200 GET /health


====================================================================================================
[API REQUEST] GET /health
[API REQUEST] No parameters
====================================================================================================

[API RESPONSE] ✅ 200 GET /health

