[INFO] Job Service v2.3-DB-FIXED starting...
[INFO] Database connection management fixed for real-time status updates
[INIT] AI_SERVICE_URL: http://127.0.0.1:5100/analyze
[INIT] Port: 5005
[INIT] Database: /Users/shaydu/dev/mondrian-macos/mondrian/mondrian.db
[INIT] Debug mode: False
[INIT] Created directories
[INIT] Initializing database...
[INIT] Database schema OK
[INIT] RAG Default: ENABLED (from RAG_ENABLED env var)
============================================================
Starting Job Service v2.3-DB-FIXED on port 5005...
Host: 0.0.0.0:5005
AI Service: http://127.0.0.1:5100/analyze
============================================================
 * Serving Flask app 'job_service_v2.3'
 * Debug mode: off
[31m[1mWARNING: This is a development server. Do not use it in a production deployment. Use a production WSGI server instead.[0m
 * Running on all addresses (0.0.0.0)
 * Running on http://127.0.0.1:5005
 * Running on http://10.0.0.131:5005
[33mPress CTRL+C to quit[0m
127.0.0.1 - - [15/Jan/2026 07:19:07] "GET /health HTTP/1.1" 200 -
127.0.0.1 - - [15/Jan/2026 07:19:07] "GET /health HTTP/1.1" 200 -
127.0.0.1 - - [15/Jan/2026 07:19:09] "GET /health HTTP/1.1" 200 -
127.0.0.1 - - [15/Jan/2026 07:19:09] "GET /health HTTP/1.1" 200 -
127.0.0.1 - - [15/Jan/2026 07:19:12] "GET /health HTTP/1.1" 200 -
127.0.0.1 - - [15/Jan/2026 07:19:12] "GET /health HTTP/1.1" 200 -
127.0.0.1 - - [15/Jan/2026 07:19:13] "GET /health HTTP/1.1" 200 -
127.0.0.1 - - [15/Jan/2026 07:19:14] "GET /health HTTP/1.1" 200 -
127.0.0.1 - - [15/Jan/2026 07:19:14] "GET /health HTTP/1.1" 200 -
127.0.0.1 - - [15/Jan/2026 07:19:15] "GET /health HTTP/1.1" 200 -
127.0.0.1 - - [15/Jan/2026 07:19:17] "GET /health HTTP/1.1" 200 -
127.0.0.1 - - [15/Jan/2026 07:19:17] "GET /health HTTP/1.1" 200 -
127.0.0.1 - - [15/Jan/2026 07:19:19] "GET /health HTTP/1.1" 200 -
127.0.0.1 - - [15/Jan/2026 07:19:19] "GET /health HTTP/1.1" 200 -
127.0.0.1 - - [15/Jan/2026 07:19:22] "GET /health HTTP/1.1" 200 -
127.0.0.1 - - [15/Jan/2026 07:19:22] "GET /health HTTP/1.1" 200 -
127.0.0.1 - - [15/Jan/2026 07:19:24] "GET /health HTTP/1.1" 200 -
127.0.0.1 - - [15/Jan/2026 07:19:24] "GET /health HTTP/1.1" 200 -
127.0.0.1 - - [15/Jan/2026 07:19:27] "GET /health HTTP/1.1" 200 -
127.0.0.1 - - [15/Jan/2026 07:19:27] "GET /health HTTP/1.1" 200 -
127.0.0.1 - - [15/Jan/2026 07:19:29] "GET /health HTTP/1.1" 200 -
127.0.0.1 - - [15/Jan/2026 07:19:29] "GET /health HTTP/1.1" 200 -
127.0.0.1 - - [15/Jan/2026 07:19:32] "GET /health HTTP/1.1" 200 -
127.0.0.1 - - [15/Jan/2026 07:19:32] "GET /health HTTP/1.1" 200 -
127.0.0.1 - - [15/Jan/2026 07:19:34] "GET /health HTTP/1.1" 200 -
127.0.0.1 - - [15/Jan/2026 07:19:34] "GET /health HTTP/1.1" 200 -
127.0.0.1 - - [15/Jan/2026 07:19:37] "GET /health HTTP/1.1" 200 -

====================================================================================================
[API REQUEST] GET /health
[API REQUEST] No parameters
====================================================================================================

[API RESPONSE] ✅ 200 GET /health


====================================================================================================
[API REQUEST] GET /health
[API REQUEST] No parameters
====================================================================================================

[API RESPONSE] ✅ 200 GET /health


====================================================================================================
[API REQUEST] GET /health
[API REQUEST] No parameters
====================================================================================================

[API RESPONSE] ✅ 200 GET /health


====================================================================================================
[API REQUEST] GET /health
[API REQUEST] No parameters
====================================================================================================

[API RESPONSE] ✅ 200 GET /health


====================================================================================================
[API REQUEST] GET /health
[API REQUEST] No parameters
====================================================================================================

[API RESPONSE] ✅ 200 GET /health


====================================================================================================
[API REQUEST] GET /health
[API REQUEST] No parameters
====================================================================================================

[API RESPONSE] ✅ 200 GET /health


====================================================================================================
[API REQUEST] GET /health
[API REQUEST] No parameters
====================================================================================================

[API RESPONSE] ✅ 200 GET /health


====================================================================================================
[API REQUEST] GET /health
[API REQUEST] No parameters
====================================================================================================

[API RESPONSE] ✅ 200 GET /health


====================================================================================================
[API REQUEST] GET /health
[API REQUEST] No parameters
====================================================================================================

[API RESPONSE] ✅ 200 GET /health


====================================================================================================
[API REQUEST] GET /health
[API REQUEST] No parameters
====================================================================================================

[API RESPONSE] ✅ 200 GET /health


====================================================================================================
[API REQUEST] GET /health
[API REQUEST] No parameters
====================================================================================================

[API RESPONSE] ✅ 200 GET /health


====================================================================================================
[API REQUEST] GET /health
[API REQUEST] No parameters
====================================================================================================

[API RESPONSE] ✅ 200 GET /health


====================================================================================================
[API REQUEST] GET /health
[API REQUEST] No parameters
====================================================================================================

[API RESPONSE] ✅ 200 GET /health


====================================================================================================
[API REQUEST] GET /health
[API REQUEST] No parameters
====================================================================================================

[API RESPONSE] ✅ 200 GET /health


====================================================================================================
[API REQUEST] GET /health
[API REQUEST] No parameters
====================================================================================================

[API RESPONSE] ✅ 200 GET /health


====================================================================================================
[API REQUEST] GET /health
[API REQUEST] No parameters
====================================================================================================

[API RESPONSE] ✅ 200 GET /health


====================================================================================================
[API REQUEST] GET /health
[API REQUEST] No parameters
====================================================================================================

[API RESPONSE] ✅ 200 GET /health


====================================================================================================
[API REQUEST] GET /health
[API REQUEST] No parameters
====================================================================================================

[API RESPONSE] ✅ 200 GET /health


====================================================================================================
[API REQUEST] GET /health
[API REQUEST] No parameters
====================================================================================================

[API RESPONSE] ✅ 200 GET /health


====================================================================================================
[API REQUEST] GET /health
[API REQUEST] No parameters
====================================================================================================

[API RESPONSE] ✅ 200 GET /health


====================================================================================================
[API REQUEST] GET /health
[API REQUEST] No parameters
====================================================================================================

[API RESPONSE] ✅ 200 GET /health


====================================================================================================
[API REQUEST] GET /health
[API REQUEST] No parameters
====================================================================================================

[API RESPONSE] ✅ 200 GET /health


====================================================================================================
[API REQUEST] GET /health
[API REQUEST] No parameters
====================================================================================================

[API RESPONSE] ✅ 200 GET /health


====================================================================================================
[API REQUEST] GET /health
[API REQUEST] No parameters
====================================================================================================

[API RESPONSE] ✅ 200 GET /health


====================================================================================================
[API REQUEST] GET /health
[API REQUEST] No parameters
====================================================================================================

[API RESPONSE] ✅ 200 GET /health


====================================================================================================
[API REQUEST] GET /health
[API REQUEST] No parameters
====================================================================================================

[API RESPONSE] ✅ 200 GET /health


====================================================================================================
[API REQUEST] GET /health
[API REQUEST] No parameters
====================================================================================================

[API RESPONSE] ✅ 200 GET /health


====================================================================================================
[API REQUEST] GET /health
[API REQUEST] No parameters
127.0.0.1 - - [15/Jan/2026 07:19:37] "GET /health HTTP/1.1" 200 -
127.0.0.1 - - [15/Jan/2026 07:19:39] "GET /health HTTP/1.1" 200 -
127.0.0.1 - - [15/Jan/2026 07:19:39] "GET /health HTTP/1.1" 200 -
127.0.0.1 - - [15/Jan/2026 07:19:42] "GET /health HTTP/1.1" 200 -
127.0.0.1 - - [15/Jan/2026 07:19:42] "GET /health HTTP/1.1" 200 -
127.0.0.1 - - [15/Jan/2026 07:19:44] "GET /health HTTP/1.1" 200 -
127.0.0.1 - - [15/Jan/2026 07:19:44] "GET /health HTTP/1.1" 200 -
127.0.0.1 - - [15/Jan/2026 07:19:47] "GET /health HTTP/1.1" 200 -
127.0.0.1 - - [15/Jan/2026 07:19:47] "GET /health HTTP/1.1" 200 -
127.0.0.1 - - [15/Jan/2026 07:19:49] "GET /health HTTP/1.1" 200 -
127.0.0.1 - - [15/Jan/2026 07:19:50] "GET /health HTTP/1.1" 200 -
127.0.0.1 - - [15/Jan/2026 07:19:52] "GET /health HTTP/1.1" 200 -
127.0.0.1 - - [15/Jan/2026 07:19:52] "GET /health HTTP/1.1" 200 -
127.0.0.1 - - [15/Jan/2026 07:19:54] "GET /health HTTP/1.1" 200 -
127.0.0.1 - - [15/Jan/2026 07:19:55] "GET /health HTTP/1.1" 200 -
127.0.0.1 - - [15/Jan/2026 07:19:57] "GET /health HTTP/1.1" 200 -
127.0.0.1 - - [15/Jan/2026 07:19:57] "GET /health HTTP/1.1" 200 -
127.0.0.1 - - [15/Jan/2026 07:19:59] "GET /health HTTP/1.1" 200 -
127.0.0.1 - - [15/Jan/2026 07:20:00] "GET /health HTTP/1.1" 200 -
127.0.0.1 - - [15/Jan/2026 07:20:02] "GET /health HTTP/1.1" 200 -
127.0.0.1 - - [15/Jan/2026 07:20:02] "GET /health HTTP/1.1" 200 -
127.0.0.1 - - [15/Jan/2026 07:20:04] "GET /health HTTP/1.1" 200 -
127.0.0.1 - - [15/Jan/2026 07:20:05] "GET /health HTTP/1.1" 200 -
127.0.0.1 - - [15/Jan/2026 07:20:07] "GET /health HTTP/1.1" 200 -
127.0.0.1 - - [15/Jan/2026 07:20:07] "GET /health HTTP/1.1" 200 -
127.0.0.1 - - [15/Jan/2026 07:20:09] "GET /health HTTP/1.1" 200 -
127.0.0.1 - - [15/Jan/2026 07:20:10] "GET /health HTTP/1.1" 200 -
127.0.0.1 - - [15/Jan/2026 07:20:12] "GET /health HTTP/1.1" 200 -
====================================================================================================

[API RESPONSE] ✅ 200 GET /health


====================================================================================================
[API REQUEST] GET /health
[API REQUEST] No parameters
====================================================================================================

[API RESPONSE] ✅ 200 GET /health


====================================================================================================
[API REQUEST] GET /health
[API REQUEST] No parameters
====================================================================================================

[API RESPONSE] ✅ 200 GET /health


====================================================================================================
[API REQUEST] GET /health
[API REQUEST] No parameters
====================================================================================================

[API RESPONSE] ✅ 200 GET /health


====================================================================================================
[API REQUEST] GET /health
[API REQUEST] No parameters
====================================================================================================

[API RESPONSE] ✅ 200 GET /health


====================================================================================================
[API REQUEST] GET /health
[API REQUEST] No parameters
====================================================================================================

[API RESPONSE] ✅ 200 GET /health


====================================================================================================
[API REQUEST] GET /health
[API REQUEST] No parameters
====================================================================================================

[API RESPONSE] ✅ 200 GET /health


====================================================================================================
[API REQUEST] GET /health
[API REQUEST] No parameters
====================================================================================================

[API RESPONSE] ✅ 200 GET /health


====================================================================================================
[API REQUEST] GET /health
[API REQUEST] No parameters
====================================================================================================

[API RESPONSE] ✅ 200 GET /health


====================================================================================================
[API REQUEST] GET /health
[API REQUEST] No parameters
====================================================================================================

[API RESPONSE] ✅ 200 GET /health


====================================================================================================
[API REQUEST] GET /health
[API REQUEST] No parameters
====================================================================================================

[API RESPONSE] ✅ 200 GET /health


====================================================================================================
[API REQUEST] GET /health
[API REQUEST] No parameters
====================================================================================================

[API RESPONSE] ✅ 200 GET /health


====================================================================================================
[API REQUEST] GET /health
[API REQUEST] No parameters
====================================================================================================

[API RESPONSE] ✅ 200 GET /health


====================================================================================================
[API REQUEST] GET /health
[API REQUEST] No parameters
====================================================================================================

[API RESPONSE] ✅ 200 GET /health


====================================================================================================
[API REQUEST] GET /health
[API REQUEST] No parameters
====================================================================================================

[API RESPONSE] ✅ 200 GET /health


====================================================================================================
[API REQUEST] GET /health
[API REQUEST] No parameters
====================================================================================================

[API RESPONSE] ✅ 200 GET /health


====================================================================================================
[API REQUEST] GET /health
[API REQUEST] No parameters
====================================================================================================

[API RESPONSE] ✅ 200 GET /health


====================================================================================================
[API REQUEST] GET /health
[API REQUEST] No parameters
====================================================================================================

[API RESPONSE] ✅ 200 GET /health


====================================================================================================
[API REQUEST] GET /health
[API REQUEST] No parameters
====================================================================================================

[API RESPONSE] ✅ 200 GET /health


====================================================================================================
[API REQUEST] GET /health
[API REQUEST] No parameters
====================================================================================================

[API RESPONSE] ✅ 200 GET /health


====================================================================================================
[API REQUEST] GET /health
[API REQUEST] No parameters
====================================================================================================

[API RESPONSE] ✅ 200 GET /health


====================================================================================================
[API REQUEST] GET /health
[API REQUEST] No parameters
====================================================================================================

[API RESPONSE] ✅ 200 GET /health


====================================================================================================
[API REQUEST] GET /health
[API REQUEST] No parameters
====================================================================================================

[API RESPONSE] ✅ 200 GET /health


====================================================================================================
[API REQUEST] GET /health
[API REQUEST] No parameters
====================================================================================================

[API RESPONSE] ✅ 200 GET /health


====================================================================================================
[API REQUEST] GET /health
[API REQUEST] No parameters
====================================================================================================

[API RESPONSE] ✅ 200 GET /health


====================================================================================================
[API REQUEST] GET /health
[API REQUEST] No parameters
====================================================================================================

[API RESPONSE] ✅ 200 GET /health


====================================================================================================
[API REQUEST] GET /health
[API REQUEST] No parameters
====================================================================================================

[API RESPONSE] ✅ 200 GET /health


====================================================================================================
[API REQUEST] GET /health
[API REQUEST] No parameters
====================================================================================================

[API RESPONSE] ✅ 200 GET /health


====================================================================================================
127.0.0.1 - - [15/Jan/2026 07:20:12] "GET /health HTTP/1.1" 200 -
127.0.0.1 - - [15/Jan/2026 07:20:14] "GET /health HTTP/1.1" 200 -
127.0.0.1 - - [15/Jan/2026 07:20:15] "GET /health HTTP/1.1" 200 -
