[INFO] Job Service v2.3-DB-FIXED starting...
[INFO] Database connection management fixed for real-time status updates
[INIT] AI_SERVICE_URL: http://127.0.0.1:5100/analyze
[INIT] Port: 5005
[INIT] Database: /Users/shaydu/dev/mondrian-macos/mondrian/mondrian.db
[INIT] Debug mode: False
[INIT] Created directories
[INIT] Initializing database...
[INIT] Database schema OK
[INIT] RAG Default: ENABLED (from RAG_ENABLED env var)
============================================================
Starting Job Service v2.3-DB-FIXED on port 5005...
Host: 0.0.0.0:5005
AI Service: http://127.0.0.1:5100/analyze
============================================================
 * Serving Flask app 'job_service_v2.3'
 * Debug mode: off
[31m[1mWARNING: This is a development server. Do not use it in a production deployment. Use a production WSGI server instead.[0m
 * Running on all addresses (0.0.0.0)
 * Running on http://127.0.0.1:5005
 * Running on http://10.0.0.131:5005
[33mPress CTRL+C to quit[0m
127.0.0.1 - - [15/Jan/2026 05:58:30] "GET /health HTTP/1.1" 200 -
127.0.0.1 - - [15/Jan/2026 05:58:33] "GET /health HTTP/1.1" 200 -
127.0.0.1 - - [15/Jan/2026 05:58:33] "GET /health HTTP/1.1" 200 -
127.0.0.1 - - [15/Jan/2026 05:58:35] "GET /health HTTP/1.1" 200 -
127.0.0.1 - - [15/Jan/2026 05:58:35] "GET /health HTTP/1.1" 200 -
127.0.0.1 - - [15/Jan/2026 05:58:38] "GET /health HTTP/1.1" 200 -
127.0.0.1 - - [15/Jan/2026 05:58:38] "GET /health HTTP/1.1" 200 -
127.0.0.1 - - [15/Jan/2026 05:58:39] "GET /health HTTP/1.1" 200 -
127.0.0.1 - - [15/Jan/2026 05:58:39] "GET /health HTTP/1.1" 200 -
127.0.0.1 - - [15/Jan/2026 05:58:40] "GET /health HTTP/1.1" 200 -
127.0.0.1 - - [15/Jan/2026 05:58:43] "GET /health HTTP/1.1" 200 -
127.0.0.1 - - [15/Jan/2026 05:58:43] "GET /health HTTP/1.1" 200 -
127.0.0.1 - - [15/Jan/2026 05:58:44] "GET /health HTTP/1.1" 200 -
127.0.0.1 - - [15/Jan/2026 05:58:45] "GET /health HTTP/1.1" 200 -
127.0.0.1 - - [15/Jan/2026 05:58:48] "GET /health HTTP/1.1" 200 -
127.0.0.1 - - [15/Jan/2026 05:58:48] "GET /health HTTP/1.1" 200 -
127.0.0.1 - - [15/Jan/2026 05:58:49] "GET /health HTTP/1.1" 200 -
127.0.0.1 - - [15/Jan/2026 05:58:50] "GET /health HTTP/1.1" 200 -
127.0.0.1 - - [15/Jan/2026 05:58:53] "GET /health HTTP/1.1" 200 -
127.0.0.1 - - [15/Jan/2026 05:58:53] "GET /health HTTP/1.1" 200 -
127.0.0.1 - - [15/Jan/2026 05:58:54] "GET /health HTTP/1.1" 200 -
127.0.0.1 - - [15/Jan/2026 05:58:55] "GET /health HTTP/1.1" 200 -
127.0.0.1 - - [15/Jan/2026 05:58:58] "GET /health HTTP/1.1" 200 -
127.0.0.1 - - [15/Jan/2026 05:58:58] "GET /health HTTP/1.1" 200 -
127.0.0.1 - - [15/Jan/2026 05:58:59] "GET /health HTTP/1.1" 200 -
127.0.0.1 - - [15/Jan/2026 05:59:00] "GET /health HTTP/1.1" 200 -
127.0.0.1 - - [15/Jan/2026 05:59:03] "GET /health HTTP/1.1" 200 -

====================================================================================================
[API REQUEST] GET /health
[API REQUEST] No parameters
====================================================================================================

[API RESPONSE] ✅ 200 GET /health


====================================================================================================
[API REQUEST] GET /health
[API REQUEST] No parameters
====================================================================================================

[API RESPONSE] ✅ 200 GET /health


====================================================================================================
[API REQUEST] GET /health
[API REQUEST] No parameters
====================================================================================================

[API RESPONSE] ✅ 200 GET /health


====================================================================================================
[API REQUEST] GET /health
[API REQUEST] No parameters
====================================================================================================

[API RESPONSE] ✅ 200 GET /health


====================================================================================================
[API REQUEST] GET /health
[API REQUEST] No parameters
====================================================================================================

[API RESPONSE] ✅ 200 GET /health


====================================================================================================
[API REQUEST] GET /health
[API REQUEST] No parameters
====================================================================================================

[API RESPONSE] ✅ 200 GET /health


====================================================================================================
[API REQUEST] GET /health
[API REQUEST] No parameters
====================================================================================================

[API RESPONSE] ✅ 200 GET /health


====================================================================================================
[API REQUEST] GET /health
[API REQUEST] No parameters
====================================================================================================

[API RESPONSE] ✅ 200 GET /health


====================================================================================================
[API REQUEST] GET /health
[API REQUEST] No parameters
====================================================================================================

[API RESPONSE] ✅ 200 GET /health


====================================================================================================
[API REQUEST] GET /health
[API REQUEST] No parameters
====================================================================================================

[API RESPONSE] ✅ 200 GET /health


====================================================================================================
[API REQUEST] GET /health
[API REQUEST] No parameters
====================================================================================================

[API RESPONSE] ✅ 200 GET /health


====================================================================================================
[API REQUEST] GET /health
[API REQUEST] No parameters
====================================================================================================

[API RESPONSE] ✅ 200 GET /health


====================================================================================================
[API REQUEST] GET /health
[API REQUEST] No parameters
====================================================================================================

[API RESPONSE] ✅ 200 GET /health


====================================================================================================
[API REQUEST] GET /health
[API REQUEST] No parameters
====================================================================================================

[API RESPONSE] ✅ 200 GET /health


====================================================================================================
[API REQUEST] GET /health
[API REQUEST] No parameters
====================================================================================================

[API RESPONSE] ✅ 200 GET /health


====================================================================================================
[API REQUEST] GET /health
[API REQUEST] No parameters
====================================================================================================

[API RESPONSE] ✅ 200 GET /health


====================================================================================================
[API REQUEST] GET /health
[API REQUEST] No parameters
====================================================================================================

[API RESPONSE] ✅ 200 GET /health


====================================================================================================
[API REQUEST] GET /health
[API REQUEST] No parameters
====================================================================================================

[API RESPONSE] ✅ 200 GET /health


====================================================================================================
[API REQUEST] GET /health
[API REQUEST] No parameters
====================================================================================================

[API RESPONSE] ✅ 200 GET /health


====================================================================================================
[API REQUEST] GET /health
[API REQUEST] No parameters
====================================================================================================

[API RESPONSE] ✅ 200 GET /health


====================================================================================================
[API REQUEST] GET /health
[API REQUEST] No parameters
====================================================================================================

[API RESPONSE] ✅ 200 GET /health


====================================================================================================
[API REQUEST] GET /health
[API REQUEST] No parameters
====================================================================================================

[API RESPONSE] ✅ 200 GET /health


====================================================================================================
[API REQUEST] GET /health
[API REQUEST] No parameters
====================================================================================================

[API RESPONSE] ✅ 200 GET /health


====================================================================================================
[API REQUEST] GET /health
[API REQUEST] No parameters
====================================================================================================

[API RESPONSE] ✅ 200 GET /health


====================================================================================================
[API REQUEST] GET /health
[API REQUEST] No parameters
====================================================================================================

[API RESPONSE] ✅ 200 GET /health


====================================================================================================
[API REQUEST] GET /health
[API REQUEST] No parameters
====================================================================================================

[API RESPONSE] ✅ 200 GET /health


====================================================================================================
[API REQUEST] GET /health
[API REQUEST] No parameters
====================================================================================================

[API RESPONSE] ✅ 200 GET /health


====================================================================================================
[API REQUEST] GET /health
[API REQUEST] No parameters
127.0.0.1 - - [15/Jan/2026 05:59:03] "GET /health HTTP/1.1" 200 -
127.0.0.1 - - [15/Jan/2026 05:59:04] "GET /health HTTP/1.1" 200 -
127.0.0.1 - - [15/Jan/2026 05:59:05] "GET /health HTTP/1.1" 200 -
127.0.0.1 - - [15/Jan/2026 05:59:05] "GET /health HTTP/1.1" 200 -
127.0.0.1 - - [15/Jan/2026 05:59:08] "GET /health HTTP/1.1" 200 -
127.0.0.1 - - [15/Jan/2026 05:59:08] "GET /health HTTP/1.1" 200 -
127.0.0.1 - - [15/Jan/2026 05:59:09] "GET /health HTTP/1.1" 200 -
127.0.0.1 - - [15/Jan/2026 05:59:10] "GET /health HTTP/1.1" 200 -
127.0.0.1 - - [15/Jan/2026 05:59:13] "GET /health HTTP/1.1" 200 -
127.0.0.1 - - [15/Jan/2026 05:59:13] "GET /health HTTP/1.1" 200 -
127.0.0.1 - - [15/Jan/2026 05:59:14] "GET /health HTTP/1.1" 200 -
127.0.0.1 - - [15/Jan/2026 05:59:15] "GET /health HTTP/1.1" 200 -
127.0.0.1 - - [15/Jan/2026 05:59:18] "GET /health HTTP/1.1" 200 -
127.0.0.1 - - [15/Jan/2026 05:59:18] "GET /health HTTP/1.1" 200 -
127.0.0.1 - - [15/Jan/2026 05:59:19] "GET /health HTTP/1.1" 200 -
127.0.0.1 - - [15/Jan/2026 05:59:20] "GET /health HTTP/1.1" 200 -
127.0.0.1 - - [15/Jan/2026 05:59:23] "GET /health HTTP/1.1" 200 -
127.0.0.1 - - [15/Jan/2026 05:59:23] "GET /health HTTP/1.1" 200 -
127.0.0.1 - - [15/Jan/2026 05:59:24] "GET /health HTTP/1.1" 200 -
127.0.0.1 - - [15/Jan/2026 05:59:25] "GET /health HTTP/1.1" 200 -
127.0.0.1 - - [15/Jan/2026 05:59:28] "GET /health HTTP/1.1" 200 -
127.0.0.1 - - [15/Jan/2026 05:59:28] "GET /health HTTP/1.1" 200 -
127.0.0.1 - - [15/Jan/2026 05:59:29] "GET /health HTTP/1.1" 200 -
127.0.0.1 - - [15/Jan/2026 05:59:30] "GET /health HTTP/1.1" 200 -
127.0.0.1 - - [15/Jan/2026 05:59:33] "GET /health HTTP/1.1" 200 -
127.0.0.1 - - [15/Jan/2026 05:59:33] "GET /health HTTP/1.1" 200 -
127.0.0.1 - - [15/Jan/2026 05:59:34] "GET /health HTTP/1.1" 200 -
127.0.0.1 - - [15/Jan/2026 05:59:35] "GET /health HTTP/1.1" 200 -
====================================================================================================

[API RESPONSE] ✅ 200 GET /health


====================================================================================================
[API REQUEST] GET /health
[API REQUEST] No parameters
====================================================================================================

[API RESPONSE] ✅ 200 GET /health


====================================================================================================
[API REQUEST] GET /health
[API REQUEST] No parameters
====================================================================================================

[API RESPONSE] ✅ 200 GET /health


====================================================================================================
[API REQUEST] GET /health
[API REQUEST] No parameters
====================================================================================================

[API RESPONSE] ✅ 200 GET /health


====================================================================================================
[API REQUEST] GET /health
[API REQUEST] No parameters
====================================================================================================

[API RESPONSE] ✅ 200 GET /health


====================================================================================================
[API REQUEST] GET /health
[API REQUEST] No parameters
====================================================================================================

[API RESPONSE] ✅ 200 GET /health


====================================================================================================
[API REQUEST] GET /health
[API REQUEST] No parameters
====================================================================================================

[API RESPONSE] ✅ 200 GET /health


====================================================================================================
[API REQUEST] GET /health
[API REQUEST] No parameters
====================================================================================================

[API RESPONSE] ✅ 200 GET /health


====================================================================================================
[API REQUEST] GET /health
[API REQUEST] No parameters
====================================================================================================

[API RESPONSE] ✅ 200 GET /health


====================================================================================================
[API REQUEST] GET /health
[API REQUEST] No parameters
====================================================================================================

[API RESPONSE] ✅ 200 GET /health


====================================================================================================
[API REQUEST] GET /health
[API REQUEST] No parameters
====================================================================================================

[API RESPONSE] ✅ 200 GET /health


====================================================================================================
[API REQUEST] GET /health
[API REQUEST] No parameters
====================================================================================================

[API RESPONSE] ✅ 200 GET /health


====================================================================================================
[API REQUEST] GET /health
[API REQUEST] No parameters
====================================================================================================


====================================================================================================
[API REQUEST] GET /health
[API REQUEST] No parameters
====================================================================================================

[API RESPONSE] ✅ 200 GET /health

[API RESPONSE] ✅ 200 GET /health


====================================================================================================
[API REQUEST] GET /health
[API REQUEST] No parameters
====================================================================================================

[API RESPONSE] ✅ 200 GET /health


====================================================================================================
[API REQUEST] GET /health
[API REQUEST] No parameters
====================================================================================================

[API RESPONSE] ✅ 200 GET /health


====================================================================================================
[API REQUEST] GET /health
[API REQUEST] No parameters
====================================================================================================

[API RESPONSE] ✅ 200 GET /health


====================================================================================================
[API REQUEST] GET /health
[API REQUEST] No parameters
====================================================================================================

[API RESPONSE] ✅ 200 GET /health


====================================================================================================
[API REQUEST] GET /health
[API REQUEST] No parameters
====================================================================================================

[API RESPONSE] ✅ 200 GET /health


====================================================================================================
[API REQUEST] GET /health
[API REQUEST] No parameters
====================================================================================================

[API RESPONSE] ✅ 200 GET /health


====================================================================================================
[API REQUEST] GET /health
[API REQUEST] No parameters
====================================================================================================

[API RESPONSE] ✅ 200 GET /health


====================================================================================================
[API REQUEST] GET /health
[API REQUEST] No parameters
====================================================================================================

[API RESPONSE] ✅ 200 GET /health


====================================================================================================
[API REQUEST] GET /health
[API REQUEST] No parameters
====================================================================================================

[API RESPONSE] ✅ 200 GET /health


====================================================================================================
[API REQUEST] GET /health
[API REQUEST] No parameters
====================================================================================================

[API RESPONSE] ✅ 200 GET /health


====================================================================================================
[API REQUEST] GET /health
[API REQUEST] No parameters
====================================================================================================

[API RESPONSE] ✅ 200 GET /health


====================================================================================================
[API REQUEST] GET /health
[API REQUEST] No parameters
====================================================================================================

[API RESPONSE] ✅ 200 GET /health


====================================================================================================
[API REQUEST] GET /health
[API REQUEST] No parameters
====================================================================================================

[API RESPONSE] ✅ 200 GET /health


====================================================================================================
[API REQUEST] GET /health
[API REQUEST] No parameters
====================================================================================================

[API RESPONSE] ✅ 200 GET /health


====================================================================================================
127.0.0.1 - - [15/Jan/2026 05:59:38] "GET /health HTTP/1.1" 200 -
127.0.0.1 - - [15/Jan/2026 05:59:38] "GET /health HTTP/1.1" 200 -
127.0.0.1 - - [15/Jan/2026 05:59:39] "GET /health HTTP/1.1" 200 -
127.0.0.1 - - [15/Jan/2026 05:59:40] "GET /health HTTP/1.1" 200 -
127.0.0.1 - - [15/Jan/2026 05:59:43] "GET /health HTTP/1.1" 200 -
127.0.0.1 - - [15/Jan/2026 05:59:43] "GET /health HTTP/1.1" 200 -
127.0.0.1 - - [15/Jan/2026 05:59:44] "GET /health HTTP/1.1" 200 -
127.0.0.1 - - [15/Jan/2026 05:59:45] "GET /health HTTP/1.1" 200 -
127.0.0.1 - - [15/Jan/2026 05:59:48] "GET /health HTTP/1.1" 200 -
127.0.0.1 - - [15/Jan/2026 05:59:48] "GET /health HTTP/1.1" 200 -
127.0.0.1 - - [15/Jan/2026 05:59:49] "GET /health HTTP/1.1" 200 -
127.0.0.1 - - [15/Jan/2026 05:59:50] "GET /health HTTP/1.1" 200 -
127.0.0.1 - - [15/Jan/2026 05:59:54] "GET /health HTTP/1.1" 200 -
127.0.0.1 - - [15/Jan/2026 05:59:54] "GET /health HTTP/1.1" 200 -
127.0.0.1 - - [15/Jan/2026 05:59:54] "GET /health HTTP/1.1" 200 -
127.0.0.1 - - [15/Jan/2026 05:59:55] "GET /health HTTP/1.1" 200 -
127.0.0.1 - - [15/Jan/2026 05:59:59] "GET /health HTTP/1.1" 200 -
127.0.0.1 - - [15/Jan/2026 05:59:59] "GET /health HTTP/1.1" 200 -
127.0.0.1 - - [15/Jan/2026 05:59:59] "GET /health HTTP/1.1" 200 -
127.0.0.1 - - [15/Jan/2026 06:00:00] "GET /health HTTP/1.1" 200 -
127.0.0.1 - - [15/Jan/2026 06:00:04] "GET /health HTTP/1.1" 200 -
127.0.0.1 - - [15/Jan/2026 06:00:04] "GET /health HTTP/1.1" 200 -
127.0.0.1 - - [15/Jan/2026 06:00:04] "GET /health HTTP/1.1" 200 -
127.0.0.1 - - [15/Jan/2026 06:00:05] "GET /health HTTP/1.1" 200 -
127.0.0.1 - - [15/Jan/2026 06:00:09] "GET /health HTTP/1.1" 200 -
127.0.0.1 - - [15/Jan/2026 06:00:09] "GET /health HTTP/1.1" 200 -
127.0.0.1 - - [15/Jan/2026 06:00:09] "GET /health HTTP/1.1" 200 -
127.0.0.1 - - [15/Jan/2026 06:00:10] "GET /health HTTP/1.1" 200 -
[API REQUEST] GET /health
[API REQUEST] No parameters
====================================================================================================

[API RESPONSE] ✅ 200 GET /health


====================================================================================================
[API REQUEST] GET /health
[API REQUEST] No parameters
====================================================================================================

[API RESPONSE] ✅ 200 GET /health


====================================================================================================
[API REQUEST] GET /health
[API REQUEST] No parameters
====================================================================================================

[API RESPONSE] ✅ 200 GET /health


====================================================================================================
[API REQUEST] GET /health
[API REQUEST] No parameters
====================================================================================================

[API RESPONSE] ✅ 200 GET /health


====================================================================================================
[API REQUEST] GET /health
[API REQUEST] No parameters
====================================================================================================

[API RESPONSE] ✅ 200 GET /health


====================================================================================================
[API REQUEST] GET /health
[API REQUEST] No parameters
====================================================================================================

[API RESPONSE] ✅ 200 GET /health


====================================================================================================
[API REQUEST] GET /health
[API REQUEST] No parameters
====================================================================================================

[API RESPONSE] ✅ 200 GET /health


====================================================================================================
[API REQUEST] GET /health
[API REQUEST] No parameters
====================================================================================================

[API RESPONSE] ✅ 200 GET /health


====================================================================================================
[API REQUEST] GET /health
[API REQUEST] No parameters
====================================================================================================

[API RESPONSE] ✅ 200 GET /health


====================================================================================================
[API REQUEST] GET /health
[API REQUEST] No parameters
====================================================================================================

[API RESPONSE] ✅ 200 GET /health


====================================================================================================
[API REQUEST] GET /health
[API REQUEST] No parameters
====================================================================================================

[API RESPONSE] ✅ 200 GET /health


====================================================================================================
[API REQUEST] GET /health
[API REQUEST] No parameters
====================================================================================================

[API RESPONSE] ✅ 200 GET /health


====================================================================================================
[API REQUEST] GET /health
[API REQUEST] No parameters
====================================================================================================

[API RESPONSE] ✅ 200 GET /health


====================================================================================================
[API REQUEST] GET /health
[API REQUEST] No parameters
====================================================================================================

[API RESPONSE] ✅ 200 GET /health


====================================================================================================
[API REQUEST] GET /health
[API REQUEST] No parameters
====================================================================================================

[API RESPONSE] ✅ 200 GET /health


====================================================================================================
[API REQUEST] GET /health
[API REQUEST] No parameters
====================================================================================================

[API RESPONSE] ✅ 200 GET /health


====================================================================================================
[API REQUEST] GET /health
[API REQUEST] No parameters
====================================================================================================

[API RESPONSE] ✅ 200 GET /health


====================================================================================================
[API REQUEST] GET /health
[API REQUEST] No parameters
====================================================================================================

[API RESPONSE] ✅ 200 GET /health


====================================================================================================
[API REQUEST] GET /health
[API REQUEST] No parameters
====================================================================================================

[API RESPONSE] ✅ 200 GET /health


====================================================================================================
[API REQUEST] GET /health
[API REQUEST] No parameters
====================================================================================================

[API RESPONSE] ✅ 200 GET /health


====================================================================================================
[API REQUEST] GET /health
[API REQUEST] No parameters
====================================================================================================

[API RESPONSE] ✅ 200 GET /health


====================================================================================================
[API REQUEST] GET /health
[API REQUEST] No parameters
====================================================================================================

[API RESPONSE] ✅ 200 GET /health


====================================================================================================
[API REQUEST] GET /health
[API REQUEST] No parameters
====================================================================================================

[API RESPONSE] ✅ 200 GET /health


====================================================================================================
[API REQUEST] GET /health
[API REQUEST] No parameters
====================================================================================================

[API RESPONSE] ✅ 200 GET /health


====================================================================================================
[API REQUEST] GET /health
[API REQUEST] No parameters
====================================================================================================

[API RESPONSE] ✅ 200 GET /health


====================================================================================================
[API REQUEST] GET /health
[API REQUEST] No parameters
====================================================================================================

[API RESPONSE] ✅ 200 GET /health


====================================================================================================
[API REQUEST] GET /health
[API REQUEST] No parameters
====================================================================================================

[API RESPONSE] ✅ 200 GET /health


====================================================================================================
[API REQUEST] GET /health
[API REQUEST] No parameters
====================================================================================================

[API RESPONSE] ✅ 200 GET /health

127.0.0.1 - - [15/Jan/2026 06:00:14] "GET /health HTTP/1.1" 200 -
127.0.0.1 - - [15/Jan/2026 06:00:14] "GET /health HTTP/1.1" 200 -
127.0.0.1 - - [15/Jan/2026 06:00:15] "GET /health HTTP/1.1" 200 -
127.0.0.1 - - [15/Jan/2026 06:00:15] "GET /health HTTP/1.1" 200 -
127.0.0.1 - - [15/Jan/2026 06:00:19] "GET /health HTTP/1.1" 200 -
127.0.0.1 - - [15/Jan/2026 06:00:19] "GET /health HTTP/1.1" 200 -
127.0.0.1 - - [15/Jan/2026 06:00:20] "GET /health HTTP/1.1" 200 -
127.0.0.1 - - [15/Jan/2026 06:00:20] "GET /health HTTP/1.1" 200 -
127.0.0.1 - - [15/Jan/2026 06:00:24] "GET /health HTTP/1.1" 200 -
127.0.0.1 - - [15/Jan/2026 06:00:24] "GET /health HTTP/1.1" 200 -
127.0.0.1 - - [15/Jan/2026 06:00:25] "GET /health HTTP/1.1" 200 -
127.0.0.1 - - [15/Jan/2026 06:00:25] "GET /health HTTP/1.1" 200 -
127.0.0.1 - - [15/Jan/2026 06:00:29] "GET /health HTTP/1.1" 200 -
127.0.0.1 - - [15/Jan/2026 06:00:29] "GET /health HTTP/1.1" 200 -
127.0.0.1 - - [15/Jan/2026 06:00:30] "GET /health HTTP/1.1" 200 -
127.0.0.1 - - [15/Jan/2026 06:00:30] "GET /health HTTP/1.1" 200 -
127.0.0.1 - - [15/Jan/2026 06:00:35] "GET /health HTTP/1.1" 200 -
127.0.0.1 - - [15/Jan/2026 06:00:35] "GET /health HTTP/1.1" 200 -
127.0.0.1 - - [15/Jan/2026 06:00:35] "GET /health HTTP/1.1" 200 -
127.0.0.1 - - [15/Jan/2026 06:00:36] "GET /health HTTP/1.1" 200 -
127.0.0.1 - - [15/Jan/2026 06:00:40] "GET /health HTTP/1.1" 200 -
127.0.0.1 - - [15/Jan/2026 06:00:40] "GET /health HTTP/1.1" 200 -
127.0.0.1 - - [15/Jan/2026 06:00:40] "GET /health HTTP/1.1" 200 -
127.0.0.1 - - [15/Jan/2026 06:00:41] "GET /health HTTP/1.1" 200 -
127.0.0.1 - - [15/Jan/2026 06:00:45] "GET /health HTTP/1.1" 200 -
127.0.0.1 - - [15/Jan/2026 06:00:45] "GET /health HTTP/1.1" 200 -
127.0.0.1 - - [15/Jan/2026 06:00:45] "GET /health HTTP/1.1" 200 -

====================================================================================================
[API REQUEST] GET /health
[API REQUEST] No parameters
====================================================================================================

[API RESPONSE] ✅ 200 GET /health


====================================================================================================
[API REQUEST] GET /health
[API REQUEST] No parameters
====================================================================================================

[API RESPONSE] ✅ 200 GET /health


====================================================================================================
[API REQUEST] GET /health
[API REQUEST] No parameters
====================================================================================================

[API RESPONSE] ✅ 200 GET /health


====================================================================================================
[API REQUEST] GET /health
[API REQUEST] No parameters
====================================================================================================

[API RESPONSE] ✅ 200 GET /health


====================================================================================================
[API REQUEST] GET /health
[API REQUEST] No parameters
====================================================================================================

[API RESPONSE] ✅ 200 GET /health


====================================================================================================
[API REQUEST] GET /health
[API REQUEST] No parameters
====================================================================================================

[API RESPONSE] ✅ 200 GET /health


====================================================================================================
[API REQUEST] GET /health
[API REQUEST] No parameters
====================================================================================================

[API RESPONSE] ✅ 200 GET /health


====================================================================================================
[API REQUEST] GET /health
[API REQUEST] No parameters
====================================================================================================

[API RESPONSE] ✅ 200 GET /health


====================================================================================================
[API REQUEST] GET /health
[API REQUEST] No parameters
====================================================================================================

[API RESPONSE] ✅ 200 GET /health


====================================================================================================
[API REQUEST] GET /health
[API REQUEST] No parameters
====================================================================================================

[API RESPONSE] ✅ 200 GET /health


====================================================================================================
[API REQUEST] GET /health
[API REQUEST] No parameters
====================================================================================================

[API RESPONSE] ✅ 200 GET /health


====================================================================================================
[API REQUEST] GET /health
[API REQUEST] No parameters
====================================================================================================

[API RESPONSE] ✅ 200 GET /health


====================================================================================================
[API REQUEST] GET /health
[API REQUEST] No parameters
====================================================================================================


====================================================================================================
[API REQUEST] GET /health
[API REQUEST] No parameters
====================================================================================================

[API RESPONSE] ✅ 200 GET /health

[API RESPONSE] ✅ 200 GET /health


====================================================================================================
[API REQUEST] GET /health
[API REQUEST] No parameters
====================================================================================================

[API RESPONSE] ✅ 200 GET /health


====================================================================================================
[API REQUEST] GET /health
[API REQUEST] No parameters
====================================================================================================

[API RESPONSE] ✅ 200 GET /health


====================================================================================================
[API REQUEST] GET /health
[API REQUEST] No parameters
====================================================================================================

[API RESPONSE] ✅ 200 GET /health


====================================================================================================
[API REQUEST] GET /health
[API REQUEST] No parameters
====================================================================================================

[API RESPONSE] ✅ 200 GET /health


====================================================================================================
[API REQUEST] GET /health
[API REQUEST] No parameters
====================================================================================================

[API RESPONSE] ✅ 200 GET /health


====================================================================================================
[API REQUEST] GET /health
[API REQUEST] No parameters
====================================================================================================

[API RESPONSE] ✅ 200 GET /health


====================================================================================================
[API REQUEST] GET /health
[API REQUEST] No parameters
====================================================================================================

[API RESPONSE] ✅ 200 GET /health


====================================================================================================
[API REQUEST] GET /health
[API REQUEST] No parameters
====================================================================================================

[API RESPONSE] ✅ 200 GET /health


====================================================================================================
[API REQUEST] GET /health
[API REQUEST] No parameters
====================================================================================================

[API RESPONSE] ✅ 200 GET /health


====================================================================================================
[API REQUEST] GET /health
[API REQUEST] No parameters
====================================================================================================

[API RESPONSE] ✅ 200 GET /health


====================================================================================================
[API REQUEST] GET /health
[API REQUEST] No parameters
====================================================================================================

[API RESPONSE] ✅ 200 GET /health


====================================================================================================
[API REQUEST] GET /health
[API REQUEST] No parameters
====================================================================================================

[API RESPONSE] ✅ 200 GET /health


====================================================================================================
[API REQUEST] GET /health
[API REQUEST] No parameters
====================================================================================================

[API RESPONSE] ✅ 200 GET /health


====================================================================================================
[API REQUEST] GET /health
[API REQUEST] No parameters
127.0.0.1 - - [15/Jan/2026 06:00:46] "GET /health HTTP/1.1" 200 -
127.0.0.1 - - [15/Jan/2026 06:00:50] "GET /health HTTP/1.1" 200 -
127.0.0.1 - - [15/Jan/2026 06:00:50] "GET /health HTTP/1.1" 200 -
127.0.0.1 - - [15/Jan/2026 06:00:50] "GET /health HTTP/1.1" 200 -
127.0.0.1 - - [15/Jan/2026 06:00:51] "GET /health HTTP/1.1" 200 -
127.0.0.1 - - [15/Jan/2026 06:00:55] "GET /health HTTP/1.1" 200 -
127.0.0.1 - - [15/Jan/2026 06:00:55] "GET /health HTTP/1.1" 200 -
127.0.0.1 - - [15/Jan/2026 06:00:55] "GET /health HTTP/1.1" 200 -
127.0.0.1 - - [15/Jan/2026 06:00:56] "GET /health HTTP/1.1" 200 -
127.0.0.1 - - [15/Jan/2026 06:01:00] "GET /health HTTP/1.1" 200 -
127.0.0.1 - - [15/Jan/2026 06:01:00] "GET /health HTTP/1.1" 200 -
127.0.0.1 - - [15/Jan/2026 06:01:00] "GET /health HTTP/1.1" 200 -
127.0.0.1 - - [15/Jan/2026 06:01:01] "GET /health HTTP/1.1" 200 -
127.0.0.1 - - [15/Jan/2026 06:01:05] "GET /health HTTP/1.1" 200 -
127.0.0.1 - - [15/Jan/2026 06:01:05] "GET /health HTTP/1.1" 200 -
127.0.0.1 - - [15/Jan/2026 06:01:05] "GET /health HTTP/1.1" 200 -
127.0.0.1 - - [15/Jan/2026 06:01:06] "GET /health HTTP/1.1" 200 -
127.0.0.1 - - [15/Jan/2026 06:01:11] "GET /health HTTP/1.1" 200 -
127.0.0.1 - - [15/Jan/2026 06:01:11] "GET /health HTTP/1.1" 200 -
127.0.0.1 - - [15/Jan/2026 06:01:11] "GET /health HTTP/1.1" 200 -
127.0.0.1 - - [15/Jan/2026 06:01:11] "GET /health HTTP/1.1" 200 -
127.0.0.1 - - [15/Jan/2026 06:01:16] "GET /health HTTP/1.1" 200 -
127.0.0.1 - - [15/Jan/2026 06:01:16] "GET /health HTTP/1.1" 200 -
127.0.0.1 - - [15/Jan/2026 06:01:16] "GET /health HTTP/1.1" 200 -
127.0.0.1 - - [15/Jan/2026 06:01:16] "GET /health HTTP/1.1" 200 -
127.0.0.1 - - [15/Jan/2026 06:01:21] "GET /health HTTP/1.1" 200 -
127.0.0.1 - - [15/Jan/2026 06:01:21] "GET /health HTTP/1.1" 200 -
127.0.0.1 - - [15/Jan/2026 06:01:21] "GET /health HTTP/1.1" 200 -
====================================================================================================

[API RESPONSE] ✅ 200 GET /health


====================================================================================================
[API REQUEST] GET /health
[API REQUEST] No parameters
====================================================================================================

[API RESPONSE] ✅ 200 GET /health


====================================================================================================
[API REQUEST] GET /health
[API REQUEST] No parameters
====================================================================================================

[API RESPONSE] ✅ 200 GET /health


====================================================================================================
[API REQUEST] GET /health
[API REQUEST] No parameters
====================================================================================================

[API RESPONSE] ✅ 200 GET /health


====================================================================================================
[API REQUEST] GET /health
[API REQUEST] No parameters
====================================================================================================

[API RESPONSE] ✅ 200 GET /health


====================================================================================================
[API REQUEST] GET /health
[API REQUEST] No parameters
====================================================================================================

[API RESPONSE] ✅ 200 GET /health


====================================================================================================
[API REQUEST] GET /health
[API REQUEST] No parameters
====================================================================================================

[API RESPONSE] ✅ 200 GET /health


====================================================================================================
[API REQUEST] GET /health
[API REQUEST] No parameters
====================================================================================================

[API RESPONSE] ✅ 200 GET /health


====================================================================================================
[API REQUEST] GET /health
[API REQUEST] No parameters
====================================================================================================

[API RESPONSE] ✅ 200 GET /health


====================================================================================================
[API REQUEST] GET /health
[API REQUEST] No parameters
====================================================================================================


====================================================================================================
[API REQUEST] GET /health
[API REQUEST] No parameters
====================================================================================================

[API RESPONSE] ✅ 200 GET /health

[API RESPONSE] ✅ 200 GET /health


====================================================================================================
[API REQUEST] GET /health
[API REQUEST] No parameters
====================================================================================================

[API RESPONSE] ✅ 200 GET /health


====================================================================================================
[API REQUEST] GET /health
[API REQUEST] No parameters
====================================================================================================

[API RESPONSE] ✅ 200 GET /health


====================================================================================================
[API REQUEST] GET /health
[API REQUEST] No parameters
====================================================================================================

[API RESPONSE] ✅ 200 GET /health


====================================================================================================
[API REQUEST] GET /health
[API REQUEST] No parameters
====================================================================================================

[API RESPONSE] ✅ 200 GET /health


====================================================================================================
[API REQUEST] GET /health
[API REQUEST] No parameters
====================================================================================================

[API RESPONSE] ✅ 200 GET /health


====================================================================================================
[API REQUEST] GET /health
[API REQUEST] No parameters
====================================================================================================

[API RESPONSE] ✅ 200 GET /health


====================================================================================================
[API REQUEST] GET /health
[API REQUEST] No parameters
====================================================================================================

[API RESPONSE] ✅ 200 GET /health


====================================================================================================
[API REQUEST] GET /health
[API REQUEST] No parameters
====================================================================================================

[API RESPONSE] ✅ 200 GET /health


====================================================================================================
[API REQUEST] GET /health
[API REQUEST] No parameters
====================================================================================================

[API RESPONSE] ✅ 200 GET /health


====================================================================================================
[API REQUEST] GET /health
[API REQUEST] No parameters
====================================================================================================

[API RESPONSE] ✅ 200 GET /health


====================================================================================================
[API REQUEST] GET /health
[API REQUEST] No parameters
====================================================================================================

[API RESPONSE] ✅ 200 GET /health


====================================================================================================
[API REQUEST] GET /health
[API REQUEST] No parameters
====================================================================================================

[API RESPONSE] ✅ 200 GET /health


====================================================================================================
[API REQUEST] GET /health
[API REQUEST] No parameters
====================================================================================================

[API RESPONSE] ✅ 200 GET /health


====================================================================================================
[API REQUEST] GET /health
[API REQUEST] No parameters
====================================================================================================

[API RESPONSE] ✅ 200 GET /health


====================================================================================================
[API REQUEST] GET /health
[API REQUEST] No parameters
====================================================================================================


====================================================================================================
[API REQUEST] GET /health
[API REQUEST] No parameters
====================================================================================================

[API RESPONSE] ✅ 200 GET /health

[API RESPONSE] ✅ 200 GET /health


====================================================================================================
[API REQUEST] GET /health
[API REQUEST] No parameters
====================================================================================================

[API RESPONSE] ✅ 200 GET /health


====================================================================================================
127.0.0.1 - - [15/Jan/2026 06:01:22] "GET /health HTTP/1.1" 200 -
127.0.0.1 - - [15/Jan/2026 06:01:26] "GET /health HTTP/1.1" 200 -
127.0.0.1 - - [15/Jan/2026 06:01:26] "GET /health HTTP/1.1" 200 -
127.0.0.1 - - [15/Jan/2026 06:01:26] "GET /health HTTP/1.1" 200 -
127.0.0.1 - - [15/Jan/2026 06:01:27] "GET /health HTTP/1.1" 200 -
127.0.0.1 - - [15/Jan/2026 06:01:31] "GET /health HTTP/1.1" 200 -
127.0.0.1 - - [15/Jan/2026 06:01:31] "GET /health HTTP/1.1" 200 -
127.0.0.1 - - [15/Jan/2026 06:01:31] "GET /health HTTP/1.1" 200 -
127.0.0.1 - - [15/Jan/2026 06:01:32] "GET /health HTTP/1.1" 200 -
127.0.0.1 - - [15/Jan/2026 06:01:37] "GET /health HTTP/1.1" 200 -
127.0.0.1 - - [15/Jan/2026 06:01:37] "GET /health HTTP/1.1" 200 -
127.0.0.1 - - [15/Jan/2026 06:01:37] "GET /health HTTP/1.1" 200 -
127.0.0.1 - - [15/Jan/2026 06:01:37] "GET /health HTTP/1.1" 200 -
127.0.0.1 - - [15/Jan/2026 06:01:42] "GET /health HTTP/1.1" 200 -
127.0.0.1 - - [15/Jan/2026 06:01:42] "GET /health HTTP/1.1" 200 -
127.0.0.1 - - [15/Jan/2026 06:01:42] "GET /health HTTP/1.1" 200 -
127.0.0.1 - - [15/Jan/2026 06:01:42] "GET /health HTTP/1.1" 200 -
127.0.0.1 - - [15/Jan/2026 06:01:47] "GET /health HTTP/1.1" 200 -
127.0.0.1 - - [15/Jan/2026 06:01:47] "GET /health HTTP/1.1" 200 -
127.0.0.1 - - [15/Jan/2026 06:01:47] "GET /health HTTP/1.1" 200 -
127.0.0.1 - - [15/Jan/2026 06:01:47] "GET /health HTTP/1.1" 200 -
127.0.0.1 - - [15/Jan/2026 06:01:52] "GET /health HTTP/1.1" 200 -
127.0.0.1 - - [15/Jan/2026 06:01:52] "GET /health HTTP/1.1" 200 -
127.0.0.1 - - [15/Jan/2026 06:01:52] "GET /health HTTP/1.1" 200 -
127.0.0.1 - - [15/Jan/2026 06:01:52] "GET /health HTTP/1.1" 200 -
127.0.0.1 - - [15/Jan/2026 06:01:57] "GET /health HTTP/1.1" 200 -
127.0.0.1 - - [15/Jan/2026 06:01:57] "GET /health HTTP/1.1" 200 -
127.0.0.1 - - [15/Jan/2026 06:01:57] "GET /health HTTP/1.1" 200 -
[API REQUEST] GET /health
[API REQUEST] No parameters
====================================================================================================

[API RESPONSE] ✅ 200 GET /health


====================================================================================================
[API REQUEST] GET /health
[API REQUEST] No parameters
====================================================================================================

[API RESPONSE] ✅ 200 GET /health


====================================================================================================
[API REQUEST] GET /health
[API REQUEST] No parameters
====================================================================================================

[API RESPONSE] ✅ 200 GET /health


====================================================================================================
[API REQUEST] GET /health
[API REQUEST] No parameters
====================================================================================================

[API RESPONSE] ✅ 200 GET /health


====================================================================================================
[API REQUEST] GET /health
[API REQUEST] No parameters
====================================================================================================

[API RESPONSE] ✅ 200 GET /health


====================================================================================================
[API REQUEST] GET /health
[API REQUEST] No parameters
====================================================================================================

[API RESPONSE] ✅ 200 GET /health


====================================================================================================
[API REQUEST] GET /health
[API REQUEST] No parameters
====================================================================================================

[API RESPONSE] ✅ 200 GET /health


====================================================================================================
[API REQUEST] GET /health
[API REQUEST] No parameters
====================================================================================================

[API RESPONSE] ✅ 200 GET /health


====================================================================================================
[API REQUEST] GET /health
[API REQUEST] No parameters
====================================================================================================

[API RESPONSE] ✅ 200 GET /health


====================================================================================================
[API REQUEST] GET /health
[API REQUEST] No parameters
====================================================================================================

[API RESPONSE] ✅ 200 GET /health


====================================================================================================
[API REQUEST] GET /health
[API REQUEST] No parameters
====================================================================================================

[API RESPONSE] ✅ 200 GET /health


====================================================================================================
[API REQUEST] GET /health
[API REQUEST] No parameters
====================================================================================================

[API RESPONSE] ✅ 200 GET /health


====================================================================================================
[API REQUEST] GET /health
[API REQUEST] No parameters
====================================================================================================

[API RESPONSE] ✅ 200 GET /health


====================================================================================================
[API REQUEST] GET /health
[API REQUEST] No parameters
====================================================================================================

[API RESPONSE] ✅ 200 GET /health


====================================================================================================
[API REQUEST] GET /health
[API REQUEST] No parameters
====================================================================================================

[API RESPONSE] ✅ 200 GET /health


====================================================================================================
[API REQUEST] GET /health
[API REQUEST] No parameters
====================================================================================================

[API RESPONSE] ✅ 200 GET /health


====================================================================================================
[API REQUEST] GET /health
[API REQUEST] No parameters
====================================================================================================

[API RESPONSE] ✅ 200 GET /health


====================================================================================================
[API REQUEST] GET /health
[API REQUEST] No parameters
====================================================================================================

[API RESPONSE] ✅ 200 GET /health


====================================================================================================
[API REQUEST] GET /health
[API REQUEST] No parameters
====================================================================================================

[API RESPONSE] ✅ 200 GET /health


====================================================================================================
[API REQUEST] GET /health
[API REQUEST] No parameters
====================================================================================================

[API RESPONSE] ✅ 200 GET /health


====================================================================================================
[API REQUEST] GET /health
[API REQUEST] No parameters
====================================================================================================

[API RESPONSE] ✅ 200 GET /health


====================================================================================================
[API REQUEST] GET /health
[API REQUEST] No parameters
====================================================================================================

[API RESPONSE] ✅ 200 GET /health


====================================================================================================
[API REQUEST] GET /health
[API REQUEST] No parameters
====================================================================================================

[API RESPONSE] ✅ 200 GET /health


====================================================================================================
[API REQUEST] GET /health
[API REQUEST] No parameters
====================================================================================================

[API RESPONSE] ✅ 200 GET /health


====================================================================================================
[API REQUEST] GET /health
[API REQUEST] No parameters
====================================================================================================

[API RESPONSE] ✅ 200 GET /health


====================================================================================================
[API REQUEST] GET /health
[API REQUEST] No parameters
====================================================================================================

[API RESPONSE] ✅ 200 GET /health


====================================================================================================
[API REQUEST] GET /health
[API REQUEST] No parameters
====================================================================================================

[API RESPONSE] ✅ 200 GET /health


====================================================================================================
[API REQUEST] GET /health
[API REQUEST] No parameters
====================================================================================================

[API RESPONSE] ✅ 200 GET /health

127.0.0.1 - - [15/Jan/2026 06:01:57] "GET /health HTTP/1.1" 200 -
127.0.0.1 - - [15/Jan/2026 06:02:02] "GET /health HTTP/1.1" 200 -
127.0.0.1 - - [15/Jan/2026 06:02:02] "GET /health HTTP/1.1" 200 -
127.0.0.1 - - [15/Jan/2026 06:02:02] "GET /health HTTP/1.1" 200 -
127.0.0.1 - - [15/Jan/2026 06:02:02] "GET /health HTTP/1.1" 200 -
127.0.0.1 - - [15/Jan/2026 06:02:07] "GET /health HTTP/1.1" 200 -
127.0.0.1 - - [15/Jan/2026 06:02:07] "GET /health HTTP/1.1" 200 -
127.0.0.1 - - [15/Jan/2026 06:02:07] "GET /health HTTP/1.1" 200 -
127.0.0.1 - - [15/Jan/2026 06:02:07] "GET /health HTTP/1.1" 200 -
127.0.0.1 - - [15/Jan/2026 06:02:12] "GET /health HTTP/1.1" 200 -
127.0.0.1 - - [15/Jan/2026 06:02:12] "GET /health HTTP/1.1" 200 -
127.0.0.1 - - [15/Jan/2026 06:02:12] "GET /health HTTP/1.1" 200 -
127.0.0.1 - - [15/Jan/2026 06:02:12] "GET /health HTTP/1.1" 200 -
127.0.0.1 - - [15/Jan/2026 06:02:17] "GET /health HTTP/1.1" 200 -
127.0.0.1 - - [15/Jan/2026 06:02:17] "GET /health HTTP/1.1" 200 -
127.0.0.1 - - [15/Jan/2026 06:02:17] "GET /health HTTP/1.1" 200 -
127.0.0.1 - - [15/Jan/2026 06:02:17] "GET /health HTTP/1.1" 200 -
127.0.0.1 - - [15/Jan/2026 06:02:22] "GET /health HTTP/1.1" 200 -
127.0.0.1 - - [15/Jan/2026 06:02:22] "GET /health HTTP/1.1" 200 -
127.0.0.1 - - [15/Jan/2026 06:02:22] "GET /health HTTP/1.1" 200 -
127.0.0.1 - - [15/Jan/2026 06:02:22] "GET /health HTTP/1.1" 200 -

====================================================================================================
[API REQUEST] GET /health
[API REQUEST] No parameters
====================================================================================================

[API RESPONSE] ✅ 200 GET /health


====================================================================================================
[API REQUEST] GET /health
[API REQUEST] No parameters
====================================================================================================

[API RESPONSE] ✅ 200 GET /health


====================================================================================================
[API REQUEST] GET /health
[API REQUEST] No parameters
====================================================================================================

[API RESPONSE] ✅ 200 GET /health


====================================================================================================
[API REQUEST] GET /health
[API REQUEST] No parameters
====================================================================================================

[API RESPONSE] ✅ 200 GET /health


====================================================================================================
[API REQUEST] GET /health
[API REQUEST] No parameters
====================================================================================================

[API RESPONSE] ✅ 200 GET /health


====================================================================================================
[API REQUEST] GET /health
[API REQUEST] No parameters
====================================================================================================

[API RESPONSE] ✅ 200 GET /health


====================================================================================================
[API REQUEST] GET /health
[API REQUEST] No parameters
====================================================================================================

[API RESPONSE] ✅ 200 GET /health


====================================================================================================
[API REQUEST] GET /health
[API REQUEST] No parameters
====================================================================================================

[API RESPONSE] ✅ 200 GET /health


====================================================================================================
[API REQUEST] GET /health
[API REQUEST] No parameters
====================================================================================================

[API RESPONSE] ✅ 200 GET /health


====================================================================================================
[API REQUEST] GET /health
[API REQUEST] No parameters
====================================================================================================

[API RESPONSE] ✅ 200 GET /health


====================================================================================================
[API REQUEST] GET /health
[API REQUEST] No parameters
====================================================================================================

[API RESPONSE] ✅ 200 GET /health


====================================================================================================
[API REQUEST] GET /health
[API REQUEST] No parameters
====================================================================================================

[API RESPONSE] ✅ 200 GET /health


====================================================================================================
[API REQUEST] GET /health
[API REQUEST] No parameters
====================================================================================================

[API RESPONSE] ✅ 200 GET /health


====================================================================================================
[API REQUEST] GET /health
[API REQUEST] No parameters
====================================================================================================

[API RESPONSE] ✅ 200 GET /health


====================================================================================================
[API REQUEST] GET /health
[API REQUEST] No parameters
====================================================================================================

[API RESPONSE] ✅ 200 GET /health


====================================================================================================
[API REQUEST] GET /health
[API REQUEST] No parameters
====================================================================================================

[API RESPONSE] ✅ 200 GET /health


====================================================================================================
[API REQUEST] GET /health
[API REQUEST] No parameters
====================================================================================================

[API RESPONSE] ✅ 200 GET /health


====================================================================================================
[API REQUEST] GET /health
[API REQUEST] No parameters
====================================================================================================

[API RESPONSE] ✅ 200 GET /health


====================================================================================================
[API REQUEST] GET /health
[API REQUEST] No parameters
====================================================================================================

[API RESPONSE] ✅ 200 GET /health


====================================================================================================
[API REQUEST] GET /health
[API REQUEST] No parameters
====================================================================================================

[API RESPONSE] ✅ 200 GET /health


====================================================================================================
[API REQUEST] GET /health
[API REQUEST] No parameters
====================================================================================================

[API RESPONSE] ✅ 200 GET /health

