[INFO] Job Service v2.3-DB-FIXED starting...
[INFO] Database connection management fixed for real-time status updates
[INIT] AI_SERVICE_URL: http://127.0.0.1:5100/analyze
[INIT] Port: 5005
[INIT] Database: /Users/shaydu/dev/mondrian-macos/mondrian/mondrian.db
[INIT] Debug mode: False
[INIT] Created directories
[INIT] Initializing database...
[INIT] Database schema OK
[INIT] RAG Default: ENABLED (from RAG_ENABLED env var)
============================================================
Starting Job Service v2.3-DB-FIXED on port 5005...
Host: 0.0.0.0:5005
AI Service: http://127.0.0.1:5100/analyze
============================================================
 * Serving Flask app 'job_service_v2.3'
 * Debug mode: off
[31m[1mWARNING: This is a development server. Do not use it in a production deployment. Use a production WSGI server instead.[0m
 * Running on all addresses (0.0.0.0)
 * Running on http://127.0.0.1:5005
 * Running on http://10.0.0.131:5005
[33mPress CTRL+C to quit[0m
127.0.0.1 - - [15/Jan/2026 07:24:53] "GET /health HTTP/1.1" 200 -
127.0.0.1 - - [15/Jan/2026 07:24:53] "GET /health HTTP/1.1" 200 -
127.0.0.1 - - [15/Jan/2026 07:24:53] "GET /health HTTP/1.1" 200 -
127.0.0.1 - - [15/Jan/2026 07:24:53] "GET /health HTTP/1.1" 200 -
127.0.0.1 - - [15/Jan/2026 07:24:57] "GET /health HTTP/1.1" 200 -
127.0.0.1 - - [15/Jan/2026 07:24:58] "GET /health HTTP/1.1" 200 -
127.0.0.1 - - [15/Jan/2026 07:24:58] "GET /health HTTP/1.1" 200 -
127.0.0.1 - - [15/Jan/2026 07:24:58] "GET /health HTTP/1.1" 200 -
127.0.0.1 - - [15/Jan/2026 07:24:58] "GET /health HTTP/1.1" 200 -
127.0.0.1 - - [15/Jan/2026 07:24:59] "GET /health HTTP/1.1" 200 -
127.0.0.1 - - [15/Jan/2026 07:25:03] "GET /health HTTP/1.1" 200 -
127.0.0.1 - - [15/Jan/2026 07:25:03] "GET /health HTTP/1.1" 200 -
127.0.0.1 - - [15/Jan/2026 07:25:03] "GET /health HTTP/1.1" 200 -
127.0.0.1 - - [15/Jan/2026 07:25:03] "GET /health HTTP/1.1" 200 -
127.0.0.1 - - [15/Jan/2026 07:25:08] "GET /health HTTP/1.1" 200 -
127.0.0.1 - - [15/Jan/2026 07:25:08] "GET /health HTTP/1.1" 200 -
127.0.0.1 - - [15/Jan/2026 07:25:08] "GET /health HTTP/1.1" 200 -
127.0.0.1 - - [15/Jan/2026 07:25:08] "GET /health HTTP/1.1" 200 -
127.0.0.1 - - [15/Jan/2026 07:25:13] "GET /health HTTP/1.1" 200 -
127.0.0.1 - - [15/Jan/2026 07:25:13] "GET /health HTTP/1.1" 200 -
127.0.0.1 - - [15/Jan/2026 07:25:13] "GET /health HTTP/1.1" 200 -
127.0.0.1 - - [15/Jan/2026 07:25:13] "GET /health HTTP/1.1" 200 -
127.0.0.1 - - [15/Jan/2026 07:25:18] "GET /health HTTP/1.1" 200 -
127.0.0.1 - - [15/Jan/2026 07:25:18] "GET /health HTTP/1.1" 200 -
127.0.0.1 - - [15/Jan/2026 07:25:18] "GET /health HTTP/1.1" 200 -
127.0.0.1 - - [15/Jan/2026 07:25:18] "GET /health HTTP/1.1" 200 -
127.0.0.1 - - [15/Jan/2026 07:25:23] "GET /health HTTP/1.1" 200 -

====================================================================================================
[API REQUEST] GET /health
[API REQUEST] No parameters
====================================================================================================

[API RESPONSE] âœ… 200 GET /health


====================================================================================================
[API REQUEST] GET /health
[API REQUEST] No parameters
====================================================================================================

[API RESPONSE] âœ… 200 GET /health


====================================================================================================
[API REQUEST] GET /health
[API REQUEST] No parameters
====================================================================================================

[API RESPONSE] âœ… 200 GET /health


====================================================================================================
[API REQUEST] GET /health
[API REQUEST] No parameters
====================================================================================================

[API RESPONSE] âœ… 200 GET /health


====================================================================================================
[API REQUEST] GET /health
[API REQUEST] No parameters
====================================================================================================

[API RESPONSE] âœ… 200 GET /health


====================================================================================================
[API REQUEST] GET /health
[API REQUEST] No parameters
====================================================================================================

[API RESPONSE] âœ… 200 GET /health


====================================================================================================
[API REQUEST] GET /health
[API REQUEST] No parameters
====================================================================================================

[API RESPONSE] âœ… 200 GET /health


====================================================================================================
[API REQUEST] GET /health
[API REQUEST] No parameters
====================================================================================================

[API RESPONSE] âœ… 200 GET /health


====================================================================================================
[API REQUEST] GET /health
[API REQUEST] No parameters
====================================================================================================

[API RESPONSE] âœ… 200 GET /health


====================================================================================================
[API REQUEST] GET /health
[API REQUEST] No parameters
====================================================================================================

[API RESPONSE] âœ… 200 GET /health


====================================================================================================
[API REQUEST] GET /health
[API REQUEST] No parameters
====================================================================================================

[API RESPONSE] âœ… 200 GET /health


====================================================================================================
[API REQUEST] GET /health
[API REQUEST] No parameters
====================================================================================================

[API RESPONSE] âœ… 200 GET /health


====================================================================================================
[API REQUEST] GET /health
[API REQUEST] No parameters
====================================================================================================

[API RESPONSE] âœ… 200 GET /health


====================================================================================================
[API REQUEST] GET /health
[API REQUEST] No parameters
====================================================================================================

[API RESPONSE] âœ… 200 GET /health


====================================================================================================
[API REQUEST] GET /health
[API REQUEST] No parameters
====================================================================================================

[API RESPONSE] âœ… 200 GET /health


====================================================================================================
[API REQUEST] GET /health
[API REQUEST] No parameters
====================================================================================================

[API RESPONSE] âœ… 200 GET /health


====================================================================================================
[API REQUEST] GET /health
[API REQUEST] No parameters
====================================================================================================

[API RESPONSE] âœ… 200 GET /health


====================================================================================================
[API REQUEST] GET /health
[API REQUEST] No parameters
====================================================================================================

[API RESPONSE] âœ… 200 GET /health


====================================================================================================
[API REQUEST] GET /health
[API REQUEST] No parameters
====================================================================================================

[API RESPONSE] âœ… 200 GET /health


====================================================================================================
[API REQUEST] GET /health
[API REQUEST] No parameters
====================================================================================================

[API RESPONSE] âœ… 200 GET /health


====================================================================================================
[API REQUEST] GET /health
[API REQUEST] No parameters
====================================================================================================

[API RESPONSE] âœ… 200 GET /health


====================================================================================================
[API REQUEST] GET /health
[API REQUEST] No parameters
====================================================================================================

[API RESPONSE] âœ… 200 GET /health


====================================================================================================
[API REQUEST] GET /health
[API REQUEST] No parameters
====================================================================================================

[API RESPONSE] âœ… 200 GET /health


====================================================================================================
[API REQUEST] GET /health
[API REQUEST] No parameters
====================================================================================================

[API RESPONSE] âœ… 200 GET /health


====================================================================================================
[API REQUEST] GET /health
[API REQUEST] No parameters
====================================================================================================

[API RESPONSE] âœ… 200 GET /health


====================================================================================================
[API REQUEST] GET /health
[API REQUEST] No parameters
====================================================================================================

[API RESPONSE] âœ… 200 GET /health


====================================================================================================
[API REQUEST] GET /health
[API REQUEST] No parameters
====================================================================================================

[API RESPONSE] âœ… 200 GET /health


====================================================================================================
[API REQUEST] GET /health
[API REQUEST] No parameters
127.0.0.1 - - [15/Jan/2026 07:25:23] "GET /health HTTP/1.1" 200 -
127.0.0.1 - - [15/Jan/2026 07:25:23] "GET /health HTTP/1.1" 200 -
127.0.0.1 - - [15/Jan/2026 07:25:23] "GET /health HTTP/1.1" 200 -
127.0.0.1 - - [15/Jan/2026 07:25:28] "GET /health HTTP/1.1" 200 -
127.0.0.1 - - [15/Jan/2026 07:25:28] "GET /health HTTP/1.1" 200 -
127.0.0.1 - - [15/Jan/2026 07:25:28] "GET /health HTTP/1.1" 200 -
127.0.0.1 - - [15/Jan/2026 07:25:28] "GET /health HTTP/1.1" 200 -
127.0.0.1 - - [15/Jan/2026 07:25:33] "GET /health HTTP/1.1" 200 -
127.0.0.1 - - [15/Jan/2026 07:25:33] "GET /health HTTP/1.1" 200 -
127.0.0.1 - - [15/Jan/2026 07:25:33] "GET /health HTTP/1.1" 200 -
127.0.0.1 - - [15/Jan/2026 07:25:33] "GET /health HTTP/1.1" 200 -
127.0.0.1 - - [15/Jan/2026 07:25:38] "GET /health HTTP/1.1" 200 -
127.0.0.1 - - [15/Jan/2026 07:25:38] "GET /health HTTP/1.1" 200 -
127.0.0.1 - - [15/Jan/2026 07:25:39] "GET /health HTTP/1.1" 200 -
127.0.0.1 - - [15/Jan/2026 07:25:39] "GET /health HTTP/1.1" 200 -
127.0.0.1 - - [15/Jan/2026 07:25:43] "GET /health HTTP/1.1" 200 -
127.0.0.1 - - [15/Jan/2026 07:25:43] "GET /health HTTP/1.1" 200 -
127.0.0.1 - - [15/Jan/2026 07:25:44] "GET /health HTTP/1.1" 200 -
127.0.0.1 - - [15/Jan/2026 07:25:44] "GET /health HTTP/1.1" 200 -
127.0.0.1 - - [15/Jan/2026 07:25:48] "GET /health HTTP/1.1" 200 -
127.0.0.1 - - [15/Jan/2026 07:25:48] "GET /health HTTP/1.1" 200 -
127.0.0.1 - - [15/Jan/2026 07:25:49] "GET /health HTTP/1.1" 200 -
127.0.0.1 - - [15/Jan/2026 07:25:49] "GET /health HTTP/1.1" 200 -
127.0.0.1 - - [15/Jan/2026 07:25:53] "GET /health HTTP/1.1" 200 -
127.0.0.1 - - [15/Jan/2026 07:25:53] "GET /health HTTP/1.1" 200 -
127.0.0.1 - - [15/Jan/2026 07:25:54] "GET /health HTTP/1.1" 200 -
127.0.0.1 - - [15/Jan/2026 07:25:54] "GET /health HTTP/1.1" 200 -
127.0.0.1 - - [15/Jan/2026 07:25:58] "GET /health HTTP/1.1" 200 -
====================================================================================================

[API RESPONSE] âœ… 200 GET /health


====================================================================================================
[API REQUEST] GET /health
[API REQUEST] No parameters
====================================================================================================

[API RESPONSE] âœ… 200 GET /health


====================================================================================================
[API REQUEST] GET /health
[API REQUEST] No parameters
====================================================================================================

[API RESPONSE] âœ… 200 GET /health


====================================================================================================
[API REQUEST] GET /health
[API REQUEST] No parameters
====================================================================================================

[API RESPONSE] âœ… 200 GET /health


====================================================================================================
[API REQUEST] GET /health
[API REQUEST] No parameters
====================================================================================================

[API RESPONSE] âœ… 200 GET /health


====================================================================================================
[API REQUEST] GET /health
[API REQUEST] No parameters
====================================================================================================

[API RESPONSE] âœ… 200 GET /health


====================================================================================================
[API REQUEST] GET /health
[API REQUEST] No parameters
====================================================================================================

[API RESPONSE] âœ… 200 GET /health


====================================================================================================
[API REQUEST] GET /health
[API REQUEST] No parameters
====================================================================================================

[API RESPONSE] âœ… 200 GET /health


====================================================================================================
[API REQUEST] GET /health
[API REQUEST] No parameters
====================================================================================================

[API RESPONSE] âœ… 200 GET /health


====================================================================================================
[API REQUEST] GET /health
[API REQUEST] No parameters
====================================================================================================

[API RESPONSE] âœ… 200 GET /health


====================================================================================================
[API REQUEST] GET /health
[API REQUEST] No parameters
====================================================================================================

[API RESPONSE] âœ… 200 GET /health


====================================================================================================
[API REQUEST] GET /health
[API REQUEST] No parameters
====================================================================================================

[API RESPONSE] âœ… 200 GET /health


====================================================================================================
[API REQUEST] GET /health
[API REQUEST] No parameters
====================================================================================================

[API RESPONSE] âœ… 200 GET /health


====================================================================================================
[API REQUEST] GET /health
[API REQUEST] No parameters
====================================================================================================

[API RESPONSE] âœ… 200 GET /health


====================================================================================================
[API REQUEST] GET /health
[API REQUEST] No parameters
====================================================================================================

[API RESPONSE] âœ… 200 GET /health


====================================================================================================
[API REQUEST] GET /health
[API REQUEST] No parameters
====================================================================================================

[API RESPONSE] âœ… 200 GET /health


====================================================================================================
[API REQUEST] GET /health
[API REQUEST] No parameters
====================================================================================================

[API RESPONSE] âœ… 200 GET /health


====================================================================================================
[API REQUEST] GET /health
[API REQUEST] No parameters
====================================================================================================

[API RESPONSE] âœ… 200 GET /health


====================================================================================================
[API REQUEST] GET /health
[API REQUEST] No parameters
====================================================================================================

[API RESPONSE] âœ… 200 GET /health


====================================================================================================
[API REQUEST] GET /health
[API REQUEST] No parameters
====================================================================================================

[API RESPONSE] âœ… 200 GET /health


====================================================================================================
[API REQUEST] GET /health
[API REQUEST] No parameters
====================================================================================================

[API RESPONSE] âœ… 200 GET /health


====================================================================================================
[API REQUEST] GET /health
[API REQUEST] No parameters
====================================================================================================

[API RESPONSE] âœ… 200 GET /health


====================================================================================================
[API REQUEST] GET /health
[API REQUEST] No parameters
====================================================================================================

[API RESPONSE] âœ… 200 GET /health


====================================================================================================
[API REQUEST] GET /health
[API REQUEST] No parameters
====================================================================================================

[API RESPONSE] âœ… 200 GET /health


====================================================================================================
[API REQUEST] GET /health
[API REQUEST] No parameters
====================================================================================================

[API RESPONSE] âœ… 200 GET /health


====================================================================================================
[API REQUEST] GET /health
[API REQUEST] No parameters
====================================================================================================

[API RESPONSE] âœ… 200 GET /health


====================================================================================================
[API REQUEST] GET /health
[API REQUEST] No parameters
====================================================================================================

[API RESPONSE] âœ… 200 GET /health


====================================================================================================
[API REQUEST] GET /health
[API REQUEST] No parameters
====================================================================================================

[API RESPONSE] âœ… 200 GET /health


====================================================================================================
127.0.0.1 - - [15/Jan/2026 07:25:58] "GET /health HTTP/1.1" 200 -
127.0.0.1 - - [15/Jan/2026 07:25:59] "GET /health HTTP/1.1" 200 -
127.0.0.1 - - [15/Jan/2026 07:25:59] "GET /health HTTP/1.1" 200 -
127.0.0.1 - - [15/Jan/2026 07:26:03] "GET /health HTTP/1.1" 200 -
127.0.0.1 - - [15/Jan/2026 07:26:03] "GET /health HTTP/1.1" 200 -
127.0.0.1 - - [15/Jan/2026 07:26:04] "GET /health HTTP/1.1" 200 -
127.0.0.1 - - [15/Jan/2026 07:26:04] "GET /health HTTP/1.1" 200 -
127.0.0.1 - - [15/Jan/2026 07:26:09] "GET /health HTTP/1.1" 200 -
127.0.0.1 - - [15/Jan/2026 07:26:09] "GET /health HTTP/1.1" 200 -
127.0.0.1 - - [15/Jan/2026 07:26:09] "GET /health HTTP/1.1" 200 -
127.0.0.1 - - [15/Jan/2026 07:26:09] "GET /health HTTP/1.1" 200 -
127.0.0.1 - - [15/Jan/2026 07:26:14] "GET /health HTTP/1.1" 200 -
127.0.0.1 - - [15/Jan/2026 07:26:14] "GET /health HTTP/1.1" 200 -
127.0.0.1 - - [15/Jan/2026 07:26:14] "GET /health HTTP/1.1" 200 -
127.0.0.1 - - [15/Jan/2026 07:26:14] "GET /health HTTP/1.1" 200 -
127.0.0.1 - - [15/Jan/2026 07:26:19] "GET /health HTTP/1.1" 200 -
127.0.0.1 - - [15/Jan/2026 07:26:19] "GET /health HTTP/1.1" 200 -
127.0.0.1 - - [15/Jan/2026 07:26:19] "GET /health HTTP/1.1" 200 -
127.0.0.1 - - [15/Jan/2026 07:26:19] "GET /health HTTP/1.1" 200 -
127.0.0.1 - - [15/Jan/2026 07:26:24] "GET /health HTTP/1.1" 200 -
127.0.0.1 - - [15/Jan/2026 07:26:24] "GET /health HTTP/1.1" 200 -
127.0.0.1 - - [15/Jan/2026 07:26:24] "GET /health HTTP/1.1" 200 -
127.0.0.1 - - [15/Jan/2026 07:26:24] "GET /health HTTP/1.1" 200 -
127.0.0.1 - - [15/Jan/2026 07:26:29] "GET /health HTTP/1.1" 200 -
127.0.0.1 - - [15/Jan/2026 07:26:29] "GET /health HTTP/1.1" 200 -
127.0.0.1 - - [15/Jan/2026 07:26:29] "GET /health HTTP/1.1" 200 -
127.0.0.1 - - [15/Jan/2026 07:26:29] "GET /health HTTP/1.1" 200 -
[API REQUEST] GET /health
[API REQUEST] No parameters
====================================================================================================

[API RESPONSE] âœ… 200 GET /health


====================================================================================================
[API REQUEST] GET /health
[API REQUEST] No parameters
====================================================================================================

[API RESPONSE] âœ… 200 GET /health


====================================================================================================
[API REQUEST] GET /health
[API REQUEST] No parameters
====================================================================================================

[API RESPONSE] âœ… 200 GET /health


====================================================================================================
[API REQUEST] GET /health
[API REQUEST] No parameters
====================================================================================================

[API RESPONSE] âœ… 200 GET /health


====================================================================================================
[API REQUEST] GET /health
[API REQUEST] No parameters
====================================================================================================

[API RESPONSE] âœ… 200 GET /health


====================================================================================================
[API REQUEST] GET /health
[API REQUEST] No parameters
====================================================================================================

[API RESPONSE] âœ… 200 GET /health


====================================================================================================
[API REQUEST] GET /health
[API REQUEST] No parameters
====================================================================================================

[API RESPONSE] âœ… 200 GET /health


====================================================================================================
[API REQUEST] GET /health
[API REQUEST] No parameters
====================================================================================================

[API RESPONSE] âœ… 200 GET /health


====================================================================================================
[API REQUEST] GET /health
[API REQUEST] No parameters
====================================================================================================

[API RESPONSE] âœ… 200 GET /health


====================================================================================================
[API REQUEST] GET /health
[API REQUEST] No parameters
====================================================================================================

[API RESPONSE] âœ… 200 GET /health


====================================================================================================
[API REQUEST] GET /health
[API REQUEST] No parameters
====================================================================================================

[API RESPONSE] âœ… 200 GET /health


====================================================================================================
[API REQUEST] GET /health
[API REQUEST] No parameters
====================================================================================================

[API RESPONSE] âœ… 200 GET /health


====================================================================================================
[API REQUEST] GET /health
[API REQUEST] No parameters
====================================================================================================

[API RESPONSE] âœ… 200 GET /health


====================================================================================================
[API REQUEST] GET /health
[API REQUEST] No parameters
====================================================================================================

[API RESPONSE] âœ… 200 GET /health


====================================================================================================
[API REQUEST] GET /health
[API REQUEST] No parameters
====================================================================================================

[API RESPONSE] âœ… 200 GET /health


====================================================================================================
[API REQUEST] GET /health
[API REQUEST] No parameters
====================================================================================================

[API RESPONSE] âœ… 200 GET /health


====================================================================================================
[API REQUEST] GET /health
[API REQUEST] No parameters
====================================================================================================

[API RESPONSE] âœ… 200 GET /health


====================================================================================================
[API REQUEST] GET /health
[API REQUEST] No parameters
====================================================================================================

[API RESPONSE] âœ… 200 GET /health


====================================================================================================
[API REQUEST] GET /health
[API REQUEST] No parameters
====================================================================================================

[API RESPONSE] âœ… 200 GET /health


====================================================================================================
[API REQUEST] GET /health
[API REQUEST] No parameters
====================================================================================================

[API RESPONSE] âœ… 200 GET /health


====================================================================================================
[API REQUEST] GET /health
[API REQUEST] No parameters
====================================================================================================

[API RESPONSE] âœ… 200 GET /health


====================================================================================================
[API REQUEST] GET /health
[API REQUEST] No parameters
====================================================================================================

[API RESPONSE] âœ… 200 GET /health


====================================================================================================
[API REQUEST] GET /health
[API REQUEST] No parameters
====================================================================================================

[API RESPONSE] âœ… 200 GET /health


====================================================================================================
[API REQUEST] GET /health
[API REQUEST] No parameters
====================================================================================================

[API RESPONSE] âœ… 200 GET /health


====================================================================================================
[API REQUEST] GET /health
[API REQUEST] No parameters
====================================================================================================

[API RESPONSE] âœ… 200 GET /health


====================================================================================================
[API REQUEST] GET /health
[API REQUEST] No parameters
====================================================================================================

[API RESPONSE] âœ… 200 GET /health


====================================================================================================
[API REQUEST] GET /health
[API REQUEST] No parameters
====================================================================================================

[API RESPONSE] âœ… 200 GET /health


====================================================================================================
[API REQUEST] GET /health
[API REQUEST] No parameters
====================================================================================================

[API RESPONSE] âœ… 200 GET /health

127.0.0.1 - - [15/Jan/2026 07:26:34] "GET /health HTTP/1.1" 200 -
127.0.0.1 - - [15/Jan/2026 07:26:34] "GET /health HTTP/1.1" 200 -
127.0.0.1 - - [15/Jan/2026 07:26:34] "GET /health HTTP/1.1" 200 -
127.0.0.1 - - [15/Jan/2026 07:26:34] "GET /health HTTP/1.1" 200 -
127.0.0.1 - - [15/Jan/2026 07:26:39] "GET /health HTTP/1.1" 200 -
127.0.0.1 - - [15/Jan/2026 07:26:39] "GET /health HTTP/1.1" 200 -
127.0.0.1 - - [15/Jan/2026 07:26:39] "GET /health HTTP/1.1" 200 -
127.0.0.1 - - [15/Jan/2026 07:26:39] "GET /health HTTP/1.1" 200 -
127.0.0.1 - - [15/Jan/2026 07:26:44] "GET /health HTTP/1.1" 200 -
127.0.0.1 - - [15/Jan/2026 07:26:44] "GET /health HTTP/1.1" 200 -
127.0.0.1 - - [15/Jan/2026 07:26:44] "GET /health HTTP/1.1" 200 -
127.0.0.1 - - [15/Jan/2026 07:26:44] "GET /health HTTP/1.1" 200 -
127.0.0.1 - - [15/Jan/2026 07:26:49] "GET /health HTTP/1.1" 200 -
127.0.0.1 - - [15/Jan/2026 07:26:49] "GET /health HTTP/1.1" 200 -
127.0.0.1 - - [15/Jan/2026 07:26:49] "GET /health HTTP/1.1" 200 -
127.0.0.1 - - [15/Jan/2026 07:26:49] "GET /health HTTP/1.1" 200 -
127.0.0.1 - - [15/Jan/2026 07:26:54] "GET /health HTTP/1.1" 200 -
127.0.0.1 - - [15/Jan/2026 07:26:54] "GET /health HTTP/1.1" 200 -
127.0.0.1 - - [15/Jan/2026 07:26:54] "GET /health HTTP/1.1" 200 -
127.0.0.1 - - [15/Jan/2026 07:26:54] "GET /health HTTP/1.1" 200 -
127.0.0.1 - - [15/Jan/2026 07:26:59] "GET /health HTTP/1.1" 200 -
127.0.0.1 - - [15/Jan/2026 07:26:59] "GET /health HTTP/1.1" 200 -
127.0.0.1 - - [15/Jan/2026 07:26:59] "GET /health HTTP/1.1" 200 -
127.0.0.1 - - [15/Jan/2026 07:26:59] "GET /health HTTP/1.1" 200 -
127.0.0.1 - - [15/Jan/2026 07:27:04] "GET /health HTTP/1.1" 200 -
127.0.0.1 - - [15/Jan/2026 07:27:04] "GET /health HTTP/1.1" 200 -
127.0.0.1 - - [15/Jan/2026 07:27:04] "GET /health HTTP/1.1" 200 -
127.0.0.1 - - [15/Jan/2026 07:27:04] "GET /health HTTP/1.1" 200 -

====================================================================================================
[API REQUEST] GET /health
[API REQUEST] No parameters
====================================================================================================

[API RESPONSE] âœ… 200 GET /health


====================================================================================================
[API REQUEST] GET /health
[API REQUEST] No parameters
====================================================================================================

[API RESPONSE] âœ… 200 GET /health


====================================================================================================
[API REQUEST] GET /health
[API REQUEST] No parameters
====================================================================================================

[API RESPONSE] âœ… 200 GET /health


====================================================================================================
[API REQUEST] GET /health
[API REQUEST] No parameters
====================================================================================================

[API RESPONSE] âœ… 200 GET /health


====================================================================================================
[API REQUEST] GET /health
[API REQUEST] No parameters
====================================================================================================

[API RESPONSE] âœ… 200 GET /health


====================================================================================================
[API REQUEST] GET /health
[API REQUEST] No parameters
====================================================================================================

[API RESPONSE] âœ… 200 GET /health


====================================================================================================
[API REQUEST] GET /health
[API REQUEST] No parameters
====================================================================================================

[API RESPONSE] âœ… 200 GET /health


====================================================================================================
[API REQUEST] GET /health
[API REQUEST] No parameters
====================================================================================================

[API RESPONSE] âœ… 200 GET /health


====================================================================================================
[API REQUEST] GET /health
[API REQUEST] No parameters
====================================================================================================

[API RESPONSE] âœ… 200 GET /health


====================================================================================================
[API REQUEST] GET /health
[API REQUEST] No parameters
====================================================================================================

[API RESPONSE] âœ… 200 GET /health


====================================================================================================
[API REQUEST] GET /health
[API REQUEST] No parameters
====================================================================================================

[API RESPONSE] âœ… 200 GET /health


====================================================================================================
[API REQUEST] GET /health
[API REQUEST] No parameters
====================================================================================================

[API RESPONSE] âœ… 200 GET /health


====================================================================================================
[API REQUEST] GET /health
[API REQUEST] No parameters
====================================================================================================

[API RESPONSE] âœ… 200 GET /health


====================================================================================================
[API REQUEST] GET /health
[API REQUEST] No parameters
====================================================================================================

[API RESPONSE] âœ… 200 GET /health


====================================================================================================
[API REQUEST] GET /health
[API REQUEST] No parameters
====================================================================================================

[API RESPONSE] âœ… 200 GET /health


====================================================================================================
[API REQUEST] GET /health
[API REQUEST] No parameters
====================================================================================================

[API RESPONSE] âœ… 200 GET /health


====================================================================================================
[API REQUEST] GET /health
[API REQUEST] No parameters
====================================================================================================

[API RESPONSE] âœ… 200 GET /health


====================================================================================================
[API REQUEST] GET /health
[API REQUEST] No parameters
====================================================================================================

[API RESPONSE] âœ… 200 GET /health


====================================================================================================
[API REQUEST] GET /health
[API REQUEST] No parameters
====================================================================================================

[API RESPONSE] âœ… 200 GET /health


====================================================================================================
[API REQUEST] GET /health
[API REQUEST] No parameters
====================================================================================================

[API RESPONSE] âœ… 200 GET /health


====================================================================================================
[API REQUEST] GET /health
[API REQUEST] No parameters
====================================================================================================

[API RESPONSE] âœ… 200 GET /health


====================================================================================================
[API REQUEST] GET /health
[API REQUEST] No parameters
====================================================================================================

[API RESPONSE] âœ… 200 GET /health


====================================================================================================
[API REQUEST] GET /health
[API REQUEST] No parameters
====================================================================================================

[API RESPONSE] âœ… 200 GET /health


====================================================================================================
[API REQUEST] GET /health
[API REQUEST] No parameters
====================================================================================================

[API RESPONSE] âœ… 200 GET /health


====================================================================================================
[API REQUEST] GET /health
[API REQUEST] No parameters
====================================================================================================

[API RESPONSE] âœ… 200 GET /health


====================================================================================================
[API REQUEST] GET /health
[API REQUEST] No parameters
====================================================================================================

[API RESPONSE] âœ… 200 GET /health


====================================================================================================
[API REQUEST] GET /health
[API REQUEST] No parameters
====================================================================================================

[API RESPONSE] âœ… 200 GET /health


====================================================================================================
[API REQUEST] GET /health
[API REQUEST] No parameters
127.0.0.1 - - [15/Jan/2026 07:27:09] "GET /health HTTP/1.1" 200 -
127.0.0.1 - - [15/Jan/2026 07:27:09] "GET /health HTTP/1.1" 200 -
127.0.0.1 - - [15/Jan/2026 07:27:09] "GET /health HTTP/1.1" 200 -
127.0.0.1 - - [15/Jan/2026 07:27:09] "GET /health HTTP/1.1" 200 -
127.0.0.1 - - [15/Jan/2026 07:27:14] "GET /health HTTP/1.1" 200 -
127.0.0.1 - - [15/Jan/2026 07:27:14] "GET /health HTTP/1.1" 200 -
127.0.0.1 - - [15/Jan/2026 07:27:14] "GET /health HTTP/1.1" 200 -
127.0.0.1 - - [15/Jan/2026 07:27:14] "GET /health HTTP/1.1" 200 -
127.0.0.1 - - [15/Jan/2026 07:27:20] "GET /health HTTP/1.1" 200 -
127.0.0.1 - - [15/Jan/2026 07:27:20] "GET /health HTTP/1.1" 200 -
127.0.0.1 - - [15/Jan/2026 07:27:20] "GET /health HTTP/1.1" 200 -
127.0.0.1 - - [15/Jan/2026 07:27:20] "GET /health HTTP/1.1" 200 -
127.0.0.1 - - [15/Jan/2026 07:27:25] "GET /health HTTP/1.1" 200 -
127.0.0.1 - - [15/Jan/2026 07:27:25] "GET /health HTTP/1.1" 200 -
127.0.0.1 - - [15/Jan/2026 07:27:25] "GET /health HTTP/1.1" 200 -
127.0.0.1 - - [15/Jan/2026 07:27:25] "GET /health HTTP/1.1" 200 -
127.0.0.1 - - [15/Jan/2026 07:27:30] "GET /health HTTP/1.1" 200 -
127.0.0.1 - - [15/Jan/2026 07:27:30] "GET /health HTTP/1.1" 200 -
127.0.0.1 - - [15/Jan/2026 07:27:30] "GET /health HTTP/1.1" 200 -
127.0.0.1 - - [15/Jan/2026 07:27:30] "GET /health HTTP/1.1" 200 -
127.0.0.1 - - [15/Jan/2026 07:27:35] "GET /health HTTP/1.1" 200 -
127.0.0.1 - - [15/Jan/2026 07:27:35] "GET /health HTTP/1.1" 200 -
127.0.0.1 - - [15/Jan/2026 07:27:35] "GET /health HTTP/1.1" 200 -
127.0.0.1 - - [15/Jan/2026 07:27:35] "GET /health HTTP/1.1" 200 -
127.0.0.1 - - [15/Jan/2026 07:27:40] "GET /health HTTP/1.1" 200 -
127.0.0.1 - - [15/Jan/2026 07:27:40] "GET /health HTTP/1.1" 200 -
127.0.0.1 - - [15/Jan/2026 07:27:40] "GET /health HTTP/1.1" 200 -
127.0.0.1 - - [15/Jan/2026 07:27:40] "GET /health HTTP/1.1" 200 -
====================================================================================================

[API RESPONSE] âœ… 200 GET /health


====================================================================================================
[API REQUEST] GET /health
[API REQUEST] No parameters
====================================================================================================

[API RESPONSE] âœ… 200 GET /health


====================================================================================================
[API REQUEST] GET /health
[API REQUEST] No parameters
====================================================================================================

[API RESPONSE] âœ… 200 GET /health


====================================================================================================
[API REQUEST] GET /health
[API REQUEST] No parameters
====================================================================================================

[API RESPONSE] âœ… 200 GET /health


====================================================================================================
[API REQUEST] GET /health
[API REQUEST] No parameters
====================================================================================================

[API RESPONSE] âœ… 200 GET /health


====================================================================================================
[API REQUEST] GET /health
[API REQUEST] No parameters
====================================================================================================

[API RESPONSE] âœ… 200 GET /health


====================================================================================================
[API REQUEST] GET /health
[API REQUEST] No parameters
====================================================================================================

[API RESPONSE] âœ… 200 GET /health


====================================================================================================
[API REQUEST] GET /health
[API REQUEST] No parameters
====================================================================================================

[API RESPONSE] âœ… 200 GET /health


====================================================================================================
[API REQUEST] GET /health
[API REQUEST] No parameters
====================================================================================================

[API RESPONSE] âœ… 200 GET /health


====================================================================================================
[API REQUEST] GET /health
[API REQUEST] No parameters
====================================================================================================

[API RESPONSE] âœ… 200 GET /health


====================================================================================================
[API REQUEST] GET /health
[API REQUEST] No parameters
====================================================================================================

[API RESPONSE] âœ… 200 GET /health


====================================================================================================
[API REQUEST] GET /health
[API REQUEST] No parameters
====================================================================================================

[API RESPONSE] âœ… 200 GET /health


====================================================================================================
[API REQUEST] GET /health
[API REQUEST] No parameters
====================================================================================================

[API RESPONSE] âœ… 200 GET /health


====================================================================================================
[API REQUEST] GET /health
[API REQUEST] No parameters
====================================================================================================

[API RESPONSE] âœ… 200 GET /health


====================================================================================================
[API REQUEST] GET /health
[API REQUEST] No parameters
====================================================================================================

[API RESPONSE] âœ… 200 GET /health


====================================================================================================
[API REQUEST] GET /health
[API REQUEST] No parameters
====================================================================================================

[API RESPONSE] âœ… 200 GET /health


====================================================================================================
[API REQUEST] GET /health
[API REQUEST] No parameters
====================================================================================================

[API RESPONSE] âœ… 200 GET /health


====================================================================================================
[API REQUEST] GET /health
[API REQUEST] No parameters
====================================================================================================

[API RESPONSE] âœ… 200 GET /health


====================================================================================================
[API REQUEST] GET /health
[API REQUEST] No parameters
====================================================================================================

[API RESPONSE] âœ… 200 GET /health


====================================================================================================
[API REQUEST] GET /health
[API REQUEST] No parameters
====================================================================================================

[API RESPONSE] âœ… 200 GET /health


====================================================================================================
[API REQUEST] GET /health
[API REQUEST] No parameters
====================================================================================================

[API RESPONSE] âœ… 200 GET /health


====================================================================================================
[API REQUEST] GET /health
[API REQUEST] No parameters
====================================================================================================

[API RESPONSE] âœ… 200 GET /health


====================================================================================================
[API REQUEST] GET /health
[API REQUEST] No parameters
====================================================================================================

[API RESPONSE] âœ… 200 GET /health


====================================================================================================
[API REQUEST] GET /health
[API REQUEST] No parameters
====================================================================================================

[API RESPONSE] âœ… 200 GET /health


====================================================================================================
[API REQUEST] GET /health
[API REQUEST] No parameters
====================================================================================================

[API RESPONSE] âœ… 200 GET /health


====================================================================================================
[API REQUEST] GET /health
[API REQUEST] No parameters
====================================================================================================

[API RESPONSE] âœ… 200 GET /health


====================================================================================================
[API REQUEST] GET /health
[API REQUEST] No parameters
====================================================================================================

[API RESPONSE] âœ… 200 GET /health


====================================================================================================
                                                                                                                                                                                                                                                                                            â         127.0.0.1 - - [15/Jan/2026 07:27:45] "GET /health HTTP/1.1" 200 -
127.0.0.1 - - [15/Jan/2026 07:27:45] "GET /health HTTP/1.1" 200 -
127.0.0.1 - - [15/Jan/2026 07:27:45] "GET /health HTTP/1.1" 200 -
127.0.0.1 - - [15/Jan/2026 07:27:45] "GET /health HTTP/1.1" 200 -
127.0.0.1 - - [15/Jan/2026 07:27:50] "GET /health HTTP/1.1" 200 -
127.0.0.1 - - [15/Jan/2026 07:27:50] "GET /health HTTP/1.1" 200 -
127.0.0.1 - - [15/Jan/2026 07:27:50] "GET /health HTTP/1.1" 200 -
127.0.0.1 - - [15/Jan/2026 07:27:50] "GET /health HTTP/1.1" 200 -
127.0.0.1 - - [15/Jan/2026 07:27:55] "GET /health HTTP/1.1" 200 -
127.0.0.1 - - [15/Jan/2026 07:27:55] "GET /health HTTP/1.1" 200 -
127.0.0.1 - - [15/Jan/2026 07:27:55] "GET /health HTTP/1.1" 200 -
127.0.0.1 - - [15/Jan/2026 07:27:55] "GET /health HTTP/1.1" 200 -
127.0.0.1 - - [15/Jan/2026 07:28:00] "GET /health HTTP/1.1" 200 -
127.0.0.1 - - [15/Jan/2026 07:28:00] "GET /health HTTP/1.1" 200 -
127.0.0.1 - - [15/Jan/2026 07:28:00] "GET /health HTTP/1.1" 200 -
127.0.0.1 - - [15/Jan/2026 07:28:00] "GET /health HTTP/1.1" 200 -
127.0.0.1 - - [15/Jan/2026 07:28:05] "GET /health HTTP/1.1" 200 -
127.0.0.1 - - [15/Jan/2026 07:28:05] "GET /health HTTP/1.1" 200 -
127.0.0.1 - - [15/Jan/2026 07:28:05] "GET /health HTTP/1.1" 200 -
127.0.0.1 - - [15/Jan/2026 07:28:05] "GET /health HTTP/1.1" 200 -
127.0.0.1 - - [15/Jan/2026 07:28:10] "GET /health HTTP/1.1" 200 -
127.0.0.1 - - [15/Jan/2026 07:28:10] "GET /health HTTP/1.1" 200 -
127.0.0.1 - - [15/Jan/2026 07:28:10] "GET /health HTTP/1.1" 200 -
127.0.0.1 - - [15/Jan/2026 07:28:10] "GET /health HTTP/1.1" 200 -
127.0.0.1 - - [15/Jan/2026 07:28:15] "GET /health HTTP/1.1" 200 -
127.0.0.1 - - [15/Jan/2026 07:28:15] "GET /health HTTP/1.1" 200 -
127.0.0.1 - - [15/Jan/2026 07:28:15] "GET /health HTTP/1.1" 200 -
127.0.0.1 - - [15/Jan/2026 07:28:15] "GET /health HTTP/1.1" 200 -
