[INFO] Job Service v2.3-DB-FIXED starting...
[INFO] Database connection management fixed for real-time status updates
[CONFIG] ANALYSIS_MODE loaded: lora (from env: lora)
[INIT] AI_SERVICE_URL: http://127.0.0.1:5100/analyze
[INIT] Port: 5005
[INIT] Database: /Users/shaydu/dev/mondrian-macos/mondrian/mondrian.db
[INIT] Debug mode: False
[INIT] Created directories
[INIT] Initializing database...
[INIT] Database schema OK
[INIT] RAG Default: ENABLED (from RAG_ENABLED env var)
============================================================
Starting Job Service v2.3-DB-FIXED on port 5005...
Host: 0.0.0.0:5005
AI Service: http://127.0.0.1:5100/analyze
============================================================
 * Serving Flask app 'job_service_v2.3'
 * Debug mode: off
[31m[1mWARNING: This is a development server. Do not use it in a production deployment. Use a production WSGI server instead.[0m
 * Running on all addresses (0.0.0.0)
 * Running on http://127.0.0.1:5005
 * Running on http://10.0.0.131:5005
[33mPress CTRL+C to quit[0m
127.0.0.1 - - [16/Jan/2026 09:02:07] "GET /health HTTP/1.1" 200 -
127.0.0.1 - - [16/Jan/2026 09:02:11] "GET /health HTTP/1.1" 200 -
127.0.0.1 - - [16/Jan/2026 09:02:11] "GET /health HTTP/1.1" 200 -
127.0.0.1 - - [16/Jan/2026 09:02:16] "GET /health HTTP/1.1" 200 -
127.0.0.1 - - [16/Jan/2026 09:02:21] "GET /health HTTP/1.1" 200 -
127.0.0.1 - - [16/Jan/2026 09:02:26] "GET /health HTTP/1.1" 200 -
127.0.0.1 - - [16/Jan/2026 09:02:31] "GET /health HTTP/1.1" 200 -
127.0.0.1 - - [16/Jan/2026 09:02:36] "GET /health HTTP/1.1" 200 -
127.0.0.1 - - [16/Jan/2026 09:02:41] "GET /health HTTP/1.1" 200 -
127.0.0.1 - - [16/Jan/2026 09:02:46] "GET /health HTTP/1.1" 200 -
127.0.0.1 - - [16/Jan/2026 09:02:51] "GET /health HTTP/1.1" 200 -
127.0.0.1 - - [16/Jan/2026 09:02:56] "GET /health HTTP/1.1" 200 -
127.0.0.1 - - [16/Jan/2026 09:03:01] "GET /health HTTP/1.1" 200 -
127.0.0.1 - - [16/Jan/2026 09:03:06] "GET /health HTTP/1.1" 200 -
127.0.0.1 - - [16/Jan/2026 09:03:11] "GET /health HTTP/1.1" 200 -
127.0.0.1 - - [16/Jan/2026 09:03:16] "GET /health HTTP/1.1" 200 -
127.0.0.1 - - [16/Jan/2026 09:03:21] "GET /health HTTP/1.1" 200 -
127.0.0.1 - - [16/Jan/2026 09:03:26] "GET /health HTTP/1.1" 200 -
127.0.0.1 - - [16/Jan/2026 09:03:31] "GET /health HTTP/1.1" 200 -
127.0.0.1 - - [16/Jan/2026 09:03:36] "GET /health HTTP/1.1" 200 -
127.0.0.1 - - [16/Jan/2026 09:03:41] "GET /health HTTP/1.1" 200 -
127.0.0.1 - - [16/Jan/2026 09:03:46] "GET /health HTTP/1.1" 200 -
127.0.0.1 - - [16/Jan/2026 09:03:51] "GET /health HTTP/1.1" 200 -

====================================================================================================
[API REQUEST] GET /health
[API REQUEST] No parameters
====================================================================================================

[API RESPONSE] ✅ 200 GET /health


====================================================================================================
[API REQUEST] GET /health
[API REQUEST] No parameters
====================================================================================================

[API RESPONSE] ✅ 200 GET /health


====================================================================================================
[API REQUEST] GET /health
[API REQUEST] No parameters
====================================================================================================

[API RESPONSE] ✅ 200 GET /health


====================================================================================================
[API REQUEST] GET /health
[API REQUEST] No parameters
====================================================================================================

[API RESPONSE] ✅ 200 GET /health


====================================================================================================
[API REQUEST] GET /health
[API REQUEST] No parameters
====================================================================================================

[API RESPONSE] ✅ 200 GET /health


====================================================================================================
[API REQUEST] GET /health
[API REQUEST] No parameters
====================================================================================================

[API RESPONSE] ✅ 200 GET /health


====================================================================================================
[API REQUEST] GET /health
[API REQUEST] No parameters
====================================================================================================

[API RESPONSE] ✅ 200 GET /health


====================================================================================================
[API REQUEST] GET /health
[API REQUEST] No parameters
====================================================================================================

[API RESPONSE] ✅ 200 GET /health


====================================================================================================
[API REQUEST] GET /health
[API REQUEST] No parameters
====================================================================================================

[API RESPONSE] ✅ 200 GET /health


====================================================================================================
[API REQUEST] GET /health
[API REQUEST] No parameters
====================================================================================================

[API RESPONSE] ✅ 200 GET /health


====================================================================================================
[API REQUEST] GET /health
[API REQUEST] No parameters
====================================================================================================

[API RESPONSE] ✅ 200 GET /health


====================================================================================================
[API REQUEST] GET /health
[API REQUEST] No parameters
====================================================================================================

[API RESPONSE] ✅ 200 GET /health


====================================================================================================
[API REQUEST] GET /health
[API REQUEST] No parameters
====================================================================================================

[API RESPONSE] ✅ 200 GET /health


====================================================================================================
[API REQUEST] GET /health
[API REQUEST] No parameters
====================================================================================================

[API RESPONSE] ✅ 200 GET /health


====================================================================================================
[API REQUEST] GET /health
[API REQUEST] No parameters
====================================================================================================

[API RESPONSE] ✅ 200 GET /health


====================================================================================================
[API REQUEST] GET /health
[API REQUEST] No parameters
====================================================================================================

[API RESPONSE] ✅ 200 GET /health


====================================================================================================
[API REQUEST] GET /health
[API REQUEST] No parameters
====================================================================================================

[API RESPONSE] ✅ 200 GET /health


====================================================================================================
[API REQUEST] GET /health
[API REQUEST] No parameters
====================================================================================================

[API RESPONSE] ✅ 200 GET /health


====================================================================================================
[API REQUEST] GET /health
[API REQUEST] No parameters
====================================================================================================

[API RESPONSE] ✅ 200 GET /health


====================================================================================================
[API REQUEST] GET /health
[API REQUEST] No parameters
====================================================================================================

[API RESPONSE] ✅ 200 GET /health


====================================================================================================
[API REQUEST] GET /health
[API REQUEST] No parameters
====================================================================================================

[API RESPONSE] ✅ 200 GET /health


====================================================================================================
[API REQUEST] GET /health
[API REQUEST] No parameters
====================================================================================================

[API RESPONSE] ✅ 200 GET /health


====================================================================================================
[API REQUEST] GET /health
[API REQUEST] No parameters
====================================================================================================

[API RESPONSE] ✅ 200 GET /health

