[INFO] Job Service v2.3-DB-FIXED starting...
[INFO] Database connection management fixed for real-time status updates
[INIT] AI_SERVICE_URL: http://127.0.0.1:5100/analyze
[INIT] Port: 5005
[INIT] Database: /Users/shaydu/dev/mondrian-macos/mondrian/mondrian.db
[INIT] Debug mode: False
[INIT] Created directories
[INIT] Initializing database...
[INIT] Database schema OK
[INIT] RAG Default: ENABLED (from RAG_ENABLED env var)
============================================================
Starting Job Service v2.3-DB-FIXED on port 5005...
Host: 0.0.0.0:5005
AI Service: http://127.0.0.1:5100/analyze
============================================================
 * Serving Flask app 'job_service_v2.3'
 * Debug mode: off
[31m[1mWARNING: This is a development server. Do not use it in a production deployment. Use a production WSGI server instead.[0m
 * Running on all addresses (0.0.0.0)
 * Running on http://127.0.0.1:5005
 * Running on http://10.0.0.131:5005
[33mPress CTRL+C to quit[0m
127.0.0.1 - - [15/Jan/2026 06:56:17] "GET /health HTTP/1.1" 200 -
127.0.0.1 - - [15/Jan/2026 06:56:22] "GET /health HTTP/1.1" 200 -
127.0.0.1 - - [15/Jan/2026 06:56:23] "GET /health HTTP/1.1" 200 -
127.0.0.1 - - [15/Jan/2026 06:56:25] "GET /health HTTP/1.1" 200 -
127.0.0.1 - - [15/Jan/2026 06:56:25] "GET /health HTTP/1.1" 200 -
127.0.0.1 - - [15/Jan/2026 06:56:27] "GET /health HTTP/1.1" 200 -
127.0.0.1 - - [15/Jan/2026 06:56:30] "GET /health HTTP/1.1" 200 -
127.0.0.1 - - [15/Jan/2026 06:56:32] "GET /health HTTP/1.1" 200 -
127.0.0.1 - - [15/Jan/2026 06:56:35] "GET /health HTTP/1.1" 200 -
127.0.0.1 - - [15/Jan/2026 06:56:37] "GET /health HTTP/1.1" 200 -
127.0.0.1 - - [15/Jan/2026 06:56:40] "GET /health HTTP/1.1" 200 -
127.0.0.1 - - [15/Jan/2026 06:56:42] "GET /health HTTP/1.1" 200 -
127.0.0.1 - - [15/Jan/2026 06:56:45] "GET /health HTTP/1.1" 200 -
127.0.0.1 - - [15/Jan/2026 06:56:47] "GET /health HTTP/1.1" 200 -
127.0.0.1 - - [15/Jan/2026 06:56:50] "GET /health HTTP/1.1" 200 -
127.0.0.1 - - [15/Jan/2026 06:56:52] "GET /health HTTP/1.1" 200 -
127.0.0.1 - - [15/Jan/2026 06:56:55] "GET /health HTTP/1.1" 200 -
127.0.0.1 - - [15/Jan/2026 06:56:57] "GET /health HTTP/1.1" 200 -
127.0.0.1 - - [15/Jan/2026 06:57:00] "GET /health HTTP/1.1" 200 -
127.0.0.1 - - [15/Jan/2026 06:57:02] "GET /health HTTP/1.1" 200 -
127.0.0.1 - - [15/Jan/2026 06:57:05] "GET /health HTTP/1.1" 200 -
127.0.0.1 - - [15/Jan/2026 06:57:08] "GET /health HTTP/1.1" 200 -
127.0.0.1 - - [15/Jan/2026 06:57:10] "GET /health HTTP/1.1" 200 -
127.0.0.1 - - [15/Jan/2026 06:57:13] "GET /health HTTP/1.1" 200 -
127.0.0.1 - - [15/Jan/2026 06:57:15] "GET /health HTTP/1.1" 200 -
127.0.0.1 - - [15/Jan/2026 06:57:18] "GET /health HTTP/1.1" 200 -
127.0.0.1 - - [15/Jan/2026 06:57:20] "GET /health HTTP/1.1" 200 -

====================================================================================================
[API REQUEST] GET /health
[API REQUEST] No parameters
====================================================================================================

[API RESPONSE] ✅ 200 GET /health


====================================================================================================
[API REQUEST] GET /health
[API REQUEST] No parameters
====================================================================================================

[API RESPONSE] ✅ 200 GET /health


====================================================================================================
[API REQUEST] GET /health
[API REQUEST] No parameters
====================================================================================================

[API RESPONSE] ✅ 200 GET /health


====================================================================================================
[API REQUEST] GET /health
[API REQUEST] No parameters
====================================================================================================

[API RESPONSE] ✅ 200 GET /health


====================================================================================================
[API REQUEST] GET /health
[API REQUEST] No parameters
====================================================================================================

[API RESPONSE] ✅ 200 GET /health


====================================================================================================
[API REQUEST] GET /health
[API REQUEST] No parameters
====================================================================================================

[API RESPONSE] ✅ 200 GET /health


====================================================================================================
[API REQUEST] GET /health
[API REQUEST] No parameters
====================================================================================================

[API RESPONSE] ✅ 200 GET /health


====================================================================================================
[API REQUEST] GET /health
[API REQUEST] No parameters
====================================================================================================

[API RESPONSE] ✅ 200 GET /health


====================================================================================================
[API REQUEST] GET /health
[API REQUEST] No parameters
====================================================================================================

[API RESPONSE] ✅ 200 GET /health


====================================================================================================
[API REQUEST] GET /health
[API REQUEST] No parameters
====================================================================================================

[API RESPONSE] ✅ 200 GET /health


====================================================================================================
[API REQUEST] GET /health
[API REQUEST] No parameters
====================================================================================================

[API RESPONSE] ✅ 200 GET /health


====================================================================================================
[API REQUEST] GET /health
[API REQUEST] No parameters
====================================================================================================

[API RESPONSE] ✅ 200 GET /health


====================================================================================================
[API REQUEST] GET /health
[API REQUEST] No parameters
====================================================================================================

[API RESPONSE] ✅ 200 GET /health


====================================================================================================
[API REQUEST] GET /health
[API REQUEST] No parameters
====================================================================================================

[API RESPONSE] ✅ 200 GET /health


====================================================================================================
[API REQUEST] GET /health
[API REQUEST] No parameters
====================================================================================================

[API RESPONSE] ✅ 200 GET /health


====================================================================================================
[API REQUEST] GET /health
[API REQUEST] No parameters
====================================================================================================

[API RESPONSE] ✅ 200 GET /health


====================================================================================================
[API REQUEST] GET /health
[API REQUEST] No parameters
====================================================================================================

[API RESPONSE] ✅ 200 GET /health


====================================================================================================
[API REQUEST] GET /health
[API REQUEST] No parameters
====================================================================================================

[API RESPONSE] ✅ 200 GET /health


====================================================================================================
[API REQUEST] GET /health
[API REQUEST] No parameters
====================================================================================================

[API RESPONSE] ✅ 200 GET /health


====================================================================================================
[API REQUEST] GET /health
[API REQUEST] No parameters
====================================================================================================

[API RESPONSE] ✅ 200 GET /health


====================================================================================================
[API REQUEST] GET /health
[API REQUEST] No parameters
====================================================================================================

[API RESPONSE] ✅ 200 GET /health


====================================================================================================
[API REQUEST] GET /health
[API REQUEST] No parameters
====================================================================================================

[API RESPONSE] ✅ 200 GET /health


====================================================================================================
[API REQUEST] GET /health
[API REQUEST] No parameters
====================================================================================================

[API RESPONSE] ✅ 200 GET /health


====================================================================================================
[API REQUEST] GET /health
[API REQUEST] No parameters
====================================================================================================

[API RESPONSE] ✅ 200 GET /health


====================================================================================================
[API REQUEST] GET /health
[API REQUEST] No parameters
====================================================================================================

[API RESPONSE] ✅ 200 GET /health


====================================================================================================
[API REQUEST] GET /health
[API REQUEST] No parameters
====================================================================================================

[API RESPONSE] ✅ 200 GET /health


====================================================================================================
[API REQUEST] GET /health
[API REQUEST] No parameters
====================================================================================================

[API RESPONSE] ✅ 200 GET /health


====================================================================================================
[API REQUEST] GET /health
[API REQUEST] No parameters
127.0.0.1 - - [15/Jan/2026 06:57:23] "GET /health HTTP/1.1" 200 -
127.0.0.1 - - [15/Jan/2026 06:57:25] "GET /health HTTP/1.1" 200 -
127.0.0.1 - - [15/Jan/2026 06:57:28] "GET /health HTTP/1.1" 200 -
127.0.0.1 - - [15/Jan/2026 06:57:30] "GET /health HTTP/1.1" 200 -
127.0.0.1 - - [15/Jan/2026 06:57:33] "GET /health HTTP/1.1" 200 -
127.0.0.1 - - [15/Jan/2026 06:57:35] "GET /health HTTP/1.1" 200 -
127.0.0.1 - - [15/Jan/2026 06:57:38] "GET /health HTTP/1.1" 200 -
127.0.0.1 - - [15/Jan/2026 06:57:40] "GET /health HTTP/1.1" 200 -
127.0.0.1 - - [15/Jan/2026 06:57:43] "GET /health HTTP/1.1" 200 -
127.0.0.1 - - [15/Jan/2026 06:57:45] "GET /health HTTP/1.1" 200 -
127.0.0.1 - - [15/Jan/2026 06:57:48] "GET /health HTTP/1.1" 200 -
127.0.0.1 - - [15/Jan/2026 06:57:51] "GET /health HTTP/1.1" 200 -
127.0.0.1 - - [15/Jan/2026 06:57:53] "GET /health HTTP/1.1" 200 -
127.0.0.1 - - [15/Jan/2026 06:57:56] "GET /health HTTP/1.1" 200 -
127.0.0.1 - - [15/Jan/2026 06:57:58] "GET /health HTTP/1.1" 200 -
127.0.0.1 - - [15/Jan/2026 06:58:01] "GET /health HTTP/1.1" 200 -
127.0.0.1 - - [15/Jan/2026 06:58:03] "GET /health HTTP/1.1" 200 -
127.0.0.1 - - [15/Jan/2026 06:58:06] "GET /health HTTP/1.1" 200 -
127.0.0.1 - - [15/Jan/2026 06:58:08] "GET /health HTTP/1.1" 200 -
127.0.0.1 - - [15/Jan/2026 06:58:11] "GET /health HTTP/1.1" 200 -
127.0.0.1 - - [15/Jan/2026 06:58:13] "GET /health HTTP/1.1" 200 -
127.0.0.1 - - [15/Jan/2026 06:58:16] "GET /health HTTP/1.1" 200 -
127.0.0.1 - - [15/Jan/2026 06:58:18] "GET /health HTTP/1.1" 200 -
127.0.0.1 - - [15/Jan/2026 06:58:21] "GET /health HTTP/1.1" 200 -
127.0.0.1 - - [15/Jan/2026 06:58:23] "GET /health HTTP/1.1" 200 -
127.0.0.1 - - [15/Jan/2026 06:58:26] "GET /health HTTP/1.1" 200 -
127.0.0.1 - - [15/Jan/2026 06:58:28] "GET /health HTTP/1.1" 200 -
127.0.0.1 - - [15/Jan/2026 06:58:31] "GET /health HTTP/1.1" 200 -
====================================================================================================

[API RESPONSE] ✅ 200 GET /health


====================================================================================================
[API REQUEST] GET /health
[API REQUEST] No parameters
====================================================================================================

[API RESPONSE] ✅ 200 GET /health


====================================================================================================
[API REQUEST] GET /health
[API REQUEST] No parameters
====================================================================================================

[API RESPONSE] ✅ 200 GET /health


====================================================================================================
[API REQUEST] GET /health
[API REQUEST] No parameters
====================================================================================================

[API RESPONSE] ✅ 200 GET /health


====================================================================================================
[API REQUEST] GET /health
[API REQUEST] No parameters
====================================================================================================

[API RESPONSE] ✅ 200 GET /health


====================================================================================================
[API REQUEST] GET /health
[API REQUEST] No parameters
====================================================================================================

[API RESPONSE] ✅ 200 GET /health


====================================================================================================
[API REQUEST] GET /health
[API REQUEST] No parameters
====================================================================================================

[API RESPONSE] ✅ 200 GET /health


====================================================================================================
[API REQUEST] GET /health
[API REQUEST] No parameters
====================================================================================================

[API RESPONSE] ✅ 200 GET /health


====================================================================================================
[API REQUEST] GET /health
[API REQUEST] No parameters
====================================================================================================

[API RESPONSE] ✅ 200 GET /health


====================================================================================================
[API REQUEST] GET /health
[API REQUEST] No parameters
====================================================================================================

[API RESPONSE] ✅ 200 GET /health


====================================================================================================
[API REQUEST] GET /health
[API REQUEST] No parameters
====================================================================================================

[API RESPONSE] ✅ 200 GET /health


====================================================================================================
[API REQUEST] GET /health
[API REQUEST] No parameters
====================================================================================================

[API RESPONSE] ✅ 200 GET /health


====================================================================================================
[API REQUEST] GET /health
[API REQUEST] No parameters
====================================================================================================

[API RESPONSE] ✅ 200 GET /health


====================================================================================================
[API REQUEST] GET /health
[API REQUEST] No parameters
====================================================================================================

[API RESPONSE] ✅ 200 GET /health


====================================================================================================
[API REQUEST] GET /health
[API REQUEST] No parameters
====================================================================================================

[API RESPONSE] ✅ 200 GET /health


====================================================================================================
[API REQUEST] GET /health
[API REQUEST] No parameters
====================================================================================================

[API RESPONSE] ✅ 200 GET /health


====================================================================================================
[API REQUEST] GET /health
[API REQUEST] No parameters
====================================================================================================

[API RESPONSE] ✅ 200 GET /health


====================================================================================================
[API REQUEST] GET /health
[API REQUEST] No parameters
====================================================================================================

[API RESPONSE] ✅ 200 GET /health


====================================================================================================
[API REQUEST] GET /health
[API REQUEST] No parameters
====================================================================================================

[API RESPONSE] ✅ 200 GET /health


====================================================================================================
[API REQUEST] GET /health
[API REQUEST] No parameters
====================================================================================================

[API RESPONSE] ✅ 200 GET /health


====================================================================================================
[API REQUEST] GET /health
[API REQUEST] No parameters
====================================================================================================

[API RESPONSE] ✅ 200 GET /health


====================================================================================================
[API REQUEST] GET /health
[API REQUEST] No parameters
====================================================================================================

[API RESPONSE] ✅ 200 GET /health


====================================================================================================
[API REQUEST] GET /health
[API REQUEST] No parameters
====================================================================================================

[API RESPONSE] ✅ 200 GET /health


====================================================================================================
[API REQUEST] GET /health
[API REQUEST] No parameters
====================================================================================================

[API RESPONSE] ✅ 200 GET /health


====================================================================================================
[API REQUEST] GET /health
[API REQUEST] No parameters
====================================================================================================

[API RESPONSE] ✅ 200 GET /health


====================================================================================================
[API REQUEST] GET /health
[API REQUEST] No parameters
====================================================================================================

[API RESPONSE] ✅ 200 GET /health


====================================================================================================
[API REQUEST] GET /health
[API REQUEST] No parameters
====================================================================================================

[API RESPONSE] ✅ 200 GET /health


====================================================================================================
[API REQUEST] GET /health
[API REQUEST] No parameters
====================================================================================================

[API RESPONSE] ✅ 200 GET /health


====================================================================================================
127.0.0.1 - - [15/Jan/2026 06:58:33] "GET /health HTTP/1.1" 200 -
127.0.0.1 - - [15/Jan/2026 06:58:36] "GET /health HTTP/1.1" 200 -
127.0.0.1 - - [15/Jan/2026 06:58:38] "GET /health HTTP/1.1" 200 -
127.0.0.1 - - [15/Jan/2026 06:58:41] "GET /health HTTP/1.1" 200 -
127.0.0.1 - - [15/Jan/2026 06:58:43] "GET /health HTTP/1.1" 200 -
127.0.0.1 - - [15/Jan/2026 06:58:46] "GET /health HTTP/1.1" 200 -
127.0.0.1 - - [15/Jan/2026 06:58:48] "GET /health HTTP/1.1" 200 -
127.0.0.1 - - [15/Jan/2026 06:58:51] "GET /health HTTP/1.1" 200 -
127.0.0.1 - - [15/Jan/2026 06:58:53] "GET /health HTTP/1.1" 200 -
127.0.0.1 - - [15/Jan/2026 06:58:56] "GET /health HTTP/1.1" 200 -
127.0.0.1 - - [15/Jan/2026 06:58:58] "GET /health HTTP/1.1" 200 -
127.0.0.1 - - [15/Jan/2026 06:59:01] "GET /health HTTP/1.1" 200 -
127.0.0.1 - - [15/Jan/2026 06:59:03] "GET /health HTTP/1.1" 200 -
127.0.0.1 - - [15/Jan/2026 06:59:06] "GET /health HTTP/1.1" 200 -
127.0.0.1 - - [15/Jan/2026 06:59:08] "GET /health HTTP/1.1" 200 -
127.0.0.1 - - [15/Jan/2026 06:59:11] "GET /health HTTP/1.1" 200 -
127.0.0.1 - - [15/Jan/2026 06:59:13] "GET /health HTTP/1.1" 200 -
127.0.0.1 - - [15/Jan/2026 06:59:16] "GET /health HTTP/1.1" 200 -
127.0.0.1 - - [15/Jan/2026 06:59:18] "GET /health HTTP/1.1" 200 -
127.0.0.1 - - [15/Jan/2026 06:59:21] "GET /health HTTP/1.1" 200 -
127.0.0.1 - - [15/Jan/2026 06:59:23] "GET /health HTTP/1.1" 200 -
127.0.0.1 - - [15/Jan/2026 06:59:26] "GET /health HTTP/1.1" 200 -
127.0.0.1 - - [15/Jan/2026 06:59:28] "GET /health HTTP/1.1" 200 -
127.0.0.1 - - [15/Jan/2026 06:59:31] "GET /health HTTP/1.1" 200 -
127.0.0.1 - - [15/Jan/2026 06:59:33] "GET /health HTTP/1.1" 200 -
[API REQUEST] GET /health
[API REQUEST] No parameters
====================================================================================================

[API RESPONSE] ✅ 200 GET /health


====================================================================================================
[API REQUEST] GET /health
[API REQUEST] No parameters
====================================================================================================

[API RESPONSE] ✅ 200 GET /health


====================================================================================================
[API REQUEST] GET /health
[API REQUEST] No parameters
====================================================================================================

[API RESPONSE] ✅ 200 GET /health


====================================================================================================
[API REQUEST] GET /health
[API REQUEST] No parameters
====================================================================================================

[API RESPONSE] ✅ 200 GET /health


====================================================================================================
[API REQUEST] GET /health
[API REQUEST] No parameters
====================================================================================================

[API RESPONSE] ✅ 200 GET /health


====================================================================================================
[API REQUEST] GET /health
[API REQUEST] No parameters
====================================================================================================

[API RESPONSE] ✅ 200 GET /health


====================================================================================================
[API REQUEST] GET /health
[API REQUEST] No parameters
====================================================================================================

[API RESPONSE] ✅ 200 GET /health


====================================================================================================
[API REQUEST] GET /health
[API REQUEST] No parameters
====================================================================================================

[API RESPONSE] ✅ 200 GET /health


====================================================================================================
[API REQUEST] GET /health
[API REQUEST] No parameters
====================================================================================================

[API RESPONSE] ✅ 200 GET /health


====================================================================================================
[API REQUEST] GET /health
[API REQUEST] No parameters
====================================================================================================

[API RESPONSE] ✅ 200 GET /health


====================================================================================================
[API REQUEST] GET /health
[API REQUEST] No parameters
====================================================================================================

[API RESPONSE] ✅ 200 GET /health


====================================================================================================
[API REQUEST] GET /health
[API REQUEST] No parameters
====================================================================================================

[API RESPONSE] ✅ 200 GET /health


====================================================================================================
[API REQUEST] GET /health
[API REQUEST] No parameters
====================================================================================================

[API RESPONSE] ✅ 200 GET /health


====================================================================================================
[API REQUEST] GET /health
[API REQUEST] No parameters
====================================================================================================

[API RESPONSE] ✅ 200 GET /health


====================================================================================================
[API REQUEST] GET /health
[API REQUEST] No parameters
====================================================================================================

[API RESPONSE] ✅ 200 GET /health


====================================================================================================
[API REQUEST] GET /health
[API REQUEST] No parameters
====================================================================================================

[API RESPONSE] ✅ 200 GET /health


====================================================================================================
[API REQUEST] GET /health
[API REQUEST] No parameters
====================================================================================================

[API RESPONSE] ✅ 200 GET /health


====================================================================================================
[API REQUEST] GET /health
[API REQUEST] No parameters
====================================================================================================

[API RESPONSE] ✅ 200 GET /health


====================================================================================================
[API REQUEST] GET /health
[API REQUEST] No parameters
====================================================================================================

[API RESPONSE] ✅ 200 GET /health


====================================================================================================
[API REQUEST] GET /health
[API REQUEST] No parameters
====================================================================================================

[API RESPONSE] ✅ 200 GET /health


====================================================================================================
[API REQUEST] GET /health
[API REQUEST] No parameters
====================================================================================================

[API RESPONSE] ✅ 200 GET /health


====================================================================================================
[API REQUEST] GET /health
[API REQUEST] No parameters
====================================================================================================

[API RESPONSE] ✅ 200 GET /health


====================================================================================================
[API REQUEST] GET /health
[API REQUEST] No parameters
====================================================================================================

[API RESPONSE] ✅ 200 GET /health


====================================================================================================
[API REQUEST] GET /health
[API REQUEST] No parameters
====================================================================================================

[API RESPONSE] ✅ 200 GET /health


====================================================================================================
[API REQUEST] GET /health
[API REQUEST] No parameters
====================================================================================================

[API RESPONSE] ✅ 200 GET /health

