[INFO] Job Service v2.3-DB-FIXED starting...
[INFO] Database connection management fixed for real-time status updates
[INIT] AI_SERVICE_URL: http://127.0.0.1:5100/analyze
[INIT] Port: 5005
[INIT] Database: /Users/shaydu/dev/mondrian-macos/mondrian/mondrian.db
[INIT] Debug mode: False
[INIT] Created directories
[INIT] Initializing database...
[INIT] Database schema OK
[INIT] RAG Default: ENABLED (from RAG_ENABLED env var)
============================================================
Starting Job Service v2.3-DB-FIXED on port 5005...
Host: 0.0.0.0:5005
AI Service: http://127.0.0.1:5100/analyze
============================================================
 * Serving Flask app 'job_service_v2.3'
 * Debug mode: off
[31m[1mWARNING: This is a development server. Do not use it in a production deployment. Use a production WSGI server instead.[0m
 * Running on all addresses (0.0.0.0)
 * Running on http://127.0.0.1:5005
 * Running on http://10.0.0.131:5005
[33mPress CTRL+C to quit[0m
127.0.0.1 - - [15/Jan/2026 06:59:54] "GET /health HTTP/1.1" 200 -
127.0.0.1 - - [15/Jan/2026 06:59:56] "GET /health HTTP/1.1" 200 -
127.0.0.1 - - [15/Jan/2026 06:59:56] "GET /health HTTP/1.1" 200 -
127.0.0.1 - - [15/Jan/2026 07:00:01] "GET /health HTTP/1.1" 200 -
127.0.0.1 - - [15/Jan/2026 07:00:06] "GET /health HTTP/1.1" 200 -
127.0.0.1 - - [15/Jan/2026 07:00:11] "GET /health HTTP/1.1" 200 -
127.0.0.1 - - [15/Jan/2026 07:00:16] "GET /health HTTP/1.1" 200 -
127.0.0.1 - - [15/Jan/2026 07:00:21] "GET /health HTTP/1.1" 200 -
127.0.0.1 - - [15/Jan/2026 07:00:26] "GET /health HTTP/1.1" 200 -
127.0.0.1 - - [15/Jan/2026 07:00:31] "GET /health HTTP/1.1" 200 -
127.0.0.1 - - [15/Jan/2026 07:00:36] "GET /health HTTP/1.1" 200 -
127.0.0.1 - - [15/Jan/2026 07:00:41] "GET /health HTTP/1.1" 200 -
127.0.0.1 - - [15/Jan/2026 07:00:46] "GET /health HTTP/1.1" 200 -
127.0.0.1 - - [15/Jan/2026 07:00:51] "GET /health HTTP/1.1" 200 -
127.0.0.1 - - [15/Jan/2026 07:00:56] "GET /health HTTP/1.1" 200 -
127.0.0.1 - - [15/Jan/2026 07:01:01] "GET /health HTTP/1.1" 200 -
127.0.0.1 - - [15/Jan/2026 07:01:06] "GET /health HTTP/1.1" 200 -
127.0.0.1 - - [15/Jan/2026 07:01:11] "GET /health HTTP/1.1" 200 -
127.0.0.1 - - [15/Jan/2026 07:01:16] "GET /health HTTP/1.1" 200 -
127.0.0.1 - - [15/Jan/2026 07:01:21] "GET /health HTTP/1.1" 200 -
127.0.0.1 - - [15/Jan/2026 07:01:26] "GET /health HTTP/1.1" 200 -
127.0.0.1 - - [15/Jan/2026 07:01:31] "GET /health HTTP/1.1" 200 -
127.0.0.1 - - [15/Jan/2026 07:01:36] "GET /health HTTP/1.1" 200 -
127.0.0.1 - - [15/Jan/2026 07:01:41] "GET /health HTTP/1.1" 200 -
127.0.0.1 - - [15/Jan/2026 07:01:46] "GET /health HTTP/1.1" 200 -
127.0.0.1 - - [15/Jan/2026 07:01:51] "GET /health HTTP/1.1" 200 -
127.0.0.1 - - [15/Jan/2026 07:01:56] "GET /health HTTP/1.1" 200 -

====================================================================================================
[API REQUEST] GET /health
[API REQUEST] No parameters
====================================================================================================

[API RESPONSE] ✅ 200 GET /health


====================================================================================================
[API REQUEST] GET /health
[API REQUEST] No parameters
====================================================================================================

[API RESPONSE] ✅ 200 GET /health


====================================================================================================
[API REQUEST] GET /health
[API REQUEST] No parameters
====================================================================================================

[API RESPONSE] ✅ 200 GET /health


====================================================================================================
[API REQUEST] GET /health
[API REQUEST] No parameters
====================================================================================================

[API RESPONSE] ✅ 200 GET /health


====================================================================================================
[API REQUEST] GET /health
[API REQUEST] No parameters
====================================================================================================

[API RESPONSE] ✅ 200 GET /health


====================================================================================================
[API REQUEST] GET /health
[API REQUEST] No parameters
====================================================================================================

[API RESPONSE] ✅ 200 GET /health


====================================================================================================
[API REQUEST] GET /health
[API REQUEST] No parameters
====================================================================================================

[API RESPONSE] ✅ 200 GET /health


====================================================================================================
[API REQUEST] GET /health
[API REQUEST] No parameters
====================================================================================================

[API RESPONSE] ✅ 200 GET /health


====================================================================================================
[API REQUEST] GET /health
[API REQUEST] No parameters
====================================================================================================

[API RESPONSE] ✅ 200 GET /health


====================================================================================================
[API REQUEST] GET /health
[API REQUEST] No parameters
====================================================================================================

[API RESPONSE] ✅ 200 GET /health


====================================================================================================
[API REQUEST] GET /health
[API REQUEST] No parameters
====================================================================================================

[API RESPONSE] ✅ 200 GET /health


====================================================================================================
[API REQUEST] GET /health
[API REQUEST] No parameters
====================================================================================================

[API RESPONSE] ✅ 200 GET /health


====================================================================================================
[API REQUEST] GET /health
[API REQUEST] No parameters
====================================================================================================

[API RESPONSE] ✅ 200 GET /health


====================================================================================================
[API REQUEST] GET /health
[API REQUEST] No parameters
====================================================================================================

[API RESPONSE] ✅ 200 GET /health


====================================================================================================
[API REQUEST] GET /health
[API REQUEST] No parameters
====================================================================================================

[API RESPONSE] ✅ 200 GET /health


====================================================================================================
[API REQUEST] GET /health
[API REQUEST] No parameters
====================================================================================================

[API RESPONSE] ✅ 200 GET /health


====================================================================================================
[API REQUEST] GET /health
[API REQUEST] No parameters
====================================================================================================

[API RESPONSE] ✅ 200 GET /health


====================================================================================================
[API REQUEST] GET /health
[API REQUEST] No parameters
====================================================================================================

[API RESPONSE] ✅ 200 GET /health


====================================================================================================
[API REQUEST] GET /health
[API REQUEST] No parameters
====================================================================================================

[API RESPONSE] ✅ 200 GET /health


====================================================================================================
[API REQUEST] GET /health
[API REQUEST] No parameters
====================================================================================================

[API RESPONSE] ✅ 200 GET /health


====================================================================================================
[API REQUEST] GET /health
[API REQUEST] No parameters
====================================================================================================

[API RESPONSE] ✅ 200 GET /health


====================================================================================================
[API REQUEST] GET /health
[API REQUEST] No parameters
====================================================================================================

[API RESPONSE] ✅ 200 GET /health


====================================================================================================
[API REQUEST] GET /health
[API REQUEST] No parameters
====================================================================================================

[API RESPONSE] ✅ 200 GET /health


====================================================================================================
[API REQUEST] GET /health
[API REQUEST] No parameters
====================================================================================================

[API RESPONSE] ✅ 200 GET /health


====================================================================================================
[API REQUEST] GET /health
[API REQUEST] No parameters
====================================================================================================

[API RESPONSE] ✅ 200 GET /health


====================================================================================================
[API REQUEST] GET /health
[API REQUEST] No parameters
====================================================================================================

[API RESPONSE] ✅ 200 GET /health


====================================================================================================
[API REQUEST] GET /health
[API REQUEST] No parameters
====================================================================================================

[API RESPONSE] ✅ 200 GET /health


====================================================================================================
[API REQUEST] GET /health
[API REQUEST] No parameters
127.0.0.1 - - [15/Jan/2026 07:02:01] "GET /health HTTP/1.1" 200 -
127.0.0.1 - - [15/Jan/2026 07:02:07] "GET /health HTTP/1.1" 200 -
127.0.0.1 - - [15/Jan/2026 07:02:12] "GET /health HTTP/1.1" 200 -
127.0.0.1 - - [15/Jan/2026 07:02:17] "GET /health HTTP/1.1" 200 -
127.0.0.1 - - [15/Jan/2026 07:02:22] "GET /health HTTP/1.1" 200 -
127.0.0.1 - - [15/Jan/2026 07:02:27] "GET /health HTTP/1.1" 200 -
127.0.0.1 - - [15/Jan/2026 07:02:32] "GET /health HTTP/1.1" 200 -
127.0.0.1 - - [15/Jan/2026 07:02:37] "GET /health HTTP/1.1" 200 -
127.0.0.1 - - [15/Jan/2026 07:02:42] "GET /health HTTP/1.1" 200 -
127.0.0.1 - - [15/Jan/2026 07:02:47] "GET /health HTTP/1.1" 200 -
127.0.0.1 - - [15/Jan/2026 07:02:52] "GET /health HTTP/1.1" 200 -
127.0.0.1 - - [15/Jan/2026 07:02:57] "GET /health HTTP/1.1" 200 -
127.0.0.1 - - [15/Jan/2026 07:03:02] "GET /health HTTP/1.1" 200 -
127.0.0.1 - - [15/Jan/2026 07:03:07] "GET /health HTTP/1.1" 200 -
127.0.0.1 - - [15/Jan/2026 07:03:12] "GET /health HTTP/1.1" 200 -
127.0.0.1 - - [15/Jan/2026 07:03:17] "GET /health HTTP/1.1" 200 -
127.0.0.1 - - [15/Jan/2026 07:03:22] "GET /health HTTP/1.1" 200 -
127.0.0.1 - - [15/Jan/2026 07:03:27] "GET /health HTTP/1.1" 200 -
127.0.0.1 - - [15/Jan/2026 07:03:32] "GET /health HTTP/1.1" 200 -
127.0.0.1 - - [15/Jan/2026 07:03:37] "GET /health HTTP/1.1" 200 -
127.0.0.1 - - [15/Jan/2026 07:03:42] "GET /health HTTP/1.1" 200 -
127.0.0.1 - - [15/Jan/2026 07:03:47] "GET /health HTTP/1.1" 200 -
127.0.0.1 - - [15/Jan/2026 07:03:52] "GET /health HTTP/1.1" 200 -
127.0.0.1 - - [15/Jan/2026 07:03:57] "GET /health HTTP/1.1" 200 -
127.0.0.1 - - [15/Jan/2026 07:04:02] "GET /health HTTP/1.1" 200 -
127.0.0.1 - - [15/Jan/2026 07:04:07] "GET /health HTTP/1.1" 200 -
127.0.0.1 - - [15/Jan/2026 07:04:12] "GET /health HTTP/1.1" 200 -
127.0.0.1 - - [15/Jan/2026 07:04:17] "GET /health HTTP/1.1" 200 -
====================================================================================================

[API RESPONSE] ✅ 200 GET /health


====================================================================================================
[API REQUEST] GET /health
[API REQUEST] No parameters
====================================================================================================

[API RESPONSE] ✅ 200 GET /health


====================================================================================================
[API REQUEST] GET /health
[API REQUEST] No parameters
====================================================================================================

[API RESPONSE] ✅ 200 GET /health


====================================================================================================
[API REQUEST] GET /health
[API REQUEST] No parameters
====================================================================================================

[API RESPONSE] ✅ 200 GET /health


====================================================================================================
[API REQUEST] GET /health
[API REQUEST] No parameters
====================================================================================================

[API RESPONSE] ✅ 200 GET /health


====================================================================================================
[API REQUEST] GET /health
[API REQUEST] No parameters
====================================================================================================

[API RESPONSE] ✅ 200 GET /health


====================================================================================================
[API REQUEST] GET /health
[API REQUEST] No parameters
====================================================================================================

[API RESPONSE] ✅ 200 GET /health


====================================================================================================
[API REQUEST] GET /health
[API REQUEST] No parameters
====================================================================================================

[API RESPONSE] ✅ 200 GET /health


====================================================================================================
[API REQUEST] GET /health
[API REQUEST] No parameters
====================================================================================================

[API RESPONSE] ✅ 200 GET /health


====================================================================================================
[API REQUEST] GET /health
[API REQUEST] No parameters
====================================================================================================

[API RESPONSE] ✅ 200 GET /health


====================================================================================================
[API REQUEST] GET /health
[API REQUEST] No parameters
====================================================================================================

[API RESPONSE] ✅ 200 GET /health


====================================================================================================
[API REQUEST] GET /health
[API REQUEST] No parameters
====================================================================================================

[API RESPONSE] ✅ 200 GET /health


====================================================================================================
[API REQUEST] GET /health
[API REQUEST] No parameters
====================================================================================================

[API RESPONSE] ✅ 200 GET /health


====================================================================================================
[API REQUEST] GET /health
[API REQUEST] No parameters
====================================================================================================

[API RESPONSE] ✅ 200 GET /health


====================================================================================================
[API REQUEST] GET /health
[API REQUEST] No parameters
====================================================================================================

[API RESPONSE] ✅ 200 GET /health


====================================================================================================
[API REQUEST] GET /health
[API REQUEST] No parameters
====================================================================================================

[API RESPONSE] ✅ 200 GET /health


====================================================================================================
[API REQUEST] GET /health
[API REQUEST] No parameters
====================================================================================================

[API RESPONSE] ✅ 200 GET /health


====================================================================================================
[API REQUEST] GET /health
[API REQUEST] No parameters
====================================================================================================

[API RESPONSE] ✅ 200 GET /health


====================================================================================================
[API REQUEST] GET /health
[API REQUEST] No parameters
====================================================================================================

[API RESPONSE] ✅ 200 GET /health


====================================================================================================
[API REQUEST] GET /health
[API REQUEST] No parameters
====================================================================================================

[API RESPONSE] ✅ 200 GET /health


====================================================================================================
[API REQUEST] GET /health
[API REQUEST] No parameters
====================================================================================================

[API RESPONSE] ✅ 200 GET /health


====================================================================================================
[API REQUEST] GET /health
[API REQUEST] No parameters
====================================================================================================

[API RESPONSE] ✅ 200 GET /health


====================================================================================================
[API REQUEST] GET /health
[API REQUEST] No parameters
====================================================================================================

[API RESPONSE] ✅ 200 GET /health


====================================================================================================
[API REQUEST] GET /health
[API REQUEST] No parameters
====================================================================================================

[API RESPONSE] ✅ 200 GET /health


====================================================================================================
[API REQUEST] GET /health
[API REQUEST] No parameters
====================================================================================================

[API RESPONSE] ✅ 200 GET /health


====================================================================================================
[API REQUEST] GET /health
[API REQUEST] No parameters
====================================================================================================

[API RESPONSE] ✅ 200 GET /health


====================================================================================================
[API REQUEST] GET /health
[API REQUEST] No parameters
====================================================================================================

[API RESPONSE] ✅ 200 GET /health


====================================================================================================
[API REQUEST] GET /health
[API REQUEST] No parameters
====================================================================================================

[API RESPONSE] ✅ 200 GET /health


====================================================================================================
127.0.0.1 - - [15/Jan/2026 07:04:22] "GET /health HTTP/1.1" 200 -
127.0.0.1 - - [15/Jan/2026 07:04:27] "GET /health HTTP/1.1" 200 -
127.0.0.1 - - [15/Jan/2026 07:04:32] "GET /health HTTP/1.1" 200 -
127.0.0.1 - - [15/Jan/2026 07:04:37] "GET /health HTTP/1.1" 200 -
127.0.0.1 - - [15/Jan/2026 07:04:42] "GET /health HTTP/1.1" 200 -
127.0.0.1 - - [15/Jan/2026 07:04:47] "GET /health HTTP/1.1" 200 -
127.0.0.1 - - [15/Jan/2026 07:04:52] "GET /health HTTP/1.1" 200 -
127.0.0.1 - - [15/Jan/2026 07:04:57] "GET /health HTTP/1.1" 200 -
127.0.0.1 - - [15/Jan/2026 07:05:02] "GET /health HTTP/1.1" 200 -
127.0.0.1 - - [15/Jan/2026 07:05:07] "GET /health HTTP/1.1" 200 -
127.0.0.1 - - [15/Jan/2026 07:05:12] "GET /health HTTP/1.1" 200 -
127.0.0.1 - - [15/Jan/2026 07:05:17] "GET /health HTTP/1.1" 200 -
127.0.0.1 - - [15/Jan/2026 07:05:22] "GET /health HTTP/1.1" 200 -
127.0.0.1 - - [15/Jan/2026 07:05:27] "GET /health HTTP/1.1" 200 -
127.0.0.1 - - [15/Jan/2026 07:05:33] "GET /health HTTP/1.1" 200 -
127.0.0.1 - - [15/Jan/2026 07:05:38] "GET /health HTTP/1.1" 200 -
127.0.0.1 - - [15/Jan/2026 07:05:43] "GET /health HTTP/1.1" 200 -
127.0.0.1 - - [15/Jan/2026 07:05:48] "GET /health HTTP/1.1" 200 -
127.0.0.1 - - [15/Jan/2026 07:05:53] "GET /health HTTP/1.1" 200 -
127.0.0.1 - - [15/Jan/2026 07:05:58] "GET /health HTTP/1.1" 200 -
127.0.0.1 - - [15/Jan/2026 07:06:03] "GET /health HTTP/1.1" 200 -
127.0.0.1 - - [15/Jan/2026 07:06:08] "GET /health HTTP/1.1" 200 -
127.0.0.1 - - [15/Jan/2026 07:06:13] "GET /health HTTP/1.1" 200 -
127.0.0.1 - - [15/Jan/2026 07:06:18] "GET /health HTTP/1.1" 200 -
127.0.0.1 - - [15/Jan/2026 07:06:23] "GET /health HTTP/1.1" 200 -
127.0.0.1 - - [15/Jan/2026 07:06:28] "GET /health HTTP/1.1" 200 -
127.0.0.1 - - [15/Jan/2026 07:06:33] "GET /health HTTP/1.1" 200 -
127.0.0.1 - - [15/Jan/2026 07:06:38] "GET /health HTTP/1.1" 200 -
[API REQUEST] GET /health
[API REQUEST] No parameters
====================================================================================================

[API RESPONSE] ✅ 200 GET /health


====================================================================================================
[API REQUEST] GET /health
[API REQUEST] No parameters
====================================================================================================

[API RESPONSE] ✅ 200 GET /health


====================================================================================================
[API REQUEST] GET /health
[API REQUEST] No parameters
====================================================================================================

[API RESPONSE] ✅ 200 GET /health


====================================================================================================
[API REQUEST] GET /health
[API REQUEST] No parameters
====================================================================================================

[API RESPONSE] ✅ 200 GET /health


====================================================================================================
[API REQUEST] GET /health
[API REQUEST] No parameters
====================================================================================================

[API RESPONSE] ✅ 200 GET /health


====================================================================================================
[API REQUEST] GET /health
[API REQUEST] No parameters
====================================================================================================

[API RESPONSE] ✅ 200 GET /health


====================================================================================================
[API REQUEST] GET /health
[API REQUEST] No parameters
====================================================================================================

[API RESPONSE] ✅ 200 GET /health


====================================================================================================
[API REQUEST] GET /health
[API REQUEST] No parameters
====================================================================================================

[API RESPONSE] ✅ 200 GET /health


====================================================================================================
[API REQUEST] GET /health
[API REQUEST] No parameters
====================================================================================================

[API RESPONSE] ✅ 200 GET /health


====================================================================================================
[API REQUEST] GET /health
[API REQUEST] No parameters
====================================================================================================

[API RESPONSE] ✅ 200 GET /health


====================================================================================================
[API REQUEST] GET /health
[API REQUEST] No parameters
====================================================================================================

[API RESPONSE] ✅ 200 GET /health


====================================================================================================
[API REQUEST] GET /health
[API REQUEST] No parameters
====================================================================================================

[API RESPONSE] ✅ 200 GET /health


====================================================================================================
[API REQUEST] GET /health
[API REQUEST] No parameters
====================================================================================================

[API RESPONSE] ✅ 200 GET /health


====================================================================================================
[API REQUEST] GET /health
[API REQUEST] No parameters
====================================================================================================

[API RESPONSE] ✅ 200 GET /health


====================================================================================================
[API REQUEST] GET /health
[API REQUEST] No parameters
====================================================================================================

[API RESPONSE] ✅ 200 GET /health


====================================================================================================
[API REQUEST] GET /health
[API REQUEST] No parameters
====================================================================================================

[API RESPONSE] ✅ 200 GET /health


====================================================================================================
[API REQUEST] GET /health
[API REQUEST] No parameters
====================================================================================================

[API RESPONSE] ✅ 200 GET /health


====================================================================================================
[API REQUEST] GET /health
[API REQUEST] No parameters
====================================================================================================

[API RESPONSE] ✅ 200 GET /health


====================================================================================================
[API REQUEST] GET /health
[API REQUEST] No parameters
====================================================================================================

[API RESPONSE] ✅ 200 GET /health


====================================================================================================
[API REQUEST] GET /health
[API REQUEST] No parameters
====================================================================================================

[API RESPONSE] ✅ 200 GET /health


====================================================================================================
[API REQUEST] GET /health
[API REQUEST] No parameters
====================================================================================================

[API RESPONSE] ✅ 200 GET /health


====================================================================================================
[API REQUEST] GET /health
[API REQUEST] No parameters
====================================================================================================

[API RESPONSE] ✅ 200 GET /health


====================================================================================================
[API REQUEST] GET /health
[API REQUEST] No parameters
====================================================================================================

[API RESPONSE] ✅ 200 GET /health


====================================================================================================
[API REQUEST] GET /health
[API REQUEST] No parameters
====================================================================================================

[API RESPONSE] ✅ 200 GET /health


====================================================================================================
[API REQUEST] GET /health
[API REQUEST] No parameters
====================================================================================================

[API RESPONSE] ✅ 200 GET /health


====================================================================================================
[API REQUEST] GET /health
[API REQUEST] No parameters
====================================================================================================

[API RESPONSE] ✅ 200 GET /health


====================================================================================================
[API REQUEST] GET /health
[API REQUEST] No parameters
====================================================================================================

[API RESPONSE] ✅ 200 GET /health


====================================================================================================
[API REQUEST] GET /health
[API REQUEST] No parameters
====================================================================================================

[API RESPONSE] ✅ 200 GET /health

127.0.0.1 - - [15/Jan/2026 07:06:43] "GET /health HTTP/1.1" 200 -
127.0.0.1 - - [15/Jan/2026 07:06:48] "GET /health HTTP/1.1" 200 -
127.0.0.1 - - [15/Jan/2026 07:06:53] "GET /health HTTP/1.1" 200 -
127.0.0.1 - - [15/Jan/2026 07:06:58] "GET /health HTTP/1.1" 200 -
127.0.0.1 - - [15/Jan/2026 07:07:03] "GET /health HTTP/1.1" 200 -
127.0.0.1 - - [15/Jan/2026 07:07:08] "GET /health HTTP/1.1" 200 -
127.0.0.1 - - [15/Jan/2026 07:07:13] "GET /health HTTP/1.1" 200 -
127.0.0.1 - - [15/Jan/2026 07:07:18] "GET /health HTTP/1.1" 200 -
127.0.0.1 - - [15/Jan/2026 07:07:23] "GET /health HTTP/1.1" 200 -
127.0.0.1 - - [15/Jan/2026 07:07:28] "GET /health HTTP/1.1" 200 -
127.0.0.1 - - [15/Jan/2026 07:07:33] "GET /health HTTP/1.1" 200 -
127.0.0.1 - - [15/Jan/2026 07:07:38] "GET /health HTTP/1.1" 200 -
127.0.0.1 - - [15/Jan/2026 07:07:43] "GET /health HTTP/1.1" 200 -
127.0.0.1 - - [15/Jan/2026 07:07:48] "GET /health HTTP/1.1" 200 -
127.0.0.1 - - [15/Jan/2026 07:07:53] "GET /health HTTP/1.1" 200 -
127.0.0.1 - - [15/Jan/2026 07:07:58] "GET /health HTTP/1.1" 200 -
127.0.0.1 - - [15/Jan/2026 07:08:03] "GET /health HTTP/1.1" 200 -
127.0.0.1 - - [15/Jan/2026 07:08:08] "GET /health HTTP/1.1" 200 -
127.0.0.1 - - [15/Jan/2026 07:08:13] "GET /health HTTP/1.1" 200 -
127.0.0.1 - - [15/Jan/2026 07:08:18] "GET /health HTTP/1.1" 200 -
127.0.0.1 - - [15/Jan/2026 07:08:23] "GET /health HTTP/1.1" 200 -
127.0.0.1 - - [15/Jan/2026 07:08:28] "GET /health HTTP/1.1" 200 -
127.0.0.1 - - [15/Jan/2026 07:08:33] "GET /health HTTP/1.1" 200 -
127.0.0.1 - - [15/Jan/2026 07:08:38] "GET /health HTTP/1.1" 200 -
127.0.0.1 - - [15/Jan/2026 07:08:43] "GET /health HTTP/1.1" 200 -
127.0.0.1 - - [15/Jan/2026 07:08:48] "GET /health HTTP/1.1" 200 -
127.0.0.1 - - [15/Jan/2026 07:08:53] "GET /health HTTP/1.1" 200 -

====================================================================================================
[API REQUEST] GET /health
[API REQUEST] No parameters
====================================================================================================

[API RESPONSE] ✅ 200 GET /health


====================================================================================================
[API REQUEST] GET /health
[API REQUEST] No parameters
====================================================================================================

[API RESPONSE] ✅ 200 GET /health


====================================================================================================
[API REQUEST] GET /health
[API REQUEST] No parameters
====================================================================================================

[API RESPONSE] ✅ 200 GET /health


====================================================================================================
[API REQUEST] GET /health
[API REQUEST] No parameters
====================================================================================================

[API RESPONSE] ✅ 200 GET /health


====================================================================================================
[API REQUEST] GET /health
[API REQUEST] No parameters
====================================================================================================

[API RESPONSE] ✅ 200 GET /health


====================================================================================================
[API REQUEST] GET /health
[API REQUEST] No parameters
====================================================================================================

[API RESPONSE] ✅ 200 GET /health


====================================================================================================
[API REQUEST] GET /health
[API REQUEST] No parameters
====================================================================================================

[API RESPONSE] ✅ 200 GET /health


====================================================================================================
[API REQUEST] GET /health
[API REQUEST] No parameters
====================================================================================================

[API RESPONSE] ✅ 200 GET /health


====================================================================================================
[API REQUEST] GET /health
[API REQUEST] No parameters
====================================================================================================

[API RESPONSE] ✅ 200 GET /health


====================================================================================================
[API REQUEST] GET /health
[API REQUEST] No parameters
====================================================================================================

[API RESPONSE] ✅ 200 GET /health


====================================================================================================
[API REQUEST] GET /health
[API REQUEST] No parameters
====================================================================================================

[API RESPONSE] ✅ 200 GET /health


====================================================================================================
[API REQUEST] GET /health
[API REQUEST] No parameters
====================================================================================================

[API RESPONSE] ✅ 200 GET /health


====================================================================================================
[API REQUEST] GET /health
[API REQUEST] No parameters
====================================================================================================

[API RESPONSE] ✅ 200 GET /health


====================================================================================================
[API REQUEST] GET /health
[API REQUEST] No parameters
====================================================================================================

[API RESPONSE] ✅ 200 GET /health


====================================================================================================
[API REQUEST] GET /health
[API REQUEST] No parameters
====================================================================================================

[API RESPONSE] ✅ 200 GET /health


====================================================================================================
[API REQUEST] GET /health
[API REQUEST] No parameters
====================================================================================================

[API RESPONSE] ✅ 200 GET /health


====================================================================================================
[API REQUEST] GET /health
[API REQUEST] No parameters
====================================================================================================

[API RESPONSE] ✅ 200 GET /health


====================================================================================================
[API REQUEST] GET /health
[API REQUEST] No parameters
====================================================================================================

[API RESPONSE] ✅ 200 GET /health


====================================================================================================
[API REQUEST] GET /health
[API REQUEST] No parameters
====================================================================================================

[API RESPONSE] ✅ 200 GET /health


====================================================================================================
[API REQUEST] GET /health
[API REQUEST] No parameters
====================================================================================================

[API RESPONSE] ✅ 200 GET /health


====================================================================================================
[API REQUEST] GET /health
[API REQUEST] No parameters
====================================================================================================

[API RESPONSE] ✅ 200 GET /health


====================================================================================================
[API REQUEST] GET /health
[API REQUEST] No parameters
====================================================================================================

[API RESPONSE] ✅ 200 GET /health


====================================================================================================
[API REQUEST] GET /health
[API REQUEST] No parameters
====================================================================================================

[API RESPONSE] ✅ 200 GET /health


====================================================================================================
[API REQUEST] GET /health
[API REQUEST] No parameters
====================================================================================================

[API RESPONSE] ✅ 200 GET /health


====================================================================================================
[API REQUEST] GET /health
[API REQUEST] No parameters
====================================================================================================

[API RESPONSE] ✅ 200 GET /health


====================================================================================================
[API REQUEST] GET /health
[API REQUEST] No parameters
====================================================================================================

[API RESPONSE] ✅ 200 GET /health


====================================================================================================
[API REQUEST] GET /health
[API REQUEST] No parameters
====================================================================================================

[API RESPONSE] ✅ 200 GET /health


====================================================================================================
[API REQUEST] GET /health
[API REQUEST] No parameters
127.0.0.1 - - [15/Jan/2026 07:08:59] "GET /health HTTP/1.1" 200 -
127.0.0.1 - - [15/Jan/2026 07:09:04] "GET /health HTTP/1.1" 200 -
127.0.0.1 - - [15/Jan/2026 07:09:09] "GET /health HTTP/1.1" 200 -
127.0.0.1 - - [15/Jan/2026 07:09:14] "GET /health HTTP/1.1" 200 -
127.0.0.1 - - [15/Jan/2026 07:09:19] "GET /health HTTP/1.1" 200 -
127.0.0.1 - - [15/Jan/2026 07:09:24] "GET /health HTTP/1.1" 200 -
127.0.0.1 - - [15/Jan/2026 07:09:29] "GET /health HTTP/1.1" 200 -
127.0.0.1 - - [15/Jan/2026 07:09:34] "GET /health HTTP/1.1" 200 -
127.0.0.1 - - [15/Jan/2026 07:09:39] "GET /health HTTP/1.1" 200 -
127.0.0.1 - - [15/Jan/2026 07:09:44] "GET /health HTTP/1.1" 200 -
127.0.0.1 - - [15/Jan/2026 07:09:49] "GET /health HTTP/1.1" 200 -
====================================================================================================

[API RESPONSE] ✅ 200 GET /health


====================================================================================================
[API REQUEST] GET /health
[API REQUEST] No parameters
====================================================================================================

[API RESPONSE] ✅ 200 GET /health


====================================================================================================
[API REQUEST] GET /health
[API REQUEST] No parameters
====================================================================================================

[API RESPONSE] ✅ 200 GET /health


====================================================================================================
[API REQUEST] GET /health
[API REQUEST] No parameters
====================================================================================================

[API RESPONSE] ✅ 200 GET /health


====================================================================================================
[API REQUEST] GET /health
[API REQUEST] No parameters
====================================================================================================

[API RESPONSE] ✅ 200 GET /health


====================================================================================================
[API REQUEST] GET /health
[API REQUEST] No parameters
====================================================================================================

[API RESPONSE] ✅ 200 GET /health


====================================================================================================
[API REQUEST] GET /health
[API REQUEST] No parameters
====================================================================================================

[API RESPONSE] ✅ 200 GET /health


====================================================================================================
[API REQUEST] GET /health
[API REQUEST] No parameters
====================================================================================================

[API RESPONSE] ✅ 200 GET /health


====================================================================================================
[API REQUEST] GET /health
[API REQUEST] No parameters
====================================================================================================

[API RESPONSE] ✅ 200 GET /health


====================================================================================================
[API REQUEST] GET /health
[API REQUEST] No parameters
====================================================================================================

[API RESPONSE] ✅ 200 GET /health


====================================================================================================
[API REQUEST] GET /health
[API REQUEST] No parameters
====================================================================================================

[API RESPONSE] ✅ 200 GET /health

