[INFO] Job Service v2.3-DB-FIXED starting...
[INFO] Database connection management fixed for real-time status updates
[CONFIG] ANALYSIS_MODE loaded: rag (from env: rag)
[INIT] AI_SERVICE_URL: http://127.0.0.1:5100/analyze
[INIT] Port: 5005
[INIT] Database: /Users/shaydu/dev/mondrian-macos/mondrian/mondrian.db
[INIT] Debug mode: False
[INIT] Created directories
[INIT] Initializing database...
[INIT] Database schema OK
[INIT] RAG Default: ENABLED (from RAG_ENABLED env var)
============================================================
Starting Job Service v2.3-DB-FIXED on port 5005...
Host: 0.0.0.0:5005
AI Service: http://127.0.0.1:5100/analyze
============================================================
 * Serving Flask app 'job_service_v2.3'
 * Debug mode: off
[31m[1mWARNING: This is a development server. Do not use it in a production deployment. Use a production WSGI server instead.[0m
 * Running on all addresses (0.0.0.0)
 * Running on http://127.0.0.1:5005
 * Running on http://10.0.0.131:5005
[33mPress CTRL+C to quit[0m
127.0.0.1 - - [15/Jan/2026 07:28:20] "GET /health HTTP/1.1" 200 -
127.0.0.1 - - [15/Jan/2026 07:28:20] "GET /health HTTP/1.1" 200 -
127.0.0.1 - - [15/Jan/2026 07:28:20] "GET /health HTTP/1.1" 200 -
127.0.0.1 - - [15/Jan/2026 07:28:20] "GET /health HTTP/1.1" 200 -
127.0.0.1 - - [15/Jan/2026 07:28:25] "GET /health HTTP/1.1" 200 -
127.0.0.1 - - [15/Jan/2026 07:28:25] "GET /health HTTP/1.1" 200 -
127.0.0.1 - - [15/Jan/2026 07:28:25] "GET /health HTTP/1.1" 200 -
127.0.0.1 - - [15/Jan/2026 07:28:25] "GET /health HTTP/1.1" 200 -
127.0.0.1 - - [15/Jan/2026 07:28:26] "GET /health HTTP/1.1" 200 -
127.0.0.1 - - [15/Jan/2026 07:28:28] "GET /health HTTP/1.1" 200 -
127.0.0.1 - - [15/Jan/2026 07:28:30] "GET /health HTTP/1.1" 200 -
127.0.0.1 - - [15/Jan/2026 07:28:30] "GET /health HTTP/1.1" 200 -
127.0.0.1 - - [15/Jan/2026 07:28:30] "GET /health HTTP/1.1" 200 -
127.0.0.1 - - [15/Jan/2026 07:28:30] "GET /health HTTP/1.1" 200 -
127.0.0.1 - - [15/Jan/2026 07:28:35] "GET /health HTTP/1.1" 200 -
127.0.0.1 - - [15/Jan/2026 07:28:35] "GET /health HTTP/1.1" 200 -
127.0.0.1 - - [15/Jan/2026 07:28:35] "GET /health HTTP/1.1" 200 -
127.0.0.1 - - [15/Jan/2026 07:28:35] "GET /health HTTP/1.1" 200 -
127.0.0.1 - - [15/Jan/2026 07:28:40] "GET /health HTTP/1.1" 200 -
127.0.0.1 - - [15/Jan/2026 07:28:41] "GET /health HTTP/1.1" 200 -
127.0.0.1 - - [15/Jan/2026 07:28:41] "GET /health HTTP/1.1" 200 -
127.0.0.1 - - [15/Jan/2026 07:28:41] "GET /health HTTP/1.1" 200 -
127.0.0.1 - - [15/Jan/2026 07:28:46] "GET /health HTTP/1.1" 200 -
127.0.0.1 - - [15/Jan/2026 07:28:46] "GET /health HTTP/1.1" 200 -
127.0.0.1 - - [15/Jan/2026 07:28:46] "GET /health HTTP/1.1" 200 -
127.0.0.1 - - [15/Jan/2026 07:28:46] "GET /health HTTP/1.1" 200 -
127.0.0.1 - - [15/Jan/2026 07:28:51] "GET /health HTTP/1.1" 200 -

====================================================================================================
[API REQUEST] GET /health
[API REQUEST] No parameters
====================================================================================================

[API RESPONSE] ✅ 200 GET /health


====================================================================================================
[API REQUEST] GET /health
[API REQUEST] No parameters
====================================================================================================

[API RESPONSE] ✅ 200 GET /health


====================================================================================================
[API REQUEST] GET /health
[API REQUEST] No parameters
====================================================================================================

[API RESPONSE] ✅ 200 GET /health


====================================================================================================
[API REQUEST] GET /health
[API REQUEST] No parameters
====================================================================================================

[API RESPONSE] ✅ 200 GET /health


====================================================================================================
[API REQUEST] GET /health
[API REQUEST] No parameters
====================================================================================================

[API RESPONSE] ✅ 200 GET /health


====================================================================================================
[API REQUEST] GET /health
[API REQUEST] No parameters
====================================================================================================

[API RESPONSE] ✅ 200 GET /health


====================================================================================================
[API REQUEST] GET /health
[API REQUEST] No parameters
====================================================================================================

[API RESPONSE] ✅ 200 GET /health


====================================================================================================
[API REQUEST] GET /health
[API REQUEST] No parameters
====================================================================================================

[API RESPONSE] ✅ 200 GET /health


====================================================================================================
[API REQUEST] GET /health
[API REQUEST] No parameters
====================================================================================================

[API RESPONSE] ✅ 200 GET /health


====================================================================================================
[API REQUEST] GET /health
[API REQUEST] No parameters
====================================================================================================

[API RESPONSE] ✅ 200 GET /health


====================================================================================================
[API REQUEST] GET /health
[API REQUEST] No parameters
====================================================================================================

[API RESPONSE] ✅ 200 GET /health


====================================================================================================
[API REQUEST] GET /health
[API REQUEST] No parameters
====================================================================================================

[API RESPONSE] ✅ 200 GET /health


====================================================================================================
[API REQUEST] GET /health
[API REQUEST] No parameters
====================================================================================================

[API RESPONSE] ✅ 200 GET /health


====================================================================================================
[API REQUEST] GET /health
[API REQUEST] No parameters
====================================================================================================

[API RESPONSE] ✅ 200 GET /health


====================================================================================================
[API REQUEST] GET /health
[API REQUEST] No parameters
====================================================================================================

[API RESPONSE] ✅ 200 GET /health


====================================================================================================
[API REQUEST] GET /health
[API REQUEST] No parameters
====================================================================================================

[API RESPONSE] ✅ 200 GET /health


====================================================================================================
[API REQUEST] GET /health
[API REQUEST] No parameters
====================================================================================================

[API RESPONSE] ✅ 200 GET /health


====================================================================================================
[API REQUEST] GET /health
[API REQUEST] No parameters
====================================================================================================

[API RESPONSE] ✅ 200 GET /health


====================================================================================================
[API REQUEST] GET /health
[API REQUEST] No parameters
====================================================================================================

[API RESPONSE] ✅ 200 GET /health


====================================================================================================
[API REQUEST] GET /health
[API REQUEST] No parameters
====================================================================================================

[API RESPONSE] ✅ 200 GET /health


====================================================================================================
[API REQUEST] GET /health
[API REQUEST] No parameters
====================================================================================================

[API RESPONSE] ✅ 200 GET /health


====================================================================================================
[API REQUEST] GET /health
[API REQUEST] No parameters
====================================================================================================

[API RESPONSE] ✅ 200 GET /health


====================================================================================================
[API REQUEST] GET /health
[API REQUEST] No parameters
====================================================================================================

[API RESPONSE] ✅ 200 GET /health


====================================================================================================
[API REQUEST] GET /health
[API REQUEST] No parameters
====================================================================================================

[API RESPONSE] ✅ 200 GET /health


====================================================================================================
[API REQUEST] GET /health
[API REQUEST] No parameters
====================================================================================================

[API RESPONSE] ✅ 200 GET /health


====================================================================================================
[API REQUEST] GET /health
[API REQUEST] No parameters
====================================================================================================

[API RESPONSE] ✅ 200 GET /health


====================================================================================================
[API REQUEST] GET /health
[API REQUEST] No parameters
====================================================================================================

[API RESPONSE] ✅ 200 GET /health


====================================================================================================
[API REQUEST] GET /health
[API REQUEST] No parameters
127.0.0.1 - - [15/Jan/2026 07:28:51] "GET /health HTTP/1.1" 200 -
127.0.0.1 - - [15/Jan/2026 07:28:51] "GET /health HTTP/1.1" 200 -
127.0.0.1 - - [15/Jan/2026 07:28:51] "GET /health HTTP/1.1" 200 -
127.0.0.1 - - [15/Jan/2026 07:28:56] "GET /health HTTP/1.1" 200 -
127.0.0.1 - - [15/Jan/2026 07:28:56] "GET /health HTTP/1.1" 200 -
127.0.0.1 - - [15/Jan/2026 07:28:56] "GET /health HTTP/1.1" 200 -
127.0.0.1 - - [15/Jan/2026 07:28:56] "GET /health HTTP/1.1" 200 -
127.0.0.1 - - [15/Jan/2026 07:29:01] "GET /health HTTP/1.1" 200 -
127.0.0.1 - - [15/Jan/2026 07:29:01] "GET /health HTTP/1.1" 200 -
127.0.0.1 - - [15/Jan/2026 07:29:01] "GET /health HTTP/1.1" 200 -
127.0.0.1 - - [15/Jan/2026 07:29:01] "GET /health HTTP/1.1" 200 -
127.0.0.1 - - [15/Jan/2026 07:29:06] "GET /health HTTP/1.1" 200 -
127.0.0.1 - - [15/Jan/2026 07:29:06] "GET /health HTTP/1.1" 200 -
127.0.0.1 - - [15/Jan/2026 07:29:06] "GET /health HTTP/1.1" 200 -
127.0.0.1 - - [15/Jan/2026 07:29:06] "GET /health HTTP/1.1" 200 -
127.0.0.1 - - [15/Jan/2026 07:29:11] "GET /health HTTP/1.1" 200 -
127.0.0.1 - - [15/Jan/2026 07:29:11] "GET /health HTTP/1.1" 200 -
127.0.0.1 - - [15/Jan/2026 07:29:11] "GET /health HTTP/1.1" 200 -
127.0.0.1 - - [15/Jan/2026 07:29:11] "GET /health HTTP/1.1" 200 -
127.0.0.1 - - [15/Jan/2026 07:29:16] "GET /health HTTP/1.1" 200 -
127.0.0.1 - - [15/Jan/2026 07:29:16] "GET /health HTTP/1.1" 200 -
127.0.0.1 - - [15/Jan/2026 07:29:16] "GET /health HTTP/1.1" 200 -
127.0.0.1 - - [15/Jan/2026 07:29:16] "GET /health HTTP/1.1" 200 -
127.0.0.1 - - [15/Jan/2026 07:29:21] "GET /health HTTP/1.1" 200 -
127.0.0.1 - - [15/Jan/2026 07:29:21] "GET /health HTTP/1.1" 200 -
127.0.0.1 - - [15/Jan/2026 07:29:21] "GET /health HTTP/1.1" 200 -
127.0.0.1 - - [15/Jan/2026 07:29:21] "GET /health HTTP/1.1" 200 -
127.0.0.1 - - [15/Jan/2026 07:29:23] "[33mGET /favicon.ico HTTP/1.1[0m" 404 -
====================================================================================================

[API RESPONSE] ✅ 200 GET /health


====================================================================================================
[API REQUEST] GET /health
[API REQUEST] No parameters
====================================================================================================

[API RESPONSE] ✅ 200 GET /health


====================================================================================================
[API REQUEST] GET /health
[API REQUEST] No parameters
====================================================================================================

[API RESPONSE] ✅ 200 GET /health


====================================================================================================
[API REQUEST] GET /health
[API REQUEST] No parameters
====================================================================================================

[API RESPONSE] ✅ 200 GET /health


====================================================================================================
[API REQUEST] GET /health
[API REQUEST] No parameters
====================================================================================================

[API RESPONSE] ✅ 200 GET /health


====================================================================================================
[API REQUEST] GET /health
[API REQUEST] No parameters
====================================================================================================

[API RESPONSE] ✅ 200 GET /health


====================================================================================================
[API REQUEST] GET /health
[API REQUEST] No parameters
====================================================================================================

[API RESPONSE] ✅ 200 GET /health


====================================================================================================
[API REQUEST] GET /health
[API REQUEST] No parameters
====================================================================================================

[API RESPONSE] ✅ 200 GET /health


====================================================================================================
[API REQUEST] GET /health
[API REQUEST] No parameters
====================================================================================================

[API RESPONSE] ✅ 200 GET /health


====================================================================================================
[API REQUEST] GET /health
[API REQUEST] No parameters
====================================================================================================

[API RESPONSE] ✅ 200 GET /health


====================================================================================================
[API REQUEST] GET /health
[API REQUEST] No parameters
====================================================================================================

[API RESPONSE] ✅ 200 GET /health


====================================================================================================
[API REQUEST] GET /health
[API REQUEST] No parameters
====================================================================================================

[API RESPONSE] ✅ 200 GET /health


====================================================================================================
[API REQUEST] GET /health
[API REQUEST] No parameters
====================================================================================================

[API RESPONSE] ✅ 200 GET /health


====================================================================================================
[API REQUEST] GET /health
[API REQUEST] No parameters
====================================================================================================

[API RESPONSE] ✅ 200 GET /health


====================================================================================================
[API REQUEST] GET /health
[API REQUEST] No parameters
====================================================================================================

[API RESPONSE] ✅ 200 GET /health


====================================================================================================
[API REQUEST] GET /health
[API REQUEST] No parameters
====================================================================================================

[API RESPONSE] ✅ 200 GET /health


====================================================================================================
[API REQUEST] GET /health
[API REQUEST] No parameters
====================================================================================================

[API RESPONSE] ✅ 200 GET /health


====================================================================================================
[API REQUEST] GET /health
[API REQUEST] No parameters
====================================================================================================

[API RESPONSE] ✅ 200 GET /health


====================================================================================================
[API REQUEST] GET /health
[API REQUEST] No parameters
====================================================================================================

[API RESPONSE] ✅ 200 GET /health


====================================================================================================
[API REQUEST] GET /health
[API REQUEST] No parameters
====================================================================================================

[API RESPONSE] ✅ 200 GET /health


====================================================================================================
[API REQUEST] GET /health
[API REQUEST] No parameters
====================================================================================================

[API RESPONSE] ✅ 200 GET /health


====================================================================================================
[API REQUEST] GET /health
[API REQUEST] No parameters
====================================================================================================

[API RESPONSE] ✅ 200 GET /health


====================================================================================================
[API REQUEST] GET /health
[API REQUEST] No parameters
====================================================================================================

[API RESPONSE] ✅ 200 GET /health


====================================================================================================
[API REQUEST] GET /health
[API REQUEST] No parameters
====================================================================================================

[API RESPONSE] ✅ 200 GET /health


====================================================================================================
[API REQUEST] GET /health
[API REQUEST] No parameters
====================================================================================================

[API RESPONSE] ✅ 200 GET /health


====================================================================================================
[API REQUEST] GET /health
[API REQUEST] No parameters
====================================================================================================

[API RESPONSE] ✅ 200 GET /health


====================================================================================================
[API REQUEST] GET /health
[API REQUEST] No parameters
====================================================================================================

[API RESPONSE] ✅ 200 GET /health


====================================================================================================
[API REQUEST] GET /favicon.ico
[API REQUEST] No parameters
====================================================================================================

[API RESPONSE] ❌ 404 GET /favicon.ico


====================================================================================================
127.0.0.1 - - [15/Jan/2026 07:29:26] "GET /health HTTP/1.1" 200 -
127.0.0.1 - - [15/Jan/2026 07:29:26] "GET /health HTTP/1.1" 200 -
127.0.0.1 - - [15/Jan/2026 07:29:26] "GET /health HTTP/1.1" 200 -
127.0.0.1 - - [15/Jan/2026 07:29:26] "GET /health HTTP/1.1" 200 -
127.0.0.1 - - [15/Jan/2026 07:29:31] "GET /health HTTP/1.1" 200 -
127.0.0.1 - - [15/Jan/2026 07:29:31] "GET /health HTTP/1.1" 200 -
127.0.0.1 - - [15/Jan/2026 07:29:31] "GET /health HTTP/1.1" 200 -
127.0.0.1 - - [15/Jan/2026 07:29:31] "GET /health HTTP/1.1" 200 -
127.0.0.1 - - [15/Jan/2026 07:29:36] "GET /health HTTP/1.1" 200 -
127.0.0.1 - - [15/Jan/2026 07:29:36] "GET /health HTTP/1.1" 200 -
127.0.0.1 - - [15/Jan/2026 07:29:36] "GET /health HTTP/1.1" 200 -
127.0.0.1 - - [15/Jan/2026 07:29:36] "GET /health HTTP/1.1" 200 -
127.0.0.1 - - [15/Jan/2026 07:29:41] "GET /health HTTP/1.1" 200 -
127.0.0.1 - - [15/Jan/2026 07:29:41] "GET /health HTTP/1.1" 200 -
127.0.0.1 - - [15/Jan/2026 07:29:41] "GET /health HTTP/1.1" 200 -
127.0.0.1 - - [15/Jan/2026 07:29:41] "GET /health HTTP/1.1" 200 -
127.0.0.1 - - [15/Jan/2026 07:29:46] "GET /health HTTP/1.1" 200 -
127.0.0.1 - - [15/Jan/2026 07:29:46] "GET /health HTTP/1.1" 200 -
127.0.0.1 - - [15/Jan/2026 07:29:46] "GET /health HTTP/1.1" 200 -
127.0.0.1 - - [15/Jan/2026 07:29:46] "GET /health HTTP/1.1" 200 -
127.0.0.1 - - [15/Jan/2026 07:29:51] "GET /health HTTP/1.1" 200 -
127.0.0.1 - - [15/Jan/2026 07:29:51] "GET /health HTTP/1.1" 200 -
127.0.0.1 - - [15/Jan/2026 07:29:51] "GET /health HTTP/1.1" 200 -
127.0.0.1 - - [15/Jan/2026 07:29:51] "GET /health HTTP/1.1" 200 -
127.0.0.1 - - [15/Jan/2026 07:29:56] "GET /health HTTP/1.1" 200 -
127.0.0.1 - - [15/Jan/2026 07:29:56] "GET /health HTTP/1.1" 200 -
127.0.0.1 - - [15/Jan/2026 07:29:56] "GET /health HTTP/1.1" 200 -
127.0.0.1 - - [15/Jan/2026 07:29:56] "GET /health HTTP/1.1" 200 -
[API REQUEST] GET /health
[API REQUEST] No parameters
====================================================================================================

[API RESPONSE] ✅ 200 GET /health


====================================================================================================
[API REQUEST] GET /health
[API REQUEST] No parameters
====================================================================================================

[API RESPONSE] ✅ 200 GET /health


====================================================================================================
[API REQUEST] GET /health
[API REQUEST] No parameters
====================================================================================================

[API RESPONSE] ✅ 200 GET /health


====================================================================================================
[API REQUEST] GET /health
[API REQUEST] No parameters
====================================================================================================

[API RESPONSE] ✅ 200 GET /health


====================================================================================================
[API REQUEST] GET /health
[API REQUEST] No parameters
====================================================================================================

[API RESPONSE] ✅ 200 GET /health


====================================================================================================
[API REQUEST] GET /health
[API REQUEST] No parameters
====================================================================================================

[API RESPONSE] ✅ 200 GET /health


====================================================================================================
[API REQUEST] GET /health
[API REQUEST] No parameters
====================================================================================================

[API RESPONSE] ✅ 200 GET /health


====================================================================================================
[API REQUEST] GET /health
[API REQUEST] No parameters
====================================================================================================

[API RESPONSE] ✅ 200 GET /health


====================================================================================================
[API REQUEST] GET /health
[API REQUEST] No parameters
====================================================================================================

[API RESPONSE] ✅ 200 GET /health


====================================================================================================
[API REQUEST] GET /health
[API REQUEST] No parameters
====================================================================================================

[API RESPONSE] ✅ 200 GET /health


====================================================================================================
[API REQUEST] GET /health
[API REQUEST] No parameters
====================================================================================================

[API RESPONSE] ✅ 200 GET /health


====================================================================================================
[API REQUEST] GET /health
[API REQUEST] No parameters
====================================================================================================

[API RESPONSE] ✅ 200 GET /health


====================================================================================================
[API REQUEST] GET /health
[API REQUEST] No parameters
====================================================================================================

[API RESPONSE] ✅ 200 GET /health


====================================================================================================
[API REQUEST] GET /health
[API REQUEST] No parameters
====================================================================================================

[API RESPONSE] ✅ 200 GET /health


====================================================================================================
[API REQUEST] GET /health
[API REQUEST] No parameters
====================================================================================================

[API RESPONSE] ✅ 200 GET /health


====================================================================================================
[API REQUEST] GET /health
[API REQUEST] No parameters
====================================================================================================

[API RESPONSE] ✅ 200 GET /health


====================================================================================================
[API REQUEST] GET /health
[API REQUEST] No parameters
====================================================================================================

[API RESPONSE] ✅ 200 GET /health


====================================================================================================
[API REQUEST] GET /health
[API REQUEST] No parameters
====================================================================================================

[API RESPONSE] ✅ 200 GET /health


====================================================================================================
[API REQUEST] GET /health
[API REQUEST] No parameters
====================================================================================================

[API RESPONSE] ✅ 200 GET /health


====================================================================================================
[API REQUEST] GET /health
[API REQUEST] No parameters
====================================================================================================

[API RESPONSE] ✅ 200 GET /health


====================================================================================================
[API REQUEST] GET /health
[API REQUEST] No parameters
====================================================================================================

[API RESPONSE] ✅ 200 GET /health


====================================================================================================
[API REQUEST] GET /health
[API REQUEST] No parameters
====================================================================================================

[API RESPONSE] ✅ 200 GET /health


====================================================================================================
[API REQUEST] GET /health
[API REQUEST] No parameters
====================================================================================================

[API RESPONSE] ✅ 200 GET /health


====================================================================================================
[API REQUEST] GET /health
[API REQUEST] No parameters
====================================================================================================

[API RESPONSE] ✅ 200 GET /health


====================================================================================================
[API REQUEST] GET /health
[API REQUEST] No parameters
====================================================================================================

[API RESPONSE] ✅ 200 GET /health


====================================================================================================
[API REQUEST] GET /health
[API REQUEST] No parameters
====================================================================================================

[API RESPONSE] ✅ 200 GET /health


====================================================================================================
[API REQUEST] GET /health
[API REQUEST] No parameters
====================================================================================================

[API RESPONSE] ✅ 200 GET /health


====================================================================================================
[API REQUEST] GET /health
[API REQUEST] No parameters
====================================================================================================

[API RESPONSE] ✅ 200 GET /health

127.0.0.1 - - [15/Jan/2026 07:30:02] "GET /health HTTP/1.1" 200 -
127.0.0.1 - - [15/Jan/2026 07:30:02] "GET /health HTTP/1.1" 200 -
127.0.0.1 - - [15/Jan/2026 07:30:02] "GET /health HTTP/1.1" 200 -
127.0.0.1 - - [15/Jan/2026 07:30:02] "GET /health HTTP/1.1" 200 -
127.0.0.1 - - [15/Jan/2026 07:30:07] "GET /health HTTP/1.1" 200 -
127.0.0.1 - - [15/Jan/2026 07:30:07] "GET /health HTTP/1.1" 200 -
127.0.0.1 - - [15/Jan/2026 07:30:07] "GET /health HTTP/1.1" 200 -
127.0.0.1 - - [15/Jan/2026 07:30:07] "GET /health HTTP/1.1" 200 -
127.0.0.1 - - [15/Jan/2026 07:30:12] "GET /health HTTP/1.1" 200 -
127.0.0.1 - - [15/Jan/2026 07:30:12] "GET /health HTTP/1.1" 200 -
127.0.0.1 - - [15/Jan/2026 07:30:12] "GET /health HTTP/1.1" 200 -
127.0.0.1 - - [15/Jan/2026 07:30:12] "GET /health HTTP/1.1" 200 -
127.0.0.1 - - [15/Jan/2026 07:30:17] "GET /health HTTP/1.1" 200 -
127.0.0.1 - - [15/Jan/2026 07:30:17] "GET /health HTTP/1.1" 200 -
127.0.0.1 - - [15/Jan/2026 07:30:17] "GET /health HTTP/1.1" 200 -
127.0.0.1 - - [15/Jan/2026 07:30:17] "GET /health HTTP/1.1" 200 -
127.0.0.1 - - [15/Jan/2026 07:30:22] "GET /health HTTP/1.1" 200 -
127.0.0.1 - - [15/Jan/2026 07:30:22] "GET /health HTTP/1.1" 200 -
127.0.0.1 - - [15/Jan/2026 07:30:22] "GET /health HTTP/1.1" 200 -
127.0.0.1 - - [15/Jan/2026 07:30:22] "GET /health HTTP/1.1" 200 -
127.0.0.1 - - [15/Jan/2026 07:30:27] "GET /health HTTP/1.1" 200 -
127.0.0.1 - - [15/Jan/2026 07:30:27] "GET /health HTTP/1.1" 200 -
127.0.0.1 - - [15/Jan/2026 07:30:27] "GET /health HTTP/1.1" 200 -
127.0.0.1 - - [15/Jan/2026 07:30:27] "GET /health HTTP/1.1" 200 -
127.0.0.1 - - [15/Jan/2026 07:30:32] "GET /health HTTP/1.1" 200 -
127.0.0.1 - - [15/Jan/2026 07:30:32] "GET /health HTTP/1.1" 200 -
127.0.0.1 - - [15/Jan/2026 07:30:32] "GET /health HTTP/1.1" 200 -

====================================================================================================
[API REQUEST] GET /health
[API REQUEST] No parameters
====================================================================================================

[API RESPONSE] ✅ 200 GET /health


====================================================================================================
[API REQUEST] GET /health
[API REQUEST] No parameters
====================================================================================================

[API RESPONSE] ✅ 200 GET /health


====================================================================================================
[API REQUEST] GET /health
[API REQUEST] No parameters
====================================================================================================

[API RESPONSE] ✅ 200 GET /health


====================================================================================================
[API REQUEST] GET /health
[API REQUEST] No parameters
====================================================================================================

[API RESPONSE] ✅ 200 GET /health


====================================================================================================
[API REQUEST] GET /health
[API REQUEST] No parameters
====================================================================================================

[API RESPONSE] ✅ 200 GET /health


====================================================================================================
[API REQUEST] GET /health
[API REQUEST] No parameters
====================================================================================================

[API RESPONSE] ✅ 200 GET /health


====================================================================================================
[API REQUEST] GET /health
[API REQUEST] No parameters
====================================================================================================

[API RESPONSE] ✅ 200 GET /health


====================================================================================================
[API REQUEST] GET /health
[API REQUEST] No parameters
====================================================================================================

[API RESPONSE] ✅ 200 GET /health


====================================================================================================
[API REQUEST] GET /health
[API REQUEST] No parameters
====================================================================================================

[API RESPONSE] ✅ 200 GET /health


====================================================================================================
[API REQUEST] GET /health
[API REQUEST] No parameters
====================================================================================================

[API RESPONSE] ✅ 200 GET /health


====================================================================================================
[API REQUEST] GET /health
[API REQUEST] No parameters
====================================================================================================

[API RESPONSE] ✅ 200 GET /health


====================================================================================================
[API REQUEST] GET /health
[API REQUEST] No parameters
====================================================================================================

[API RESPONSE] ✅ 200 GET /health


====================================================================================================
[API REQUEST] GET /health
[API REQUEST] No parameters
====================================================================================================


====================================================================================================
[API REQUEST] GET /health
[API REQUEST] No parameters
====================================================================================================

[API RESPONSE] ✅ 200 GET /health

[API RESPONSE] ✅ 200 GET /health


====================================================================================================
[API REQUEST] GET /health
[API REQUEST] No parameters
====================================================================================================

[API RESPONSE] ✅ 200 GET /health


====================================================================================================
[API REQUEST] GET /health
[API REQUEST] No parameters
====================================================================================================

[API RESPONSE] ✅ 200 GET /health


====================================================================================================
[API REQUEST] GET /health
[API REQUEST] No parameters
====================================================================================================

[API RESPONSE] ✅ 200 GET /health


====================================================================================================
[API REQUEST] GET /health
[API REQUEST] No parameters
====================================================================================================

[API RESPONSE] ✅ 200 GET /health


====================================================================================================
[API REQUEST] GET /health
[API REQUEST] No parameters
====================================================================================================

[API RESPONSE] ✅ 200 GET /health


====================================================================================================
[API REQUEST] GET /health
[API REQUEST] No parameters
====================================================================================================

[API RESPONSE] ✅ 200 GET /health


====================================================================================================
[API REQUEST] GET /health
[API REQUEST] No parameters
====================================================================================================

[API RESPONSE] ✅ 200 GET /health


====================================================================================================
[API REQUEST] GET /health
[API REQUEST] No parameters
====================================================================================================

[API RESPONSE] ✅ 200 GET /health


====================================================================================================
[API REQUEST] GET /health
[API REQUEST] No parameters
====================================================================================================

[API RESPONSE] ✅ 200 GET /health


====================================================================================================
[API REQUEST] GET /health
[API REQUEST] No parameters
====================================================================================================

[API RESPONSE] ✅ 200 GET /health


====================================================================================================
[API REQUEST] GET /health
[API REQUEST] No parameters
====================================================================================================

[API RESPONSE] ✅ 200 GET /health


====================================================================================================
[API REQUEST] GET /health
[API REQUEST] No parameters
====================================================================================================

[API RESPONSE] ✅ 200 GET /health


====================================================================================================
[API REQUEST] GET /health
[API REQUEST] No parameters
====================================================================================================

[API RESPONSE] ✅ 200 GET /health


====================================================================================================
[API REQUEST] GET /health
[API REQUEST] No parameters
127.0.0.1 - - [15/Jan/2026 07:30:32] "GET /health HTTP/1.1" 200 -
127.0.0.1 - - [15/Jan/2026 07:30:37] "GET /health HTTP/1.1" 200 -
127.0.0.1 - - [15/Jan/2026 07:30:37] "GET /health HTTP/1.1" 200 -
127.0.0.1 - - [15/Jan/2026 07:30:37] "GET /health HTTP/1.1" 200 -
127.0.0.1 - - [15/Jan/2026 07:30:37] "GET /health HTTP/1.1" 200 -
127.0.0.1 - - [15/Jan/2026 07:30:42] "GET /health HTTP/1.1" 200 -
127.0.0.1 - - [15/Jan/2026 07:30:42] "GET /health HTTP/1.1" 200 -
127.0.0.1 - - [15/Jan/2026 07:30:42] "GET /health HTTP/1.1" 200 -
127.0.0.1 - - [15/Jan/2026 07:30:42] "GET /health HTTP/1.1" 200 -
127.0.0.1 - - [15/Jan/2026 07:30:47] "GET /health HTTP/1.1" 200 -
127.0.0.1 - - [15/Jan/2026 07:30:48] "GET /health HTTP/1.1" 200 -
127.0.0.1 - - [15/Jan/2026 07:30:48] "GET /health HTTP/1.1" 200 -
127.0.0.1 - - [15/Jan/2026 07:30:48] "GET /health HTTP/1.1" 200 -
