[INFO] Job Service v2.3-DB-FIXED starting...
[INFO] Database connection management fixed for real-time status updates
[CONFIG] ANALYSIS_MODE loaded: lora (from env: lora)
[INIT] AI_SERVICE_URL: http://127.0.0.1:5100/analyze
[INIT] Port: 5005
[INIT] Database: /Users/shaydu/dev/mondrian-macos/mondrian/mondrian.db
[INIT] Debug mode: False
[INIT] Created directories
[INIT] Initializing database...
[INIT] Database schema OK
[INIT] RAG Default: ENABLED (from RAG_ENABLED env var)
============================================================
Starting Job Service v2.3-DB-FIXED on port 5005...
Host: 0.0.0.0:5005
AI Service: http://127.0.0.1:5100/analyze
============================================================
 * Serving Flask app 'job_service_v2.3'
 * Debug mode: off
[31m[1mWARNING: This is a development server. Do not use it in a production deployment. Use a production WSGI server instead.[0m
 * Running on all addresses (0.0.0.0)
 * Running on http://127.0.0.1:5005
 * Running on http://10.0.0.131:5005
[33mPress CTRL+C to quit[0m
127.0.0.1 - - [16/Jan/2026 09:00:08] "GET /health HTTP/1.1" 200 -
127.0.0.1 - - [16/Jan/2026 09:00:10] "GET /health HTTP/1.1" 200 -
127.0.0.1 - - [16/Jan/2026 09:00:10] "GET /health HTTP/1.1" 200 -
127.0.0.1 - - [16/Jan/2026 09:00:11] "GET /health HTTP/1.1" 200 -
127.0.0.1 - - [16/Jan/2026 09:00:15] "GET /health HTTP/1.1" 200 -
127.0.0.1 - - [16/Jan/2026 09:00:20] "GET /health HTTP/1.1" 200 -
127.0.0.1 - - [16/Jan/2026 09:00:25] "GET /health HTTP/1.1" 200 -
127.0.0.1 - - [16/Jan/2026 09:00:30] "GET /health HTTP/1.1" 200 -
127.0.0.1 - - [16/Jan/2026 09:00:35] "GET /health HTTP/1.1" 200 -
127.0.0.1 - - [16/Jan/2026 09:00:40] "GET /health HTTP/1.1" 200 -
127.0.0.1 - - [16/Jan/2026 09:00:45] "GET /health HTTP/1.1" 200 -
127.0.0.1 - - [16/Jan/2026 09:00:50] "GET /health HTTP/1.1" 200 -
127.0.0.1 - - [16/Jan/2026 09:00:55] "GET /health HTTP/1.1" 200 -
127.0.0.1 - - [16/Jan/2026 09:01:00] "GET /health HTTP/1.1" 200 -
127.0.0.1 - - [16/Jan/2026 09:01:05] "GET /health HTTP/1.1" 200 -
127.0.0.1 - - [16/Jan/2026 09:01:10] "GET /health HTTP/1.1" 200 -
127.0.0.1 - - [16/Jan/2026 09:01:15] "GET /health HTTP/1.1" 200 -
127.0.0.1 - - [16/Jan/2026 09:01:20] "GET /health HTTP/1.1" 200 -
127.0.0.1 - - [16/Jan/2026 09:01:25] "GET /health HTTP/1.1" 200 -
127.0.0.1 - - [16/Jan/2026 09:01:30] "GET /health HTTP/1.1" 200 -
127.0.0.1 - - [16/Jan/2026 09:01:35] "GET /health HTTP/1.1" 200 -
127.0.0.1 - - [16/Jan/2026 09:01:40] "GET /health HTTP/1.1" 200 -
127.0.0.1 - - [16/Jan/2026 09:01:45] "GET /health HTTP/1.1" 200 -
127.0.0.1 - - [16/Jan/2026 09:01:50] "GET /health HTTP/1.1" 200 -

====================================================================================================
[API REQUEST] GET /health
[API REQUEST] No parameters
====================================================================================================

[API RESPONSE] ✅ 200 GET /health


====================================================================================================
[API REQUEST] GET /health
[API REQUEST] No parameters
====================================================================================================

[API RESPONSE] ✅ 200 GET /health


====================================================================================================
[API REQUEST] GET /health
[API REQUEST] No parameters
====================================================================================================

[API RESPONSE] ✅ 200 GET /health


====================================================================================================
[API REQUEST] GET /health
[API REQUEST] No parameters
====================================================================================================

[API RESPONSE] ✅ 200 GET /health


====================================================================================================
[API REQUEST] GET /health
[API REQUEST] No parameters
====================================================================================================

[API RESPONSE] ✅ 200 GET /health


====================================================================================================
[API REQUEST] GET /health
[API REQUEST] No parameters
====================================================================================================

[API RESPONSE] ✅ 200 GET /health


====================================================================================================
[API REQUEST] GET /health
[API REQUEST] No parameters
====================================================================================================

[API RESPONSE] ✅ 200 GET /health


====================================================================================================
[API REQUEST] GET /health
[API REQUEST] No parameters
====================================================================================================

[API RESPONSE] ✅ 200 GET /health


====================================================================================================
[API REQUEST] GET /health
[API REQUEST] No parameters
====================================================================================================

[API RESPONSE] ✅ 200 GET /health


====================================================================================================
[API REQUEST] GET /health
[API REQUEST] No parameters
====================================================================================================

[API RESPONSE] ✅ 200 GET /health


====================================================================================================
[API REQUEST] GET /health
[API REQUEST] No parameters
====================================================================================================

[API RESPONSE] ✅ 200 GET /health


====================================================================================================
[API REQUEST] GET /health
[API REQUEST] No parameters
====================================================================================================

[API RESPONSE] ✅ 200 GET /health


====================================================================================================
[API REQUEST] GET /health
[API REQUEST] No parameters
====================================================================================================

[API RESPONSE] ✅ 200 GET /health


====================================================================================================
[API REQUEST] GET /health
[API REQUEST] No parameters
====================================================================================================

[API RESPONSE] ✅ 200 GET /health


====================================================================================================
[API REQUEST] GET /health
[API REQUEST] No parameters
====================================================================================================

[API RESPONSE] ✅ 200 GET /health


====================================================================================================
[API REQUEST] GET /health
[API REQUEST] No parameters
====================================================================================================

[API RESPONSE] ✅ 200 GET /health


====================================================================================================
[API REQUEST] GET /health
[API REQUEST] No parameters
====================================================================================================

[API RESPONSE] ✅ 200 GET /health


====================================================================================================
[API REQUEST] GET /health
[API REQUEST] No parameters
====================================================================================================

[API RESPONSE] ✅ 200 GET /health


====================================================================================================
[API REQUEST] GET /health
[API REQUEST] No parameters
====================================================================================================

[API RESPONSE] ✅ 200 GET /health


====================================================================================================
[API REQUEST] GET /health
[API REQUEST] No parameters
====================================================================================================

[API RESPONSE] ✅ 200 GET /health


====================================================================================================
[API REQUEST] GET /health
[API REQUEST] No parameters
====================================================================================================

[API RESPONSE] ✅ 200 GET /health


====================================================================================================
[API REQUEST] GET /health
[API REQUEST] No parameters
====================================================================================================

[API RESPONSE] ✅ 200 GET /health


====================================================================================================
[API REQUEST] GET /health
[API REQUEST] No parameters
====================================================================================================

[API RESPONSE] ✅ 200 GET /health


====================================================================================================
[API REQUEST] GET /health
[API REQUEST] No parameters
====================================================================================================

[API RESPONSE] ✅ 200 GET /health

