[INFO] Job Service v2.3-DB-FIXED starting...
[INFO] Database connection management fixed for real-time status updates
[INIT] AI_SERVICE_URL: http://127.0.0.1:5100/analyze
[INIT] Port: 5005
[INIT] Database: /Users/shaydu/dev/mondrian-macos/mondrian/mondrian.db
[INIT] Debug mode: False
[INIT] Created directories
[INIT] Initializing database...
[INIT] Database schema OK
[INIT] RAG Default: ENABLED (from RAG_ENABLED env var)
============================================================
Starting Job Service v2.3-DB-FIXED on port 5005...
Host: 0.0.0.0:5005
AI Service: http://127.0.0.1:5100/analyze
============================================================
 * Serving Flask app 'job_service_v2.3'
 * Debug mode: off
[31m[1mWARNING: This is a development server. Do not use it in a production deployment. Use a production WSGI server instead.[0m
 * Running on all addresses (0.0.0.0)
 * Running on http://127.0.0.1:5005
 * Running on http://10.0.0.131:5005
[33mPress CTRL+C to quit[0m
127.0.0.1 - - [15/Jan/2026 06:30:41] "GET /health HTTP/1.1" 200 -
127.0.0.1 - - [15/Jan/2026 06:30:41] "GET /health HTTP/1.1" 200 -
127.0.0.1 - - [15/Jan/2026 06:30:41] "GET /health HTTP/1.1" 200 -
127.0.0.1 - - [15/Jan/2026 06:30:46] "GET /health HTTP/1.1" 200 -
127.0.0.1 - - [15/Jan/2026 06:30:46] "GET /health HTTP/1.1" 200 -
127.0.0.1 - - [15/Jan/2026 06:30:46] "GET /health HTTP/1.1" 200 -
127.0.0.1 - - [15/Jan/2026 06:30:48] "GET /health HTTP/1.1" 200 -
127.0.0.1 - - [15/Jan/2026 06:30:50] "GET /health HTTP/1.1" 200 -
127.0.0.1 - - [15/Jan/2026 06:30:50] "GET /health HTTP/1.1" 200 -
127.0.0.1 - - [15/Jan/2026 06:30:51] "GET /health HTTP/1.1" 200 -
127.0.0.1 - - [15/Jan/2026 06:30:51] "GET /health HTTP/1.1" 200 -
127.0.0.1 - - [15/Jan/2026 06:30:51] "GET /health HTTP/1.1" 200 -
127.0.0.1 - - [15/Jan/2026 06:30:55] "GET /health HTTP/1.1" 200 -
127.0.0.1 - - [15/Jan/2026 06:30:56] "GET /health HTTP/1.1" 200 -
127.0.0.1 - - [15/Jan/2026 06:30:56] "GET /health HTTP/1.1" 200 -
127.0.0.1 - - [15/Jan/2026 06:30:56] "GET /health HTTP/1.1" 200 -
127.0.0.1 - - [15/Jan/2026 06:31:00] "GET /health HTTP/1.1" 200 -
127.0.0.1 - - [15/Jan/2026 06:31:00] "GET /health HTTP/1.1" 200 -
127.0.0.1 - - [15/Jan/2026 06:31:01] "GET /health HTTP/1.1" 200 -
127.0.0.1 - - [15/Jan/2026 06:31:01] "GET /health HTTP/1.1" 200 -
127.0.0.1 - - [15/Jan/2026 06:31:01] "GET /health HTTP/1.1" 200 -
127.0.0.1 - - [15/Jan/2026 06:31:05] "GET /health HTTP/1.1" 200 -
127.0.0.1 - - [15/Jan/2026 06:31:06] "GET /health HTTP/1.1" 200 -
127.0.0.1 - - [15/Jan/2026 06:31:06] "GET /health HTTP/1.1" 200 -
127.0.0.1 - - [15/Jan/2026 06:31:06] "GET /health HTTP/1.1" 200 -
127.0.0.1 - - [15/Jan/2026 06:31:10] "GET /health HTTP/1.1" 200 -
127.0.0.1 - - [15/Jan/2026 06:31:11] "GET /health HTTP/1.1" 200 -

====================================================================================================
[API REQUEST] GET /health
[API REQUEST] No parameters
====================================================================================================

[API RESPONSE] âœ… 200 GET /health


====================================================================================================
[API REQUEST] GET /health
[API REQUEST] No parameters
====================================================================================================

[API RESPONSE] âœ… 200 GET /health


====================================================================================================
[API REQUEST] GET /health
[API REQUEST] No parameters
====================================================================================================

[API RESPONSE] âœ… 200 GET /health


====================================================================================================
[API REQUEST] GET /health
[API REQUEST] No parameters
====================================================================================================

[API RESPONSE] âœ… 200 GET /health


====================================================================================================
[API REQUEST] GET /health
[API REQUEST] No parameters
====================================================================================================

[API RESPONSE] âœ… 200 GET /health


====================================================================================================
[API REQUEST] GET /health
[API REQUEST] No parameters
====================================================================================================

[API RESPONSE] âœ… 200 GET /health


====================================================================================================
[API REQUEST] GET /health
[API REQUEST] No parameters
====================================================================================================

[API RESPONSE] âœ… 200 GET /health


====================================================================================================
[API REQUEST] GET /health
[API REQUEST] No parameters
====================================================================================================

[API RESPONSE] âœ… 200 GET /health


====================================================================================================
[API REQUEST] GET /health
[API REQUEST] No parameters
====================================================================================================

[API RESPONSE] âœ… 200 GET /health


====================================================================================================
[API REQUEST] GET /health
[API REQUEST] No parameters
====================================================================================================

[API RESPONSE] âœ… 200 GET /health


====================================================================================================
[API REQUEST] GET /health
[API REQUEST] No parameters
====================================================================================================

[API RESPONSE] âœ… 200 GET /health


====================================================================================================
[API REQUEST] GET /health
[API REQUEST] No parameters
====================================================================================================

[API RESPONSE] âœ… 200 GET /health


====================================================================================================
[API REQUEST] GET /health
[API REQUEST] No parameters
====================================================================================================

[API RESPONSE] âœ… 200 GET /health


====================================================================================================
[API REQUEST] GET /health
[API REQUEST] No parameters
====================================================================================================

[API RESPONSE] âœ… 200 GET /health


====================================================================================================
[API REQUEST] GET /health
[API REQUEST] No parameters
====================================================================================================

[API RESPONSE] âœ… 200 GET /health


====================================================================================================
[API REQUEST] GET /health
[API REQUEST] No parameters
====================================================================================================

[API RESPONSE] âœ… 200 GET /health


====================================================================================================
[API REQUEST] GET /health
[API REQUEST] No parameters
====================================================================================================

[API RESPONSE] âœ… 200 GET /health


====================================================================================================
[API REQUEST] GET /health
[API REQUEST] No parameters
====================================================================================================

[API RESPONSE] âœ… 200 GET /health


====================================================================================================
[API REQUEST] GET /health
[API REQUEST] No parameters
====================================================================================================

[API RESPONSE] âœ… 200 GET /health


====================================================================================================
[API REQUEST] GET /health
[API REQUEST] No parameters
====================================================================================================

[API RESPONSE] âœ… 200 GET /health


====================================================================================================
[API REQUEST] GET /health
[API REQUEST] No parameters
====================================================================================================

[API RESPONSE] âœ… 200 GET /health


====================================================================================================
[API REQUEST] GET /health
[API REQUEST] No parameters
====================================================================================================

[API RESPONSE] âœ… 200 GET /health


====================================================================================================
[API REQUEST] GET /health
[API REQUEST] No parameters
====================================================================================================

[API RESPONSE] âœ… 200 GET /health


====================================================================================================
[API REQUEST] GET /health
[API REQUEST] No parameters
====================================================================================================

[API RESPONSE] âœ… 200 GET /health


====================================================================================================
[API REQUEST] GET /health
[API REQUEST] No parameters
====================================================================================================

[API RESPONSE] âœ… 200 GET /health


====================================================================================================
[API REQUEST] GET /health
[API REQUEST] No parameters
====================================================================================================

[API RESPONSE] âœ… 200 GET /health


====================================================================================================
[API REQUEST] GET /health
[API REQUEST] No parameters
====================================================================================================

[API RESPONSE] âœ… 200 GET /health


====================================================================================================
[API REQUEST] GET /health
[API REQUEST] No parameters
127.0.0.1 - - [15/Jan/2026 06:31:11] "GET /health HTTP/1.1" 200 -
127.0.0.1 - - [15/Jan/2026 06:31:11] "GET /health HTTP/1.1" 200 -
127.0.0.1 - - [15/Jan/2026 06:31:15] "GET /health HTTP/1.1" 200 -
127.0.0.1 - - [15/Jan/2026 06:31:16] "GET /health HTTP/1.1" 200 -
127.0.0.1 - - [15/Jan/2026 06:31:16] "GET /health HTTP/1.1" 200 -
127.0.0.1 - - [15/Jan/2026 06:31:16] "GET /health HTTP/1.1" 200 -
127.0.0.1 - - [15/Jan/2026 06:31:20] "GET /health HTTP/1.1" 200 -
127.0.0.1 - - [15/Jan/2026 06:31:21] "GET /health HTTP/1.1" 200 -
127.0.0.1 - - [15/Jan/2026 06:31:21] "GET /health HTTP/1.1" 200 -
127.0.0.1 - - [15/Jan/2026 06:31:21] "GET /health HTTP/1.1" 200 -
127.0.0.1 - - [15/Jan/2026 06:31:25] "GET /health HTTP/1.1" 200 -
127.0.0.1 - - [15/Jan/2026 06:31:27] "GET /health HTTP/1.1" 200 -
127.0.0.1 - - [15/Jan/2026 06:31:27] "GET /health HTTP/1.1" 200 -
127.0.0.1 - - [15/Jan/2026 06:31:27] "GET /health HTTP/1.1" 200 -
127.0.0.1 - - [15/Jan/2026 06:31:31] "GET /health HTTP/1.1" 200 -
127.0.0.1 - - [15/Jan/2026 06:31:32] "GET /health HTTP/1.1" 200 -
127.0.0.1 - - [15/Jan/2026 06:31:32] "GET /health HTTP/1.1" 200 -
127.0.0.1 - - [15/Jan/2026 06:31:32] "GET /health HTTP/1.1" 200 -
127.0.0.1 - - [15/Jan/2026 06:31:36] "GET /health HTTP/1.1" 200 -
127.0.0.1 - - [15/Jan/2026 06:31:37] "GET /health HTTP/1.1" 200 -
127.0.0.1 - - [15/Jan/2026 06:31:37] "GET /health HTTP/1.1" 200 -
127.0.0.1 - - [15/Jan/2026 06:31:37] "GET /health HTTP/1.1" 200 -
127.0.0.1 - - [15/Jan/2026 06:31:41] "GET /health HTTP/1.1" 200 -
127.0.0.1 - - [15/Jan/2026 06:31:42] "GET /health HTTP/1.1" 200 -
127.0.0.1 - - [15/Jan/2026 06:31:42] "GET /health HTTP/1.1" 200 -
127.0.0.1 - - [15/Jan/2026 06:31:42] "GET /health HTTP/1.1" 200 -
127.0.0.1 - - [15/Jan/2026 06:31:46] "GET /health HTTP/1.1" 200 -
127.0.0.1 - - [15/Jan/2026 06:31:47] "GET /health HTTP/1.1" 200 -
====================================================================================================

[API RESPONSE] âœ… 200 GET /health


====================================================================================================
[API REQUEST] GET /health
[API REQUEST] No parameters
====================================================================================================

[API RESPONSE] âœ… 200 GET /health


====================================================================================================
[API REQUEST] GET /health
[API REQUEST] No parameters
====================================================================================================

[API RESPONSE] âœ… 200 GET /health


====================================================================================================
[API REQUEST] GET /health
[API REQUEST] No parameters
====================================================================================================

[API RESPONSE] âœ… 200 GET /health


====================================================================================================
[API REQUEST] GET /health
[API REQUEST] No parameters
====================================================================================================

[API RESPONSE] âœ… 200 GET /health


====================================================================================================
[API REQUEST] GET /health
[API REQUEST] No parameters
====================================================================================================

[API RESPONSE] âœ… 200 GET /health


====================================================================================================
[API REQUEST] GET /health
[API REQUEST] No parameters
====================================================================================================

[API RESPONSE] âœ… 200 GET /health


====================================================================================================
[API REQUEST] GET /health
[API REQUEST] No parameters
====================================================================================================

[API RESPONSE] âœ… 200 GET /health


====================================================================================================
[API REQUEST] GET /health
[API REQUEST] No parameters
====================================================================================================

[API RESPONSE] âœ… 200 GET /health


====================================================================================================
[API REQUEST] GET /health
[API REQUEST] No parameters
====================================================================================================

[API RESPONSE] âœ… 200 GET /health


====================================================================================================
[API REQUEST] GET /health
[API REQUEST] No parameters
====================================================================================================

[API RESPONSE] âœ… 200 GET /health


====================================================================================================
[API REQUEST] GET /health
[API REQUEST] No parameters
====================================================================================================

[API RESPONSE] âœ… 200 GET /health


====================================================================================================
[API REQUEST] GET /health
[API REQUEST] No parameters
====================================================================================================

[API RESPONSE] âœ… 200 GET /health


====================================================================================================
[API REQUEST] GET /health
[API REQUEST] No parameters
====================================================================================================

[API RESPONSE] âœ… 200 GET /health


====================================================================================================
[API REQUEST] GET /health
[API REQUEST] No parameters
====================================================================================================

[API RESPONSE] âœ… 200 GET /health


====================================================================================================
[API REQUEST] GET /health
[API REQUEST] No parameters
====================================================================================================

[API RESPONSE] âœ… 200 GET /health


====================================================================================================
[API REQUEST] GET /health
[API REQUEST] No parameters
====================================================================================================

[API RESPONSE] âœ… 200 GET /health


====================================================================================================
[API REQUEST] GET /health
[API REQUEST] No parameters
====================================================================================================

[API RESPONSE] âœ… 200 GET /health


====================================================================================================
[API REQUEST] GET /health
[API REQUEST] No parameters
====================================================================================================

[API RESPONSE] âœ… 200 GET /health


====================================================================================================
[API REQUEST] GET /health
[API REQUEST] No parameters
====================================================================================================

[API RESPONSE] âœ… 200 GET /health


====================================================================================================
[API REQUEST] GET /health
[API REQUEST] No parameters
====================================================================================================

[API RESPONSE] âœ… 200 GET /health


====================================================================================================
[API REQUEST] GET /health
[API REQUEST] No parameters
====================================================================================================

[API RESPONSE] âœ… 200 GET /health


====================================================================================================
[API REQUEST] GET /health
[API REQUEST] No parameters
====================================================================================================

[API RESPONSE] âœ… 200 GET /health


====================================================================================================
[API REQUEST] GET /health
[API REQUEST] No parameters
====================================================================================================

[API RESPONSE] âœ… 200 GET /health


====================================================================================================
[API REQUEST] GET /health
[API REQUEST] No parameters
====================================================================================================

[API RESPONSE] âœ… 200 GET /health


====================================================================================================
[API REQUEST] GET /health
[API REQUEST] No parameters
====================================================================================================

[API RESPONSE] âœ… 200 GET /health


====================================================================================================
[API REQUEST] GET /health
[API REQUEST] No parameters
====================================================================================================

[API RESPONSE] âœ… 200 GET /health


====================================================================================================
[API REQUEST] GET /health
[API REQUEST] No parameters
====================================================================================================

[API RESPONSE] âœ… 200 GET /health


====================================================================================================
127.0.0.1 - - [15/Jan/2026 06:31:47] "GET /health HTTP/1.1" 200 -
127.0.0.1 - - [15/Jan/2026 06:31:47] "GET /health HTTP/1.1" 200 -
127.0.0.1 - - [15/Jan/2026 06:31:51] "GET /health HTTP/1.1" 200 -
127.0.0.1 - - [15/Jan/2026 06:31:52] "GET /health HTTP/1.1" 200 -
127.0.0.1 - - [15/Jan/2026 06:31:52] "GET /health HTTP/1.1" 200 -
127.0.0.1 - - [15/Jan/2026 06:31:52] "GET /health HTTP/1.1" 200 -
127.0.0.1 - - [15/Jan/2026 06:31:56] "GET /health HTTP/1.1" 200 -
127.0.0.1 - - [15/Jan/2026 06:31:57] "GET /health HTTP/1.1" 200 -
127.0.0.1 - - [15/Jan/2026 06:31:57] "GET /health HTTP/1.1" 200 -
127.0.0.1 - - [15/Jan/2026 06:31:57] "GET /health HTTP/1.1" 200 -
127.0.0.1 - - [15/Jan/2026 06:32:01] "GET /health HTTP/1.1" 200 -
127.0.0.1 - - [15/Jan/2026 06:32:02] "GET /health HTTP/1.1" 200 -
127.0.0.1 - - [15/Jan/2026 06:32:02] "GET /health HTTP/1.1" 200 -
127.0.0.1 - - [15/Jan/2026 06:32:02] "GET /health HTTP/1.1" 200 -
127.0.0.1 - - [15/Jan/2026 06:32:06] "GET /health HTTP/1.1" 200 -
127.0.0.1 - - [15/Jan/2026 06:32:07] "GET /health HTTP/1.1" 200 -
127.0.0.1 - - [15/Jan/2026 06:32:07] "GET /health HTTP/1.1" 200 -
127.0.0.1 - - [15/Jan/2026 06:32:07] "GET /health HTTP/1.1" 200 -
127.0.0.1 - - [15/Jan/2026 06:32:11] "GET /health HTTP/1.1" 200 -
127.0.0.1 - - [15/Jan/2026 06:32:12] "GET /health HTTP/1.1" 200 -
127.0.0.1 - - [15/Jan/2026 06:32:12] "GET /health HTTP/1.1" 200 -
127.0.0.1 - - [15/Jan/2026 06:32:12] "GET /health HTTP/1.1" 200 -
127.0.0.1 - - [15/Jan/2026 06:32:16] "GET /health HTTP/1.1" 200 -
127.0.0.1 - - [15/Jan/2026 06:32:17] "GET /health HTTP/1.1" 200 -
127.0.0.1 - - [15/Jan/2026 06:32:17] "GET /health HTTP/1.1" 200 -
127.0.0.1 - - [15/Jan/2026 06:32:17] "GET /health HTTP/1.1" 200 -
127.0.0.1 - - [15/Jan/2026 06:32:22] "GET /health HTTP/1.1" 200 -
127.0.0.1 - - [15/Jan/2026 06:32:23] "GET /health HTTP/1.1" 200 -
[API REQUEST] GET /health
[API REQUEST] No parameters
====================================================================================================

[API RESPONSE] âœ… 200 GET /health


====================================================================================================
[API REQUEST] GET /health
[API REQUEST] No parameters
====================================================================================================

[API RESPONSE] âœ… 200 GET /health


====================================================================================================
[API REQUEST] GET /health
[API REQUEST] No parameters
====================================================================================================

[API RESPONSE] âœ… 200 GET /health


====================================================================================================
[API REQUEST] GET /health
[API REQUEST] No parameters
====================================================================================================

[API RESPONSE] âœ… 200 GET /health


====================================================================================================
[API REQUEST] GET /health
[API REQUEST] No parameters
====================================================================================================

[API RESPONSE] âœ… 200 GET /health


====================================================================================================
[API REQUEST] GET /health
[API REQUEST] No parameters
====================================================================================================

[API RESPONSE] âœ… 200 GET /health


====================================================================================================
[API REQUEST] GET /health
[API REQUEST] No parameters
====================================================================================================

[API RESPONSE] âœ… 200 GET /health


====================================================================================================
[API REQUEST] GET /health
[API REQUEST] No parameters
====================================================================================================

[API RESPONSE] âœ… 200 GET /health


====================================================================================================
[API REQUEST] GET /health
[API REQUEST] No parameters
====================================================================================================

[API RESPONSE] âœ… 200 GET /health


====================================================================================================
[API REQUEST] GET /health
[API REQUEST] No parameters
====================================================================================================

[API RESPONSE] âœ… 200 GET /health


====================================================================================================
[API REQUEST] GET /health
[API REQUEST] No parameters
====================================================================================================

[API RESPONSE] âœ… 200 GET /health


====================================================================================================
[API REQUEST] GET /health
[API REQUEST] No parameters
====================================================================================================

[API RESPONSE] âœ… 200 GET /health


====================================================================================================
[API REQUEST] GET /health
[API REQUEST] No parameters
====================================================================================================

[API RESPONSE] âœ… 200 GET /health


====================================================================================================
[API REQUEST] GET /health
[API REQUEST] No parameters
====================================================================================================

[API RESPONSE] âœ… 200 GET /health


====================================================================================================
[API REQUEST] GET /health
[API REQUEST] No parameters
====================================================================================================

[API RESPONSE] âœ… 200 GET /health


====================================================================================================
[API REQUEST] GET /health
[API REQUEST] No parameters
====================================================================================================

[API RESPONSE] âœ… 200 GET /health


====================================================================================================
[API REQUEST] GET /health
[API REQUEST] No parameters
====================================================================================================

[API RESPONSE] âœ… 200 GET /health


====================================================================================================
[API REQUEST] GET /health
[API REQUEST] No parameters
====================================================================================================

[API RESPONSE] âœ… 200 GET /health


====================================================================================================
[API REQUEST] GET /health
[API REQUEST] No parameters
====================================================================================================

[API RESPONSE] âœ… 200 GET /health


====================================================================================================
[API REQUEST] GET /health
[API REQUEST] No parameters
====================================================================================================

[API RESPONSE] âœ… 200 GET /health


====================================================================================================
[API REQUEST] GET /health
[API REQUEST] No parameters
====================================================================================================

[API RESPONSE] âœ… 200 GET /health


====================================================================================================
[API REQUEST] GET /health
[API REQUEST] No parameters
====================================================================================================

[API RESPONSE] âœ… 200 GET /health


====================================================================================================
[API REQUEST] GET /health
[API REQUEST] No parameters
====================================================================================================

[API RESPONSE] âœ… 200 GET /health


====================================================================================================
[API REQUEST] GET /health
[API REQUEST] No parameters
====================================================================================================

[API RESPONSE] âœ… 200 GET /health


====================================================================================================
[API REQUEST] GET /health
[API REQUEST] No parameters
====================================================================================================

[API RESPONSE] âœ… 200 GET /health


====================================================================================================
[API REQUEST] GET /health
[API REQUEST] No parameters
====================================================================================================

[API RESPONSE] âœ… 200 GET /health


====================================================================================================
[API REQUEST] GET /health
[API REQUEST] No parameters
====================================================================================================

[API RESPONSE] âœ… 200 GET /health

 https://palletsprojects.com/donate

## Contributing

See our [detailed contributing documentation][contrib] for many ways to
contribute, including reporting issues, requesting features, asking or answering
questions, and making PRs.

[contrib]: https://palletsprojects.com/contributing/

  ÿ•127.0.0.1 - - [15/Jan/2026 06:32:23] "GET /health HTTP/1.1" 200 -
127.0.0.1 - - [15/Jan/2026 06:32:23] "GET /health HTTP/1.1" 200 -
127.0.0.1 - - [15/Jan/2026 06:32:27] "GET /health HTTP/1.1" 200 -
127.0.0.1 - - [15/Jan/2026 06:32:28] "GET /health HTTP/1.1" 200 -
127.0.0.1 - - [15/Jan/2026 06:32:28] "GET /health HTTP/1.1" 200 -
127.0.0.1 - - [15/Jan/2026 06:32:28] "GET /health HTTP/1.1" 200 -
127.0.0.1 - - [15/Jan/2026 06:32:32] "GET /health HTTP/1.1" 200 -
127.0.0.1 - - [15/Jan/2026 06:32:33] "GET /health HTTP/1.1" 200 -
127.0.0.1 - - [15/Jan/2026 06:32:33] "GET /health HTTP/1.1" 200 -
127.0.0.1 - - [15/Jan/2026 06:32:33] "GET /health HTTP/1.1" 200 -
127.0.0.1 - - [15/Jan/2026 06:32:37] "GET /health HTTP/1.1" 200 -
127.0.0.1 - - [15/Jan/2026 06:32:38] "GET /health HTTP/1.1" 200 -
127.0.0.1 - - [15/Jan/2026 06:32:38] "GET /health HTTP/1.1" 200 -
127.0.0.1 - - [15/Jan/2026 06:32:38] "GET /health HTTP/1.1" 200 -
127.0.0.1 - - [15/Jan/2026 06:32:42] "GET /health HTTP/1.1" 200 -
127.0.0.1 - - [15/Jan/2026 06:32:43] "GET /health HTTP/1.1" 200 -
127.0.0.1 - - [15/Jan/2026 06:32:43] "GET /health HTTP/1.1" 200 -
127.0.0.1 - - [15/Jan/2026 06:32:43] "GET /health HTTP/1.1" 200 -

====================================================================================================
[API REQUEST] GET /health
[API REQUEST] No parameters
====================================================================================================

[API RESPONSE] âœ… 200 GET /health


====================================================================================================
[API REQUEST] GET /health
[API REQUEST] No parameters
====================================================================================================

[API RESPONSE] âœ… 200 GET /health


====================================================================================================
[API REQUEST] GET /health
[API REQUEST] No parameters
====================================================================================================

[API RESPONSE] âœ… 200 GET /health


====================================================================================================
[API REQUEST] GET /health
[API REQUEST] No parameters
====================================================================================================

[API RESPONSE] âœ… 200 GET /health


====================================================================================================
[API REQUEST] GET /health
[API REQUEST] No parameters
====================================================================================================

[API RESPONSE] âœ… 200 GET /health


====================================================================================================
[API REQUEST] GET /health
[API REQUEST] No parameters
====================================================================================================

[API RESPONSE] âœ… 200 GET /health


====================================================================================================
[API REQUEST] GET /health
[API REQUEST] No parameters
====================================================================================================

[API RESPONSE] âœ… 200 GET /health


====================================================================================================
[API REQUEST] GET /health
[API REQUEST] No parameters
====================================================================================================

[API RESPONSE] âœ… 200 GET /health


====================================================================================================
[API REQUEST] GET /health
[API REQUEST] No parameters
====================================================================================================

[API RESPONSE] âœ… 200 GET /health


====================================================================================================
[API REQUEST] GET /health
[API REQUEST] No parameters
====================================================================================================

[API RESPONSE] âœ… 200 GET /health


====================================================================================================
[API REQUEST] GET /health
[API REQUEST] No parameters
====================================================================================================

[API RESPONSE] âœ… 200 GET /health


====================================================================================================
[API REQUEST] GET /health
[API REQUEST] No parameters
====================================================================================================


====================================================================================================
[API REQUEST] GET /health
[API REQUEST] No parameters
====================================================================================================

[API RESPONSE] âœ… 200 GET /health

[API RESPONSE] âœ… 200 GET /health


====================================================================================================
[API REQUEST] GET /health
[API REQUEST] No parameters
====================================================================================================

[API RESPONSE] âœ… 200 GET /health


====================================================================================================
[API REQUEST] GET /health
[API REQUEST] No parameters
====================================================================================================

[API RESPONSE] âœ… 200 GET /health


====================================================================================================
[API REQUEST] GET /health
[API REQUEST] No parameters
====================================================================================================

[API RESPONSE] âœ… 200 GET /health


====================================================================================================
[API REQUEST] GET /health
[API REQUEST] No parameters
====================================================================================================

[API RESPONSE] âœ… 200 GET /health


====================================================================================================
[API REQUEST] GET /health
[API REQUEST] No parameters
====================================================================================================

[API RESPONSE] âœ… 200 GET /health

