[INFO] Job Service v2.3-DB-FIXED starting...
[INFO] Database connection management fixed for real-time status updates
[CONFIG] ANALYSIS_MODE loaded: lora (from env: lora)
[INIT] AI_SERVICE_URL: http://127.0.0.1:5100/analyze
[INIT] Port: 5005
[INIT] Database: /Users/shaydu/dev/mondrian-macos/mondrian/mondrian.db
[INIT] Debug mode: False
[INIT] Created directories
[INIT] Initializing database...
[INIT] Database schema OK
[INIT] RAG Default: ENABLED (from RAG_ENABLED env var)
============================================================
Starting Job Service v2.3-DB-FIXED on port 5005...
Host: 0.0.0.0:5005
AI Service: http://127.0.0.1:5100/analyze
============================================================
 * Serving Flask app 'job_service_v2.3'
 * Debug mode: off
[31m[1mWARNING: This is a development server. Do not use it in a production deployment. Use a production WSGI server instead.[0m
 * Running on all addresses (0.0.0.0)
 * Running on http://127.0.0.1:5005
 * Running on http://10.0.0.131:5005
[33mPress CTRL+C to quit[0m
127.0.0.1 - - [16/Jan/2026 09:04:34] "GET /health HTTP/1.1" 200 -
127.0.0.1 - - [16/Jan/2026 09:04:38] "GET /health HTTP/1.1" 200 -
127.0.0.1 - - [16/Jan/2026 09:04:38] "GET /health HTTP/1.1" 200 -
127.0.0.1 - - [16/Jan/2026 09:04:43] "GET /health HTTP/1.1" 200 -
127.0.0.1 - - [16/Jan/2026 09:04:48] "GET /health HTTP/1.1" 200 -
127.0.0.1 - - [16/Jan/2026 09:04:53] "GET /health HTTP/1.1" 200 -
127.0.0.1 - - [16/Jan/2026 09:04:58] "GET /health HTTP/1.1" 200 -
127.0.0.1 - - [16/Jan/2026 09:05:03] "GET /health HTTP/1.1" 200 -
127.0.0.1 - - [16/Jan/2026 09:05:08] "GET /health HTTP/1.1" 200 -
127.0.0.1 - - [16/Jan/2026 09:05:13] "GET /health HTTP/1.1" 200 -
127.0.0.1 - - [16/Jan/2026 09:05:18] "GET /health HTTP/1.1" 200 -
127.0.0.1 - - [16/Jan/2026 09:05:23] "GET /health HTTP/1.1" 200 -
127.0.0.1 - - [16/Jan/2026 09:05:28] "GET /health HTTP/1.1" 200 -
127.0.0.1 - - [16/Jan/2026 09:05:33] "GET /health HTTP/1.1" 200 -
127.0.0.1 - - [16/Jan/2026 09:05:38] "GET /health HTTP/1.1" 200 -
127.0.0.1 - - [16/Jan/2026 09:05:43] "GET /health HTTP/1.1" 200 -
127.0.0.1 - - [16/Jan/2026 09:05:48] "GET /health HTTP/1.1" 200 -
127.0.0.1 - - [16/Jan/2026 09:05:53] "GET /health HTTP/1.1" 200 -
127.0.0.1 - - [16/Jan/2026 09:05:58] "GET /health HTTP/1.1" 200 -
127.0.0.1 - - [16/Jan/2026 09:06:03] "GET /health HTTP/1.1" 200 -
127.0.0.1 - - [16/Jan/2026 09:06:08] "GET /health HTTP/1.1" 200 -
127.0.0.1 - - [16/Jan/2026 09:06:13] "GET /health HTTP/1.1" 200 -
127.0.0.1 - - [16/Jan/2026 09:06:18] "GET /health HTTP/1.1" 200 -
127.0.0.1 - - [16/Jan/2026 09:06:23] "GET /health HTTP/1.1" 200 -
127.0.0.1 - - [16/Jan/2026 09:06:28] "GET /health HTTP/1.1" 200 -
127.0.0.1 - - [16/Jan/2026 09:06:33] "GET /health HTTP/1.1" 200 -
127.0.0.1 - - [16/Jan/2026 09:06:38] "GET /health HTTP/1.1" 200 -

====================================================================================================
[API REQUEST] GET /health
[API REQUEST] No parameters
====================================================================================================

[API RESPONSE] ✅ 200 GET /health


====================================================================================================
[API REQUEST] GET /health
[API REQUEST] No parameters
====================================================================================================

[API RESPONSE] ✅ 200 GET /health


====================================================================================================
[API REQUEST] GET /health
[API REQUEST] No parameters
====================================================================================================

[API RESPONSE] ✅ 200 GET /health


====================================================================================================
[API REQUEST] GET /health
[API REQUEST] No parameters
====================================================================================================

[API RESPONSE] ✅ 200 GET /health


====================================================================================================
[API REQUEST] GET /health
[API REQUEST] No parameters
====================================================================================================

[API RESPONSE] ✅ 200 GET /health


====================================================================================================
[API REQUEST] GET /health
[API REQUEST] No parameters
====================================================================================================

[API RESPONSE] ✅ 200 GET /health


====================================================================================================
[API REQUEST] GET /health
[API REQUEST] No parameters
====================================================================================================

[API RESPONSE] ✅ 200 GET /health


====================================================================================================
[API REQUEST] GET /health
[API REQUEST] No parameters
====================================================================================================

[API RESPONSE] ✅ 200 GET /health


====================================================================================================
[API REQUEST] GET /health
[API REQUEST] No parameters
====================================================================================================

[API RESPONSE] ✅ 200 GET /health


====================================================================================================
[API REQUEST] GET /health
[API REQUEST] No parameters
====================================================================================================

[API RESPONSE] ✅ 200 GET /health


====================================================================================================
[API REQUEST] GET /health
[API REQUEST] No parameters
====================================================================================================

[API RESPONSE] ✅ 200 GET /health


====================================================================================================
[API REQUEST] GET /health
[API REQUEST] No parameters
====================================================================================================

[API RESPONSE] ✅ 200 GET /health


====================================================================================================
[API REQUEST] GET /health
[API REQUEST] No parameters
====================================================================================================

[API RESPONSE] ✅ 200 GET /health


====================================================================================================
[API REQUEST] GET /health
[API REQUEST] No parameters
====================================================================================================

[API RESPONSE] ✅ 200 GET /health


====================================================================================================
[API REQUEST] GET /health
[API REQUEST] No parameters
====================================================================================================

[API RESPONSE] ✅ 200 GET /health


====================================================================================================
[API REQUEST] GET /health
[API REQUEST] No parameters
====================================================================================================

[API RESPONSE] ✅ 200 GET /health


====================================================================================================
[API REQUEST] GET /health
[API REQUEST] No parameters
====================================================================================================

[API RESPONSE] ✅ 200 GET /health


====================================================================================================
[API REQUEST] GET /health
[API REQUEST] No parameters
====================================================================================================

[API RESPONSE] ✅ 200 GET /health


====================================================================================================
[API REQUEST] GET /health
[API REQUEST] No parameters
====================================================================================================

[API RESPONSE] ✅ 200 GET /health


====================================================================================================
[API REQUEST] GET /health
[API REQUEST] No parameters
====================================================================================================

[API RESPONSE] ✅ 200 GET /health


====================================================================================================
[API REQUEST] GET /health
[API REQUEST] No parameters
====================================================================================================

[API RESPONSE] ✅ 200 GET /health


====================================================================================================
[API REQUEST] GET /health
[API REQUEST] No parameters
====================================================================================================

[API RESPONSE] ✅ 200 GET /health


====================================================================================================
[API REQUEST] GET /health
[API REQUEST] No parameters
====================================================================================================

[API RESPONSE] ✅ 200 GET /health


====================================================================================================
[API REQUEST] GET /health
[API REQUEST] No parameters
====================================================================================================

[API RESPONSE] ✅ 200 GET /health


====================================================================================================
[API REQUEST] GET /health
[API REQUEST] No parameters
====================================================================================================

[API RESPONSE] ✅ 200 GET /health


====================================================================================================
[API REQUEST] GET /health
[API REQUEST] No parameters
====================================================================================================

[API RESPONSE] ✅ 200 GET /health


====================================================================================================
[API REQUEST] GET /health
[API REQUEST] No parameters
====================================================================================================

[API RESPONSE] ✅ 200 GET /health


====================================================================================================
[API REQUEST] GET /health
[API REQUEST] No parameters
127.0.0.1 - - [16/Jan/2026 09:06:43] "GET /health HTTP/1.1" 200 -
127.0.0.1 - - [16/Jan/2026 09:06:48] "GET /health HTTP/1.1" 200 -
127.0.0.1 - - [16/Jan/2026 09:06:53] "GET /health HTTP/1.1" 200 -
127.0.0.1 - - [16/Jan/2026 09:06:58] "GET /health HTTP/1.1" 200 -
127.0.0.1 - - [16/Jan/2026 09:07:03] "GET /health HTTP/1.1" 200 -
127.0.0.1 - - [16/Jan/2026 09:07:08] "GET /health HTTP/1.1" 200 -
127.0.0.1 - - [16/Jan/2026 09:07:13] "GET /health HTTP/1.1" 200 -
127.0.0.1 - - [16/Jan/2026 09:07:18] "GET /health HTTP/1.1" 200 -
127.0.0.1 - - [16/Jan/2026 09:07:23] "GET /health HTTP/1.1" 200 -
127.0.0.1 - - [16/Jan/2026 09:07:28] "GET /health HTTP/1.1" 200 -
127.0.0.1 - - [16/Jan/2026 09:07:33] "GET /health HTTP/1.1" 200 -
127.0.0.1 - - [16/Jan/2026 09:07:38] "GET /health HTTP/1.1" 200 -
127.0.0.1 - - [16/Jan/2026 09:07:43] "GET /health HTTP/1.1" 200 -
127.0.0.1 - - [16/Jan/2026 09:07:49] "GET /health HTTP/1.1" 200 -
127.0.0.1 - - [16/Jan/2026 09:07:54] "GET /health HTTP/1.1" 200 -
127.0.0.1 - - [16/Jan/2026 09:07:59] "GET /health HTTP/1.1" 200 -
127.0.0.1 - - [16/Jan/2026 09:08:04] "GET /health HTTP/1.1" 200 -
127.0.0.1 - - [16/Jan/2026 09:08:09] "GET /health HTTP/1.1" 200 -
127.0.0.1 - - [16/Jan/2026 09:08:14] "GET /health HTTP/1.1" 200 -
127.0.0.1 - - [16/Jan/2026 09:08:19] "GET /health HTTP/1.1" 200 -
127.0.0.1 - - [16/Jan/2026 09:08:24] "GET /health HTTP/1.1" 200 -
127.0.0.1 - - [16/Jan/2026 09:08:29] "GET /health HTTP/1.1" 200 -
127.0.0.1 - - [16/Jan/2026 09:08:34] "GET /health HTTP/1.1" 200 -
127.0.0.1 - - [16/Jan/2026 09:08:39] "GET /health HTTP/1.1" 200 -
127.0.0.1 - - [16/Jan/2026 09:08:44] "GET /health HTTP/1.1" 200 -
127.0.0.1 - - [16/Jan/2026 09:08:49] "GET /health HTTP/1.1" 200 -
127.0.0.1 - - [16/Jan/2026 09:08:54] "GET /health HTTP/1.1" 200 -
127.0.0.1 - - [16/Jan/2026 09:08:59] "GET /health HTTP/1.1" 200 -
====================================================================================================

[API RESPONSE] ✅ 200 GET /health


====================================================================================================
[API REQUEST] GET /health
[API REQUEST] No parameters
====================================================================================================

[API RESPONSE] ✅ 200 GET /health


====================================================================================================
[API REQUEST] GET /health
[API REQUEST] No parameters
====================================================================================================

[API RESPONSE] ✅ 200 GET /health


====================================================================================================
[API REQUEST] GET /health
[API REQUEST] No parameters
====================================================================================================

[API RESPONSE] ✅ 200 GET /health


====================================================================================================
[API REQUEST] GET /health
[API REQUEST] No parameters
====================================================================================================

[API RESPONSE] ✅ 200 GET /health


====================================================================================================
[API REQUEST] GET /health
[API REQUEST] No parameters
====================================================================================================

[API RESPONSE] ✅ 200 GET /health


====================================================================================================
[API REQUEST] GET /health
[API REQUEST] No parameters
====================================================================================================

[API RESPONSE] ✅ 200 GET /health


====================================================================================================
[API REQUEST] GET /health
[API REQUEST] No parameters
====================================================================================================

[API RESPONSE] ✅ 200 GET /health


====================================================================================================
[API REQUEST] GET /health
[API REQUEST] No parameters
====================================================================================================

[API RESPONSE] ✅ 200 GET /health


====================================================================================================
[API REQUEST] GET /health
[API REQUEST] No parameters
====================================================================================================

[API RESPONSE] ✅ 200 GET /health


====================================================================================================
[API REQUEST] GET /health
[API REQUEST] No parameters
====================================================================================================

[API RESPONSE] ✅ 200 GET /health


====================================================================================================
[API REQUEST] GET /health
[API REQUEST] No parameters
====================================================================================================

[API RESPONSE] ✅ 200 GET /health


====================================================================================================
[API REQUEST] GET /health
[API REQUEST] No parameters
====================================================================================================

[API RESPONSE] ✅ 200 GET /health


====================================================================================================
[API REQUEST] GET /health
[API REQUEST] No parameters
====================================================================================================

[API RESPONSE] ✅ 200 GET /health


====================================================================================================
[API REQUEST] GET /health
[API REQUEST] No parameters
====================================================================================================

[API RESPONSE] ✅ 200 GET /health


====================================================================================================
[API REQUEST] GET /health
[API REQUEST] No parameters
====================================================================================================

[API RESPONSE] ✅ 200 GET /health


====================================================================================================
[API REQUEST] GET /health
[API REQUEST] No parameters
====================================================================================================

[API RESPONSE] ✅ 200 GET /health


====================================================================================================
[API REQUEST] GET /health
[API REQUEST] No parameters
====================================================================================================

[API RESPONSE] ✅ 200 GET /health


====================================================================================================
[API REQUEST] GET /health
[API REQUEST] No parameters
====================================================================================================

[API RESPONSE] ✅ 200 GET /health


====================================================================================================
[API REQUEST] GET /health
[API REQUEST] No parameters
====================================================================================================

[API RESPONSE] ✅ 200 GET /health


====================================================================================================
[API REQUEST] GET /health
[API REQUEST] No parameters
====================================================================================================

[API RESPONSE] ✅ 200 GET /health


====================================================================================================
[API REQUEST] GET /health
[API REQUEST] No parameters
====================================================================================================

[API RESPONSE] ✅ 200 GET /health


====================================================================================================
[API REQUEST] GET /health
[API REQUEST] No parameters
====================================================================================================

[API RESPONSE] ✅ 200 GET /health


====================================================================================================
[API REQUEST] GET /health
[API REQUEST] No parameters
====================================================================================================

[API RESPONSE] ✅ 200 GET /health


====================================================================================================
[API REQUEST] GET /health
[API REQUEST] No parameters
====================================================================================================

[API RESPONSE] ✅ 200 GET /health


====================================================================================================
[API REQUEST] GET /health
[API REQUEST] No parameters
====================================================================================================

[API RESPONSE] ✅ 200 GET /health


====================================================================================================
[API REQUEST] GET /health
[API REQUEST] No parameters
====================================================================================================

[API RESPONSE] ✅ 200 GET /health


====================================================================================================
[API REQUEST] GET /health
[API REQUEST] No parameters
====================================================================================================

[API RESPONSE] ✅ 200 GET /health


====================================================================================================
127.0.0.1 - - [16/Jan/2026 09:09:04] "GET /health HTTP/1.1" 200 -
127.0.0.1 - - [16/Jan/2026 09:09:09] "GET /health HTTP/1.1" 200 -
127.0.0.1 - - [16/Jan/2026 09:09:14] "GET /health HTTP/1.1" 200 -
127.0.0.1 - - [16/Jan/2026 09:09:19] "GET /health HTTP/1.1" 200 -
127.0.0.1 - - [16/Jan/2026 09:09:24] "GET /health HTTP/1.1" 200 -
127.0.0.1 - - [16/Jan/2026 09:09:29] "GET /health HTTP/1.1" 200 -
127.0.0.1 - - [16/Jan/2026 09:09:34] "GET /health HTTP/1.1" 200 -
127.0.0.1 - - [16/Jan/2026 09:09:39] "GET /health HTTP/1.1" 200 -
127.0.0.1 - - [16/Jan/2026 09:09:44] "GET /health HTTP/1.1" 200 -
127.0.0.1 - - [16/Jan/2026 09:09:49] "GET /health HTTP/1.1" 200 -
127.0.0.1 - - [16/Jan/2026 09:09:54] "GET /health HTTP/1.1" 200 -
127.0.0.1 - - [16/Jan/2026 09:09:59] "GET /health HTTP/1.1" 200 -
127.0.0.1 - - [16/Jan/2026 09:10:04] "GET /health HTTP/1.1" 200 -
127.0.0.1 - - [16/Jan/2026 09:10:09] "GET /health HTTP/1.1" 200 -
127.0.0.1 - - [16/Jan/2026 09:10:14] "GET /health HTTP/1.1" 200 -
127.0.0.1 - - [16/Jan/2026 09:10:19] "GET /health HTTP/1.1" 200 -
127.0.0.1 - - [16/Jan/2026 09:10:24] "GET /health HTTP/1.1" 200 -
127.0.0.1 - - [16/Jan/2026 09:10:29] "GET /health HTTP/1.1" 200 -
127.0.0.1 - - [16/Jan/2026 09:10:34] "GET /health HTTP/1.1" 200 -
127.0.0.1 - - [16/Jan/2026 09:10:39] "GET /health HTTP/1.1" 200 -
127.0.0.1 - - [16/Jan/2026 09:10:44] "GET /health HTTP/1.1" 200 -
127.0.0.1 - - [16/Jan/2026 09:10:49] "GET /health HTTP/1.1" 200 -
127.0.0.1 - - [16/Jan/2026 09:10:50] "[33mGET /favicon.ico HTTP/1.1[0m" 404 -
127.0.0.1 - - [16/Jan/2026 09:10:54] "GET /health HTTP/1.1" 200 -
127.0.0.1 - - [16/Jan/2026 09:10:59] "GET /health HTTP/1.1" 200 -
127.0.0.1 - - [16/Jan/2026 09:11:04] "GET /health HTTP/1.1" 200 -
127.0.0.1 - - [16/Jan/2026 09:11:09] "GET /health HTTP/1.1" 200 -
127.0.0.1 - - [16/Jan/2026 09:11:14] "GET /health HTTP/1.1" 200 -
[API REQUEST] GET /health
[API REQUEST] No parameters
====================================================================================================

[API RESPONSE] ✅ 200 GET /health


====================================================================================================
[API REQUEST] GET /health
[API REQUEST] No parameters
====================================================================================================

[API RESPONSE] ✅ 200 GET /health


====================================================================================================
[API REQUEST] GET /health
[API REQUEST] No parameters
====================================================================================================

[API RESPONSE] ✅ 200 GET /health


====================================================================================================
[API REQUEST] GET /health
[API REQUEST] No parameters
====================================================================================================

[API RESPONSE] ✅ 200 GET /health


====================================================================================================
[API REQUEST] GET /health
[API REQUEST] No parameters
====================================================================================================

[API RESPONSE] ✅ 200 GET /health


====================================================================================================
[API REQUEST] GET /health
[API REQUEST] No parameters
====================================================================================================

[API RESPONSE] ✅ 200 GET /health


====================================================================================================
[API REQUEST] GET /health
[API REQUEST] No parameters
====================================================================================================

[API RESPONSE] ✅ 200 GET /health


====================================================================================================
[API REQUEST] GET /health
[API REQUEST] No parameters
====================================================================================================

[API RESPONSE] ✅ 200 GET /health


====================================================================================================
[API REQUEST] GET /health
[API REQUEST] No parameters
====================================================================================================

[API RESPONSE] ✅ 200 GET /health


====================================================================================================
[API REQUEST] GET /health
[API REQUEST] No parameters
====================================================================================================

[API RESPONSE] ✅ 200 GET /health


====================================================================================================
[API REQUEST] GET /health
[API REQUEST] No parameters
====================================================================================================

[API RESPONSE] ✅ 200 GET /health


====================================================================================================
[API REQUEST] GET /health
[API REQUEST] No parameters
====================================================================================================

[API RESPONSE] ✅ 200 GET /health


====================================================================================================
[API REQUEST] GET /health
[API REQUEST] No parameters
====================================================================================================

[API RESPONSE] ✅ 200 GET /health


====================================================================================================
[API REQUEST] GET /health
[API REQUEST] No parameters
====================================================================================================

[API RESPONSE] ✅ 200 GET /health


====================================================================================================
[API REQUEST] GET /health
[API REQUEST] No parameters
====================================================================================================

[API RESPONSE] ✅ 200 GET /health


====================================================================================================
[API REQUEST] GET /health
[API REQUEST] No parameters
====================================================================================================

[API RESPONSE] ✅ 200 GET /health


====================================================================================================
[API REQUEST] GET /health
[API REQUEST] No parameters
====================================================================================================

[API RESPONSE] ✅ 200 GET /health


====================================================================================================
[API REQUEST] GET /health
[API REQUEST] No parameters
====================================================================================================

[API RESPONSE] ✅ 200 GET /health


====================================================================================================
[API REQUEST] GET /health
[API REQUEST] No parameters
====================================================================================================

[API RESPONSE] ✅ 200 GET /health


====================================================================================================
[API REQUEST] GET /health
[API REQUEST] No parameters
====================================================================================================

[API RESPONSE] ✅ 200 GET /health


====================================================================================================
[API REQUEST] GET /health
[API REQUEST] No parameters
====================================================================================================

[API RESPONSE] ✅ 200 GET /health


====================================================================================================
[API REQUEST] GET /health
[API REQUEST] No parameters
====================================================================================================

[API RESPONSE] ✅ 200 GET /health


====================================================================================================
[API REQUEST] GET /favicon.ico
[API REQUEST] No parameters
====================================================================================================

[API RESPONSE] ❌ 404 GET /favicon.ico


====================================================================================================
[API REQUEST] GET /health
[API REQUEST] No parameters
====================================================================================================

[API RESPONSE] ✅ 200 GET /health


====================================================================================================
[API REQUEST] GET /health
[API REQUEST] No parameters
====================================================================================================

[API RESPONSE] ✅ 200 GET /health


====================================================================================================
[API REQUEST] GET /health
[API REQUEST] No parameters
====================================================================================================

[API RESPONSE] ✅ 200 GET /health


====================================================================================================
[API REQUEST] GET /health
[API REQUEST] No parameters
====================================================================================================

[API RESPONSE] ✅ 200 GET /health


====================================================================================================
[API REQUEST] GET /health
[API REQUEST] No parameters
====================================================================================================

[API RESPONSE] ✅ 200 GET /health

127.0.0.1 - - [16/Jan/2026 09:11:19] "GET /health HTTP/1.1" 200 -
127.0.0.1 - - [16/Jan/2026 09:11:24] "GET /health HTTP/1.1" 200 -
127.0.0.1 - - [16/Jan/2026 09:11:29] "GET /health HTTP/1.1" 200 -
127.0.0.1 - - [16/Jan/2026 09:11:34] "GET /health HTTP/1.1" 200 -
127.0.0.1 - - [16/Jan/2026 09:11:39] "GET /health HTTP/1.1" 200 -
127.0.0.1 - - [16/Jan/2026 09:11:44] "GET /health HTTP/1.1" 200 -
127.0.0.1 - - [16/Jan/2026 09:11:49] "GET /health HTTP/1.1" 200 -
127.0.0.1 - - [16/Jan/2026 09:11:54] "GET /health HTTP/1.1" 200 -
127.0.0.1 - - [16/Jan/2026 09:12:00] "GET /health HTTP/1.1" 200 -
127.0.0.1 - - [16/Jan/2026 09:12:05] "GET /health HTTP/1.1" 200 -
127.0.0.1 - - [16/Jan/2026 09:12:10] "GET /health HTTP/1.1" 200 -
127.0.0.1 - - [16/Jan/2026 09:12:15] "GET /health HTTP/1.1" 200 -
127.0.0.1 - - [16/Jan/2026 09:12:20] "GET /health HTTP/1.1" 200 -
127.0.0.1 - - [16/Jan/2026 09:12:25] "GET /health HTTP/1.1" 200 -
127.0.0.1 - - [16/Jan/2026 09:12:30] "GET /health HTTP/1.1" 200 -
127.0.0.1 - - [16/Jan/2026 09:12:35] "GET /health HTTP/1.1" 200 -
127.0.0.1 - - [16/Jan/2026 09:12:40] "GET /health HTTP/1.1" 200 -
127.0.0.1 - - [16/Jan/2026 09:12:45] "GET /health HTTP/1.1" 200 -
127.0.0.1 - - [16/Jan/2026 09:12:50] "GET /health HTTP/1.1" 200 -
127.0.0.1 - - [16/Jan/2026 09:12:55] "GET /health HTTP/1.1" 200 -
127.0.0.1 - - [16/Jan/2026 09:13:00] "GET /health HTTP/1.1" 200 -
127.0.0.1 - - [16/Jan/2026 09:13:05] "GET /health HTTP/1.1" 200 -
127.0.0.1 - - [16/Jan/2026 09:13:10] "GET /health HTTP/1.1" 200 -
127.0.0.1 - - [16/Jan/2026 09:13:15] "GET /health HTTP/1.1" 200 -
127.0.0.1 - - [16/Jan/2026 09:13:20] "GET /health HTTP/1.1" 200 -
127.0.0.1 - - [16/Jan/2026 09:13:25] "GET /health HTTP/1.1" 200 -
127.0.0.1 - - [16/Jan/2026 09:13:30] "GET /health HTTP/1.1" 200 -

====================================================================================================
[API REQUEST] GET /health
[API REQUEST] No parameters
====================================================================================================

[API RESPONSE] ✅ 200 GET /health


====================================================================================================
[API REQUEST] GET /health
[API REQUEST] No parameters
====================================================================================================

[API RESPONSE] ✅ 200 GET /health


====================================================================================================
[API REQUEST] GET /health
[API REQUEST] No parameters
====================================================================================================

[API RESPONSE] ✅ 200 GET /health


====================================================================================================
[API REQUEST] GET /health
[API REQUEST] No parameters
====================================================================================================

[API RESPONSE] ✅ 200 GET /health


====================================================================================================
[API REQUEST] GET /health
[API REQUEST] No parameters
====================================================================================================

[API RESPONSE] ✅ 200 GET /health


====================================================================================================
[API REQUEST] GET /health
[API REQUEST] No parameters
====================================================================================================

[API RESPONSE] ✅ 200 GET /health


====================================================================================================
[API REQUEST] GET /health
[API REQUEST] No parameters
====================================================================================================

[API RESPONSE] ✅ 200 GET /health


====================================================================================================
[API REQUEST] GET /health
[API REQUEST] No parameters
====================================================================================================

[API RESPONSE] ✅ 200 GET /health


====================================================================================================
[API REQUEST] GET /health
[API REQUEST] No parameters
====================================================================================================

[API RESPONSE] ✅ 200 GET /health


====================================================================================================
[API REQUEST] GET /health
[API REQUEST] No parameters
====================================================================================================

[API RESPONSE] ✅ 200 GET /health


====================================================================================================
[API REQUEST] GET /health
[API REQUEST] No parameters
====================================================================================================

[API RESPONSE] ✅ 200 GET /health


====================================================================================================
[API REQUEST] GET /health
[API REQUEST] No parameters
====================================================================================================

[API RESPONSE] ✅ 200 GET /health


====================================================================================================
[API REQUEST] GET /health
[API REQUEST] No parameters
====================================================================================================

[API RESPONSE] ✅ 200 GET /health


====================================================================================================
[API REQUEST] GET /health
[API REQUEST] No parameters
====================================================================================================

[API RESPONSE] ✅ 200 GET /health


====================================================================================================
[API REQUEST] GET /health
[API REQUEST] No parameters
====================================================================================================

[API RESPONSE] ✅ 200 GET /health


====================================================================================================
[API REQUEST] GET /health
[API REQUEST] No parameters
====================================================================================================

[API RESPONSE] ✅ 200 GET /health


====================================================================================================
[API REQUEST] GET /health
[API REQUEST] No parameters
====================================================================================================

[API RESPONSE] ✅ 200 GET /health


====================================================================================================
[API REQUEST] GET /health
[API REQUEST] No parameters
====================================================================================================

[API RESPONSE] ✅ 200 GET /health


====================================================================================================
[API REQUEST] GET /health
[API REQUEST] No parameters
====================================================================================================

[API RESPONSE] ✅ 200 GET /health


====================================================================================================
[API REQUEST] GET /health
[API REQUEST] No parameters
====================================================================================================

[API RESPONSE] ✅ 200 GET /health


====================================================================================================
[API REQUEST] GET /health
[API REQUEST] No parameters
====================================================================================================

[API RESPONSE] ✅ 200 GET /health


====================================================================================================
[API REQUEST] GET /health
[API REQUEST] No parameters
====================================================================================================

[API RESPONSE] ✅ 200 GET /health


====================================================================================================
[API REQUEST] GET /health
[API REQUEST] No parameters
====================================================================================================

[API RESPONSE] ✅ 200 GET /health


====================================================================================================
[API REQUEST] GET /health
[API REQUEST] No parameters
====================================================================================================

[API RESPONSE] ✅ 200 GET /health


====================================================================================================
[API REQUEST] GET /health
[API REQUEST] No parameters
====================================================================================================

[API RESPONSE] ✅ 200 GET /health


====================================================================================================
[API REQUEST] GET /health
[API REQUEST] No parameters
====================================================================================================

[API RESPONSE] ✅ 200 GET /health


====================================================================================================
[API REQUEST] GET /health
[API REQUEST] No parameters
====================================================================================================

[API RESPONSE] ✅ 200 GET /health


====================================================================================================
[API REQUEST] GET /health
[API REQUEST] No parameters
127.0.0.1 - - [16/Jan/2026 09:13:35] "GET /health HTTP/1.1" 200 -
127.0.0.1 - - [16/Jan/2026 09:13:40] "GET /health HTTP/1.1" 200 -
127.0.0.1 - - [16/Jan/2026 09:13:45] "GET /health HTTP/1.1" 200 -
127.0.0.1 - - [16/Jan/2026 09:13:50] "GET /health HTTP/1.1" 200 -
