[INFO] Job Service v2.3-DB-FIXED starting...
[INFO] Database connection management fixed for real-time status updates
[CONFIG] ANALYSIS_MODE loaded: lora (from env: lora)
[INIT] AI_SERVICE_URL: http://127.0.0.1:5100/analyze
[INIT] Port: 5005
[INIT] Database: /Users/shaydu/dev/mondrian-macos/mondrian/mondrian.db
[INIT] Debug mode: False
[INIT] Created directories
[INIT] Initializing database...
[INIT] Database schema OK
[INIT] RAG Default: ENABLED (from RAG_ENABLED env var)
============================================================
Starting Job Service v2.3-DB-FIXED on port 5005...
Host: 0.0.0.0:5005
AI Service: http://127.0.0.1:5100/analyze
============================================================
 * Serving Flask app 'job_service_v2.3'
 * Debug mode: off
[31m[1mWARNING: This is a development server. Do not use it in a production deployment. Use a production WSGI server instead.[0m
 * Running on all addresses (0.0.0.0)
 * Running on http://127.0.0.1:5005
 * Running on http://10.0.0.131:5005
[33mPress CTRL+C to quit[0m
127.0.0.1 - - [16/Jan/2026 08:32:51] "GET /health HTTP/1.1" 200 -
127.0.0.1 - - [16/Jan/2026 08:32:59] "GET /health HTTP/1.1" 200 -
127.0.0.1 - - [16/Jan/2026 08:32:59] "GET /health HTTP/1.1" 200 -
127.0.0.1 - - [16/Jan/2026 08:33:04] "GET /health HTTP/1.1" 200 -
127.0.0.1 - - [16/Jan/2026 08:33:09] "GET /health HTTP/1.1" 200 -
127.0.0.1 - - [16/Jan/2026 08:33:14] "GET /health HTTP/1.1" 200 -
127.0.0.1 - - [16/Jan/2026 08:33:19] "GET /health HTTP/1.1" 200 -
127.0.0.1 - - [16/Jan/2026 08:33:24] "GET /health HTTP/1.1" 200 -
127.0.0.1 - - [16/Jan/2026 08:33:29] "GET /health HTTP/1.1" 200 -
127.0.0.1 - - [16/Jan/2026 08:33:34] "GET /health HTTP/1.1" 200 -
127.0.0.1 - - [16/Jan/2026 08:33:39] "GET /health HTTP/1.1" 200 -
127.0.0.1 - - [16/Jan/2026 08:33:44] "GET /health HTTP/1.1" 200 -
127.0.0.1 - - [16/Jan/2026 08:33:49] "GET /health HTTP/1.1" 200 -
127.0.0.1 - - [16/Jan/2026 08:33:54] "GET /health HTTP/1.1" 200 -
127.0.0.1 - - [16/Jan/2026 08:33:59] "GET /health HTTP/1.1" 200 -
127.0.0.1 - - [16/Jan/2026 08:34:04] "GET /health HTTP/1.1" 200 -
127.0.0.1 - - [16/Jan/2026 08:34:09] "GET /health HTTP/1.1" 200 -
127.0.0.1 - - [16/Jan/2026 08:34:14] "GET /health HTTP/1.1" 200 -
127.0.0.1 - - [16/Jan/2026 08:34:19] "GET /health HTTP/1.1" 200 -
127.0.0.1 - - [16/Jan/2026 08:34:24] "GET /health HTTP/1.1" 200 -
127.0.0.1 - - [16/Jan/2026 08:34:29] "GET /health HTTP/1.1" 200 -
127.0.0.1 - - [16/Jan/2026 08:34:34] "GET /health HTTP/1.1" 200 -
127.0.0.1 - - [16/Jan/2026 08:34:39] "GET /health HTTP/1.1" 200 -
127.0.0.1 - - [16/Jan/2026 08:34:44] "GET /health HTTP/1.1" 200 -
127.0.0.1 - - [16/Jan/2026 08:34:49] "GET /health HTTP/1.1" 200 -
127.0.0.1 - - [16/Jan/2026 08:34:54] "GET /health HTTP/1.1" 200 -
127.0.0.1 - - [16/Jan/2026 08:34:59] "GET /health HTTP/1.1" 200 -

====================================================================================================
[API REQUEST] GET /health
[API REQUEST] No parameters
====================================================================================================

[API RESPONSE] ✅ 200 GET /health


====================================================================================================
[API REQUEST] GET /health
[API REQUEST] No parameters
====================================================================================================

[API RESPONSE] ✅ 200 GET /health


====================================================================================================
[API REQUEST] GET /health
[API REQUEST] No parameters
====================================================================================================

[API RESPONSE] ✅ 200 GET /health


====================================================================================================
[API REQUEST] GET /health
[API REQUEST] No parameters
====================================================================================================

[API RESPONSE] ✅ 200 GET /health


====================================================================================================
[API REQUEST] GET /health
[API REQUEST] No parameters
====================================================================================================

[API RESPONSE] ✅ 200 GET /health


====================================================================================================
[API REQUEST] GET /health
[API REQUEST] No parameters
====================================================================================================

[API RESPONSE] ✅ 200 GET /health


====================================================================================================
[API REQUEST] GET /health
[API REQUEST] No parameters
====================================================================================================

[API RESPONSE] ✅ 200 GET /health


====================================================================================================
[API REQUEST] GET /health
[API REQUEST] No parameters
====================================================================================================

[API RESPONSE] ✅ 200 GET /health


====================================================================================================
[API REQUEST] GET /health
[API REQUEST] No parameters
====================================================================================================

[API RESPONSE] ✅ 200 GET /health


====================================================================================================
[API REQUEST] GET /health
[API REQUEST] No parameters
====================================================================================================

[API RESPONSE] ✅ 200 GET /health


====================================================================================================
[API REQUEST] GET /health
[API REQUEST] No parameters
====================================================================================================

[API RESPONSE] ✅ 200 GET /health


====================================================================================================
[API REQUEST] GET /health
[API REQUEST] No parameters
====================================================================================================

[API RESPONSE] ✅ 200 GET /health


====================================================================================================
[API REQUEST] GET /health
[API REQUEST] No parameters
====================================================================================================

[API RESPONSE] ✅ 200 GET /health


====================================================================================================
[API REQUEST] GET /health
[API REQUEST] No parameters
====================================================================================================

[API RESPONSE] ✅ 200 GET /health


====================================================================================================
[API REQUEST] GET /health
[API REQUEST] No parameters
====================================================================================================

[API RESPONSE] ✅ 200 GET /health


====================================================================================================
[API REQUEST] GET /health
[API REQUEST] No parameters
====================================================================================================

[API RESPONSE] ✅ 200 GET /health


====================================================================================================
[API REQUEST] GET /health
[API REQUEST] No parameters
====================================================================================================

[API RESPONSE] ✅ 200 GET /health


====================================================================================================
[API REQUEST] GET /health
[API REQUEST] No parameters
====================================================================================================

[API RESPONSE] ✅ 200 GET /health


====================================================================================================
[API REQUEST] GET /health
[API REQUEST] No parameters
====================================================================================================

[API RESPONSE] ✅ 200 GET /health


====================================================================================================
[API REQUEST] GET /health
[API REQUEST] No parameters
====================================================================================================

[API RESPONSE] ✅ 200 GET /health


====================================================================================================
[API REQUEST] GET /health
[API REQUEST] No parameters
====================================================================================================

[API RESPONSE] ✅ 200 GET /health


====================================================================================================
[API REQUEST] GET /health
[API REQUEST] No parameters
====================================================================================================

[API RESPONSE] ✅ 200 GET /health


====================================================================================================
[API REQUEST] GET /health
[API REQUEST] No parameters
====================================================================================================

[API RESPONSE] ✅ 200 GET /health


====================================================================================================
[API REQUEST] GET /health
[API REQUEST] No parameters
====================================================================================================

[API RESPONSE] ✅ 200 GET /health


====================================================================================================
[API REQUEST] GET /health
[API REQUEST] No parameters
====================================================================================================

[API RESPONSE] ✅ 200 GET /health


====================================================================================================
[API REQUEST] GET /health
[API REQUEST] No parameters
====================================================================================================

[API RESPONSE] ✅ 200 GET /health


====================================================================================================
[API REQUEST] GET /health
[API REQUEST] No parameters
====================================================================================================

[API RESPONSE] ✅ 200 GET /health


====================================================================================================
[API REQUEST] GET /health
[API REQUEST] No parameters
127.0.0.1 - - [16/Jan/2026 08:35:04] "GET /health HTTP/1.1" 200 -
127.0.0.1 - - [16/Jan/2026 08:35:09] "GET /health HTTP/1.1" 200 -
127.0.0.1 - - [16/Jan/2026 08:35:14] "GET /health HTTP/1.1" 200 -
127.0.0.1 - - [16/Jan/2026 08:35:19] "GET /health HTTP/1.1" 200 -
127.0.0.1 - - [16/Jan/2026 08:35:24] "GET /health HTTP/1.1" 200 -
127.0.0.1 - - [16/Jan/2026 08:35:29] "GET /health HTTP/1.1" 200 -
127.0.0.1 - - [16/Jan/2026 08:35:34] "GET /health HTTP/1.1" 200 -
127.0.0.1 - - [16/Jan/2026 08:35:39] "GET /health HTTP/1.1" 200 -
127.0.0.1 - - [16/Jan/2026 08:35:44] "GET /health HTTP/1.1" 200 -
127.0.0.1 - - [16/Jan/2026 08:35:49] "GET /health HTTP/1.1" 200 -
127.0.0.1 - - [16/Jan/2026 08:35:54] "GET /health HTTP/1.1" 200 -
127.0.0.1 - - [16/Jan/2026 08:35:59] "GET /health HTTP/1.1" 200 -
127.0.0.1 - - [16/Jan/2026 08:36:05] "GET /health HTTP/1.1" 200 -
127.0.0.1 - - [16/Jan/2026 08:36:10] "GET /health HTTP/1.1" 200 -
127.0.0.1 - - [16/Jan/2026 08:36:15] "GET /health HTTP/1.1" 200 -
127.0.0.1 - - [16/Jan/2026 08:36:20] "GET /health HTTP/1.1" 200 -
127.0.0.1 - - [16/Jan/2026 08:36:25] "GET /health HTTP/1.1" 200 -
127.0.0.1 - - [16/Jan/2026 08:36:30] "GET /health HTTP/1.1" 200 -
127.0.0.1 - - [16/Jan/2026 08:36:35] "GET /health HTTP/1.1" 200 -
127.0.0.1 - - [16/Jan/2026 08:36:40] "GET /health HTTP/1.1" 200 -
127.0.0.1 - - [16/Jan/2026 08:36:45] "GET /health HTTP/1.1" 200 -
127.0.0.1 - - [16/Jan/2026 08:36:50] "GET /health HTTP/1.1" 200 -
127.0.0.1 - - [16/Jan/2026 08:36:55] "GET /health HTTP/1.1" 200 -
127.0.0.1 - - [16/Jan/2026 08:37:00] "GET /health HTTP/1.1" 200 -
127.0.0.1 - - [16/Jan/2026 08:37:05] "GET /health HTTP/1.1" 200 -
127.0.0.1 - - [16/Jan/2026 08:37:10] "GET /health HTTP/1.1" 200 -
127.0.0.1 - - [16/Jan/2026 08:37:15] "GET /health HTTP/1.1" 200 -
127.0.0.1 - - [16/Jan/2026 08:37:20] "GET /health HTTP/1.1" 200 -
====================================================================================================

[API RESPONSE] ✅ 200 GET /health


====================================================================================================
[API REQUEST] GET /health
[API REQUEST] No parameters
====================================================================================================

[API RESPONSE] ✅ 200 GET /health


====================================================================================================
[API REQUEST] GET /health
[API REQUEST] No parameters
====================================================================================================

[API RESPONSE] ✅ 200 GET /health


====================================================================================================
[API REQUEST] GET /health
[API REQUEST] No parameters
====================================================================================================

[API RESPONSE] ✅ 200 GET /health


====================================================================================================
[API REQUEST] GET /health
[API REQUEST] No parameters
====================================================================================================

[API RESPONSE] ✅ 200 GET /health


====================================================================================================
[API REQUEST] GET /health
[API REQUEST] No parameters
====================================================================================================

[API RESPONSE] ✅ 200 GET /health


====================================================================================================
[API REQUEST] GET /health
[API REQUEST] No parameters
====================================================================================================

[API RESPONSE] ✅ 200 GET /health


====================================================================================================
[API REQUEST] GET /health
[API REQUEST] No parameters
====================================================================================================

[API RESPONSE] ✅ 200 GET /health


====================================================================================================
[API REQUEST] GET /health
[API REQUEST] No parameters
====================================================================================================

[API RESPONSE] ✅ 200 GET /health


====================================================================================================
[API REQUEST] GET /health
[API REQUEST] No parameters
====================================================================================================

[API RESPONSE] ✅ 200 GET /health


====================================================================================================
[API REQUEST] GET /health
[API REQUEST] No parameters
====================================================================================================

[API RESPONSE] ✅ 200 GET /health


====================================================================================================
[API REQUEST] GET /health
[API REQUEST] No parameters
====================================================================================================

[API RESPONSE] ✅ 200 GET /health


====================================================================================================
[API REQUEST] GET /health
[API REQUEST] No parameters
====================================================================================================

[API RESPONSE] ✅ 200 GET /health


====================================================================================================
[API REQUEST] GET /health
[API REQUEST] No parameters
====================================================================================================

[API RESPONSE] ✅ 200 GET /health


====================================================================================================
[API REQUEST] GET /health
[API REQUEST] No parameters
====================================================================================================

[API RESPONSE] ✅ 200 GET /health


====================================================================================================
[API REQUEST] GET /health
[API REQUEST] No parameters
====================================================================================================

[API RESPONSE] ✅ 200 GET /health


====================================================================================================
[API REQUEST] GET /health
[API REQUEST] No parameters
====================================================================================================

[API RESPONSE] ✅ 200 GET /health


====================================================================================================
[API REQUEST] GET /health
[API REQUEST] No parameters
====================================================================================================

[API RESPONSE] ✅ 200 GET /health


====================================================================================================
[API REQUEST] GET /health
[API REQUEST] No parameters
====================================================================================================

[API RESPONSE] ✅ 200 GET /health


====================================================================================================
[API REQUEST] GET /health
[API REQUEST] No parameters
====================================================================================================

[API RESPONSE] ✅ 200 GET /health


====================================================================================================
[API REQUEST] GET /health
[API REQUEST] No parameters
====================================================================================================

[API RESPONSE] ✅ 200 GET /health


====================================================================================================
[API REQUEST] GET /health
[API REQUEST] No parameters
====================================================================================================

[API RESPONSE] ✅ 200 GET /health


====================================================================================================
[API REQUEST] GET /health
[API REQUEST] No parameters
====================================================================================================

[API RESPONSE] ✅ 200 GET /health


====================================================================================================
[API REQUEST] GET /health
[API REQUEST] No parameters
====================================================================================================

[API RESPONSE] ✅ 200 GET /health


====================================================================================================
[API REQUEST] GET /health
[API REQUEST] No parameters
====================================================================================================

[API RESPONSE] ✅ 200 GET /health


====================================================================================================
[API REQUEST] GET /health
[API REQUEST] No parameters
====================================================================================================

[API RESPONSE] ✅ 200 GET /health


====================================================================================================
[API REQUEST] GET /health
[API REQUEST] No parameters
====================================================================================================

[API RESPONSE] ✅ 200 GET /health


====================================================================================================
[API REQUEST] GET /health
[API REQUEST] No parameters
====================================================================================================

[API RESPONSE] ✅ 200 GET /health


====================================================================================================
127.0.0.1 - - [16/Jan/2026 08:37:25] "GET /health HTTP/1.1" 200 -
127.0.0.1 - - [16/Jan/2026 08:37:30] "GET /health HTTP/1.1" 200 -
127.0.0.1 - - [16/Jan/2026 08:37:35] "GET /health HTTP/1.1" 200 -
127.0.0.1 - - [16/Jan/2026 08:37:40] "GET /health HTTP/1.1" 200 -
127.0.0.1 - - [16/Jan/2026 08:37:45] "GET /health HTTP/1.1" 200 -
127.0.0.1 - - [16/Jan/2026 08:37:50] "GET /health HTTP/1.1" 200 -
127.0.0.1 - - [16/Jan/2026 08:37:55] "GET /health HTTP/1.1" 200 -
127.0.0.1 - - [16/Jan/2026 08:38:00] "GET /health HTTP/1.1" 200 -
127.0.0.1 - - [16/Jan/2026 08:38:05] "GET /health HTTP/1.1" 200 -
127.0.0.1 - - [16/Jan/2026 08:38:10] "GET /health HTTP/1.1" 200 -
127.0.0.1 - - [16/Jan/2026 08:38:15] "GET /health HTTP/1.1" 200 -
127.0.0.1 - - [16/Jan/2026 08:38:20] "GET /health HTTP/1.1" 200 -
127.0.0.1 - - [16/Jan/2026 08:38:25] "GET /health HTTP/1.1" 200 -
127.0.0.1 - - [16/Jan/2026 08:38:30] "GET /health HTTP/1.1" 200 -
127.0.0.1 - - [16/Jan/2026 08:38:35] "GET /health HTTP/1.1" 200 -
127.0.0.1 - - [16/Jan/2026 08:38:40] "GET /health HTTP/1.1" 200 -
127.0.0.1 - - [16/Jan/2026 08:38:45] "GET /health HTTP/1.1" 200 -
127.0.0.1 - - [16/Jan/2026 08:38:50] "GET /health HTTP/1.1" 200 -
127.0.0.1 - - [16/Jan/2026 08:38:55] "GET /health HTTP/1.1" 200 -
127.0.0.1 - - [16/Jan/2026 08:39:00] "GET /health HTTP/1.1" 200 -
127.0.0.1 - - [16/Jan/2026 08:39:05] "GET /health HTTP/1.1" 200 -
127.0.0.1 - - [16/Jan/2026 08:39:10] "GET /health HTTP/1.1" 200 -
127.0.0.1 - - [16/Jan/2026 08:39:15] "GET /health HTTP/1.1" 200 -
127.0.0.1 - - [16/Jan/2026 08:39:20] "GET /health HTTP/1.1" 200 -
127.0.0.1 - - [16/Jan/2026 08:39:25] "GET /health HTTP/1.1" 200 -
127.0.0.1 - - [16/Jan/2026 08:39:30] "GET /health HTTP/1.1" 200 -
127.0.0.1 - - [16/Jan/2026 08:39:35] "GET /health HTTP/1.1" 200 -
127.0.0.1 - - [16/Jan/2026 08:39:40] "GET /health HTTP/1.1" 200 -
[API REQUEST] GET /health
[API REQUEST] No parameters
====================================================================================================

[API RESPONSE] ✅ 200 GET /health


====================================================================================================
[API REQUEST] GET /health
[API REQUEST] No parameters
====================================================================================================

[API RESPONSE] ✅ 200 GET /health


====================================================================================================
[API REQUEST] GET /health
[API REQUEST] No parameters
====================================================================================================

[API RESPONSE] ✅ 200 GET /health


====================================================================================================
[API REQUEST] GET /health
[API REQUEST] No parameters
====================================================================================================

[API RESPONSE] ✅ 200 GET /health


====================================================================================================
[API REQUEST] GET /health
[API REQUEST] No parameters
====================================================================================================

[API RESPONSE] ✅ 200 GET /health


====================================================================================================
[API REQUEST] GET /health
[API REQUEST] No parameters
====================================================================================================

[API RESPONSE] ✅ 200 GET /health


====================================================================================================
[API REQUEST] GET /health
[API REQUEST] No parameters
====================================================================================================

[API RESPONSE] ✅ 200 GET /health


====================================================================================================
[API REQUEST] GET /health
[API REQUEST] No parameters
====================================================================================================

[API RESPONSE] ✅ 200 GET /health


====================================================================================================
[API REQUEST] GET /health
[API REQUEST] No parameters
====================================================================================================

[API RESPONSE] ✅ 200 GET /health


====================================================================================================
[API REQUEST] GET /health
[API REQUEST] No parameters
====================================================================================================

[API RESPONSE] ✅ 200 GET /health


====================================================================================================
[API REQUEST] GET /health
[API REQUEST] No parameters
====================================================================================================

[API RESPONSE] ✅ 200 GET /health


====================================================================================================
[API REQUEST] GET /health
[API REQUEST] No parameters
====================================================================================================

[API RESPONSE] ✅ 200 GET /health


====================================================================================================
[API REQUEST] GET /health
[API REQUEST] No parameters
====================================================================================================

[API RESPONSE] ✅ 200 GET /health


====================================================================================================
[API REQUEST] GET /health
[API REQUEST] No parameters
====================================================================================================

[API RESPONSE] ✅ 200 GET /health


====================================================================================================
[API REQUEST] GET /health
[API REQUEST] No parameters
====================================================================================================

[API RESPONSE] ✅ 200 GET /health


====================================================================================================
[API REQUEST] GET /health
[API REQUEST] No parameters
====================================================================================================

[API RESPONSE] ✅ 200 GET /health


====================================================================================================
[API REQUEST] GET /health
[API REQUEST] No parameters
====================================================================================================

[API RESPONSE] ✅ 200 GET /health


====================================================================================================
[API REQUEST] GET /health
[API REQUEST] No parameters
====================================================================================================

[API RESPONSE] ✅ 200 GET /health


====================================================================================================
[API REQUEST] GET /health
[API REQUEST] No parameters
====================================================================================================

[API RESPONSE] ✅ 200 GET /health


====================================================================================================
[API REQUEST] GET /health
[API REQUEST] No parameters
====================================================================================================

[API RESPONSE] ✅ 200 GET /health


====================================================================================================
[API REQUEST] GET /health
[API REQUEST] No parameters
====================================================================================================

[API RESPONSE] ✅ 200 GET /health


====================================================================================================
[API REQUEST] GET /health
[API REQUEST] No parameters
====================================================================================================

[API RESPONSE] ✅ 200 GET /health


====================================================================================================
[API REQUEST] GET /health
[API REQUEST] No parameters
====================================================================================================

[API RESPONSE] ✅ 200 GET /health


====================================================================================================
[API REQUEST] GET /health
[API REQUEST] No parameters
====================================================================================================

[API RESPONSE] ✅ 200 GET /health


====================================================================================================
[API REQUEST] GET /health
[API REQUEST] No parameters
====================================================================================================

[API RESPONSE] ✅ 200 GET /health


====================================================================================================
[API REQUEST] GET /health
[API REQUEST] No parameters
====================================================================================================

[API RESPONSE] ✅ 200 GET /health


====================================================================================================
[API REQUEST] GET /health
[API REQUEST] No parameters
====================================================================================================

[API RESPONSE] ✅ 200 GET /health


====================================================================================================
[API REQUEST] GET /health
[API REQUEST] No parameters
====================================================================================================

[API RESPONSE] ✅ 200 GET /health

127.0.0.1 - - [16/Jan/2026 08:39:45] "GET /health HTTP/1.1" 200 -
127.0.0.1 - - [16/Jan/2026 08:39:50] "GET /health HTTP/1.1" 200 -
127.0.0.1 - - [16/Jan/2026 08:39:55] "GET /health HTTP/1.1" 200 -
127.0.0.1 - - [16/Jan/2026 08:40:00] "GET /health HTTP/1.1" 200 -
127.0.0.1 - - [16/Jan/2026 08:40:05] "GET /health HTTP/1.1" 200 -
127.0.0.1 - - [16/Jan/2026 08:40:10] "GET /health HTTP/1.1" 200 -
127.0.0.1 - - [16/Jan/2026 08:40:15] "GET /health HTTP/1.1" 200 -
127.0.0.1 - - [16/Jan/2026 08:40:20] "GET /health HTTP/1.1" 200 -
127.0.0.1 - - [16/Jan/2026 08:40:25] "GET /health HTTP/1.1" 200 -
127.0.0.1 - - [16/Jan/2026 08:40:30] "GET /health HTTP/1.1" 200 -
127.0.0.1 - - [16/Jan/2026 08:40:35] "GET /health HTTP/1.1" 200 -
127.0.0.1 - - [16/Jan/2026 08:40:41] "GET /health HTTP/1.1" 200 -
127.0.0.1 - - [16/Jan/2026 08:40:46] "GET /health HTTP/1.1" 200 -
127.0.0.1 - - [16/Jan/2026 08:40:51] "GET /health HTTP/1.1" 200 -
127.0.0.1 - - [16/Jan/2026 08:40:56] "GET /health HTTP/1.1" 200 -
127.0.0.1 - - [16/Jan/2026 08:41:01] "GET /health HTTP/1.1" 200 -
127.0.0.1 - - [16/Jan/2026 08:41:06] "GET /health HTTP/1.1" 200 -
127.0.0.1 - - [16/Jan/2026 08:41:11] "GET /health HTTP/1.1" 200 -
127.0.0.1 - - [16/Jan/2026 08:41:16] "GET /health HTTP/1.1" 200 -
127.0.0.1 - - [16/Jan/2026 08:41:21] "GET /health HTTP/1.1" 200 -
127.0.0.1 - - [16/Jan/2026 08:41:26] "GET /health HTTP/1.1" 200 -
127.0.0.1 - - [16/Jan/2026 08:41:31] "GET /health HTTP/1.1" 200 -
127.0.0.1 - - [16/Jan/2026 08:41:36] "GET /health HTTP/1.1" 200 -
127.0.0.1 - - [16/Jan/2026 08:41:41] "GET /health HTTP/1.1" 200 -
127.0.0.1 - - [16/Jan/2026 08:41:46] "GET /health HTTP/1.1" 200 -
127.0.0.1 - - [16/Jan/2026 08:41:51] "GET /health HTTP/1.1" 200 -
127.0.0.1 - - [16/Jan/2026 08:41:56] "GET /health HTTP/1.1" 200 -

====================================================================================================
[API REQUEST] GET /health
[API REQUEST] No parameters
====================================================================================================

[API RESPONSE] ✅ 200 GET /health


====================================================================================================
[API REQUEST] GET /health
[API REQUEST] No parameters
====================================================================================================

[API RESPONSE] ✅ 200 GET /health


====================================================================================================
[API REQUEST] GET /health
[API REQUEST] No parameters
====================================================================================================

[API RESPONSE] ✅ 200 GET /health


====================================================================================================
[API REQUEST] GET /health
[API REQUEST] No parameters
====================================================================================================

[API RESPONSE] ✅ 200 GET /health


====================================================================================================
[API REQUEST] GET /health
[API REQUEST] No parameters
====================================================================================================

[API RESPONSE] ✅ 200 GET /health


====================================================================================================
[API REQUEST] GET /health
[API REQUEST] No parameters
====================================================================================================

[API RESPONSE] ✅ 200 GET /health


====================================================================================================
[API REQUEST] GET /health
[API REQUEST] No parameters
====================================================================================================

[API RESPONSE] ✅ 200 GET /health


====================================================================================================
[API REQUEST] GET /health
[API REQUEST] No parameters
====================================================================================================

[API RESPONSE] ✅ 200 GET /health


====================================================================================================
[API REQUEST] GET /health
[API REQUEST] No parameters
====================================================================================================

[API RESPONSE] ✅ 200 GET /health


====================================================================================================
[API REQUEST] GET /health
[API REQUEST] No parameters
====================================================================================================

[API RESPONSE] ✅ 200 GET /health


====================================================================================================
[API REQUEST] GET /health
[API REQUEST] No parameters
====================================================================================================

[API RESPONSE] ✅ 200 GET /health


====================================================================================================
[API REQUEST] GET /health
[API REQUEST] No parameters
====================================================================================================

[API RESPONSE] ✅ 200 GET /health


====================================================================================================
[API REQUEST] GET /health
[API REQUEST] No parameters
====================================================================================================

[API RESPONSE] ✅ 200 GET /health


====================================================================================================
[API REQUEST] GET /health
[API REQUEST] No parameters
====================================================================================================

[API RESPONSE] ✅ 200 GET /health


====================================================================================================
[API REQUEST] GET /health
[API REQUEST] No parameters
====================================================================================================

[API RESPONSE] ✅ 200 GET /health


====================================================================================================
[API REQUEST] GET /health
[API REQUEST] No parameters
====================================================================================================

[API RESPONSE] ✅ 200 GET /health


====================================================================================================
[API REQUEST] GET /health
[API REQUEST] No parameters
====================================================================================================

[API RESPONSE] ✅ 200 GET /health


====================================================================================================
[API REQUEST] GET /health
[API REQUEST] No parameters
====================================================================================================

[API RESPONSE] ✅ 200 GET /health


====================================================================================================
[API REQUEST] GET /health
[API REQUEST] No parameters
====================================================================================================

[API RESPONSE] ✅ 200 GET /health


====================================================================================================
[API REQUEST] GET /health
[API REQUEST] No parameters
====================================================================================================

[API RESPONSE] ✅ 200 GET /health


====================================================================================================
[API REQUEST] GET /health
[API REQUEST] No parameters
====================================================================================================

[API RESPONSE] ✅ 200 GET /health


====================================================================================================
[API REQUEST] GET /health
[API REQUEST] No parameters
====================================================================================================

[API RESPONSE] ✅ 200 GET /health


====================================================================================================
[API REQUEST] GET /health
[API REQUEST] No parameters
====================================================================================================

[API RESPONSE] ✅ 200 GET /health


====================================================================================================
[API REQUEST] GET /health
[API REQUEST] No parameters
====================================================================================================

[API RESPONSE] ✅ 200 GET /health


====================================================================================================
[API REQUEST] GET /health
[API REQUEST] No parameters
====================================================================================================

[API RESPONSE] ✅ 200 GET /health


====================================================================================================
[API REQUEST] GET /health
[API REQUEST] No parameters
====================================================================================================

[API RESPONSE] ✅ 200 GET /health


====================================================================================================
[API REQUEST] GET /health
[API REQUEST] No parameters
====================================================================================================

[API RESPONSE] ✅ 200 GET /health


====================================================================================================
[API REQUEST] GET /health
[API REQUEST] No parameters
127.0.0.1 - - [16/Jan/2026 08:42:01] "GET /health HTTP/1.1" 200 -
127.0.0.1 - - [16/Jan/2026 08:42:06] "GET /health HTTP/1.1" 200 -
127.0.0.1 - - [16/Jan/2026 08:42:11] "GET /health HTTP/1.1" 200 -
127.0.0.1 - - [16/Jan/2026 08:42:16] "GET /health HTTP/1.1" 200 -
127.0.0.1 - - [16/Jan/2026 08:42:21] "GET /health HTTP/1.1" 200 -
127.0.0.1 - - [16/Jan/2026 08:42:26] "GET /health HTTP/1.1" 200 -
127.0.0.1 - - [16/Jan/2026 08:42:31] "GET /health HTTP/1.1" 200 -
127.0.0.1 - - [16/Jan/2026 08:42:36] "GET /health HTTP/1.1" 200 -
127.0.0.1 - - [16/Jan/2026 08:42:41] "GET /health HTTP/1.1" 200 -
127.0.0.1 - - [16/Jan/2026 08:42:46] "GET /health HTTP/1.1" 200 -
127.0.0.1 - - [16/Jan/2026 08:42:51] "GET /health HTTP/1.1" 200 -
127.0.0.1 - - [16/Jan/2026 08:42:56] "GET /health HTTP/1.1" 200 -
127.0.0.1 - - [16/Jan/2026 08:43:01] "GET /health HTTP/1.1" 200 -
127.0.0.1 - - [16/Jan/2026 08:43:06] "GET /health HTTP/1.1" 200 -
127.0.0.1 - - [16/Jan/2026 08:43:11] "GET /health HTTP/1.1" 200 -
127.0.0.1 - - [16/Jan/2026 08:43:16] "GET /health HTTP/1.1" 200 -
127.0.0.1 - - [16/Jan/2026 08:43:21] "GET /health HTTP/1.1" 200 -
127.0.0.1 - - [16/Jan/2026 08:43:26] "GET /health HTTP/1.1" 200 -
127.0.0.1 - - [16/Jan/2026 08:43:31] "GET /health HTTP/1.1" 200 -
127.0.0.1 - - [16/Jan/2026 08:43:36] "GET /health HTTP/1.1" 200 -
127.0.0.1 - - [16/Jan/2026 08:43:41] "GET /health HTTP/1.1" 200 -
====================================================================================================

[API RESPONSE] ✅ 200 GET /health


====================================================================================================
[API REQUEST] GET /health
[API REQUEST] No parameters
====================================================================================================

[API RESPONSE] ✅ 200 GET /health


====================================================================================================
[API REQUEST] GET /health
[API REQUEST] No parameters
====================================================================================================

[API RESPONSE] ✅ 200 GET /health


====================================================================================================
[API REQUEST] GET /health
[API REQUEST] No parameters
====================================================================================================

[API RESPONSE] ✅ 200 GET /health


====================================================================================================
[API REQUEST] GET /health
[API REQUEST] No parameters
====================================================================================================

[API RESPONSE] ✅ 200 GET /health


====================================================================================================
[API REQUEST] GET /health
[API REQUEST] No parameters
====================================================================================================

[API RESPONSE] ✅ 200 GET /health


====================================================================================================
[API REQUEST] GET /health
[API REQUEST] No parameters
====================================================================================================

[API RESPONSE] ✅ 200 GET /health


====================================================================================================
[API REQUEST] GET /health
[API REQUEST] No parameters
====================================================================================================

[API RESPONSE] ✅ 200 GET /health


====================================================================================================
[API REQUEST] GET /health
[API REQUEST] No parameters
====================================================================================================

[API RESPONSE] ✅ 200 GET /health


====================================================================================================
[API REQUEST] GET /health
[API REQUEST] No parameters
====================================================================================================

[API RESPONSE] ✅ 200 GET /health


====================================================================================================
[API REQUEST] GET /health
[API REQUEST] No parameters
====================================================================================================

[API RESPONSE] ✅ 200 GET /health


====================================================================================================
[API REQUEST] GET /health
[API REQUEST] No parameters
====================================================================================================

[API RESPONSE] ✅ 200 GET /health


====================================================================================================
[API REQUEST] GET /health
[API REQUEST] No parameters
====================================================================================================

[API RESPONSE] ✅ 200 GET /health


====================================================================================================
[API REQUEST] GET /health
[API REQUEST] No parameters
====================================================================================================

[API RESPONSE] ✅ 200 GET /health


====================================================================================================
[API REQUEST] GET /health
[API REQUEST] No parameters
====================================================================================================

[API RESPONSE] ✅ 200 GET /health


====================================================================================================
[API REQUEST] GET /health
[API REQUEST] No parameters
====================================================================================================

[API RESPONSE] ✅ 200 GET /health


====================================================================================================
[API REQUEST] GET /health
[API REQUEST] No parameters
====================================================================================================

[API RESPONSE] ✅ 200 GET /health


====================================================================================================
[API REQUEST] GET /health
[API REQUEST] No parameters
====================================================================================================

[API RESPONSE] ✅ 200 GET /health


====================================================================================================
[API REQUEST] GET /health
[API REQUEST] No parameters
====================================================================================================

[API RESPONSE] ✅ 200 GET /health


====================================================================================================
[API REQUEST] GET /health
[API REQUEST] No parameters
====================================================================================================

[API RESPONSE] ✅ 200 GET /health


====================================================================================================
[API REQUEST] GET /health
[API REQUEST] No parameters
====================================================================================================

[API RESPONSE] ✅ 200 GET /health

