[INFO] Job Service v2.3-DB-FIXED starting...
[INFO] Database connection management fixed for real-time status updates
[INIT] AI_SERVICE_URL: http://127.0.0.1:5100/analyze
[INIT] Port: 5005
[INIT] Database: /Users/shaydu/dev/mondrian-macos/mondrian/mondrian.db
[INIT] Debug mode: False
[INIT] Created directories
[INIT] Initializing database...
[INIT] Database schema OK
[INIT] RAG Default: ENABLED (from RAG_ENABLED env var)
============================================================
Starting Job Service v2.3-DB-FIXED on port 5005...
Host: 0.0.0.0:5005
AI Service: http://127.0.0.1:5100/analyze
============================================================
 * Serving Flask app 'job_service_v2.3'
 * Debug mode: off
[31m[1mWARNING: This is a development server. Do not use it in a production deployment. Use a production WSGI server instead.[0m
 * Running on all addresses (0.0.0.0)
 * Running on http://127.0.0.1:5005
 * Running on http://10.0.0.131:5005
[33mPress CTRL+C to quit[0m
10.0.0.152 - - [14/Jan/2026 19:30:12] "GET /advisors HTTP/1.1" 200 -
127.0.0.1 - - [14/Jan/2026 19:30:13] "GET /health HTTP/1.1" 200 -
10.0.0.152 - - [14/Jan/2026 19:30:19] "[35m[1mPOST /upload HTTP/1.1[0m" 201 -
10.0.0.152 - - [14/Jan/2026 19:30:19] "GET /stream/66096305-7c84-4703-b01d-ec0586af720d%20(rag) HTTP/1.1" 200 -
10.0.0.152 - - [14/Jan/2026 19:30:19] "GET /status/66096305-7c84-4703-b01d-ec0586af720d%20(rag) HTTP/1.1" 200 -
127.0.0.1 - - [14/Jan/2026 19:30:23] "GET /health HTTP/1.1" 200 -
127.0.0.1 - - [14/Jan/2026 19:30:23] "GET /health HTTP/1.1" 200 -
10.0.0.131 - - [14/Jan/2026 19:30:25] "PUT /job/66096305-7c84-4703-b01d-ec0586af720d/thinking HTTP/1.1" 200 -

====================================================================================================
[API REQUEST] GET /advisors
[API REQUEST] No parameters
====================================================================================================

[API RESPONSE] ✅ 200 GET /advisors


====================================================================================================
[API REQUEST] GET /health
[API REQUEST] No parameters
====================================================================================================

[API RESPONSE] ✅ 200 GET /health


====================================================================================================
[API REQUEST] POST /upload
[API REQUEST] Form: {'advisor': '<str>', 'auto_analyze': '<str>', 'mode': '<str>'} | Files: {'image': '<photo-707DF6F0-59F4-45CD-AB59-5F42CB3B952C.jpg>'}
====================================================================================================

[UPLOAD] enable_rag parameter not provided, using env var default: True
[UPLOAD] ✓ Final enable_rag value: True (will be stored in database and passed to AI service)
[UPLOAD] Mode derived from enable_rag: 'rag'
[UPLOAD] ✓ Final mode value: rag (will be stored in database and passed to AI service)
[UPLOAD] ========== JOB QUEUED ==========
[UPLOAD] Job ID: 66096305-7c84-4703-b01d-ec0586af720d
[UPLOAD] Mode: rag
[UPLOAD] Enable RAG: True
[UPLOAD] Advisors: ['ansel']
[UPLOAD] =====================================
[API RESPONSE] ✅ 201 POST /upload


================================================================================
[JOB] ========== PROCESS_JOB STARTED ==========
[JOB] Job ID: 66096305-7c84-4703-b01d-ec0586af720d
[JOB] Filename: photo-707DF6F0-59F4-45CD-AB59-5F42CB3B952C-fe773de4.jpg
[JOB] Advisors: ['ansel']
[JOB] Mode: rag
[JOB] Enable RAG: True
[JOB] Host URL: http://10.0.0.131:5005
[JOB] Flow: RAG + DEFAULT MODEL
[JOB] ====================================
================================================================================

[JOB] Setting status to processing for job 66096305-7c84-4703-b01d-ec0586af720d
[JOB] Checking source path: /Users/shaydu/dev/mondrian-macos/source/photo-707DF6F0-59F4-45CD-AB59-5F42CB3B952C-fe773de4.jpg

====================================================================================================
[API REQUEST] GET /stream/66096305-7c84-4703-b01d-ec0586af720d (rag)
[API REQUEST] No parameters
====================================================================================================

[API RESPONSE] ✅ 200 GET /stream/66096305-7c84-4703-b01d-ec0586af720d (rag)


====================================================================================================
[API REQUEST] GET /status/66096305-7c84-4703-b01d-ec0586af720d (rag)
[API REQUEST] No parameters
====================================================================================================

[API RESPONSE] ✅ 200 GET /status/66096305-7c84-4703-b01d-ec0586af720d (rag)

[INFO] Resized image for display: photo-707DF6F0-59F4-45CD-AB59-5F42CB3B952C-fe773de4.jpg (4032x3024 -> 1320x990)
[JOB] Generated optimized image: /Users/shaydu/dev/mondrian-macos/thumbnails/photo-707DF6F0-59F4-45CD-AB59-5F42CB3B952C-fe773de4.jpg
[DEBUG] get_advisor_from_db called with db_path=/Users/shaydu/dev/mondrian-macos/mondrian/mondrian.db, advisor_id=ansel
[DEBUG] raw row fetched for advisor_id=ansel: ('ansel', 'Ansel Adams', 'Ansel Adams (1902-1984) was an American landscape photographer and environmentalist known for his black-and-white images of the American West, especially Yosemite National Park. He helped found the photography group f/64, developed the Zone System for achieving perfect exposure and tonal range, and was a pioneering advocate for environmental conservation through his art.', '1902-1984', "You are Ansel Adams, master of black-and-white landscape photography. You revolutionized photography through your Zone System, which gave photographers unprecedented control over exposure and tonal range.\n\nYour approach to evaluating an image:\n\n1. **Tonal Range & Zone System** - Analyze the full spectrum from Zone 0 (pure black) to Zone X (pure white). Look for:\n   - Rich blacks with detail in shadows (Zones II-III)\n   - Pure whites that aren't blown out (Zone VIII-IX)\n   - Full midtone gradation (Zones IV-VI)\n   - Proper exposure that preserves detail across the entire tonal range\n\n2. **Composition & Perspective** - Examine the geometric structure:\n   - Leading lines that draw the eye through the frame\n   - Rule of thirds and golden ratio placement\n   - Foreground, midground, and background layering\n   - Balance between elements\n   - Use of natural frames\n\n3. **Technical Excellence** - Assess the craft:\n   - Critical sharpness and focus (f/64 philosophy)\n   - Depth of field appropriate to the subject\n   - Proper exposure (not too dark, not too light)\n   - Clean, well-printed negative equivalent\n\n4. **Light & Shadow** - Evaluate the interplay:\n   - Direction and quality of light\n   - Dramatic use of shadows to create depth\n   - Texture revealed through sidelight\n   - Time of day considerations (golden hour, blue hour)\n\n5. **Emotional Impact** - Consider the feeling:\n   - Sense of scale and majesty\n   - Connection to the natural world\n   - Drama and atmosphere\n   - Timeless quality\n\nWhen providing feedback, be specific and constructive. Reference the Zone System and technical aspects while also addressing the emotional impact. Encourage the photographer to see beyond the literal and capture the feeling of being present in that moment.", '[{"title": "Tonal Range & Zone System", "description": "Master of the full spectrum from pure black to pure white, using his Zone System to achieve perfect exposure and tonal gradation in every image."}, {"title": "Composition & Perspective", "description": "Precise framing that emphasizes geometric elements, leading lines, and careful positioning to create powerful visual impact."}, {"title": "Technical Excellence", "description": "Perfect sharpness, focus, and exposure achieved through large-format cameras and meticulous darkroom work."}, {"title": "Landscape Drama", "description": "Captures the majesty and drama of natural landscapes with emphasis on light, shadow, and texture."}]', 'Photographer', 'https://en.wikipedia.org/wiki/Ansel_Adams', 'https://commons.wikimedia.org/wiki/Category:Ansel_Adams', 'baseline') (cols: ['id', 'name', 'bio', 'years', 'prompt', 'focus_areas', 'category', 'wikipedia_url', 'commons_url', 'prompt_type'])
[JOB] Calling AI service for advisor ansel: http://127.0.0.1:5100/analyze
[JOB] ✓ Sending request to AI service with mode='rag', enable_rag='true' (boolean: True)
[JOB] Full request data: {'advisor': 'ansel', 'job_id': '66096305-7c84-4703-b01d-ec0586af720d', 'job_service_url': 'http://10.0.0.131:5005', 'enable_rag': 'true', 'mode': 'rag'}
[JOB] AI service not ready (attempt 1/6), retrying in 5s...

====================================================================================================
[API REQUEST] GET /health
[API REQUEST] No parameters
====================================================================================================

[API RESPONSE] ✅ 200 GET /health


====================================================================================================
[API REQUEST] GET /health
[API REQUEST] No parameters
====================================================================================================

[API RESPONSE] ✅ 200 GET /health


====================================================================================================
[API REQUEST] PUT /job/66096305-7c84-4703-b01d-ec0586af720d/thinking
[API REQUEST] JSON: {'thinking': 'Analyzing composition...'}
====================================================================================================

[API RESPONSE] ✅ 200 PUT /job/66096305-7c84-4703-b01d-ec0586af720d/thinking


====================================================================================================
[API REQUEST] PUT /job/66096305-7c84-4703-b01d-ec0586af720d/thinking
10.0.0.131 - - [14/Jan/2026 19:30:25] "PUT /job/66096305-7c84-4703-b01d-ec0586af720d/thinking HTTP/1.1" 200 -
127.0.0.1 - - [14/Jan/2026 19:30:28] "GET /health HTTP/1.1" 200 -
10.0.0.152 - - [14/Jan/2026 19:30:29] "GET /summary/66096305-7c84-4703-b01d-ec0586af720d%20(rag) HTTP/1.1" 200 -
10.0.0.152 - - [14/Jan/2026 19:30:29] "GET /summary/66096305-7c84-4703-b01d-ec0586af720d%20(rag) HTTP/1.1" 200 -
127.0.0.1 - - [14/Jan/2026 19:30:33] "GET /health HTTP/1.1" 200 -
10.0.0.152 - - [14/Jan/2026 19:30:34] "GET /advisor_image/ansel.jpg HTTP/1.1" 200 -
127.0.0.1 - - [14/Jan/2026 19:30:39] "GET /health HTTP/1.1" 200 -
127.0.0.1 - - [14/Jan/2026 19:30:44] "GET /health HTTP/1.1" 200 -
127.0.0.1 - - [14/Jan/2026 19:30:49] "GET /health HTTP/1.1" 200 -
127.0.0.1 - - [14/Jan/2026 19:30:54] "GET /health HTTP/1.1" 200 -
127.0.0.1 - - [14/Jan/2026 19:30:59] "GET /health HTTP/1.1" 200 -
127.0.0.1 - - [14/Jan/2026 19:31:04] "GET /health HTTP/1.1" 200 -
127.0.0.1 - - [14/Jan/2026 19:31:09] "GET /health HTTP/1.1" 200 -
127.0.0.1 - - [14/Jan/2026 19:31:15] "GET /health HTTP/1.1" 200 -
127.0.0.1 - - [14/Jan/2026 19:31:20] "GET /health HTTP/1.1" 200 -
127.0.0.1 - - [14/Jan/2026 19:31:25] "GET /health HTTP/1.1" 200 -
127.0.0.1 - - [14/Jan/2026 19:31:30] "GET /health HTTP/1.1" 200 -
127.0.0.1 - - [14/Jan/2026 19:31:35] "GET /health HTTP/1.1" 200 -
127.0.0.1 - - [14/Jan/2026 19:31:40] "GET /health HTTP/1.1" 200 -
127.0.0.1 - - [14/Jan/2026 19:31:45] "GET /health HTTP/1.1" 200 -
[API REQUEST] JSON: {'thinking': 'Generating analysis...'}
====================================================================================================

[API RESPONSE] ✅ 200 PUT /job/66096305-7c84-4703-b01d-ec0586af720d/thinking


====================================================================================================
[API REQUEST] GET /health
[API REQUEST] No parameters
====================================================================================================

[API RESPONSE] ✅ 200 GET /health

[JOB] AI service response status: 500
[ERROR] AI service HTTP error for job 66096305-7c84-4703-b01d-ec0586af720d, advisor ansel: 500 Server Error: INTERNAL SERVER ERROR for url: http://127.0.0.1:5100/analyze

Response: 
        <html><body style="font-family: sans-serif; padding: 20px;">
        <h1 style="color: #d32f2f;">Analysis Error</h1>
        <p><strong>Mode:</strong> rag</p>
        <p><strong>Advisor:</strong> ansel</p>
        <p><strong>Error:</strong> Could not parse model response as JSON</p>
        <details style="margin-top: 20px;">
            <summary>Stack Trace</summary>
            <pre style="background: #f5f5f5; padding: 10px; overflow-x: auto;">Traceback (most recent call last):
  File
[ERROR] Status code: 500
[JOB] Completed advisor ansel (1/1)
[JOB] All advisors processed (1/1)
[DEBUG] Job 66096305-7c84-4703-b01d-ec0586af720d completed

====================================================================================================
[API REQUEST] GET /summary/66096305-7c84-4703-b01d-ec0586af720d (rag)
[API REQUEST] No parameters
====================================================================================================

[DEBUG] Parsing critical_recommendations for job 66096305-7c84-4703-b01d-ec0586af720d (rag)
[DEBUG] critical_recommendations value: {}
[API RESPONSE] ✅ 200 GET /summary/66096305-7c84-4703-b01d-ec0586af720d (rag)


====================================================================================================
[API REQUEST] GET /summary/66096305-7c84-4703-b01d-ec0586af720d (rag)
[API REQUEST] No parameters
====================================================================================================

[DEBUG] Parsing critical_recommendations for job 66096305-7c84-4703-b01d-ec0586af720d (rag)
[DEBUG] critical_recommendations value: {}
[API RESPONSE] ✅ 200 GET /summary/66096305-7c84-4703-b01d-ec0586af720d (rag)


====================================================================================================
[API REQUEST] GET /health
[API REQUEST] No parameters
====================================================================================================

[API RESPONSE] ✅ 200 GET /health


====================================================================================================
[API REQUEST] GET /advisor_image/ansel.jpg
[API REQUEST] No parameters
====================================================================================================

[OK] Serving advisor image: ansel (673547 bytes)
[API RESPONSE] ✅ 200 GET /advisor_image/ansel.jpg


====================================================================================================
[API REQUEST] GET /health
[API REQUEST] No parameters
====================================================================================================

[API RESPONSE] ✅ 200 GET /health


====================================================================================================
[API REQUEST] GET /health
[API REQUEST] No parameters
====================================================================================================

[API RESPONSE] ✅ 200 GET /health


====================================================================================================
[API REQUEST] GET /health
[API REQUEST] No parameters
====================================================================================================

[API RESPONSE] ✅ 200 GET /health


====================================================================================================
[API REQUEST] GET /health
[API REQUEST] No parameters
====================================================================================================

[API RESPONSE] ✅ 200 GET /health


====================================================================================================
[API REQUEST] GET /health
[API REQUEST] No parameters
====================================================================================================

[API RESPONSE] ✅ 200 GET /health


====================================================================================================
[API REQUEST] GET /health
[API REQUEST] No parameters
====================================================================================================

[API RESPONSE] ✅ 200 GET /health


====================================================================================================
[API REQUEST] GET /health
[API REQUEST] No parameters
====================================================================================================

[API RESPONSE] ✅ 200 GET /health


====================================================================================================
[API REQUEST] GET /health
[API REQUEST] No parameters
====================================================================================================

[API RESPONSE] ✅ 200 GET /health


====================================================================================================
[API REQUEST] GET /health
[API REQUEST] No parameters
====================================================================================================

[API RESPONSE] ✅ 200 GET /health


====================================================================================================
[API REQUEST] GET /health
[API REQUEST] No parameters
====================================================================================================

[API RESPONSE] ✅ 200 GET /health


====================================================================================================
[API REQUEST] GET /health
[API REQUEST] No parameters
====================================================================================================

[API RESPONSE] ✅ 200 GET /health


====================================================================================================
[API REQUEST] GET /health
[API REQUEST] No parameters
====================================================================================================

[API RESPONSE] ✅ 200 GET /health


====================================================================================================
[API REQUEST] GET /health
[API REQUEST] No parameters
====================================================================================================

[API RESPONSE] ✅ 200 GET /health


====================================================================================================
[API REQUEST] GET /health
[API REQUEST] No parameters
====================================================================================================

[API RESPONSE] ✅ 200 GET /health


====================================================================================================
[API REQUEST] GET /analysis/66096305-7c84-4703-b01d-ec0586af720d (rag)
[API REQUEST] No parameters
====================================================================================================

[DEBUG] /analysis endpoint: Getting advisor info for 'ansel', DB_PATH: /Users/shaydu/dev/mondrian-macos/mondrian/mondrian.db
[DEBUG] get_advisor_from_db called with db_path=/Users/shaydu/dev/mondrian-macos/mondrian/mondrian.db, advisor_id=ansel
10.0.0.152 - - [14/Jan/2026 19:31:46] "GET /analysis/66096305-7c84-4703-b01d-ec0586af720d%20(rag) HTTP/1.1" 200 -
127.0.0.1 - - [14/Jan/2026 19:31:50] "GET /health HTTP/1.1" 200 -
127.0.0.1 - - [14/Jan/2026 19:31:55] "GET /health HTTP/1.1" 200 -
127.0.0.1 - - [14/Jan/2026 19:32:00] "GET /health HTTP/1.1" 200 -
127.0.0.1 - - [14/Jan/2026 19:32:05] "GET /health HTTP/1.1" 200 -
127.0.0.1 - - [14/Jan/2026 19:32:10] "GET /health HTTP/1.1" 200 -
127.0.0.1 - - [14/Jan/2026 19:32:15] "GET /health HTTP/1.1" 200 -
127.0.0.1 - - [14/Jan/2026 19:32:21] "GET /health HTTP/1.1" 200 -
127.0.0.1 - - [14/Jan/2026 19:32:26] "GET /health HTTP/1.1" 200 -
127.0.0.1 - - [14/Jan/2026 19:32:31] "GET /health HTTP/1.1" 200 -
127.0.0.1 - - [14/Jan/2026 19:32:36] "GET /health HTTP/1.1" 200 -
127.0.0.1 - - [14/Jan/2026 19:32:41] "GET /health HTTP/1.1" 200 -
127.0.0.1 - - [14/Jan/2026 19:32:46] "GET /health HTTP/1.1" 200 -
127.0.0.1 - - [14/Jan/2026 19:32:52] "GET /health HTTP/1.1" 200 -
127.0.0.1 - - [14/Jan/2026 19:32:57] "GET /health HTTP/1.1" 200 -
127.0.0.1 - - [14/Jan/2026 19:33:02] "GET /health HTTP/1.1" 200 -
127.0.0.1 - - [14/Jan/2026 19:33:08] "GET /health HTTP/1.1" 200 -
[DEBUG] raw row fetched for advisor_id=ansel: ('ansel', 'Ansel Adams', 'Ansel Adams (1902-1984) was an American landscape photographer and environmentalist known for his black-and-white images of the American West, especially Yosemite National Park. He helped found the photography group f/64, developed the Zone System for achieving perfect exposure and tonal range, and was a pioneering advocate for environmental conservation through his art.', '1902-1984', "You are Ansel Adams, master of black-and-white landscape photography. You revolutionized photography through your Zone System, which gave photographers unprecedented control over exposure and tonal range.\n\nYour approach to evaluating an image:\n\n1. **Tonal Range & Zone System** - Analyze the full spectrum from Zone 0 (pure black) to Zone X (pure white). Look for:\n   - Rich blacks with detail in shadows (Zones II-III)\n   - Pure whites that aren't blown out (Zone VIII-IX)\n   - Full midtone gradation (Zones IV-VI)\n   - Proper exposure that preserves detail across the entire tonal range\n\n2. **Composition & Perspective** - Examine the geometric structure:\n   - Leading lines that draw the eye through the frame\n   - Rule of thirds and golden ratio placement\n   - Foreground, midground, and background layering\n   - Balance between elements\n   - Use of natural frames\n\n3. **Technical Excellence** - Assess the craft:\n   - Critical sharpness and focus (f/64 philosophy)\n   - Depth of field appropriate to the subject\n   - Proper exposure (not too dark, not too light)\n   - Clean, well-printed negative equivalent\n\n4. **Light & Shadow** - Evaluate the interplay:\n   - Direction and quality of light\n   - Dramatic use of shadows to create depth\n   - Texture revealed through sidelight\n   - Time of day considerations (golden hour, blue hour)\n\n5. **Emotional Impact** - Consider the feeling:\n   - Sense of scale and majesty\n   - Connection to the natural world\n   - Drama and atmosphere\n   - Timeless quality\n\nWhen providing feedback, be specific and constructive. Reference the Zone System and technical aspects while also addressing the emotional impact. Encourage the photographer to see beyond the literal and capture the feeling of being present in that moment.", '[{"title": "Tonal Range & Zone System", "description": "Master of the full spectrum from pure black to pure white, using his Zone System to achieve perfect exposure and tonal gradation in every image."}, {"title": "Composition & Perspective", "description": "Precise framing that emphasizes geometric elements, leading lines, and careful positioning to create powerful visual impact."}, {"title": "Technical Excellence", "description": "Perfect sharpness, focus, and exposure achieved through large-format cameras and meticulous darkroom work."}, {"title": "Landscape Drama", "description": "Captures the majesty and drama of natural landscapes with emphasis on light, shadow, and texture."}]', 'Photographer', 'https://en.wikipedia.org/wiki/Ansel_Adams', 'https://commons.wikimedia.org/wiki/Category:Ansel_Adams', 'baseline') (cols: ['id', 'name', 'bio', 'years', 'prompt', 'focus_areas', 'category', 'wikipedia_url', 'commons_url', 'prompt_type'])
[DEBUG] /analysis endpoint: Advisor info retrieved - True
[API RESPONSE] ✅ 200 GET /analysis/66096305-7c84-4703-b01d-ec0586af720d (rag)


====================================================================================================
[API REQUEST] GET /health
[API REQUEST] No parameters
====================================================================================================

[API RESPONSE] ✅ 200 GET /health


====================================================================================================
[API REQUEST] GET /health
[API REQUEST] No parameters
====================================================================================================

[API RESPONSE] ✅ 200 GET /health


====================================================================================================
[API REQUEST] GET /health
[API REQUEST] No parameters
====================================================================================================

[API RESPONSE] ✅ 200 GET /health


====================================================================================================
[API REQUEST] GET /health
[API REQUEST] No parameters
====================================================================================================

[API RESPONSE] ✅ 200 GET /health


====================================================================================================
[API REQUEST] GET /health
[API REQUEST] No parameters
====================================================================================================

[API RESPONSE] ✅ 200 GET /health


====================================================================================================
[API REQUEST] GET /health
[API REQUEST] No parameters
====================================================================================================

[API RESPONSE] ✅ 200 GET /health


====================================================================================================
[API REQUEST] GET /health
[API REQUEST] No parameters
====================================================================================================

[API RESPONSE] ✅ 200 GET /health


====================================================================================================
[API REQUEST] GET /health
[API REQUEST] No parameters
====================================================================================================

[API RESPONSE] ✅ 200 GET /health


====================================================================================================
[API REQUEST] GET /health
[API REQUEST] No parameters
====================================================================================================

[API RESPONSE] ✅ 200 GET /health


====================================================================================================
[API REQUEST] GET /health
[API REQUEST] No parameters
====================================================================================================

[API RESPONSE] ✅ 200 GET /health


====================================================================================================
[API REQUEST] GET /health
[API REQUEST] No parameters
====================================================================================================

[API RESPONSE] ✅ 200 GET /health


====================================================================================================
[API REQUEST] GET /health
[API REQUEST] No parameters
====================================================================================================

[API RESPONSE] ✅ 200 GET /health


====================================================================================================
[API REQUEST] GET /health
[API REQUEST] No parameters
====================================================================================================

[API RESPONSE] ✅ 200 GET /health


====================================================================================================
[API REQUEST] GET /health
[API REQUEST] No parameters
====================================================================================================

[API RESPONSE] ✅ 200 GET /health


====================================================================================================
[API REQUEST] GET /health
[API REQUEST] No parameters
====================================================================================================

[API RESPONSE] ✅ 200 GET /health


====================================================================================================
[API REQUEST] GET /health
[API REQUEST] No parameters
====================================================================================================

[API RESPONSE] ✅ 200 GET /health


====================================================================================================
[API REQUEST] GET /health
127.0.0.1 - - [14/Jan/2026 19:33:13] "GET /health HTTP/1.1" 200 -
127.0.0.1 - - [14/Jan/2026 19:33:18] "GET /health HTTP/1.1" 200 -
127.0.0.1 - - [14/Jan/2026 19:33:23] "GET /health HTTP/1.1" 200 -
127.0.0.1 - - [14/Jan/2026 19:33:28] "GET /health HTTP/1.1" 200 -
127.0.0.1 - - [14/Jan/2026 19:33:33] "GET /health HTTP/1.1" 200 -
127.0.0.1 - - [14/Jan/2026 19:33:38] "GET /health HTTP/1.1" 200 -
127.0.0.1 - - [14/Jan/2026 19:33:43] "GET /health HTTP/1.1" 200 -
127.0.0.1 - - [14/Jan/2026 19:33:48] "GET /health HTTP/1.1" 200 -
127.0.0.1 - - [14/Jan/2026 19:33:53] "GET /health HTTP/1.1" 200 -
127.0.0.1 - - [14/Jan/2026 19:33:58] "GET /health HTTP/1.1" 200 -
127.0.0.1 - - [14/Jan/2026 19:34:04] "GET /health HTTP/1.1" 200 -
127.0.0.1 - - [14/Jan/2026 19:34:09] "GET /health HTTP/1.1" 200 -
127.0.0.1 - - [14/Jan/2026 19:34:14] "GET /health HTTP/1.1" 200 -
127.0.0.1 - - [14/Jan/2026 19:34:19] "GET /health HTTP/1.1" 200 -
127.0.0.1 - - [14/Jan/2026 19:34:24] "GET /health HTTP/1.1" 200 -
127.0.0.1 - - [14/Jan/2026 19:34:29] "GET /health HTTP/1.1" 200 -
127.0.0.1 - - [14/Jan/2026 19:34:34] "GET /health HTTP/1.1" 200 -
127.0.0.1 - - [14/Jan/2026 19:34:39] "GET /health HTTP/1.1" 200 -
127.0.0.1 - - [14/Jan/2026 19:34:44] "GET /health HTTP/1.1" 200 -
127.0.0.1 - - [14/Jan/2026 19:34:49] "GET /health HTTP/1.1" 200 -
127.0.0.1 - - [14/Jan/2026 19:34:54] "GET /health HTTP/1.1" 200 -
127.0.0.1 - - [14/Jan/2026 19:35:00] "GET /health HTTP/1.1" 200 -
127.0.0.1 - - [14/Jan/2026 19:35:05] "GET /health HTTP/1.1" 200 -
127.0.0.1 - - [14/Jan/2026 19:35:10] "GET /health HTTP/1.1" 200 -
127.0.0.1 - - [14/Jan/2026 19:35:15] "GET /health HTTP/1.1" 200 -
127.0.0.1 - - [14/Jan/2026 19:35:20] "GET /health HTTP/1.1" 200 -
127.0.0.1 - - [14/Jan/2026 19:35:26] "GET /health HTTP/1.1" 200 -
127.0.0.1 - - [14/Jan/2026 19:35:31] "GET /health HTTP/1.1" 200 -
[API REQUEST] No parameters
====================================================================================================

[API RESPONSE] ✅ 200 GET /health


====================================================================================================
[API REQUEST] GET /health
[API REQUEST] No parameters
====================================================================================================

[API RESPONSE] ✅ 200 GET /health


====================================================================================================
[API REQUEST] GET /health
[API REQUEST] No parameters
====================================================================================================

[API RESPONSE] ✅ 200 GET /health


====================================================================================================
[API REQUEST] GET /health
[API REQUEST] No parameters
====================================================================================================

[API RESPONSE] ✅ 200 GET /health


====================================================================================================
[API REQUEST] GET /health
[API REQUEST] No parameters
====================================================================================================

[API RESPONSE] ✅ 200 GET /health


====================================================================================================
[API REQUEST] GET /health
[API REQUEST] No parameters
====================================================================================================

[API RESPONSE] ✅ 200 GET /health


====================================================================================================
[API REQUEST] GET /health
[API REQUEST] No parameters
====================================================================================================

[API RESPONSE] ✅ 200 GET /health


====================================================================================================
[API REQUEST] GET /health
[API REQUEST] No parameters
====================================================================================================

[API RESPONSE] ✅ 200 GET /health


====================================================================================================
[API REQUEST] GET /health
[API REQUEST] No parameters
====================================================================================================

[API RESPONSE] ✅ 200 GET /health


====================================================================================================
[API REQUEST] GET /health
[API REQUEST] No parameters
====================================================================================================

[API RESPONSE] ✅ 200 GET /health


====================================================================================================
[API REQUEST] GET /health
[API REQUEST] No parameters
====================================================================================================

[API RESPONSE] ✅ 200 GET /health


====================================================================================================
[API REQUEST] GET /health
[API REQUEST] No parameters
====================================================================================================

[API RESPONSE] ✅ 200 GET /health


====================================================================================================
[API REQUEST] GET /health
[API REQUEST] No parameters
====================================================================================================

[API RESPONSE] ✅ 200 GET /health


====================================================================================================
[API REQUEST] GET /health
[API REQUEST] No parameters
====================================================================================================

[API RESPONSE] ✅ 200 GET /health


====================================================================================================
[API REQUEST] GET /health
[API REQUEST] No parameters
====================================================================================================

[API RESPONSE] ✅ 200 GET /health


====================================================================================================
[API REQUEST] GET /health
[API REQUEST] No parameters
====================================================================================================

[API RESPONSE] ✅ 200 GET /health


====================================================================================================
[API REQUEST] GET /health
[API REQUEST] No parameters
====================================================================================================

[API RESPONSE] ✅ 200 GET /health


====================================================================================================
[API REQUEST] GET /health
[API REQUEST] No parameters
====================================================================================================

[API RESPONSE] ✅ 200 GET /health


====================================================================================================
[API REQUEST] GET /health
[API REQUEST] No parameters
====================================================================================================

[API RESPONSE] ✅ 200 GET /health


====================================================================================================
[API REQUEST] GET /health
[API REQUEST] No parameters
====================================================================================================

[API RESPONSE] ✅ 200 GET /health


====================================================================================================
[API REQUEST] GET /health
[API REQUEST] No parameters
====================================================================================================

[API RESPONSE] ✅ 200 GET /health


====================================================================================================
[API REQUEST] GET /health
[API REQUEST] No parameters
====================================================================================================

[API RESPONSE] ✅ 200 GET /health


====================================================================================================
[API REQUEST] GET /health
[API REQUEST] No parameters
====================================================================================================

[API RESPONSE] ✅ 200 GET /health


====================================================================================================
[API REQUEST] GET /health
[API REQUEST] No parameters
====================================================================================================

[API RESPONSE] ✅ 200 GET /health


====================================================================================================
[API REQUEST] GET /health
[API REQUEST] No parameters
====================================================================================================

[API RESPONSE] ✅ 200 GET /health


====================================================================================================
[API REQUEST] GET /health
[API REQUEST] No parameters
====================================================================================================

[API RESPONSE] ✅ 200 GET /health


====================================================================================================
[API REQUEST] GET /health
[API REQUEST] No parameters
====================================================================================================

[API RESPONSE] ✅ 200 GET /health


====================================================================================================
[API REQUEST] GET /health
[API REQUEST] No parameters
====================================================================================================

[API RESPONSE] ✅ 200 GET /health

127.0.0.1 - - [14/Jan/2026 19:35:36] "GET /health HTTP/1.1" 200 -
127.0.0.1 - - [14/Jan/2026 19:35:41] "GET /health HTTP/1.1" 200 -
127.0.0.1 - - [14/Jan/2026 19:35:46] "GET /health HTTP/1.1" 200 -
127.0.0.1 - - [14/Jan/2026 19:35:51] "GET /health HTTP/1.1" 200 -
127.0.0.1 - - [14/Jan/2026 19:35:56] "GET /health HTTP/1.1" 200 -
127.0.0.1 - - [14/Jan/2026 19:36:02] "GET /health HTTP/1.1" 200 -
127.0.0.1 - - [14/Jan/2026 19:36:07] "GET /health HTTP/1.1" 200 -
127.0.0.1 - - [14/Jan/2026 19:36:12] "GET /health HTTP/1.1" 200 -
127.0.0.1 - - [14/Jan/2026 19:36:17] "GET /health HTTP/1.1" 200 -
127.0.0.1 - - [14/Jan/2026 19:36:22] "GET /health HTTP/1.1" 200 -
127.0.0.1 - - [14/Jan/2026 19:36:27] "GET /health HTTP/1.1" 200 -
127.0.0.1 - - [14/Jan/2026 19:36:32] "GET /health HTTP/1.1" 200 -
127.0.0.1 - - [14/Jan/2026 19:36:37] "GET /health HTTP/1.1" 200 -
127.0.0.1 - - [14/Jan/2026 19:36:43] "GET /health HTTP/1.1" 200 -
127.0.0.1 - - [14/Jan/2026 19:36:48] "GET /health HTTP/1.1" 200 -
127.0.0.1 - - [14/Jan/2026 19:36:53] "GET /health HTTP/1.1" 200 -
127.0.0.1 - - [14/Jan/2026 19:36:58] "GET /health HTTP/1.1" 200 -
127.0.0.1 - - [14/Jan/2026 19:37:03] "GET /health HTTP/1.1" 200 -
127.0.0.1 - - [14/Jan/2026 19:37:08] "GET /health HTTP/1.1" 200 -
127.0.0.1 - - [14/Jan/2026 19:37:14] "GET /health HTTP/1.1" 200 -
127.0.0.1 - - [14/Jan/2026 19:37:19] "GET /health HTTP/1.1" 200 -
127.0.0.1 - - [14/Jan/2026 19:37:24] "GET /health HTTP/1.1" 200 -
127.0.0.1 - - [14/Jan/2026 19:37:29] "GET /health HTTP/1.1" 200 -
127.0.0.1 - - [14/Jan/2026 19:37:34] "GET /health HTTP/1.1" 200 -
127.0.0.1 - - [14/Jan/2026 19:37:39] "GET /health HTTP/1.1" 200 -
127.0.0.1 - - [14/Jan/2026 19:37:44] "GET /health HTTP/1.1" 200 -
127.0.0.1 - - [14/Jan/2026 19:37:50] "GET /health HTTP/1.1" 200 -

====================================================================================================
[API REQUEST] GET /health
[API REQUEST] No parameters
====================================================================================================

[API RESPONSE] ✅ 200 GET /health


====================================================================================================
[API REQUEST] GET /health
[API REQUEST] No parameters
====================================================================================================

[API RESPONSE] ✅ 200 GET /health


====================================================================================================
[API REQUEST] GET /health
[API REQUEST] No parameters
====================================================================================================

[API RESPONSE] ✅ 200 GET /health


====================================================================================================
[API REQUEST] GET /health
[API REQUEST] No parameters
====================================================================================================

[API RESPONSE] ✅ 200 GET /health


====================================================================================================
[API REQUEST] GET /health
[API REQUEST] No parameters
====================================================================================================

[API RESPONSE] ✅ 200 GET /health


====================================================================================================
[API REQUEST] GET /health
[API REQUEST] No parameters
====================================================================================================

[API RESPONSE] ✅ 200 GET /health


====================================================================================================
[API REQUEST] GET /health
[API REQUEST] No parameters
====================================================================================================

[API RESPONSE] ✅ 200 GET /health


====================================================================================================
[API REQUEST] GET /health
[API REQUEST] No parameters
====================================================================================================

[API RESPONSE] ✅ 200 GET /health


====================================================================================================
[API REQUEST] GET /health
[API REQUEST] No parameters
====================================================================================================

[API RESPONSE] ✅ 200 GET /health


====================================================================================================
[API REQUEST] GET /health
[API REQUEST] No parameters
====================================================================================================

[API RESPONSE] ✅ 200 GET /health


====================================================================================================
[API REQUEST] GET /health
[API REQUEST] No parameters
====================================================================================================

[API RESPONSE] ✅ 200 GET /health


====================================================================================================
[API REQUEST] GET /health
[API REQUEST] No parameters
====================================================================================================

[API RESPONSE] ✅ 200 GET /health


====================================================================================================
[API REQUEST] GET /health
[API REQUEST] No parameters
====================================================================================================

[API RESPONSE] ✅ 200 GET /health


====================================================================================================
[API REQUEST] GET /health
[API REQUEST] No parameters
====================================================================================================

[API RESPONSE] ✅ 200 GET /health


====================================================================================================
[API REQUEST] GET /health
[API REQUEST] No parameters
====================================================================================================

[API RESPONSE] ✅ 200 GET /health


====================================================================================================
[API REQUEST] GET /health
[API REQUEST] No parameters
====================================================================================================

[API RESPONSE] ✅ 200 GET /health


====================================================================================================
[API REQUEST] GET /health
[API REQUEST] No parameters
====================================================================================================

[API RESPONSE] ✅ 200 GET /health


====================================================================================================
[API REQUEST] GET /health
[API REQUEST] No parameters
====================================================================================================

[API RESPONSE] ✅ 200 GET /health


====================================================================================================
[API REQUEST] GET /health
[API REQUEST] No parameters
====================================================================================================

[API RESPONSE] ✅ 200 GET /health


====================================================================================================
[API REQUEST] GET /health
[API REQUEST] No parameters
====================================================================================================

[API RESPONSE] ✅ 200 GET /health


====================================================================================================
[API REQUEST] GET /health
[API REQUEST] No parameters
====================================================================================================

[API RESPONSE] ✅ 200 GET /health


====================================================================================================
[API REQUEST] GET /health
[API REQUEST] No parameters
====================================================================================================

[API RESPONSE] ✅ 200 GET /health


====================================================================================================
[API REQUEST] GET /health
[API REQUEST] No parameters
====================================================================================================

[API RESPONSE] ✅ 200 GET /health


====================================================================================================
[API REQUEST] GET /health
[API REQUEST] No parameters
====================================================================================================

[API RESPONSE] ✅ 200 GET /health


====================================================================================================
[API REQUEST] GET /health
[API REQUEST] No parameters
====================================================================================================

[API RESPONSE] ✅ 200 GET /health


====================================================================================================
[API REQUEST] GET /health
[API REQUEST] No parameters
====================================================================================================

[API RESPONSE] ✅ 200 GET /health


====================================================================================================
[API REQUEST] GET /health
[API REQUEST] No parameters
====================================================================================================

[API RESPONSE] ✅ 200 GET /health


====================================================================================================
[API REQUEST] GET /health
[API REQUEST] No parameters
127.0.0.1 - - [14/Jan/2026 19:37:55] "GET /health HTTP/1.1" 200 -
127.0.0.1 - - [14/Jan/2026 19:38:00] "GET /health HTTP/1.1" 200 -
127.0.0.1 - - [14/Jan/2026 19:38:05] "GET /health HTTP/1.1" 200 -
127.0.0.1 - - [14/Jan/2026 19:38:10] "GET /health HTTP/1.1" 200 -
127.0.0.1 - - [14/Jan/2026 19:38:15] "GET /health HTTP/1.1" 200 -
127.0.0.1 - - [14/Jan/2026 19:38:20] "GET /health HTTP/1.1" 200 -
127.0.0.1 - - [14/Jan/2026 19:38:25] "GET /health HTTP/1.1" 200 -
127.0.0.1 - - [14/Jan/2026 19:38:30] "GET /health HTTP/1.1" 200 -
127.0.0.1 - - [14/Jan/2026 19:38:36] "GET /health HTTP/1.1" 200 -
127.0.0.1 - - [14/Jan/2026 19:38:41] "GET /health HTTP/1.1" 200 -
127.0.0.1 - - [14/Jan/2026 19:38:46] "GET /health HTTP/1.1" 200 -
127.0.0.1 - - [14/Jan/2026 19:38:51] "GET /health HTTP/1.1" 200 -
127.0.0.1 - - [14/Jan/2026 19:38:56] "GET /health HTTP/1.1" 200 -
127.0.0.1 - - [14/Jan/2026 19:39:01] "GET /health HTTP/1.1" 200 -
127.0.0.1 - - [14/Jan/2026 19:39:06] "GET /health HTTP/1.1" 200 -
127.0.0.1 - - [14/Jan/2026 19:39:12] "GET /health HTTP/1.1" 200 -
127.0.0.1 - - [14/Jan/2026 19:39:17] "GET /health HTTP/1.1" 200 -
127.0.0.1 - - [14/Jan/2026 19:39:22] "GET /health HTTP/1.1" 200 -
127.0.0.1 - - [14/Jan/2026 19:39:27] "GET /health HTTP/1.1" 200 -
127.0.0.1 - - [14/Jan/2026 19:39:32] "GET /health HTTP/1.1" 200 -
127.0.0.1 - - [14/Jan/2026 19:39:37] "GET /health HTTP/1.1" 200 -
127.0.0.1 - - [14/Jan/2026 19:39:42] "GET /health HTTP/1.1" 200 -
127.0.0.1 - - [14/Jan/2026 19:39:48] "GET /health HTTP/1.1" 200 -
127.0.0.1 - - [14/Jan/2026 19:39:53] "GET /health HTTP/1.1" 200 -
127.0.0.1 - - [14/Jan/2026 19:39:58] "GET /health HTTP/1.1" 200 -
127.0.0.1 - - [14/Jan/2026 19:40:03] "GET /health HTTP/1.1" 200 -
127.0.0.1 - - [14/Jan/2026 19:40:08] "GET /health HTTP/1.1" 200 -
127.0.0.1 - - [14/Jan/2026 19:40:13] "GET /health HTTP/1.1" 200 -
====================================================================================================

[API RESPONSE] ✅ 200 GET /health


====================================================================================================
[API REQUEST] GET /health
[API REQUEST] No parameters
====================================================================================================

[API RESPONSE] ✅ 200 GET /health


====================================================================================================
[API REQUEST] GET /health
[API REQUEST] No parameters
====================================================================================================

[API RESPONSE] ✅ 200 GET /health


====================================================================================================
[API REQUEST] GET /health
[API REQUEST] No parameters
====================================================================================================

[API RESPONSE] ✅ 200 GET /health


====================================================================================================
[API REQUEST] GET /health
[API REQUEST] No parameters
====================================================================================================

[API RESPONSE] ✅ 200 GET /health


====================================================================================================
[API REQUEST] GET /health
[API REQUEST] No parameters
====================================================================================================

[API RESPONSE] ✅ 200 GET /health


====================================================================================================
[API REQUEST] GET /health
[API REQUEST] No parameters
====================================================================================================

[API RESPONSE] ✅ 200 GET /health


====================================================================================================
[API REQUEST] GET /health
[API REQUEST] No parameters
====================================================================================================

[API RESPONSE] ✅ 200 GET /health


====================================================================================================
[API REQUEST] GET /health
[API REQUEST] No parameters
====================================================================================================

[API RESPONSE] ✅ 200 GET /health


====================================================================================================
[API REQUEST] GET /health
[API REQUEST] No parameters
====================================================================================================

[API RESPONSE] ✅ 200 GET /health


====================================================================================================
[API REQUEST] GET /health
[API REQUEST] No parameters
====================================================================================================

[API RESPONSE] ✅ 200 GET /health


====================================================================================================
[API REQUEST] GET /health
[API REQUEST] No parameters
====================================================================================================

[API RESPONSE] ✅ 200 GET /health


====================================================================================================
[API REQUEST] GET /health
[API REQUEST] No parameters
====================================================================================================

[API RESPONSE] ✅ 200 GET /health


====================================================================================================
[API REQUEST] GET /health
[API REQUEST] No parameters
====================================================================================================

[API RESPONSE] ✅ 200 GET /health


====================================================================================================
[API REQUEST] GET /health
[API REQUEST] No parameters
====================================================================================================

[API RESPONSE] ✅ 200 GET /health


====================================================================================================
[API REQUEST] GET /health
[API REQUEST] No parameters
====================================================================================================

[API RESPONSE] ✅ 200 GET /health


====================================================================================================
[API REQUEST] GET /health
[API REQUEST] No parameters
====================================================================================================

[API RESPONSE] ✅ 200 GET /health


====================================================================================================
[API REQUEST] GET /health
[API REQUEST] No parameters
====================================================================================================

[API RESPONSE] ✅ 200 GET /health


====================================================================================================
[API REQUEST] GET /health
[API REQUEST] No parameters
====================================================================================================

[API RESPONSE] ✅ 200 GET /health


====================================================================================================
[API REQUEST] GET /health
[API REQUEST] No parameters
====================================================================================================

[API RESPONSE] ✅ 200 GET /health


====================================================================================================
[API REQUEST] GET /health
[API REQUEST] No parameters
====================================================================================================

[API RESPONSE] ✅ 200 GET /health


====================================================================================================
[API REQUEST] GET /health
[API REQUEST] No parameters
====================================================================================================

[API RESPONSE] ✅ 200 GET /health


====================================================================================================
[API REQUEST] GET /health
[API REQUEST] No parameters
====================================================================================================

[API RESPONSE] ✅ 200 GET /health


====================================================================================================
[API REQUEST] GET /health
[API REQUEST] No parameters
====================================================================================================

[API RESPONSE] ✅ 200 GET /health


====================================================================================================
[API REQUEST] GET /health
[API REQUEST] No parameters
====================================================================================================

[API RESPONSE] ✅ 200 GET /health


====================================================================================================
[API REQUEST] GET /health
[API REQUEST] No parameters
====================================================================================================

[API RESPONSE] ✅ 200 GET /health


====================================================================================================
[API REQUEST] GET /health
[API REQUEST] No parameters
====================================================================================================

[API RESPONSE] ✅ 200 GET /health


====================================================================================================
[API REQUEST] GET /health
[API REQUEST] No parameters
====================================================================================================

[API RESPONSE] ✅ 200 GET /health


====================================================================================================
127.0.0.1 - - [14/Jan/2026 19:40:18] "GET /health HTTP/1.1" 200 -
127.0.0.1 - - [14/Jan/2026 19:40:24] "GET /health HTTP/1.1" 200 -
127.0.0.1 - - [14/Jan/2026 19:40:29] "GET /health HTTP/1.1" 200 -
127.0.0.1 - - [14/Jan/2026 19:40:34] "GET /health HTTP/1.1" 200 -
127.0.0.1 - - [14/Jan/2026 19:40:39] "GET /health HTTP/1.1" 200 -
127.0.0.1 - - [14/Jan/2026 19:40:44] "GET /health HTTP/1.1" 200 -
127.0.0.1 - - [14/Jan/2026 19:40:49] "GET /health HTTP/1.1" 200 -
127.0.0.1 - - [14/Jan/2026 19:40:54] "GET /health HTTP/1.1" 200 -
127.0.0.1 - - [14/Jan/2026 19:41:00] "GET /health HTTP/1.1" 200 -
127.0.0.1 - - [14/Jan/2026 19:41:05] "GET /health HTTP/1.1" 200 -
127.0.0.1 - - [14/Jan/2026 19:41:10] "GET /health HTTP/1.1" 200 -
127.0.0.1 - - [14/Jan/2026 19:41:15] "GET /health HTTP/1.1" 200 -
127.0.0.1 - - [14/Jan/2026 19:41:20] "GET /health HTTP/1.1" 200 -
127.0.0.1 - - [14/Jan/2026 19:41:26] "GET /health HTTP/1.1" 200 -
127.0.0.1 - - [14/Jan/2026 19:41:31] "GET /health HTTP/1.1" 200 -
127.0.0.1 - - [14/Jan/2026 19:41:36] "GET /health HTTP/1.1" 200 -
127.0.0.1 - - [14/Jan/2026 19:41:41] "GET /health HTTP/1.1" 200 -
127.0.0.1 - - [14/Jan/2026 19:41:47] "GET /health HTTP/1.1" 200 -
127.0.0.1 - - [14/Jan/2026 19:41:52] "GET /health HTTP/1.1" 200 -
127.0.0.1 - - [14/Jan/2026 19:41:57] "GET /health HTTP/1.1" 200 -
127.0.0.1 - - [14/Jan/2026 19:42:02] "GET /health HTTP/1.1" 200 -
127.0.0.1 - - [14/Jan/2026 19:42:07] "GET /health HTTP/1.1" 200 -
127.0.0.1 - - [14/Jan/2026 19:42:12] "GET /health HTTP/1.1" 200 -
127.0.0.1 - - [14/Jan/2026 19:42:17] "GET /health HTTP/1.1" 200 -
127.0.0.1 - - [14/Jan/2026 19:42:23] "GET /health HTTP/1.1" 200 -
127.0.0.1 - - [14/Jan/2026 19:42:28] "GET /health HTTP/1.1" 200 -
127.0.0.1 - - [14/Jan/2026 19:42:33] "GET /health HTTP/1.1" 200 -
[API REQUEST] GET /health
[API REQUEST] No parameters
====================================================================================================

[API RESPONSE] ✅ 200 GET /health


====================================================================================================
[API REQUEST] GET /health
[API REQUEST] No parameters
====================================================================================================

[API RESPONSE] ✅ 200 GET /health


====================================================================================================
[API REQUEST] GET /health
[API REQUEST] No parameters
====================================================================================================

[API RESPONSE] ✅ 200 GET /health


====================================================================================================
[API REQUEST] GET /health
[API REQUEST] No parameters
====================================================================================================

[API RESPONSE] ✅ 200 GET /health


====================================================================================================
[API REQUEST] GET /health
[API REQUEST] No parameters
====================================================================================================

[API RESPONSE] ✅ 200 GET /health


====================================================================================================
[API REQUEST] GET /health
[API REQUEST] No parameters
====================================================================================================

[API RESPONSE] ✅ 200 GET /health


====================================================================================================
[API REQUEST] GET /health
[API REQUEST] No parameters
====================================================================================================

[API RESPONSE] ✅ 200 GET /health


====================================================================================================
[API REQUEST] GET /health
[API REQUEST] No parameters
====================================================================================================

[API RESPONSE] ✅ 200 GET /health


====================================================================================================
[API REQUEST] GET /health
[API REQUEST] No parameters
====================================================================================================

[API RESPONSE] ✅ 200 GET /health


====================================================================================================
[API REQUEST] GET /health
[API REQUEST] No parameters
====================================================================================================

[API RESPONSE] ✅ 200 GET /health


====================================================================================================
[API REQUEST] GET /health
[API REQUEST] No parameters
====================================================================================================

[API RESPONSE] ✅ 200 GET /health


====================================================================================================
[API REQUEST] GET /health
[API REQUEST] No parameters
====================================================================================================

[API RESPONSE] ✅ 200 GET /health


====================================================================================================
[API REQUEST] GET /health
[API REQUEST] No parameters
====================================================================================================

[API RESPONSE] ✅ 200 GET /health


====================================================================================================
[API REQUEST] GET /health
[API REQUEST] No parameters
====================================================================================================

[API RESPONSE] ✅ 200 GET /health


====================================================================================================
[API REQUEST] GET /health
[API REQUEST] No parameters
====================================================================================================

[API RESPONSE] ✅ 200 GET /health


====================================================================================================
[API REQUEST] GET /health
[API REQUEST] No parameters
====================================================================================================

[API RESPONSE] ✅ 200 GET /health


====================================================================================================
[API REQUEST] GET /health
[API REQUEST] No parameters
====================================================================================================

[API RESPONSE] ✅ 200 GET /health


====================================================================================================
[API REQUEST] GET /health
[API REQUEST] No parameters
====================================================================================================

[API RESPONSE] ✅ 200 GET /health


====================================================================================================
[API REQUEST] GET /health
[API REQUEST] No parameters
====================================================================================================

[API RESPONSE] ✅ 200 GET /health


====================================================================================================
[API REQUEST] GET /health
[API REQUEST] No parameters
====================================================================================================

[API RESPONSE] ✅ 200 GET /health


====================================================================================================
[API REQUEST] GET /health
[API REQUEST] No parameters
====================================================================================================

[API RESPONSE] ✅ 200 GET /health


====================================================================================================
[API REQUEST] GET /health
[API REQUEST] No parameters
====================================================================================================

[API RESPONSE] ✅ 200 GET /health


====================================================================================================
[API REQUEST] GET /health
[API REQUEST] No parameters
====================================================================================================

[API RESPONSE] ✅ 200 GET /health


====================================================================================================
[API REQUEST] GET /health
[API REQUEST] No parameters
====================================================================================================

[API RESPONSE] ✅ 200 GET /health


====================================================================================================
[API REQUEST] GET /health
[API REQUEST] No parameters
====================================================================================================

[API RESPONSE] ✅ 200 GET /health


====================================================================================================
[API REQUEST] GET /health
[API REQUEST] No parameters
====================================================================================================

[API RESPONSE] ✅ 200 GET /health


====================================================================================================
[API REQUEST] GET /health
[API REQUEST] No parameters
====================================================================================================

[API RESPONSE] ✅ 200 GET /health

