[INFO] Job Service v2.3-DB-FIXED starting...
[INFO] Database connection management fixed for real-time status updates
[INIT] AI_SERVICE_URL: http://127.0.0.1:5100/analyze
[INIT] Port: 5005
[INIT] Database: /Users/shaydu/dev/mondrian-macos/mondrian/mondrian.db
[INIT] Debug mode: False
[INIT] Created directories
[INIT] Initializing database...
[INIT] Database schema OK
[INIT] RAG Default: ENABLED (from RAG_ENABLED env var)
============================================================
Starting Job Service v2.3-DB-FIXED on port 5005...
Host: 0.0.0.0:5005
AI Service: http://127.0.0.1:5100/analyze
============================================================
 * Serving Flask app 'job_service_v2.3'
 * Debug mode: off
[31m[1mWARNING: This is a development server. Do not use it in a production deployment. Use a production WSGI server instead.[0m
 * Running on all addresses (0.0.0.0)
 * Running on http://127.0.0.1:5005
 * Running on http://10.0.0.131:5005
[33mPress CTRL+C to quit[0m
127.0.0.1 - - [15/Jan/2026 05:54:52] "GET /health HTTP/1.1" 200 -
127.0.0.1 - - [15/Jan/2026 05:54:52] "GET /health HTTP/1.1" 200 -
127.0.0.1 - - [15/Jan/2026 05:54:52] "GET /health HTTP/1.1" 200 -
127.0.0.1 - - [15/Jan/2026 05:54:55] "GET /health HTTP/1.1" 200 -
127.0.0.1 - - [15/Jan/2026 05:54:57] "GET /health HTTP/1.1" 200 -
127.0.0.1 - - [15/Jan/2026 05:54:57] "GET /health HTTP/1.1" 200 -
127.0.0.1 - - [15/Jan/2026 05:54:57] "GET /health HTTP/1.1" 200 -
127.0.0.1 - - [15/Jan/2026 05:54:59] "GET /health HTTP/1.1" 200 -
127.0.0.1 - - [15/Jan/2026 05:54:59] "GET /health HTTP/1.1" 200 -
127.0.0.1 - - [15/Jan/2026 05:55:02] "GET /health HTTP/1.1" 200 -
127.0.0.1 - - [15/Jan/2026 05:55:02] "GET /health HTTP/1.1" 200 -
127.0.0.1 - - [15/Jan/2026 05:55:02] "GET /health HTTP/1.1" 200 -
127.0.0.1 - - [15/Jan/2026 05:55:04] "GET /health HTTP/1.1" 200 -
127.0.0.1 - - [15/Jan/2026 05:55:07] "GET /health HTTP/1.1" 200 -
127.0.0.1 - - [15/Jan/2026 05:55:07] "GET /health HTTP/1.1" 200 -
127.0.0.1 - - [15/Jan/2026 05:55:07] "GET /health HTTP/1.1" 200 -
127.0.0.1 - - [15/Jan/2026 05:55:09] "GET /health HTTP/1.1" 200 -
127.0.0.1 - - [15/Jan/2026 05:55:12] "GET /health HTTP/1.1" 200 -
127.0.0.1 - - [15/Jan/2026 05:55:12] "GET /health HTTP/1.1" 200 -
127.0.0.1 - - [15/Jan/2026 05:55:12] "GET /health HTTP/1.1" 200 -
127.0.0.1 - - [15/Jan/2026 05:55:14] "GET /health HTTP/1.1" 200 -
127.0.0.1 - - [15/Jan/2026 05:55:17] "GET /health HTTP/1.1" 200 -
127.0.0.1 - - [15/Jan/2026 05:55:17] "GET /health HTTP/1.1" 200 -
127.0.0.1 - - [15/Jan/2026 05:55:17] "GET /health HTTP/1.1" 200 -
127.0.0.1 - - [15/Jan/2026 05:55:19] "GET /health HTTP/1.1" 200 -
127.0.0.1 - - [15/Jan/2026 05:55:22] "GET /health HTTP/1.1" 200 -
127.0.0.1 - - [15/Jan/2026 05:55:22] "GET /health HTTP/1.1" 200 -

====================================================================================================
[API REQUEST] GET /health
[API REQUEST] No parameters
====================================================================================================

[API RESPONSE] ✅ 200 GET /health


====================================================================================================
[API REQUEST] GET /health
[API REQUEST] No parameters
====================================================================================================

[API RESPONSE] ✅ 200 GET /health


====================================================================================================
[API REQUEST] GET /health
[API REQUEST] No parameters
====================================================================================================

[API RESPONSE] ✅ 200 GET /health


====================================================================================================
[API REQUEST] GET /health
[API REQUEST] No parameters
====================================================================================================

[API RESPONSE] ✅ 200 GET /health


====================================================================================================
[API REQUEST] GET /health
[API REQUEST] No parameters
====================================================================================================

[API RESPONSE] ✅ 200 GET /health


====================================================================================================
[API REQUEST] GET /health
[API REQUEST] No parameters
====================================================================================================

[API RESPONSE] ✅ 200 GET /health


====================================================================================================
[API REQUEST] GET /health
[API REQUEST] No parameters
====================================================================================================

[API RESPONSE] ✅ 200 GET /health


====================================================================================================
[API REQUEST] GET /health
[API REQUEST] No parameters
====================================================================================================

[API RESPONSE] ✅ 200 GET /health


====================================================================================================
[API REQUEST] GET /health
[API REQUEST] No parameters
====================================================================================================

[API RESPONSE] ✅ 200 GET /health


====================================================================================================
[API REQUEST] GET /health
[API REQUEST] No parameters
====================================================================================================

[API RESPONSE] ✅ 200 GET /health


====================================================================================================
[API REQUEST] GET /health
[API REQUEST] No parameters
====================================================================================================

[API RESPONSE] ✅ 200 GET /health


====================================================================================================
[API REQUEST] GET /health
[API REQUEST] No parameters
====================================================================================================

[API RESPONSE] ✅ 200 GET /health


====================================================================================================
[API REQUEST] GET /health
[API REQUEST] No parameters
====================================================================================================

[API RESPONSE] ✅ 200 GET /health


====================================================================================================
[API REQUEST] GET /health
[API REQUEST] No parameters
====================================================================================================

[API RESPONSE] ✅ 200 GET /health


====================================================================================================
[API REQUEST] GET /health
[API REQUEST] No parameters
====================================================================================================

[API RESPONSE] ✅ 200 GET /health


====================================================================================================
[API REQUEST] GET /health
[API REQUEST] No parameters
====================================================================================================

[API RESPONSE] ✅ 200 GET /health


====================================================================================================
[API REQUEST] GET /health
[API REQUEST] No parameters
====================================================================================================

[API RESPONSE] ✅ 200 GET /health


====================================================================================================
[API REQUEST] GET /health
[API REQUEST] No parameters
====================================================================================================

[API RESPONSE] ✅ 200 GET /health


====================================================================================================
[API REQUEST] GET /health
[API REQUEST] No parameters
====================================================================================================

[API RESPONSE] ✅ 200 GET /health


====================================================================================================
[API REQUEST] GET /health
[API REQUEST] No parameters
====================================================================================================

[API RESPONSE] ✅ 200 GET /health


====================================================================================================
[API REQUEST] GET /health
[API REQUEST] No parameters
====================================================================================================

[API RESPONSE] ✅ 200 GET /health


====================================================================================================
[API REQUEST] GET /health
[API REQUEST] No parameters
====================================================================================================

[API RESPONSE] ✅ 200 GET /health


====================================================================================================
[API REQUEST] GET /health
[API REQUEST] No parameters
====================================================================================================

[API RESPONSE] ✅ 200 GET /health


====================================================================================================
[API REQUEST] GET /health
[API REQUEST] No parameters
====================================================================================================

[API RESPONSE] ✅ 200 GET /health


====================================================================================================
[API REQUEST] GET /health
[API REQUEST] No parameters
====================================================================================================

[API RESPONSE] ✅ 200 GET /health


====================================================================================================
[API REQUEST] GET /health
[API REQUEST] No parameters
====================================================================================================

[API RESPONSE] ✅ 200 GET /health


====================================================================================================
[API REQUEST] GET /health
[API REQUEST] No parameters
====================================================================================================

[API RESPONSE] ✅ 200 GET /health


====================================================================================================
[API REQUEST] GET /health
[API REQUEST] No parameters
127.0.0.1 - - [15/Jan/2026 05:55:22] "GET /health HTTP/1.1" 200 -
127.0.0.1 - - [15/Jan/2026 05:55:24] "GET /health HTTP/1.1" 200 -
127.0.0.1 - - [15/Jan/2026 05:55:27] "GET /health HTTP/1.1" 200 -
127.0.0.1 - - [15/Jan/2026 05:55:27] "GET /health HTTP/1.1" 200 -
127.0.0.1 - - [15/Jan/2026 05:55:27] "GET /health HTTP/1.1" 200 -
127.0.0.1 - - [15/Jan/2026 05:55:29] "GET /health HTTP/1.1" 200 -
127.0.0.1 - - [15/Jan/2026 05:55:32] "GET /health HTTP/1.1" 200 -
127.0.0.1 - - [15/Jan/2026 05:55:32] "GET /health HTTP/1.1" 200 -
127.0.0.1 - - [15/Jan/2026 05:55:32] "GET /health HTTP/1.1" 200 -
127.0.0.1 - - [15/Jan/2026 05:55:34] "GET /health HTTP/1.1" 200 -
127.0.0.1 - - [15/Jan/2026 05:55:37] "GET /health HTTP/1.1" 200 -
127.0.0.1 - - [15/Jan/2026 05:55:37] "GET /health HTTP/1.1" 200 -
127.0.0.1 - - [15/Jan/2026 05:55:37] "GET /health HTTP/1.1" 200 -
127.0.0.1 - - [15/Jan/2026 05:55:39] "GET /health HTTP/1.1" 200 -
127.0.0.1 - - [15/Jan/2026 05:55:42] "GET /health HTTP/1.1" 200 -
127.0.0.1 - - [15/Jan/2026 05:55:42] "GET /health HTTP/1.1" 200 -
127.0.0.1 - - [15/Jan/2026 05:55:42] "GET /health HTTP/1.1" 200 -
127.0.0.1 - - [15/Jan/2026 05:55:44] "GET /health HTTP/1.1" 200 -
127.0.0.1 - - [15/Jan/2026 05:55:47] "GET /health HTTP/1.1" 200 -
127.0.0.1 - - [15/Jan/2026 05:55:47] "GET /health HTTP/1.1" 200 -
127.0.0.1 - - [15/Jan/2026 05:55:47] "GET /health HTTP/1.1" 200 -
127.0.0.1 - - [15/Jan/2026 05:55:49] "GET /health HTTP/1.1" 200 -
127.0.0.1 - - [15/Jan/2026 05:55:52] "GET /health HTTP/1.1" 200 -
127.0.0.1 - - [15/Jan/2026 05:55:52] "GET /health HTTP/1.1" 200 -
127.0.0.1 - - [15/Jan/2026 05:55:52] "GET /health HTTP/1.1" 200 -
127.0.0.1 - - [15/Jan/2026 05:55:54] "GET /health HTTP/1.1" 200 -
127.0.0.1 - - [15/Jan/2026 05:55:57] "GET /health HTTP/1.1" 200 -
127.0.0.1 - - [15/Jan/2026 05:55:57] "GET /health HTTP/1.1" 200 -
====================================================================================================

[API RESPONSE] ✅ 200 GET /health


====================================================================================================
[API REQUEST] GET /health
[API REQUEST] No parameters
====================================================================================================

[API RESPONSE] ✅ 200 GET /health


====================================================================================================
[API REQUEST] GET /health
[API REQUEST] No parameters
====================================================================================================

[API RESPONSE] ✅ 200 GET /health


====================================================================================================
[API REQUEST] GET /health
[API REQUEST] No parameters
====================================================================================================

[API RESPONSE] ✅ 200 GET /health


====================================================================================================
[API REQUEST] GET /health
[API REQUEST] No parameters
====================================================================================================

[API RESPONSE] ✅ 200 GET /health


====================================================================================================
[API REQUEST] GET /health
[API REQUEST] No parameters
====================================================================================================

[API RESPONSE] ✅ 200 GET /health


====================================================================================================
[API REQUEST] GET /health
[API REQUEST] No parameters
====================================================================================================

[API RESPONSE] ✅ 200 GET /health


====================================================================================================
[API REQUEST] GET /health
[API REQUEST] No parameters
====================================================================================================

[API RESPONSE] ✅ 200 GET /health


====================================================================================================
[API REQUEST] GET /health
[API REQUEST] No parameters
====================================================================================================

[API RESPONSE] ✅ 200 GET /health


====================================================================================================
[API REQUEST] GET /health
[API REQUEST] No parameters
====================================================================================================

[API RESPONSE] ✅ 200 GET /health


====================================================================================================
[API REQUEST] GET /health
[API REQUEST] No parameters
====================================================================================================

[API RESPONSE] ✅ 200 GET /health


====================================================================================================
[API REQUEST] GET /health
[API REQUEST] No parameters
====================================================================================================

[API RESPONSE] ✅ 200 GET /health


====================================================================================================
[API REQUEST] GET /health
[API REQUEST] No parameters
====================================================================================================

[API RESPONSE] ✅ 200 GET /health


====================================================================================================
[API REQUEST] GET /health
[API REQUEST] No parameters
====================================================================================================

[API RESPONSE] ✅ 200 GET /health


====================================================================================================
[API REQUEST] GET /health
[API REQUEST] No parameters
====================================================================================================

[API RESPONSE] ✅ 200 GET /health


====================================================================================================
[API REQUEST] GET /health
[API REQUEST] No parameters
====================================================================================================

[API RESPONSE] ✅ 200 GET /health


====================================================================================================
[API REQUEST] GET /health
[API REQUEST] No parameters
====================================================================================================

[API RESPONSE] ✅ 200 GET /health


====================================================================================================
[API REQUEST] GET /health
[API REQUEST] No parameters
====================================================================================================

[API RESPONSE] ✅ 200 GET /health


====================================================================================================
[API REQUEST] GET /health
[API REQUEST] No parameters
====================================================================================================

[API RESPONSE] ✅ 200 GET /health


====================================================================================================
[API REQUEST] GET /health
[API REQUEST] No parameters
====================================================================================================

[API RESPONSE] ✅ 200 GET /health


====================================================================================================
[API REQUEST] GET /health
[API REQUEST] No parameters
====================================================================================================

[API RESPONSE] ✅ 200 GET /health


====================================================================================================
[API REQUEST] GET /health
[API REQUEST] No parameters
====================================================================================================

[API RESPONSE] ✅ 200 GET /health


====================================================================================================
[API REQUEST] GET /health
[API REQUEST] No parameters
====================================================================================================

[API RESPONSE] ✅ 200 GET /health


====================================================================================================
[API REQUEST] GET /health
[API REQUEST] No parameters
====================================================================================================

[API RESPONSE] ✅ 200 GET /health


====================================================================================================
[API REQUEST] GET /health
[API REQUEST] No parameters
====================================================================================================

[API RESPONSE] ✅ 200 GET /health


====================================================================================================
[API REQUEST] GET /health
[API REQUEST] No parameters
====================================================================================================

[API RESPONSE] ✅ 200 GET /health


====================================================================================================
[API REQUEST] GET /health
[API REQUEST] No parameters
====================================================================================================

[API RESPONSE] ✅ 200 GET /health


====================================================================================================
[API REQUEST] GET /health
[API REQUEST] No parameters
====================================================================================================

[API RESPONSE] ✅ 200 GET /health


====================================================================================================
127.0.0.1 - - [15/Jan/2026 05:55:57] "GET /health HTTP/1.1" 200 -
127.0.0.1 - - [15/Jan/2026 05:55:59] "GET /health HTTP/1.1" 200 -
127.0.0.1 - - [15/Jan/2026 05:56:02] "GET /health HTTP/1.1" 200 -
127.0.0.1 - - [15/Jan/2026 05:56:02] "GET /health HTTP/1.1" 200 -
127.0.0.1 - - [15/Jan/2026 05:56:02] "GET /health HTTP/1.1" 200 -
