[INFO] Job Service v2.3-DB-FIXED starting...
[INFO] Database connection management fixed for real-time status updates
[INIT] AI_SERVICE_URL: http://127.0.0.1:5100/analyze
[INIT] Port: 5005
[INIT] Database: /Users/shaydu/dev/mondrian-macos/mondrian/mondrian.db
[INIT] Debug mode: False
[INIT] Created directories
[INIT] Initializing database...
[INIT] Database schema OK
[INIT] RAG Default: ENABLED (from RAG_ENABLED env var)
============================================================
Starting Job Service v2.3-DB-FIXED on port 5005...
Host: 0.0.0.0:5005
AI Service: http://127.0.0.1:5100/analyze
============================================================
 * Serving Flask app 'job_service_v2.3'
 * Debug mode: off
[31m[1mWARNING: This is a development server. Do not use it in a production deployment. Use a production WSGI server instead.[0m
 * Running on all addresses (0.0.0.0)
 * Running on http://127.0.0.1:5005
 * Running on http://10.0.0.131:5005
[33mPress CTRL+C to quit[0m
127.0.0.1 - - [15/Jan/2026 06:15:21] "GET /health HTTP/1.1" 200 -
127.0.0.1 - - [15/Jan/2026 06:15:21] "GET /health HTTP/1.1" 200 -
127.0.0.1 - - [15/Jan/2026 06:15:21] "GET /health HTTP/1.1" 200 -
127.0.0.1 - - [15/Jan/2026 06:15:25] "GET /health HTTP/1.1" 200 -
127.0.0.1 - - [15/Jan/2026 06:15:26] "GET /health HTTP/1.1" 200 -
127.0.0.1 - - [15/Jan/2026 06:15:26] "GET /health HTTP/1.1" 200 -
127.0.0.1 - - [15/Jan/2026 06:15:26] "GET /health HTTP/1.1" 200 -
127.0.0.1 - - [15/Jan/2026 06:15:29] "GET /health HTTP/1.1" 200 -
127.0.0.1 - - [15/Jan/2026 06:15:29] "GET /health HTTP/1.1" 200 -
127.0.0.1 - - [15/Jan/2026 06:15:32] "GET /health HTTP/1.1" 200 -
127.0.0.1 - - [15/Jan/2026 06:15:32] "GET /health HTTP/1.1" 200 -
127.0.0.1 - - [15/Jan/2026 06:15:32] "GET /health HTTP/1.1" 200 -
127.0.0.1 - - [15/Jan/2026 06:15:34] "GET /health HTTP/1.1" 200 -
127.0.0.1 - - [15/Jan/2026 06:15:37] "GET /health HTTP/1.1" 200 -
127.0.0.1 - - [15/Jan/2026 06:15:37] "GET /health HTTP/1.1" 200 -
127.0.0.1 - - [15/Jan/2026 06:15:37] "GET /health HTTP/1.1" 200 -
127.0.0.1 - - [15/Jan/2026 06:15:39] "GET /health HTTP/1.1" 200 -
127.0.0.1 - - [15/Jan/2026 06:15:42] "GET /health HTTP/1.1" 200 -
127.0.0.1 - - [15/Jan/2026 06:15:42] "GET /health HTTP/1.1" 200 -
127.0.0.1 - - [15/Jan/2026 06:15:42] "GET /health HTTP/1.1" 200 -
127.0.0.1 - - [15/Jan/2026 06:15:44] "GET /health HTTP/1.1" 200 -
127.0.0.1 - - [15/Jan/2026 06:15:44] "GET /health HTTP/1.1" 200 -
127.0.0.1 - - [15/Jan/2026 06:15:47] "GET /health HTTP/1.1" 200 -
127.0.0.1 - - [15/Jan/2026 06:15:47] "GET /health HTTP/1.1" 200 -
127.0.0.1 - - [15/Jan/2026 06:15:47] "GET /health HTTP/1.1" 200 -
127.0.0.1 - - [15/Jan/2026 06:15:49] "GET /health HTTP/1.1" 200 -
127.0.0.1 - - [15/Jan/2026 06:15:52] "GET /health HTTP/1.1" 200 -

====================================================================================================
[API REQUEST] GET /health
[API REQUEST] No parameters
====================================================================================================

[API RESPONSE] âœ… 200 GET /health


====================================================================================================
[API REQUEST] GET /health
[API REQUEST] No parameters
====================================================================================================

[API RESPONSE] âœ… 200 GET /health


====================================================================================================
[API REQUEST] GET /health
[API REQUEST] No parameters
====================================================================================================

[API RESPONSE] âœ… 200 GET /health


====================================================================================================
[API REQUEST] GET /health
[API REQUEST] No parameters
====================================================================================================

[API RESPONSE] âœ… 200 GET /health


====================================================================================================
[API REQUEST] GET /health
[API REQUEST] No parameters
====================================================================================================

[API RESPONSE] âœ… 200 GET /health


====================================================================================================
[API REQUEST] GET /health
[API REQUEST] No parameters
====================================================================================================

[API RESPONSE] âœ… 200 GET /health


====================================================================================================
[API REQUEST] GET /health
[API REQUEST] No parameters
====================================================================================================

[API RESPONSE] âœ… 200 GET /health


====================================================================================================
[API REQUEST] GET /health
[API REQUEST] No parameters
====================================================================================================

[API RESPONSE] âœ… 200 GET /health


====================================================================================================
[API REQUEST] GET /health
[API REQUEST] No parameters
====================================================================================================

[API RESPONSE] âœ… 200 GET /health


====================================================================================================
[API REQUEST] GET /health
[API REQUEST] No parameters
====================================================================================================

[API RESPONSE] âœ… 200 GET /health


====================================================================================================
[API REQUEST] GET /health
[API REQUEST] No parameters
====================================================================================================

[API RESPONSE] âœ… 200 GET /health


====================================================================================================
[API REQUEST] GET /health
[API REQUEST] No parameters
====================================================================================================

[API RESPONSE] âœ… 200 GET /health


====================================================================================================
[API REQUEST] GET /health
[API REQUEST] No parameters
====================================================================================================

[API RESPONSE] âœ… 200 GET /health


====================================================================================================
[API REQUEST] GET /health
[API REQUEST] No parameters
====================================================================================================

[API RESPONSE] âœ… 200 GET /health


====================================================================================================
[API REQUEST] GET /health
[API REQUEST] No parameters
====================================================================================================

[API RESPONSE] âœ… 200 GET /health


====================================================================================================
[API REQUEST] GET /health
[API REQUEST] No parameters
====================================================================================================

[API RESPONSE] âœ… 200 GET /health


====================================================================================================
[API REQUEST] GET /health
[API REQUEST] No parameters
====================================================================================================

[API RESPONSE] âœ… 200 GET /health


====================================================================================================
[API REQUEST] GET /health
[API REQUEST] No parameters
====================================================================================================

[API RESPONSE] âœ… 200 GET /health


====================================================================================================
[API REQUEST] GET /health
[API REQUEST] No parameters
====================================================================================================

[API RESPONSE] âœ… 200 GET /health


====================================================================================================
[API REQUEST] GET /health
[API REQUEST] No parameters
====================================================================================================

[API RESPONSE] âœ… 200 GET /health


====================================================================================================
[API REQUEST] GET /health
[API REQUEST] No parameters
====================================================================================================

[API RESPONSE] âœ… 200 GET /health


====================================================================================================
[API REQUEST] GET /health
[API REQUEST] No parameters
====================================================================================================

[API RESPONSE] âœ… 200 GET /health


====================================================================================================
[API REQUEST] GET /health
[API REQUEST] No parameters
====================================================================================================

[API RESPONSE] âœ… 200 GET /health


====================================================================================================
[API REQUEST] GET /health
[API REQUEST] No parameters
====================================================================================================

[API RESPONSE] âœ… 200 GET /health


====================================================================================================
[API REQUEST] GET /health
[API REQUEST] No parameters
====================================================================================================

[API RESPONSE] âœ… 200 GET /health


====================================================================================================
[API REQUEST] GET /health
[API REQUEST] No parameters
====================================================================================================

[API RESPONSE] âœ… 200 GET /health


====================================================================================================
[API REQUEST] GET /health
[API REQUEST] No parameters
====================================================================================================

[API RESPONSE] âœ… 200 GET /health


====================================================================================================
[API REQUEST] GET /health
[API REQUEST] No parameters
127.0.0.1 - - [15/Jan/2026 06:15:52] "GET /health HTTP/1.1" 200 -
127.0.0.1 - - [15/Jan/2026 06:15:52] "GET /health HTTP/1.1" 200 -
127.0.0.1 - - [15/Jan/2026 06:15:54] "GET /health HTTP/1.1" 200 -
127.0.0.1 - - [15/Jan/2026 06:15:57] "GET /health HTTP/1.1" 200 -
127.0.0.1 - - [15/Jan/2026 06:15:57] "GET /health HTTP/1.1" 200 -
127.0.0.1 - - [15/Jan/2026 06:15:57] "GET /health HTTP/1.1" 200 -
127.0.0.1 - - [15/Jan/2026 06:15:59] "GET /health HTTP/1.1" 200 -
127.0.0.1 - - [15/Jan/2026 06:16:02] "GET /health HTTP/1.1" 200 -
127.0.0.1 - - [15/Jan/2026 06:16:02] "GET /health HTTP/1.1" 200 -
127.0.0.1 - - [15/Jan/2026 06:16:02] "GET /health HTTP/1.1" 200 -
127.0.0.1 - - [15/Jan/2026 06:16:05] "GET /health HTTP/1.1" 200 -
127.0.0.1 - - [15/Jan/2026 06:16:07] "GET /health HTTP/1.1" 200 -
127.0.0.1 - - [15/Jan/2026 06:16:07] "GET /health HTTP/1.1" 200 -
127.0.0.1 - - [15/Jan/2026 06:16:07] "GET /health HTTP/1.1" 200 -
127.0.0.1 - - [15/Jan/2026 06:16:10] "GET /health HTTP/1.1" 200 -
127.0.0.1 - - [15/Jan/2026 06:16:12] "GET /health HTTP/1.1" 200 -
127.0.0.1 - - [15/Jan/2026 06:16:12] "GET /health HTTP/1.1" 200 -
127.0.0.1 - - [15/Jan/2026 06:16:12] "GET /health HTTP/1.1" 200 -
127.0.0.1 - - [15/Jan/2026 06:16:15] "GET /health HTTP/1.1" 200 -
127.0.0.1 - - [15/Jan/2026 06:16:17] "GET /health HTTP/1.1" 200 -
127.0.0.1 - - [15/Jan/2026 06:16:17] "GET /health HTTP/1.1" 200 -
127.0.0.1 - - [15/Jan/2026 06:16:17] "GET /health HTTP/1.1" 200 -
127.0.0.1 - - [15/Jan/2026 06:16:20] "GET /health HTTP/1.1" 200 -
127.0.0.1 - - [15/Jan/2026 06:16:22] "GET /health HTTP/1.1" 200 -
127.0.0.1 - - [15/Jan/2026 06:16:22] "GET /health HTTP/1.1" 200 -
127.0.0.1 - - [15/Jan/2026 06:16:22] "GET /health HTTP/1.1" 200 -
127.0.0.1 - - [15/Jan/2026 06:16:25] "GET /health HTTP/1.1" 200 -
127.0.0.1 - - [15/Jan/2026 06:16:27] "GET /health HTTP/1.1" 200 -
====================================================================================================

[API RESPONSE] âœ… 200 GET /health


====================================================================================================
[API REQUEST] GET /health
[API REQUEST] No parameters
====================================================================================================

[API RESPONSE] âœ… 200 GET /health


====================================================================================================
[API REQUEST] GET /health
[API REQUEST] No parameters
====================================================================================================

[API RESPONSE] âœ… 200 GET /health


====================================================================================================
[API REQUEST] GET /health
[API REQUEST] No parameters
====================================================================================================

[API RESPONSE] âœ… 200 GET /health


====================================================================================================
[API REQUEST] GET /health
[API REQUEST] No parameters
====================================================================================================

[API RESPONSE] âœ… 200 GET /health


====================================================================================================
[API REQUEST] GET /health
[API REQUEST] No parameters
====================================================================================================

[API RESPONSE] âœ… 200 GET /health


====================================================================================================
[API REQUEST] GET /health
[API REQUEST] No parameters
====================================================================================================

[API RESPONSE] âœ… 200 GET /health


====================================================================================================
[API REQUEST] GET /health
[API REQUEST] No parameters
====================================================================================================

[API RESPONSE] âœ… 200 GET /health


====================================================================================================
[API REQUEST] GET /health
[API REQUEST] No parameters
====================================================================================================

[API RESPONSE] âœ… 200 GET /health


====================================================================================================
[API REQUEST] GET /health
[API REQUEST] No parameters
====================================================================================================

[API RESPONSE] âœ… 200 GET /health


====================================================================================================
[API REQUEST] GET /health
[API REQUEST] No parameters
====================================================================================================

[API RESPONSE] âœ… 200 GET /health


====================================================================================================
[API REQUEST] GET /health
[API REQUEST] No parameters
====================================================================================================

[API RESPONSE] âœ… 200 GET /health


====================================================================================================
[API REQUEST] GET /health
[API REQUEST] No parameters
====================================================================================================

[API RESPONSE] âœ… 200 GET /health


====================================================================================================
[API REQUEST] GET /health
[API REQUEST] No parameters
====================================================================================================

[API RESPONSE] âœ… 200 GET /health


====================================================================================================
[API REQUEST] GET /health
[API REQUEST] No parameters
====================================================================================================

[API RESPONSE] âœ… 200 GET /health


====================================================================================================
[API REQUEST] GET /health
[API REQUEST] No parameters
====================================================================================================

[API RESPONSE] âœ… 200 GET /health


====================================================================================================
[API REQUEST] GET /health
[API REQUEST] No parameters
====================================================================================================

[API RESPONSE] âœ… 200 GET /health


====================================================================================================
[API REQUEST] GET /health
[API REQUEST] No parameters
====================================================================================================

[API RESPONSE] âœ… 200 GET /health


====================================================================================================
[API REQUEST] GET /health
[API REQUEST] No parameters
====================================================================================================

[API RESPONSE] âœ… 200 GET /health


====================================================================================================
[API REQUEST] GET /health
[API REQUEST] No parameters
====================================================================================================

[API RESPONSE] âœ… 200 GET /health


====================================================================================================
[API REQUEST] GET /health
[API REQUEST] No parameters
====================================================================================================

[API RESPONSE] âœ… 200 GET /health


====================================================================================================
[API REQUEST] GET /health
[API REQUEST] No parameters
====================================================================================================

[API RESPONSE] âœ… 200 GET /health


====================================================================================================
[API REQUEST] GET /health
[API REQUEST] No parameters
====================================================================================================

[API RESPONSE] âœ… 200 GET /health


====================================================================================================
[API REQUEST] GET /health
[API REQUEST] No parameters
====================================================================================================

[API RESPONSE] âœ… 200 GET /health


====================================================================================================
[API REQUEST] GET /health
[API REQUEST] No parameters
====================================================================================================

[API RESPONSE] âœ… 200 GET /health


====================================================================================================
[API REQUEST] GET /health
[API REQUEST] No parameters
====================================================================================================

[API RESPONSE] âœ… 200 GET /health


====================================================================================================
[API REQUEST] GET /health
[API REQUEST] No parameters
====================================================================================================

[API RESPONSE] âœ… 200 GET /health


====================================================================================================
[API REQUEST] GET /health
[API REQUEST] No parameters
====================================================================================================

[API RESPONSE] âœ… 200 GET /health


====================================================================================================
127.0.0.1 - - [15/Jan/2026 06:16:27] "GET /health HTTP/1.1" 200 -
127.0.0.1 - - [15/Jan/2026 06:16:27] "GET /health HTTP/1.1" 200 -
127.0.0.1 - - [15/Jan/2026 06:16:30] "GET /health HTTP/1.1" 200 -
127.0.0.1 - - [15/Jan/2026 06:16:32] "GET /health HTTP/1.1" 200 -
127.0.0.1 - - [15/Jan/2026 06:16:32] "GET /health HTTP/1.1" 200 -
127.0.0.1 - - [15/Jan/2026 06:16:32] "GET /health HTTP/1.1" 200 -
127.0.0.1 - - [15/Jan/2026 06:16:35] "GET /health HTTP/1.1" 200 -
127.0.0.1 - - [15/Jan/2026 06:16:37] "GET /health HTTP/1.1" 200 -
127.0.0.1 - - [15/Jan/2026 06:16:37] "GET /health HTTP/1.1" 200 -
127.0.0.1 - - [15/Jan/2026 06:16:37] "GET /health HTTP/1.1" 200 -
127.0.0.1 - - [15/Jan/2026 06:16:40] "GET /health HTTP/1.1" 200 -
127.0.0.1 - - [15/Jan/2026 06:16:42] "GET /health HTTP/1.1" 200 -
127.0.0.1 - - [15/Jan/2026 06:16:42] "GET /health HTTP/1.1" 200 -
127.0.0.1 - - [15/Jan/2026 06:16:42] "GET /health HTTP/1.1" 200 -
127.0.0.1 - - [15/Jan/2026 06:16:45] "GET /health HTTP/1.1" 200 -
127.0.0.1 - - [15/Jan/2026 06:16:48] "GET /health HTTP/1.1" 200 -
127.0.0.1 - - [15/Jan/2026 06:16:48] "GET /health HTTP/1.1" 200 -
127.0.0.1 - - [15/Jan/2026 06:16:48] "GET /health HTTP/1.1" 200 -
127.0.0.1 - - [15/Jan/2026 06:16:50] "GET /health HTTP/1.1" 200 -
127.0.0.1 - - [15/Jan/2026 06:16:53] "GET /health HTTP/1.1" 200 -
127.0.0.1 - - [15/Jan/2026 06:16:53] "GET /health HTTP/1.1" 200 -
127.0.0.1 - - [15/Jan/2026 06:16:53] "GET /health HTTP/1.1" 200 -
127.0.0.1 - - [15/Jan/2026 06:16:55] "GET /health HTTP/1.1" 200 -
127.0.0.1 - - [15/Jan/2026 06:16:58] "GET /health HTTP/1.1" 200 -
127.0.0.1 - - [15/Jan/2026 06:16:58] "GET /health HTTP/1.1" 200 -
127.0.0.1 - - [15/Jan/2026 06:16:58] "GET /health HTTP/1.1" 200 -
127.0.0.1 - - [15/Jan/2026 06:17:00] "GET /health HTTP/1.1" 200 -
127.0.0.1 - - [15/Jan/2026 06:17:03] "GET /health HTTP/1.1" 200 -
[API REQUEST] GET /health
[API REQUEST] No parameters
====================================================================================================

[API RESPONSE] âœ… 200 GET /health


====================================================================================================
[API REQUEST] GET /health
[API REQUEST] No parameters
====================================================================================================

[API RESPONSE] âœ… 200 GET /health


====================================================================================================
[API REQUEST] GET /health
[API REQUEST] No parameters
====================================================================================================

[API RESPONSE] âœ… 200 GET /health


====================================================================================================
[API REQUEST] GET /health
[API REQUEST] No parameters
====================================================================================================

[API RESPONSE] âœ… 200 GET /health


====================================================================================================
[API REQUEST] GET /health
[API REQUEST] No parameters
====================================================================================================

[API RESPONSE] âœ… 200 GET /health


====================================================================================================
[API REQUEST] GET /health
[API REQUEST] No parameters
====================================================================================================

[API RESPONSE] âœ… 200 GET /health


====================================================================================================
[API REQUEST] GET /health
[API REQUEST] No parameters
====================================================================================================

[API RESPONSE] âœ… 200 GET /health


====================================================================================================
[API REQUEST] GET /health
[API REQUEST] No parameters
====================================================================================================

[API RESPONSE] âœ… 200 GET /health


====================================================================================================
[API REQUEST] GET /health
[API REQUEST] No parameters
====================================================================================================

[API RESPONSE] âœ… 200 GET /health


====================================================================================================
[API REQUEST] GET /health
[API REQUEST] No parameters
====================================================================================================

[API RESPONSE] âœ… 200 GET /health


====================================================================================================
[API REQUEST] GET /health
[API REQUEST] No parameters
====================================================================================================

[API RESPONSE] âœ… 200 GET /health


====================================================================================================
[API REQUEST] GET /health
[API REQUEST] No parameters
====================================================================================================

[API RESPONSE] âœ… 200 GET /health


====================================================================================================
[API REQUEST] GET /health
[API REQUEST] No parameters
====================================================================================================

[API RESPONSE] âœ… 200 GET /health


====================================================================================================
[API REQUEST] GET /health
[API REQUEST] No parameters
====================================================================================================

[API RESPONSE] âœ… 200 GET /health


====================================================================================================
[API REQUEST] GET /health
[API REQUEST] No parameters
====================================================================================================

[API RESPONSE] âœ… 200 GET /health


====================================================================================================
[API REQUEST] GET /health
[API REQUEST] No parameters
====================================================================================================

[API RESPONSE] âœ… 200 GET /health


====================================================================================================
[API REQUEST] GET /health
[API REQUEST] No parameters
====================================================================================================

[API RESPONSE] âœ… 200 GET /health


====================================================================================================
[API REQUEST] GET /health
[API REQUEST] No parameters
====================================================================================================

[API RESPONSE] âœ… 200 GET /health


====================================================================================================
[API REQUEST] GET /health
[API REQUEST] No parameters
====================================================================================================

[API RESPONSE] âœ… 200 GET /health


====================================================================================================
[API REQUEST] GET /health
[API REQUEST] No parameters
====================================================================================================

[API RESPONSE] âœ… 200 GET /health


====================================================================================================
[API REQUEST] GET /health
[API REQUEST] No parameters
====================================================================================================

[API RESPONSE] âœ… 200 GET /health


====================================================================================================
[API REQUEST] GET /health
[API REQUEST] No parameters
====================================================================================================

[API RESPONSE] âœ… 200 GET /health


====================================================================================================
[API REQUEST] GET /health
[API REQUEST] No parameters
====================================================================================================

[API RESPONSE] âœ… 200 GET /health


====================================================================================================
[API REQUEST] GET /health
[API REQUEST] No parameters
====================================================================================================

[API RESPONSE] âœ… 200 GET /health


====================================================================================================
[API REQUEST] GET /health
[API REQUEST] No parameters
====================================================================================================

[API RESPONSE] âœ… 200 GET /health


====================================================================================================
[API REQUEST] GET /health
[API REQUEST] No parameters
====================================================================================================

[API RESPONSE] âœ… 200 GET /health


====================================================================================================
[API REQUEST] GET /health
[API REQUEST] No parameters
====================================================================================================

[API RESPONSE] âœ… 200 GET /health


====================================================================================================
[API REQUEST] GET /health
[API REQUEST] No parameters
====================================================================================================

[API RESPONSE] âœ… 200 GET /health

127.0.0.1 - - [15/Jan/2026 06:17:03] "GET /health HTTP/1.1" 200 -
127.0.0.1 - - [15/Jan/2026 06:17:03] "GET /health HTTP/1.1" 200 -
127.0.0.1 - - [15/Jan/2026 06:17:05] "GET /health HTTP/1.1" 200 -
127.0.0.1 - - [15/Jan/2026 06:17:08] "GET /health HTTP/1.1" 200 -
127.0.0.1 - - [15/Jan/2026 06:17:08] "GET /health HTTP/1.1" 200 -
127.0.0.1 - - [15/Jan/2026 06:17:08] "GET /health HTTP/1.1" 200 -
127.0.0.1 - - [15/Jan/2026 06:17:10] "GET /health HTTP/1.1" 200 -
127.0.0.1 - - [15/Jan/2026 06:17:14] "GET /health HTTP/1.1" 200 -
127.0.0.1 - - [15/Jan/2026 06:17:14] "GET /health HTTP/1.1" 200 -
127.0.0.1 - - [15/Jan/2026 06:17:14] "GET /health HTTP/1.1" 200 -
127.0.0.1 - - [15/Jan/2026 06:17:16] "GET /health HTTP/1.1" 200 -
127.0.0.1 - - [15/Jan/2026 06:17:20] "GET /health HTTP/1.1" 200 -
127.0.0.1 - - [15/Jan/2026 06:17:20] "GET /health HTTP/1.1" 200 -
127.0.0.1 - - [15/Jan/2026 06:17:20] "GET /health HTTP/1.1" 200 -
127.0.0.1 - - [15/Jan/2026 06:17:22] "GET /health HTTP/1.1" 200 -
127.0.0.1 - - [15/Jan/2026 06:17:27] "GET /health HTTP/1.1" 200 -
127.0.0.1 - - [15/Jan/2026 06:17:27] "GET /health HTTP/1.1" 200 -
127.0.0.1 - - [15/Jan/2026 06:17:27] "GET /health HTTP/1.1" 200 -
127.0.0.1 - - [15/Jan/2026 06:17:28] "GET /health HTTP/1.1" 200 -
127.0.0.1 - - [15/Jan/2026 06:17:34] "GET /health HTTP/1.1" 200 -
127.0.0.1 - - [15/Jan/2026 06:17:34] "GET /health HTTP/1.1" 200 -
127.0.0.1 - - [15/Jan/2026 06:17:34] "GET /health HTTP/1.1" 200 -
127.0.0.1 - - [15/Jan/2026 06:17:34] "GET /health HTTP/1.1" 200 -
127.0.0.1 - - [15/Jan/2026 06:17:40] "GET /health HTTP/1.1" 200 -
127.0.0.1 - - [15/Jan/2026 06:17:40] "GET /health HTTP/1.1" 200 -
127.0.0.1 - - [15/Jan/2026 06:17:40] "GET /health HTTP/1.1" 200 -
127.0.0.1 - - [15/Jan/2026 06:17:40] "GET /health HTTP/1.1" 200 -

====================================================================================================
[API REQUEST] GET /health
[API REQUEST] No parameters
====================================================================================================

[API RESPONSE] âœ… 200 GET /health


====================================================================================================
[API REQUEST] GET /health
[API REQUEST] No parameters
====================================================================================================

[API RESPONSE] âœ… 200 GET /health


====================================================================================================
[API REQUEST] GET /health
[API REQUEST] No parameters
====================================================================================================

[API RESPONSE] âœ… 200 GET /health


====================================================================================================
[API REQUEST] GET /health
[API REQUEST] No parameters
====================================================================================================

[API RESPONSE] âœ… 200 GET /health


====================================================================================================
[API REQUEST] GET /health
[API REQUEST] No parameters
====================================================================================================

[API RESPONSE] âœ… 200 GET /health


====================================================================================================
[API REQUEST] GET /health
[API REQUEST] No parameters
====================================================================================================

[API RESPONSE] âœ… 200 GET /health


====================================================================================================
[API REQUEST] GET /health
[API REQUEST] No parameters
====================================================================================================


====================================================================================================
[API REQUEST] GET /health
[API REQUEST] No parameters
====================================================================================================


====================================================================================================
[API REQUEST] GET /health
[API REQUEST] No parameters
====================================================================================================

[API RESPONSE] âœ… 200 GET /health

[API RESPONSE] âœ… 200 GET /health

[API RESPONSE] âœ… 200 GET /health


====================================================================================================
[API REQUEST] GET /health
[API REQUEST] No parameters
====================================================================================================

[API RESPONSE] âœ… 200 GET /health


====================================================================================================
[API REQUEST] GET /health
[API REQUEST] No parameters
====================================================================================================


====================================================================================================
[API REQUEST] GET /health
[API REQUEST] No parameters
====================================================================================================


====================================================================================================
[API REQUEST] GET /health
[API REQUEST] No parameters
====================================================================================================

[API RESPONSE] âœ… 200 GET /health

[API RESPONSE] âœ… 200 GET /health

[API RESPONSE] âœ… 200 GET /health


====================================================================================================
[API REQUEST] GET /health
[API REQUEST] No parameters
====================================================================================================

[API RESPONSE] âœ… 200 GET /health


====================================================================================================

====================================================================================================
[API REQUEST] GET /health
[API REQUEST] No parameters
====================================================================================================


====================================================================================================
[API REQUEST] GET /health
[API REQUEST] No parameters
====================================================================================================

[API RESPONSE] âœ… 200 GET /health

[API REQUEST] GET /health
[API REQUEST] No parameters
====================================================================================================

[API RESPONSE] âœ… 200 GET /health

[API RESPONSE] âœ… 200 GET /health


====================================================================================================
[API REQUEST] GET /health
[API REQUEST] No parameters
====================================================================================================

[API RESPONSE] âœ… 200 GET /health


====================================================================================================
[API REQUEST] GET /health
[API REQUEST] No parameters
====================================================================================================


====================================================================================================
[API REQUEST] GET /health
[API REQUEST] No parameters
====================================================================================================


====================================================================================================
[API REQUEST] GET /health
[API REQUEST] No parameters
====================================================================================================

[API RESPONSE] âœ… 200 GET /health

[API RESPONSE] âœ… 200 GET /health


====================================================================================================
[API REQUEST] GET /health
[API REQUEST] No parameters
====================================================================================================

[API RESPONSE] âœ… 200 GET /health

[API RESPONSE] âœ… 200 GET /health


====================================================================================================
[API REQUEST] GET /health
[API REQUEST] No parameters
====================================================================================================


====================================================================================================
[API REQUEST] GET /health
[API REQUEST] No parameters
====================================================================================================


====================================================================================================
[API REQUEST] GET /health
[API REQUEST] No parameters
====================================================================================================

[API RESPONSE] âœ… 200 GET /health


====================================================================================================
[API REQUEST] GET /health
[API REQUEST] No parameters
====================================================================================================

[API RESPONSE] âœ… 200 GET /health

[API RESPONSE] âœ… 200 GET /health

[API RESPONSE] âœ… 200 GET /health


====================================================================================================
[API REQUEST] GET /health
[API REQUEST] No parameters
===================================================================================
[API REQUEST] GET /health
[API REQUEST] No parameters
====================================================================================================

[API RESPONSE] âœ… 200 GET /health


=================127.0.0.1 - - [15/Jan/2026 06:17:45] "GET /health HTTP/1.1" 200 -
127.0.0.1 - - [15/Jan/2026 06:17:45] "GET /health HTTP/1.1" 200 -
127.0.0.1 - - [15/Jan/2026 06:17:45] "GET /health HTTP/1.1" 200 -
127.0.0.1 - - [15/Jan/2026 06:17:45] "GET /health HTTP/1.1" 200 -
127.0.0.1 - - [15/Jan/2026 06:17:51] "GET /health HTTP/1.1" 200 -
127.0.0.1 - - [15/Jan/2026 06:17:51] "GET /health HTTP/1.1" 200 -
127.0.0.1 - - [15/Jan/2026 06:17:51] "GET /health HTTP/1.1" 200 -
127.0.0.1 - - [15/Jan/2026 06:17:51] "GET /health HTTP/1.1" 200 -
127.0.0.1 - - [15/Jan/2026 06:17:56] "GET /health HTTP/1.1" 200 -
127.0.0.1 - - [15/Jan/2026 06:17:56] "GET /health HTTP/1.1" 200 -
127.0.0.1 - - [15/Jan/2026 06:17:56] "GET /health HTTP/1.1" 200 -
127.0.0.1 - - [15/Jan/2026 06:17:56] "GET /health HTTP/1.1" 200 -
127.0.0.1 - - [15/Jan/2026 06:18:02] "GET /health HTTP/1.1" 200 -
127.0.0.1 - - [15/Jan/2026 06:18:02] "GET /health HTTP/1.1" 200 -
127.0.0.1 - - [15/Jan/2026 06:18:02] "GET /health HTTP/1.1" 200 -
127.0.0.1 - - [15/Jan/2026 06:18:02] "GET /health HTTP/1.1" 200 -
127.0.0.1 - - [15/Jan/2026 06:18:07] "GET /health HTTP/1.1" 200 -
127.0.0.1 - - [15/Jan/2026 06:18:07] "GET /health HTTP/1.1" 200 -
127.0.0.1 - - [15/Jan/2026 06:18:07] "GET /health HTTP/1.1" 200 -
127.0.0.1 - - [15/Jan/2026 06:18:07] "GET /health HTTP/1.1" 200 -
127.0.0.1 - - [15/Jan/2026 06:18:13] "GET /health HTTP/1.1" 200 -
127.0.0.1 - - [15/Jan/2026 06:18:13] "GET /health HTTP/1.1" 200 -
127.0.0.1 - - [15/Jan/2026 06:18:13] "GET /health HTTP/1.1" 200 -
127.0.0.1 - - [15/Jan/2026 06:18:13] "GET /health HTTP/1.1" 200 -
127.0.0.1 - - [15/Jan/2026 06:18:18] "GET /health HTTP/1.1" 200 -
127.0.0.1 - - [15/Jan/2026 06:18:18] "GET /health HTTP/1.1" 200 -
127.0.0.1 - - [15/Jan/2026 06:18:18] "GET /health HTTP/1.1" 200 -
127.0.0.1 - - [15/Jan/2026 06:18:18] "GET /health HTTP/1.1" 200 -
====================================================================================================

[API RESPONSE] âœ… 200 GET /health

[API RESPONSE] âœ… 200 GET /health


====================================================================================================
[API REQUEST] GET /health
[API REQUEST] No parameters
====================================================================================================

[API RESPONSE] âœ… 200 GET /health


====================================================================================================
[API REQUEST] GET /health
[API REQUEST] No parameters
====================================================================================================

[API RESPONSE] âœ… 200 GET /health


====================================================================================================
[API REQUEST] GET /health
[API REQUEST] No parameters
====================================================================================================

[API RESPONSE] âœ… 200 GET /health


====================================================================================================
[API REQUEST] GET /health
[API REQUEST] No parameters
====================================================================================================

[API RESPONSE] âœ… 200 GET /health


====================================================================================================
[API REQUEST] GET /health
[API REQUEST] No parameters
====================================================================================================

[API RESPONSE] âœ… 200 GET /health


====================================================================================================
[API REQUEST] GET /health
[API REQUEST] No parameters
====================================================================================================

[API RESPONSE] âœ… 200 GET /health


====================================================================================================
[API REQUEST] GET /health
[API REQUEST] No parameters
====================================================================================================


====================================================================================================
[API REQUEST] GET /health
[API REQUEST] No parameters
====================================================================================================

[API RESPONSE] âœ… 200 GET /health

[API RESPONSE] âœ… 200 GET /health


====================================================================================================
[API REQUEST] GET /health
[API REQUEST] No parameters
====================================================================================================

[API RESPONSE] âœ… 200 GET /health


====================================================================================================
[API REQUEST] GET /health
[API REQUEST] No parameters
====================================================================================================

[API RESPONSE] âœ… 200 GET /health


====================================================================================================

====================================================================================================
[API REQUEST] GET /health
[API REQUEST] No parameters
====================================================================================================

[API REQUEST] GET /health
[API REQUEST] No parameters
====================================================================================================

[API RESPONSE] âœ… 200 GET /health

[API RESPONSE] âœ… 200 GET /health


====================================================================================================
[API REQUEST] GET /health
[API REQUEST] No parameters
====================================================================================================

[API RESPONSE] âœ… 200 GET /health


====================================================================================================
[API REQUEST] GET /health
[API REQUEST] No parameters
====================================================================================================

[API RESPONSE] âœ… 200 GET /health


====================================================================================================
[API REQUEST] GET /health
[API REQUEST] No parameters
====================================================================================================

[API RESPONSE] âœ… 200 GET /health


====================================================================================================
[API REQUEST] GET /health
[API REQUEST] No parameters
====================================================================================================

[API RESPONSE] âœ… 200 GET /health


====================================================================================================
[API REQUEST] GET /health
[API REQUEST] No parameters
====================================================================================================

[API RESPONSE] âœ… 200 GET /health


====================================================================================================
[API REQUEST] GET /health
[API REQUEST] No parameters
====================================================================================================

[API RESPONSE] âœ… 200 GET /health


====================================================================================================
[API REQUEST] GET /health
[API REQUEST] No parameters
====================================================================================================


====================================================================================================
[API REQUEST] GET /health
[API REQUEST] No parameters
====================================================================================================


====================================================================================================
[API REQUEST] GET /health
[API REQUEST] No parameters
====================================================================================================

[API RESPONSE] âœ… 200 GET /health

[API RESPONSE] âœ… 200 GET /health

[API RESPONSE] âœ… 200 GET /health


====================================================================================================
[API REQUEST] GET /health
[API REQUEST] No parameters
====================================================================================================

[API RESPONSE] âœ… 200 GET /health


====================================================================================================
[API REQUEST] GET /health
[API REQUEST] No parameters
====================================================================================================


====================================================================================================
[API REQUEST] GET /health
[API REQUEST] No parameters
====================================================================================================


====================================================================================================
[API REQUEST] GET /health
[API REQUEST] No parameters
====================================================================================================

[API RESPONSE] âœ… 200 GET /health

[API RESPONSE] âœ… 200 GET /health

[API RESPONSE] âœ… 200 GET /health


====================================================================================================
[API REQUEST] GET /health
[API REQUEST] No parameters
====================================================================================================

[API RESPONSE] âœ… 200 GET /health


====================================================================================================
s   /   w   e   r   k   z   e   u   g   /   r   e   f   s   /   h   e   a   d   s   /   s   t   a   b   l   e   /   d   o   c   s   /   _   s   t   a   t   i   c   /   w   e   r   k   z   e   u   g   -   n   a   m   e   .   s   v   g   "           th HTTP  127.0.0.1 - - [15/Jan/2026 06:18:24] "GET /health HTTP/1.1" 200 -
127.0.0.1 - - [15/Jan/2026 06:18:24] "GET /health HTTP/1.1" 200 -
127.0.0.1 - - [15/Jan/2026 06:18:24] "GET /health HTTP/1.1" 200 -
127.0.0.1 - - [15/Jan/2026 06:18:24] "GET /health HTTP/1.1" 200 -
127.0.0.1 - - [15/Jan/2026 06:18:29] "GET /health HTTP/1.1" 200 -
127.0.0.1 - - [15/Jan/2026 06:18:29] "GET /health HTTP/1.1" 200 -
127.0.0.1 - - [15/Jan/2026 06:18:29] "GET /health HTTP/1.1" 200 -
127.0.0.1 - - [15/Jan/2026 06:18:29] "GET /health HTTP/1.1" 200 -
127.0.0.1 - - [15/Jan/2026 06:18:35] "GET /health HTTP/1.1" 200 -
127.0.0.1 - - [15/Jan/2026 06:18:35] "GET /health HTTP/1.1" 200 -
127.0.0.1 - - [15/Jan/2026 06:18:35] "GET /health HTTP/1.1" 200 -
127.0.0.1 - - [15/Jan/2026 06:18:35] "GET /health HTTP/1.1" 200 -
127.0.0.1 - - [15/Jan/2026 06:18:40] "GET /health HTTP/1.1" 200 -
127.0.0.1 - - [15/Jan/2026 06:18:40] "GET /health HTTP/1.1" 200 -
127.0.0.1 - - [15/Jan/2026 06:18:40] "GET /health HTTP/1.1" 200 -
127.0.0.1 - - [15/Jan/2026 06:18:40] "GET /health HTTP/1.1" 200 -
127.0.0.1 - - [15/Jan/2026 06:18:45] "GET /health HTTP/1.1" 200 -
127.0.0.1 - - [15/Jan/2026 06:18:45] "GET /health HTTP/1.1" 200 -
127.0.0.1 - - [15/Jan/2026 06:18:45] "GET /health HTTP/1.1" 200 -
127.0.0.1 - - [15/Jan/2026 06:18:45] "GET /health HTTP/1.1" 200 -
127.0.0.1 - - [15/Jan/2026 06:18:50] "GET /health HTTP/1.1" 200 -
127.0.0.1 - - [15/Jan/2026 06:18:50] "GET /health HTTP/1.1" 200 -
127.0.0.1 - - [15/Jan/2026 06:18:50] "GET /health HTTP/1.1" 200 -
127.0.0.1 - - [15/Jan/2026 06:18:50] "GET /health HTTP/1.1" 200 -
127.0.0.1 - - [15/Jan/2026 06:18:55] "GET /health HTTP/1.1" 200 -
127.0.0.1 - - [15/Jan/2026 06:18:55] "GET /health HTTP/1.1" 200 -
127.0.0.1 - - [15/Jan/2026 06:18:55] "GET /health HTTP/1.1" 200 -
127.0.0.1 - - [15/Jan/2026 06:18:55] "GET /health HTTP/1.1" 200 -
[API REQUEST] GET /health
[API REQUEST] No parameters
====================================================================================================

[API RESPONSE] âœ… 200 GET /health

[API RESPONSE] âœ… 200 GET /health

[API RESPONSE] âœ… 200 GET /health


====================================================================================================
[API REQUEST] GET /health
[API REQUEST] No parameters
====================================================================================================

[API RESPONSE] âœ… 200 GET /health


====================================================================================================
[API REQUEST] GET /health
[API REQUEST] No parameters
====================================================================================================

[API RESPONSE] âœ… 200 GET /health


====================================================================================================
[API REQUEST] GET /health
[API REQUEST] No parameters
====================================================================================================

[API RESPONSE] âœ… 200 GET /health


====================================================================================================
[API REQUEST] GET /health
[API REQUEST] No parameters
====================================================================================================

[API RESPONSE] âœ… 200 GET /health


====================================================================================================
[API REQUEST] GET /health
[API REQUEST] No parameters
====================================================================================================

[API RESPONSE] âœ… 200 GET /health


====================================================================================================
[API REQUEST] GET /health
[API REQUEST] No parameters
====================================================================================================


====================================================================================================
[API REQUEST] GET /health
[API REQUEST] No parameters
====================================================================================================

[API RESPONSE] âœ… 200 GET /health

[API RESPONSE] âœ… 200 GET /health


====================================================================================================
[API REQUEST] GET /health
[API REQUEST] No parameters
====================================================================================================

[API RESPONSE] âœ… 200 GET /health


====================================================================================================
[API REQUEST] GET /health
[API REQUEST] No parameters
====================================================================================================

[API RESPONSE] âœ… 200 GET /health


====================================================================================================
[API REQUEST] GET /health
[API REQUEST] No parameters
====================================================================================================

[API RESPONSE] âœ… 200 GET /health


====================================================================================================
[API REQUEST] GET /health
[API REQUEST] No parameters
====================================================================================================

[API RESPONSE] âœ… 200 GET /health


====================================================================================================
[API REQUEST] GET /health
[API REQUEST] No parameters
====================================================================================================

[API RESPONSE] âœ… 200 GET /health


====================================================================================================
[API REQUEST] GET /health
[API REQUEST] No parameters
====================================================================================================

[API RESPONSE] âœ… 200 GET /health


====================================================================================================
[API REQUEST] GET /health
[API REQUEST] No parameters
====================================================================================================

[API RESPONSE] âœ… 200 GET /health


====================================================================================================
[API REQUEST] GET /health
[API REQUEST] No parameters
====================================================================================================

[API RESPONSE] âœ… 200 GET /health


====================================================================================================
[API REQUEST] GET /health
[API REQUEST] No parameters
====================================================================================================

[API RESPONSE] âœ… 200 GET /health


====================================================================================================
[API REQUEST] GET /health
[API REQUEST] No parameters
====================================================================================================

[API RESPONSE] âœ… 200 GET /health


====================================================================================================
[API REQUEST] GET /health
[API REQUEST] No parameters
====================================================================================================

[API RESPONSE] âœ… 200 GET /health


====================================================================================================
[API REQUEST] GET /health
[API REQUEST] No parameters
====================================================================================================

[API RESPONSE] âœ… 200 GET /health


====================================================================================================
[API REQUEST] GET /health
[API REQUEST] No parameters
====================================================================================================

[API RESPONSE] âœ… 200 GET /health


====================================================================================================
[API REQUEST] GET /health
[API REQUEST] No parameters
====================================================================================================

[API RESPONSE] âœ… 200 GET /health


====================================================================================================
[API REQUEST] GET /health
[API REQUEST] No parameters
====================================================================================================

[API RESPONSE] âœ… 200 GET /health


====================================================================================================
[API REQUEST] GET /health
[API REQUEST] No parameters
====================================================================================================

[API RESPONSE] âœ… 200 GET /health


====================================================================================================
[API REQUEST] GET /health
[API REQUEST] No parameters
====================================================================================================

[API RESPONSE] âœ… 200 GET /health


====================================================================================================
[API REQUEST] GET /health
[API REQUEST] No parameters
====================================================================================================

[API RESPONSE] âœ… 200 GET /health

  °`Á
   pÿ;    dÁ
   pÿ;    ŒÁ
   pÿ;   `[Á
   pÿ;   ŒÁ
   pÿ;   °eÁ
   pÿ;   PHÁ
   pÿ;    Á
   pÿ;   @bÁ
   pÿ;   °Á
   pÿ;   ðfÁ
   pÿ;   à]Á
   pÿ;   pæ¸    pæ¸    °æ¸    °æ¸    ð	¹    ð	¹    ðæ¸    ðæ¸    0ç¸    0ç¸    pç¸    pç¸    °ç¸    °ç¸     
¹     
¹    ðç¸    ðç¸    0è¸    0è¸    °
¹    °
¹    pè¸    pè¸    à
¹    à
¹    °è¸    °è¸    ðè¸    ðè¸    ðí¸    ðí¸    0î¸    0î¸    pî¸    pî¸    °î¸    °î¸    ðî¸    ðî¸    0ï127.0.0.1 - - [15/Jan/2026 06:19:00] "GET /health HTTP/1.1" 200 -
127.0.0.1 - - [15/Jan/2026 06:19:00] "GET /health HTTP/1.1" 200 -
127.0.0.1 - - [15/Jan/2026 06:19:00] "GET /health HTTP/1.1" 200 -
127.0.0.1 - - [15/Jan/2026 06:19:00] "GET /health HTTP/1.1" 200 -
127.0.0.1 - - [15/Jan/2026 06:19:05] "GET /health HTTP/1.1" 200 -
127.0.0.1 - - [15/Jan/2026 06:19:05] "GET /health HTTP/1.1" 200 -
127.0.0.1 - - [15/Jan/2026 06:19:05] "GET /health HTTP/1.1" 200 -
127.0.0.1 - - [15/Jan/2026 06:19:05] "GET /health HTTP/1.1" 200 -
127.0.0.1 - - [15/Jan/2026 06:19:10] "GET /health HTTP/1.1" 200 -
127.0.0.1 - - [15/Jan/2026 06:19:10] "GET /health HTTP/1.1" 200 -
127.0.0.1 - - [15/Jan/2026 06:19:10] "GET /health HTTP/1.1" 200 -
127.0.0.1 - - [15/Jan/2026 06:19:10] "GET /health HTTP/1.1" 200 -
127.0.0.1 - - [15/Jan/2026 06:19:15] "GET /health HTTP/1.1" 200 -
127.0.0.1 - - [15/Jan/2026 06:19:15] "GET /health HTTP/1.1" 200 -
127.0.0.1 - - [15/Jan/2026 06:19:15] "GET /health HTTP/1.1" 200 -
127.0.0.1 - - [15/Jan/2026 06:19:15] "GET /health HTTP/1.1" 200 -
127.0.0.1 - - [15/Jan/2026 06:19:20] "GET /health HTTP/1.1" 200 -
127.0.0.1 - - [15/Jan/2026 06:19:20] "GET /health HTTP/1.1" 200 -
127.0.0.1 - - [15/Jan/2026 06:19:20] "GET /health HTTP/1.1" 200 -
127.0.0.1 - - [15/Jan/2026 06:19:20] "GET /health HTTP/1.1" 200 -
127.0.0.1 - - [15/Jan/2026 06:19:25] "GET /health HTTP/1.1" 200 -
127.0.0.1 - - [15/Jan/2026 06:19:25] "GET /health HTTP/1.1" 200 -
127.0.0.1 - - [15/Jan/2026 06:19:25] "GET /health HTTP/1.1" 200 -
127.0.0.1 - - [15/Jan/2026 06:19:25] "GET /health HTTP/1.1" 200 -
127.0.0.1 - - [15/Jan/2026 06:19:30] "GET /health HTTP/1.1" 200 -
127.0.0.1 - - [15/Jan/2026 06:19:30] "GET /health HTTP/1.1" 200 -
127.0.0.1 - - [15/Jan/2026 06:19:30] "GET /health HTTP/1.1" 200 -

====================================================================================================
[API REQUEST] GET /health
[API REQUEST] No parameters
====================================================================================================

[API RESPONSE] âœ… 200 GET /health


====================================================================================================
[API REQUEST] GET /health
[API REQUEST] No parameters
====================================================================================================

[API RESPONSE] âœ… 200 GET /health


====================================================================================================
[API REQUEST] GET /health
[API REQUEST] No parameters
====================================================================================================

[API RESPONSE] âœ… 200 GET /health


====================================================================================================
[API REQUEST] GET /health
[API REQUEST] No parameters
====================================================================================================

[API RESPONSE] âœ… 200 GET /health


====================================================================================================
[API REQUEST] GET /health
[API REQUEST] No parameters
====================================================================================================

[API RESPONSE] âœ… 200 GET /health


====================================================================================================
[API REQUEST] GET /health
[API REQUEST] No parameters
====================================================================================================

[API RESPONSE] âœ… 200 GET /health


====================================================================================================
[API REQUEST] GET /health
[API REQUEST] No parameters
====================================================================================================

[API RESPONSE] âœ… 200 GET /health


====================================================================================================
[API REQUEST] GET /health
[API REQUEST] No parameters
====================================================================================================

[API RESPONSE] âœ… 200 GET /health


====================================================================================================
[API REQUEST] GET /health
[API REQUEST] No parameters
====================================================================================================

[API RESPONSE] âœ… 200 GET /health


====================================================================================================
[API REQUEST] GET /health
[API REQUEST] No parameters
====================================================================================================

[API RESPONSE] âœ… 200 GET /health


====================================================================================================
[API REQUEST] GET /health
[API REQUEST] No parameters
====================================================================================================

[API RESPONSE] âœ… 200 GET /health


====================================================================================================
[API REQUEST] GET /health
[API REQUEST] No parameters
====================================================================================================

[API RESPONSE] âœ… 200 GET /health


====================================================================================================
[API REQUEST] GET /health
[API REQUEST] No parameters
====================================================================================================

[API RESPONSE] âœ… 200 GET /health


====================================================================================================
[API REQUEST] GET /health
[API REQUEST] No parameters
====================================================================================================

[API RESPONSE] âœ… 200 GET /health


====================================================================================================
[API REQUEST] GET /health
[API REQUEST] No parameters
====================================================================================================

[API RESPONSE] âœ… 200 GET /health


====================================================================================================
[API REQUEST] GET /health
[API REQUEST] No parameters
====================================================================================================

[API RESPONSE] âœ… 200 GET /health


====================================================================================================
[API REQUEST] GET /health
[API REQUEST] No parameters
====================================================================================================

[API RESPONSE] âœ… 200 GET /health


====================================================================================================
[API REQUEST] GET /health
[API REQUEST] No parameters
====================================================================================================

[API RESPONSE] âœ… 200 GET /health


====================================================================================================
[API REQUEST] GET /health
[API REQUEST] No parameters
====================================================================================================

[API RESPONSE] âœ… 200 GET /health


====================================================================================================
[API REQUEST] GET /health
[API REQUEST] No parameters
====================================================================================================

[API RESPONSE] âœ… 200 GET /health


====================================================================================================
[API REQUEST] GET /health
[API REQUEST] No parameters
====================================================================================================

[API RESPONSE] âœ… 200 GET /health


====================================================================================================
[API REQUEST] GET /health
[API REQUEST] No parameters
====================================================================================================

[API RESPONSE] âœ… 200 GET /health


====================================================================================================
[API REQUEST] GET /health
[API REQUEST] No parameters
====================================================================================================

[API RESPONSE] âœ… 200 GET /health


====================================================================================================
[API REQUEST] GET /health
[API REQUEST] No parameters
====================================================================================================

[API RESPONSE] âœ… 200 GET /health


====================================================================================================
[API REQUEST] GET /health
[API REQUEST] No parameters
====================================================================================================

[API RESPONSE] âœ… 200 GET /health


====================================================================================================
[API REQUEST] GET /health
[API REQUEST] No parameters
====================================================================================================

[API RESPONSE] âœ… 200 GET /health


====================================================================================================
[API REQUEST] GET /health
[API REQUEST] No parameters
                                                                                                                                                                                                                                                                                                      127.0.0.1 - - [15/Jan/2026 06:19:30] "GET /health HTTP/1.1" 200 -
127.0.0.1 - - [15/Jan/2026 06:19:35] "GET /health HTTP/1.1" 200 -
127.0.0.1 - - [15/Jan/2026 06:19:35] "GET /health HTTP/1.1" 200 -
127.0.0.1 - - [15/Jan/2026 06:19:35] "GET /health HTTP/1.1" 200 -
127.0.0.1 - - [15/Jan/2026 06:19:35] "GET /health HTTP/1.1" 200 -
127.0.0.1 - - [15/Jan/2026 06:19:40] "GET /health HTTP/1.1" 200 -
127.0.0.1 - - [15/Jan/2026 06:19:40] "GET /health HTTP/1.1" 200 -
127.0.0.1 - - [15/Jan/2026 06:19:40] "GET /health HTTP/1.1" 200 -
127.0.0.1 - - [15/Jan/2026 06:19:40] "GET /health HTTP/1.1" 200 -
127.0.0.1 - - [15/Jan/2026 06:19:45] "GET /health HTTP/1.1" 200 -
127.0.0.1 - - [15/Jan/2026 06:19:45] "GET /health HTTP/1.1" 200 -
127.0.0.1 - - [15/Jan/2026 06:19:45] "GET /health HTTP/1.1" 200 -
127.0.0.1 - - [15/Jan/2026 06:19:45] "GET /health HTTP/1.1" 200 -
127.0.0.1 - - [15/Jan/2026 06:19:50] "GET /health HTTP/1.1" 200 -
127.0.0.1 - - [15/Jan/2026 06:19:50] "GET /health HTTP/1.1" 200 -
127.0.0.1 - - [15/Jan/2026 06:19:50] "GET /health HTTP/1.1" 200 -
127.0.0.1 - - [15/Jan/2026 06:19:50] "GET /health HTTP/1.1" 200 -
127.0.0.1 - - [15/Jan/2026 06:19:55] "GET /health HTTP/1.1" 200 -
127.0.0.1 - - [15/Jan/2026 06:19:55] "GET /health HTTP/1.1" 200 -
127.0.0.1 - - [15/Jan/2026 06:19:55] "GET /health HTTP/1.1" 200 -
127.0.0.1 - - [15/Jan/2026 06:19:55] "GET /health HTTP/1.1" 200 -
127.0.0.1 - - [15/Jan/2026 06:20:00] "GET /health HTTP/1.1" 200 -
127.0.0.1 - - [15/Jan/2026 06:20:00] "GET /health HTTP/1.1" 200 -
127.0.0.1 - - [15/Jan/2026 06:20:00] "GET /health HTTP/1.1" 200 -
127.0.0.1 - - [15/Jan/2026 06:20:00] "GET /health HTTP/1.1" 200 -
127.0.0.1 - - [15/Jan/2026 06:20:05] "GET /health HTTP/1.1" 200 -
127.0.0.1 - - [15/Jan/2026 06:20:05] "GET /health HTTP/1.1" 200 -
127.0.0.1 - - [15/Jan/2026 06:20:05] "GET /health HTTP/1.1" 200 -
====================================================================================================

[API RESPONSE] âœ… 200 GET /health


====================================================================================================
[API REQUEST] GET /health
[API REQUEST] No parameters
====================================================================================================

[API RESPONSE] âœ… 200 GET /health


====================================================================================================
[API REQUEST] GET /health
[API REQUEST] No parameters
====================================================================================================

[API RESPONSE] âœ… 200 GET /health


====================================================================================================
[API REQUEST] GET /health
[API REQUEST] No parameters
====================================================================================================

[API RESPONSE] âœ… 200 GET /health


====================================================================================================
[API REQUEST] GET /health
[API REQUEST] No parameters
====================================================================================================

[API RESPONSE] âœ… 200 GET /health


====================================================================================================
[API REQUEST] GET /health
[API REQUEST] No parameters
====================================================================================================

[API RESPONSE] âœ… 200 GET /health


====================================================================================================
[API REQUEST] GET /health
[API REQUEST] No parameters
====================================================================================================

[API RESPONSE] âœ… 200 GET /health


====================================================================================================
[API REQUEST] GET /health
[API REQUEST] No parameters
====================================================================================================

[API RESPONSE] âœ… 200 GET /health


====================================================================================================
[API REQUEST] GET /health
[API REQUEST] No parameters
====================================================================================================

[API RESPONSE] âœ… 200 GET /health


====================================================================================================
[API REQUEST] GET /health
[API REQUEST] No parameters
====================================================================================================

[API RESPONSE] âœ… 200 GET /health


====================================================================================================
[API REQUEST] GET /health
[API REQUEST] No parameters
====================================================================================================

[API RESPONSE] âœ… 200 GET /health


====================================================================================================
[API REQUEST] GET /health
[API REQUEST] No parameters
====================================================================================================

[API RESPONSE] âœ… 200 GET /health


====================================================================================================
[API REQUEST] GET /health
[API REQUEST] No parameters
====================================================================================================

[API RESPONSE] âœ… 200 GET /health


====================================================================================================
[API REQUEST] GET /health
[API REQUEST] No parameters
====================================================================================================

[API RESPONSE] âœ… 200 GET /health


====================================================================================================
[API REQUEST] GET /health
[API REQUEST] No parameters
====================================================================================================

[API RESPONSE] âœ… 200 GET /health


====================================================================================================
[API REQUEST] GET /health
[API REQUEST] No parameters
====================================================================================================

[API RESPONSE] âœ… 200 GET /health


====================================================================================================
[API REQUEST] GET /health
[API REQUEST] No parameters
====================================================================================================

[API RESPONSE] âœ… 200 GET /health


====================================================================================================
[API REQUEST] GET /health
[API REQUEST] No parameters
====================================================================================================

[API RESPONSE] âœ… 200 GET /health


====================================================================================================
[API REQUEST] GET /health
[API REQUEST] No parameters
====================================================================================================

[API RESPONSE] âœ… 200 GET /health


====================================================================================================
[API REQUEST] GET /health
[API REQUEST] No parameters
====================================================================================================

[API RESPONSE] âœ… 200 GET /health


====================================================================================================
[API REQUEST] GET /health
[API REQUEST] No parameters
====================================================================================================

[API RESPONSE] âœ… 200 GET /health


====================================================================================================
[API REQUEST] GET /health
[API REQUEST] No parameters
====================================================================================================

[API RESPONSE] âœ… 200 GET /health


====================================================================================================
[API REQUEST] GET /health
[API REQUEST] No parameters
====================================================================================================

[API RESPONSE] âœ… 200 GET /health


====================================================================================================
[API REQUEST] GET /health
[API REQUEST] No parameters
====================================================================================================

[API RESPONSE] âœ… 200 GET /health


====================================================================================================
[API REQUEST] GET /health
[API REQUEST] No parameters
====================================================================================================

[API RESPONSE] âœ… 200 GET /health


====================================================================================================
[API REQUEST] GET /health
[API REQUEST] No parameters
====================================================================================================

[API RESPONSE] âœ… 200 GET /health


====================================================================================================
[API REQUEST] GET /health
[API REQUEST] No parameters
====================================================================================================

[API RESPONSE] âœ… 200 GET /health


====================================================================================================
[API REQUEST] GET /health
[API REQUEST] No parameters
====================================================================================================

[API RESPONSE] âœ… 200 GET /health


====================================================================================================
127.0.0.1 - - [15/Jan/2026 06:20:05] "GET /health HTTP/1.1" 200 -
127.0.0.1 - - [15/Jan/2026 06:20:10] "GET /health HTTP/1.1" 200 -
127.0.0.1 - - [15/Jan/2026 06:20:10] "GET /health HTTP/1.1" 200 -
127.0.0.1 - - [15/Jan/2026 06:20:10] "GET /health HTTP/1.1" 200 -
127.0.0.1 - - [15/Jan/2026 06:20:10] "GET /health HTTP/1.1" 200 -
127.0.0.1 - - [15/Jan/2026 06:20:15] "GET /health HTTP/1.1" 200 -
127.0.0.1 - - [15/Jan/2026 06:20:15] "GET /health HTTP/1.1" 200 -
127.0.0.1 - - [15/Jan/2026 06:20:15] "GET /health HTTP/1.1" 200 -
127.0.0.1 - - [15/Jan/2026 06:20:15] "GET /health HTTP/1.1" 200 -
127.0.0.1 - - [15/Jan/2026 06:20:20] "GET /health HTTP/1.1" 200 -
127.0.0.1 - - [15/Jan/2026 06:20:20] "GET /health HTTP/1.1" 200 -
127.0.0.1 - - [15/Jan/2026 06:20:20] "GET /health HTTP/1.1" 200 -
127.0.0.1 - - [15/Jan/2026 06:20:20] "GET /health HTTP/1.1" 200 -
127.0.0.1 - - [15/Jan/2026 06:20:25] "GET /health HTTP/1.1" 200 -
127.0.0.1 - - [15/Jan/2026 06:20:25] "GET /health HTTP/1.1" 200 -
127.0.0.1 - - [15/Jan/2026 06:20:25] "GET /health HTTP/1.1" 200 -
127.0.0.1 - - [15/Jan/2026 06:20:25] "GET /health HTTP/1.1" 200 -
127.0.0.1 - - [15/Jan/2026 06:20:30] "GET /health HTTP/1.1" 200 -
127.0.0.1 - - [15/Jan/2026 06:20:30] "GET /health HTTP/1.1" 200 -
127.0.0.1 - - [15/Jan/2026 06:20:30] "GET /health HTTP/1.1" 200 -
127.0.0.1 - - [15/Jan/2026 06:20:30] "GET /health HTTP/1.1" 200 -
127.0.0.1 - - [15/Jan/2026 06:20:35] "GET /health HTTP/1.1" 200 -
127.0.0.1 - - [15/Jan/2026 06:20:35] "GET /health HTTP/1.1" 200 -
127.0.0.1 - - [15/Jan/2026 06:20:35] "GET /health HTTP/1.1" 200 -
127.0.0.1 - - [15/Jan/2026 06:20:35] "GET /health HTTP/1.1" 200 -
[API REQUEST] GET /health
[API REQUEST] No parameters
====================================================================================================

[API RESPONSE] âœ… 200 GET /health


====================================================================================================
[API REQUEST] GET /health
[API REQUEST] No parameters
====================================================================================================

[API RESPONSE] âœ… 200 GET /health


====================================================================================================
[API REQUEST] GET /health
[API REQUEST] No parameters
====================================================================================================

[API RESPONSE] âœ… 200 GET /health


====================================================================================================
[API REQUEST] GET /health
[API REQUEST] No parameters
====================================================================================================

[API RESPONSE] âœ… 200 GET /health


====================================================================================================
[API REQUEST] GET /health
[API REQUEST] No parameters
====================================================================================================

[API RESPONSE] âœ… 200 GET /health


====================================================================================================
[API REQUEST] GET /health
[API REQUEST] No parameters
====================================================================================================

[API RESPONSE] âœ… 200 GET /health


====================================================================================================
[API REQUEST] GET /health
[API REQUEST] No parameters
====================================================================================================

[API RESPONSE] âœ… 200 GET /health


====================================================================================================
[API REQUEST] GET /health
[API REQUEST] No parameters
====================================================================================================

[API RESPONSE] âœ… 200 GET /health


====================================================================================================
[API REQUEST] GET /health
[API REQUEST] No parameters
====================================================================================================

[API RESPONSE] âœ… 200 GET /health


====================================================================================================
[API REQUEST] GET /health
[API REQUEST] No parameters
====================================================================================================

[API RESPONSE] âœ… 200 GET /health


====================================================================================================
[API REQUEST] GET /health
[API REQUEST] No parameters
====================================================================================================

[API RESPONSE] âœ… 200 GET /health


====================================================================================================
[API REQUEST] GET /health
[API REQUEST] No parameters
====================================================================================================

[API RESPONSE] âœ… 200 GET /health


====================================================================================================
[API REQUEST] GET /health
[API REQUEST] No parameters
====================================================================================================

[API RESPONSE] âœ… 200 GET /health


====================================================================================================
[API REQUEST] GET /health
[API REQUEST] No parameters
====================================================================================================

[API RESPONSE] âœ… 200 GET /health


====================================================================================================
[API REQUEST] GET /health
[API REQUEST] No parameters
====================================================================================================

[API RESPONSE] âœ… 200 GET /health


====================================================================================================
[API REQUEST] GET /health
[API REQUEST] No parameters
====================================================================================================

[API RESPONSE] âœ… 200 GET /health


====================================================================================================
[API REQUEST] GET /health
[API REQUEST] No parameters
====================================================================================================

[API RESPONSE] âœ… 200 GET /health


====================================================================================================
[API REQUEST] GET /health
[API REQUEST] No parameters
====================================================================================================

[API RESPONSE] âœ… 200 GET /health


====================================================================================================
[API REQUEST] GET /health
[API REQUEST] No parameters
====================================================================================================

[API RESPONSE] âœ… 200 GET /health


====================================================================================================
[API REQUEST] GET /health
[API REQUEST] No parameters
====================================================================================================

[API RESPONSE] âœ… 200 GET /health


====================================================================================================
[API REQUEST] GET /health
[API REQUEST] No parameters
====================================================================================================

[API RESPONSE] âœ… 200 GET /health


====================================================================================================
[API REQUEST] GET /health
[API REQUEST] No parameters
====================================================================================================

[API RESPONSE] âœ… 200 GET /health


====================================================================================================
[API REQUEST] GET /health
[API REQUEST] No parameters
====================================================================================================

[API RESPONSE] âœ… 200 GET /health


====================================================================================================
[API REQUEST] GET /health
[API REQUEST] No parameters
====================================================================================================

[API RESPONSE] âœ… 200 GET /health


====================================================================================================
[API REQUEST] GET /health
[API REQUEST] No parameters
====================================================================================================

[API RESPONSE] âœ… 200 GET /health

