[INFO] Job Service v2.3-DB-FIXED starting...
[INFO] Database connection management fixed for real-time status updates
[CONFIG] ANALYSIS_MODE loaded: lora (from env: lora)
[INIT] AI_SERVICE_URL: http://127.0.0.1:5100/analyze
[INIT] Port: 5005
[INIT] Database: /Users/shaydu/dev/mondrian-macos/mondrian/mondrian.db
[INIT] Debug mode: False
[INIT] Created directories
[INIT] Initializing database...
[INIT] Database schema OK
[INIT] RAG Default: ENABLED (from RAG_ENABLED env var)
============================================================
Starting Job Service v2.3-DB-FIXED on port 5005...
Host: 0.0.0.0:5005
AI Service: http://127.0.0.1:5100/analyze
============================================================
 * Serving Flask app 'job_service_v2.3'
 * Debug mode: off
[31m[1mWARNING: This is a development server. Do not use it in a production deployment. Use a production WSGI server instead.[0m
 * Running on all addresses (0.0.0.0)
 * Running on http://127.0.0.1:5005
 * Running on http://10.0.0.131:5005
[33mPress CTRL+C to quit[0m
127.0.0.1 - - [16/Jan/2026 10:22:47] "GET /health HTTP/1.1" 200 -
127.0.0.1 - - [16/Jan/2026 10:22:49] "GET /health HTTP/1.1" 200 -
127.0.0.1 - - [16/Jan/2026 10:22:52] "GET /health HTTP/1.1" 200 -
127.0.0.1 - - [16/Jan/2026 10:22:53] "GET /health HTTP/1.1" 200 -
127.0.0.1 - - [16/Jan/2026 10:22:53] "GET /health HTTP/1.1" 200 -
127.0.0.1 - - [16/Jan/2026 10:22:57] "GET /health HTTP/1.1" 200 -
127.0.0.1 - - [16/Jan/2026 10:22:58] "GET /health HTTP/1.1" 200 -
127.0.0.1 - - [16/Jan/2026 10:23:02] "GET /health HTTP/1.1" 200 -
127.0.0.1 - - [16/Jan/2026 10:23:03] "GET /health HTTP/1.1" 200 -
127.0.0.1 - - [16/Jan/2026 10:23:07] "GET /health HTTP/1.1" 200 -
127.0.0.1 - - [16/Jan/2026 10:23:08] "GET /health HTTP/1.1" 200 -
127.0.0.1 - - [16/Jan/2026 10:23:12] "GET /health HTTP/1.1" 200 -
127.0.0.1 - - [16/Jan/2026 10:23:13] "GET /health HTTP/1.1" 200 -
127.0.0.1 - - [16/Jan/2026 10:23:17] "GET /health HTTP/1.1" 200 -
127.0.0.1 - - [16/Jan/2026 10:23:18] "GET /health HTTP/1.1" 200 -
127.0.0.1 - - [16/Jan/2026 10:23:22] "GET /health HTTP/1.1" 200 -
127.0.0.1 - - [16/Jan/2026 10:23:23] "GET /health HTTP/1.1" 200 -
127.0.0.1 - - [16/Jan/2026 10:23:27] "GET /health HTTP/1.1" 200 -
127.0.0.1 - - [16/Jan/2026 10:23:28] "GET /health HTTP/1.1" 200 -
127.0.0.1 - - [16/Jan/2026 10:23:32] "GET /health HTTP/1.1" 200 -
127.0.0.1 - - [16/Jan/2026 10:23:33] "GET /health HTTP/1.1" 200 -
127.0.0.1 - - [16/Jan/2026 10:23:37] "GET /health HTTP/1.1" 200 -
127.0.0.1 - - [16/Jan/2026 10:23:38] "GET /health HTTP/1.1" 200 -
127.0.0.1 - - [16/Jan/2026 10:23:42] "GET /health HTTP/1.1" 200 -
127.0.0.1 - - [16/Jan/2026 10:23:43] "GET /health HTTP/1.1" 200 -
127.0.0.1 - - [16/Jan/2026 10:23:47] "GET /health HTTP/1.1" 200 -
127.0.0.1 - - [16/Jan/2026 10:23:48] "GET /health HTTP/1.1" 200 -

====================================================================================================
[API REQUEST] GET /health
[API REQUEST] No parameters
====================================================================================================

[API RESPONSE] ✅ 200 GET /health


====================================================================================================
[API REQUEST] GET /health
[API REQUEST] No parameters
====================================================================================================

[API RESPONSE] ✅ 200 GET /health


====================================================================================================
[API REQUEST] GET /health
[API REQUEST] No parameters
====================================================================================================

[API RESPONSE] ✅ 200 GET /health


====================================================================================================
[API REQUEST] GET /health
[API REQUEST] No parameters
====================================================================================================

[API RESPONSE] ✅ 200 GET /health


====================================================================================================
[API REQUEST] GET /health
[API REQUEST] No parameters
====================================================================================================

[API RESPONSE] ✅ 200 GET /health


====================================================================================================
[API REQUEST] GET /health
[API REQUEST] No parameters
====================================================================================================

[API RESPONSE] ✅ 200 GET /health


====================================================================================================
[API REQUEST] GET /health
[API REQUEST] No parameters
====================================================================================================

[API RESPONSE] ✅ 200 GET /health


====================================================================================================
[API REQUEST] GET /health
[API REQUEST] No parameters
====================================================================================================

[API RESPONSE] ✅ 200 GET /health


====================================================================================================
[API REQUEST] GET /health
[API REQUEST] No parameters
====================================================================================================

[API RESPONSE] ✅ 200 GET /health


====================================================================================================
[API REQUEST] GET /health
[API REQUEST] No parameters
====================================================================================================

[API RESPONSE] ✅ 200 GET /health


====================================================================================================
[API REQUEST] GET /health
[API REQUEST] No parameters
====================================================================================================

[API RESPONSE] ✅ 200 GET /health


====================================================================================================
[API REQUEST] GET /health
[API REQUEST] No parameters
====================================================================================================

[API RESPONSE] ✅ 200 GET /health


====================================================================================================
[API REQUEST] GET /health
[API REQUEST] No parameters
====================================================================================================

[API RESPONSE] ✅ 200 GET /health


====================================================================================================
[API REQUEST] GET /health
[API REQUEST] No parameters
====================================================================================================

[API RESPONSE] ✅ 200 GET /health


====================================================================================================
[API REQUEST] GET /health
[API REQUEST] No parameters
====================================================================================================

[API RESPONSE] ✅ 200 GET /health


====================================================================================================
[API REQUEST] GET /health
[API REQUEST] No parameters
====================================================================================================

[API RESPONSE] ✅ 200 GET /health


====================================================================================================
[API REQUEST] GET /health
[API REQUEST] No parameters
====================================================================================================

[API RESPONSE] ✅ 200 GET /health


====================================================================================================
[API REQUEST] GET /health
[API REQUEST] No parameters
====================================================================================================

[API RESPONSE] ✅ 200 GET /health


====================================================================================================
[API REQUEST] GET /health
[API REQUEST] No parameters
====================================================================================================

[API RESPONSE] ✅ 200 GET /health


====================================================================================================
[API REQUEST] GET /health
[API REQUEST] No parameters
====================================================================================================

[API RESPONSE] ✅ 200 GET /health


====================================================================================================
[API REQUEST] GET /health
[API REQUEST] No parameters
====================================================================================================

[API RESPONSE] ✅ 200 GET /health


====================================================================================================
[API REQUEST] GET /health
[API REQUEST] No parameters
====================================================================================================

[API RESPONSE] ✅ 200 GET /health


====================================================================================================
[API REQUEST] GET /health
[API REQUEST] No parameters
====================================================================================================

[API RESPONSE] ✅ 200 GET /health


====================================================================================================
[API REQUEST] GET /health
[API REQUEST] No parameters
====================================================================================================

[API RESPONSE] ✅ 200 GET /health


====================================================================================================
[API REQUEST] GET /health
[API REQUEST] No parameters
====================================================================================================

[API RESPONSE] ✅ 200 GET /health


====================================================================================================
[API REQUEST] GET /health
[API REQUEST] No parameters
====================================================================================================

[API RESPONSE] ✅ 200 GET /health


====================================================================================================
[API REQUEST] GET /health
[API REQUEST] No parameters
====================================================================================================

[API RESPONSE] ✅ 200 GET /health


====================================================================================================
[API REQUEST] GET /health
[API REQUEST] No parameters
127.0.0.1 - - [16/Jan/2026 10:23:52] "GET /health HTTP/1.1" 200 -
127.0.0.1 - - [16/Jan/2026 10:23:53] "GET /health HTTP/1.1" 200 -
127.0.0.1 - - [16/Jan/2026 10:23:57] "GET /health HTTP/1.1" 200 -
127.0.0.1 - - [16/Jan/2026 10:23:58] "GET /health HTTP/1.1" 200 -
127.0.0.1 - - [16/Jan/2026 10:24:02] "GET /health HTTP/1.1" 200 -
127.0.0.1 - - [16/Jan/2026 10:24:03] "GET /health HTTP/1.1" 200 -
127.0.0.1 - - [16/Jan/2026 10:24:07] "GET /health HTTP/1.1" 200 -
127.0.0.1 - - [16/Jan/2026 10:24:08] "GET /health HTTP/1.1" 200 -
127.0.0.1 - - [16/Jan/2026 10:24:12] "GET /health HTTP/1.1" 200 -
127.0.0.1 - - [16/Jan/2026 10:24:13] "GET /health HTTP/1.1" 200 -
127.0.0.1 - - [16/Jan/2026 10:24:17] "GET /health HTTP/1.1" 200 -
127.0.0.1 - - [16/Jan/2026 10:24:18] "GET /health HTTP/1.1" 200 -
127.0.0.1 - - [16/Jan/2026 10:24:22] "GET /health HTTP/1.1" 200 -
127.0.0.1 - - [16/Jan/2026 10:24:23] "GET /health HTTP/1.1" 200 -
127.0.0.1 - - [16/Jan/2026 10:24:27] "GET /health HTTP/1.1" 200 -
127.0.0.1 - - [16/Jan/2026 10:24:28] "GET /health HTTP/1.1" 200 -
127.0.0.1 - - [16/Jan/2026 10:24:32] "GET /health HTTP/1.1" 200 -
127.0.0.1 - - [16/Jan/2026 10:24:33] "GET /health HTTP/1.1" 200 -
127.0.0.1 - - [16/Jan/2026 10:24:37] "GET /health HTTP/1.1" 200 -
127.0.0.1 - - [16/Jan/2026 10:24:38] "GET /health HTTP/1.1" 200 -
127.0.0.1 - - [16/Jan/2026 10:24:42] "GET /health HTTP/1.1" 200 -
127.0.0.1 - - [16/Jan/2026 10:24:43] "GET /health HTTP/1.1" 200 -
127.0.0.1 - - [16/Jan/2026 10:24:47] "GET /health HTTP/1.1" 200 -
127.0.0.1 - - [16/Jan/2026 10:24:48] "GET /health HTTP/1.1" 200 -
127.0.0.1 - - [16/Jan/2026 10:24:52] "GET /health HTTP/1.1" 200 -
127.0.0.1 - - [16/Jan/2026 10:24:53] "GET /health HTTP/1.1" 200 -
127.0.0.1 - - [16/Jan/2026 10:24:57] "GET /health HTTP/1.1" 200 -
127.0.0.1 - - [16/Jan/2026 10:24:58] "GET /health HTTP/1.1" 200 -
====================================================================================================

[API RESPONSE] ✅ 200 GET /health


====================================================================================================
[API REQUEST] GET /health
[API REQUEST] No parameters
====================================================================================================

[API RESPONSE] ✅ 200 GET /health


====================================================================================================
[API REQUEST] GET /health
[API REQUEST] No parameters
====================================================================================================

[API RESPONSE] ✅ 200 GET /health


====================================================================================================
[API REQUEST] GET /health
[API REQUEST] No parameters
====================================================================================================

[API RESPONSE] ✅ 200 GET /health


====================================================================================================
[API REQUEST] GET /health
[API REQUEST] No parameters
====================================================================================================

[API RESPONSE] ✅ 200 GET /health


====================================================================================================
[API REQUEST] GET /health
[API REQUEST] No parameters
====================================================================================================

[API RESPONSE] ✅ 200 GET /health


====================================================================================================
[API REQUEST] GET /health
[API REQUEST] No parameters
====================================================================================================

[API RESPONSE] ✅ 200 GET /health


====================================================================================================
[API REQUEST] GET /health
[API REQUEST] No parameters
====================================================================================================

[API RESPONSE] ✅ 200 GET /health


====================================================================================================
[API REQUEST] GET /health
[API REQUEST] No parameters
====================================================================================================

[API RESPONSE] ✅ 200 GET /health


====================================================================================================
[API REQUEST] GET /health
[API REQUEST] No parameters
====================================================================================================

[API RESPONSE] ✅ 200 GET /health


====================================================================================================
[API REQUEST] GET /health
[API REQUEST] No parameters
====================================================================================================

[API RESPONSE] ✅ 200 GET /health


====================================================================================================
[API REQUEST] GET /health
[API REQUEST] No parameters
====================================================================================================

[API RESPONSE] ✅ 200 GET /health


====================================================================================================
[API REQUEST] GET /health
[API REQUEST] No parameters
====================================================================================================

[API RESPONSE] ✅ 200 GET /health


====================================================================================================
[API REQUEST] GET /health
[API REQUEST] No parameters
====================================================================================================

[API RESPONSE] ✅ 200 GET /health


====================================================================================================
[API REQUEST] GET /health
[API REQUEST] No parameters
====================================================================================================

[API RESPONSE] ✅ 200 GET /health


====================================================================================================
[API REQUEST] GET /health
[API REQUEST] No parameters
====================================================================================================

[API RESPONSE] ✅ 200 GET /health


====================================================================================================
[API REQUEST] GET /health
[API REQUEST] No parameters
====================================================================================================

[API RESPONSE] ✅ 200 GET /health


====================================================================================================
[API REQUEST] GET /health
[API REQUEST] No parameters
====================================================================================================

[API RESPONSE] ✅ 200 GET /health


====================================================================================================
[API REQUEST] GET /health
[API REQUEST] No parameters
====================================================================================================

[API RESPONSE] ✅ 200 GET /health


====================================================================================================
[API REQUEST] GET /health
[API REQUEST] No parameters
====================================================================================================

[API RESPONSE] ✅ 200 GET /health


====================================================================================================
[API REQUEST] GET /health
[API REQUEST] No parameters
====================================================================================================

[API RESPONSE] ✅ 200 GET /health


====================================================================================================
[API REQUEST] GET /health
[API REQUEST] No parameters
====================================================================================================

[API RESPONSE] ✅ 200 GET /health


====================================================================================================
[API REQUEST] GET /health
[API REQUEST] No parameters
====================================================================================================

[API RESPONSE] ✅ 200 GET /health


====================================================================================================
[API REQUEST] GET /health
[API REQUEST] No parameters
====================================================================================================

[API RESPONSE] ✅ 200 GET /health


====================================================================================================
[API REQUEST] GET /health
[API REQUEST] No parameters
====================================================================================================

[API RESPONSE] ✅ 200 GET /health


====================================================================================================
[API REQUEST] GET /health
[API REQUEST] No parameters
====================================================================================================

[API RESPONSE] ✅ 200 GET /health


====================================================================================================
[API REQUEST] GET /health
[API REQUEST] No parameters
====================================================================================================

[API RESPONSE] ✅ 200 GET /health


====================================================================================================
[API REQUEST] GET /health
[API REQUEST] No parameters
====================================================================================================

[API RESPONSE] ✅ 200 GET /health


====================================================================================================
127.0.0.1 - - [16/Jan/2026 10:25:02] "GET /health HTTP/1.1" 200 -
127.0.0.1 - - [16/Jan/2026 10:25:03] "GET /health HTTP/1.1" 200 -
127.0.0.1 - - [16/Jan/2026 10:25:07] "GET /health HTTP/1.1" 200 -
127.0.0.1 - - [16/Jan/2026 10:25:08] "GET /health HTTP/1.1" 200 -
127.0.0.1 - - [16/Jan/2026 10:25:12] "GET /health HTTP/1.1" 200 -
127.0.0.1 - - [16/Jan/2026 10:25:13] "GET /health HTTP/1.1" 200 -
127.0.0.1 - - [16/Jan/2026 10:25:17] "GET /health HTTP/1.1" 200 -
127.0.0.1 - - [16/Jan/2026 10:25:18] "GET /health HTTP/1.1" 200 -
127.0.0.1 - - [16/Jan/2026 10:25:22] "GET /health HTTP/1.1" 200 -
127.0.0.1 - - [16/Jan/2026 10:25:24] "GET /health HTTP/1.1" 200 -
127.0.0.1 - - [16/Jan/2026 10:25:27] "GET /health HTTP/1.1" 200 -
127.0.0.1 - - [16/Jan/2026 10:25:29] "GET /health HTTP/1.1" 200 -
127.0.0.1 - - [16/Jan/2026 10:25:32] "GET /health HTTP/1.1" 200 -
127.0.0.1 - - [16/Jan/2026 10:25:34] "GET /health HTTP/1.1" 200 -
127.0.0.1 - - [16/Jan/2026 10:25:38] "GET /health HTTP/1.1" 200 -
127.0.0.1 - - [16/Jan/2026 10:25:39] "GET /health HTTP/1.1" 200 -
127.0.0.1 - - [16/Jan/2026 10:25:43] "GET /health HTTP/1.1" 200 -
127.0.0.1 - - [16/Jan/2026 10:25:44] "GET /health HTTP/1.1" 200 -
127.0.0.1 - - [16/Jan/2026 10:25:48] "GET /health HTTP/1.1" 200 -
127.0.0.1 - - [16/Jan/2026 10:25:49] "GET /health HTTP/1.1" 200 -
127.0.0.1 - - [16/Jan/2026 10:25:53] "GET /health HTTP/1.1" 200 -
127.0.0.1 - - [16/Jan/2026 10:25:54] "GET /health HTTP/1.1" 200 -
127.0.0.1 - - [16/Jan/2026 10:25:58] "GET /health HTTP/1.1" 200 -
127.0.0.1 - - [16/Jan/2026 10:25:59] "GET /health HTTP/1.1" 200 -
127.0.0.1 - - [16/Jan/2026 10:26:03] "GET /health HTTP/1.1" 200 -
127.0.0.1 - - [16/Jan/2026 10:26:04] "GET /health HTTP/1.1" 200 -
127.0.0.1 - - [16/Jan/2026 10:26:08] "GET /health HTTP/1.1" 200 -
127.0.0.1 - - [16/Jan/2026 10:26:09] "GET /health HTTP/1.1" 200 -
[API REQUEST] GET /health
[API REQUEST] No parameters
====================================================================================================

[API RESPONSE] ✅ 200 GET /health


====================================================================================================
[API REQUEST] GET /health
[API REQUEST] No parameters
====================================================================================================

[API RESPONSE] ✅ 200 GET /health


====================================================================================================
[API REQUEST] GET /health
[API REQUEST] No parameters
====================================================================================================

[API RESPONSE] ✅ 200 GET /health


====================================================================================================
[API REQUEST] GET /health
[API REQUEST] No parameters
====================================================================================================

[API RESPONSE] ✅ 200 GET /health


====================================================================================================
[API REQUEST] GET /health
[API REQUEST] No parameters
====================================================================================================

[API RESPONSE] ✅ 200 GET /health


====================================================================================================
[API REQUEST] GET /health
[API REQUEST] No parameters
====================================================================================================

[API RESPONSE] ✅ 200 GET /health


====================================================================================================
[API REQUEST] GET /health
[API REQUEST] No parameters
====================================================================================================

[API RESPONSE] ✅ 200 GET /health


====================================================================================================
[API REQUEST] GET /health
[API REQUEST] No parameters
====================================================================================================

[API RESPONSE] ✅ 200 GET /health


====================================================================================================
[API REQUEST] GET /health
[API REQUEST] No parameters
====================================================================================================

[API RESPONSE] ✅ 200 GET /health


====================================================================================================
[API REQUEST] GET /health
[API REQUEST] No parameters
====================================================================================================

[API RESPONSE] ✅ 200 GET /health


====================================================================================================
[API REQUEST] GET /health
[API REQUEST] No parameters
====================================================================================================

[API RESPONSE] ✅ 200 GET /health


====================================================================================================
[API REQUEST] GET /health
[API REQUEST] No parameters
====================================================================================================

[API RESPONSE] ✅ 200 GET /health


====================================================================================================
[API REQUEST] GET /health
[API REQUEST] No parameters
====================================================================================================

[API RESPONSE] ✅ 200 GET /health


====================================================================================================
[API REQUEST] GET /health
[API REQUEST] No parameters
====================================================================================================

[API RESPONSE] ✅ 200 GET /health


====================================================================================================
[API REQUEST] GET /health
[API REQUEST] No parameters
====================================================================================================

[API RESPONSE] ✅ 200 GET /health


====================================================================================================
[API REQUEST] GET /health
[API REQUEST] No parameters
====================================================================================================

[API RESPONSE] ✅ 200 GET /health


====================================================================================================
[API REQUEST] GET /health
[API REQUEST] No parameters
====================================================================================================

[API RESPONSE] ✅ 200 GET /health


====================================================================================================
[API REQUEST] GET /health
[API REQUEST] No parameters
====================================================================================================

[API RESPONSE] ✅ 200 GET /health


====================================================================================================
[API REQUEST] GET /health
[API REQUEST] No parameters
====================================================================================================

[API RESPONSE] ✅ 200 GET /health


====================================================================================================
[API REQUEST] GET /health
[API REQUEST] No parameters
====================================================================================================

[API RESPONSE] ✅ 200 GET /health


====================================================================================================
[API REQUEST] GET /health
[API REQUEST] No parameters
====================================================================================================

[API RESPONSE] ✅ 200 GET /health


====================================================================================================
[API REQUEST] GET /health
[API REQUEST] No parameters
====================================================================================================

[API RESPONSE] ✅ 200 GET /health


====================================================================================================
[API REQUEST] GET /health
[API REQUEST] No parameters
====================================================================================================

[API RESPONSE] ✅ 200 GET /health


====================================================================================================
[API REQUEST] GET /health
[API REQUEST] No parameters
====================================================================================================

[API RESPONSE] ✅ 200 GET /health


====================================================================================================
[API REQUEST] GET /health
[API REQUEST] No parameters
====================================================================================================

[API RESPONSE] ✅ 200 GET /health


====================================================================================================
[API REQUEST] GET /health
[API REQUEST] No parameters
====================================================================================================

[API RESPONSE] ✅ 200 GET /health


====================================================================================================
[API REQUEST] GET /health
[API REQUEST] No parameters
====================================================================================================

[API RESPONSE] ✅ 200 GET /health


====================================================================================================
[API REQUEST] GET /health
[API REQUEST] No parameters
====================================================================================================

[API RESPONSE] ✅ 200 GET /health

127.0.0.1 - - [16/Jan/2026 10:26:13] "GET /health HTTP/1.1" 200 -
127.0.0.1 - - [16/Jan/2026 10:26:14] "GET /health HTTP/1.1" 200 -
127.0.0.1 - - [16/Jan/2026 10:26:18] "GET /health HTTP/1.1" 200 -
127.0.0.1 - - [16/Jan/2026 10:26:19] "GET /health HTTP/1.1" 200 -
127.0.0.1 - - [16/Jan/2026 10:26:23] "GET /health HTTP/1.1" 200 -
127.0.0.1 - - [16/Jan/2026 10:26:24] "GET /health HTTP/1.1" 200 -

====================================================================================================
[API REQUEST] GET /health
[API REQUEST] No parameters
====================================================================================================

[API RESPONSE] ✅ 200 GET /health


====================================================================================================
[API REQUEST] GET /health
[API REQUEST] No parameters
====================================================================================================

[API RESPONSE] ✅ 200 GET /health


====================================================================================================
[API REQUEST] GET /health
[API REQUEST] No parameters
====================================================================================================

[API RESPONSE] ✅ 200 GET /health


====================================================================================================
[API REQUEST] GET /health
[API REQUEST] No parameters
====================================================================================================

[API RESPONSE] ✅ 200 GET /health


====================================================================================================
[API REQUEST] GET /health
[API REQUEST] No parameters
====================================================================================================

[API RESPONSE] ✅ 200 GET /health


====================================================================================================
[API REQUEST] GET /health
[API REQUEST] No parameters
====================================================================================================

[API RESPONSE] ✅ 200 GET /health

