[INFO] Job Service v2.3-DB-FIXED starting...
[INFO] Database connection management fixed for real-time status updates
[CONFIG] ANALYSIS_MODE loaded: baseline (from env: baseline)
[INIT] AI_SERVICE_URL: http://127.0.0.1:5100/analyze
[INIT] Port: 5005
[INIT] Database: /Users/shaydu/dev/mondrian-macos/mondrian/mondrian.db
[INIT] Debug mode: False
[INIT] Created directories
[INIT] Initializing database...
[INIT] Database schema OK
[INIT] RAG Default: DISABLED (from RAG_ENABLED env var)
============================================================
Starting Job Service v2.3-DB-FIXED on port 5005...
Host: 0.0.0.0:5005
AI Service: http://127.0.0.1:5100/analyze
============================================================
 * Serving Flask app 'job_service_v2.3'
 * Debug mode: off
[31m[1mWARNING: This is a development server. Do not use it in a production deployment. Use a production WSGI server instead.[0m
 * Running on all addresses (0.0.0.0)
 * Running on http://127.0.0.1:5005
 * Running on http://10.0.0.131:5005
[33mPress CTRL+C to quit[0m
127.0.0.1 - - [15/Jan/2026 07:31:13] "GET /health HTTP/1.1" 200 -
127.0.0.1 - - [15/Jan/2026 07:31:13] "GET /health HTTP/1.1" 200 -
127.0.0.1 - - [15/Jan/2026 07:31:13] "GET /health HTTP/1.1" 200 -
127.0.0.1 - - [15/Jan/2026 07:31:13] "GET /health HTTP/1.1" 200 -
127.0.0.1 - - [15/Jan/2026 07:31:15] "GET /health HTTP/1.1" 200 -
127.0.0.1 - - [15/Jan/2026 07:31:15] "GET /health HTTP/1.1" 200 -
127.0.0.1 - - [15/Jan/2026 07:31:18] "GET /health HTTP/1.1" 200 -
127.0.0.1 - - [15/Jan/2026 07:31:18] "GET /health HTTP/1.1" 200 -
127.0.0.1 - - [15/Jan/2026 07:31:18] "GET /health HTTP/1.1" 200 -
127.0.0.1 - - [15/Jan/2026 07:31:18] "GET /health HTTP/1.1" 200 -
127.0.0.1 - - [15/Jan/2026 07:31:23] "GET /health HTTP/1.1" 200 -
127.0.0.1 - - [15/Jan/2026 07:31:23] "GET /health HTTP/1.1" 200 -
127.0.0.1 - - [15/Jan/2026 07:31:23] "GET /health HTTP/1.1" 200 -
127.0.0.1 - - [15/Jan/2026 07:31:23] "GET /health HTTP/1.1" 200 -
127.0.0.1 - - [15/Jan/2026 07:31:28] "GET /health HTTP/1.1" 200 -
127.0.0.1 - - [15/Jan/2026 07:31:28] "GET /health HTTP/1.1" 200 -
127.0.0.1 - - [15/Jan/2026 07:31:28] "GET /health HTTP/1.1" 200 -
127.0.0.1 - - [15/Jan/2026 07:31:28] "GET /health HTTP/1.1" 200 -
127.0.0.1 - - [15/Jan/2026 07:31:33] "GET /health HTTP/1.1" 200 -
127.0.0.1 - - [15/Jan/2026 07:31:33] "GET /health HTTP/1.1" 200 -
127.0.0.1 - - [15/Jan/2026 07:31:33] "GET /health HTTP/1.1" 200 -
127.0.0.1 - - [15/Jan/2026 07:31:33] "GET /health HTTP/1.1" 200 -
127.0.0.1 - - [15/Jan/2026 07:31:38] "GET /health HTTP/1.1" 200 -
127.0.0.1 - - [15/Jan/2026 07:31:38] "GET /health HTTP/1.1" 200 -
127.0.0.1 - - [15/Jan/2026 07:31:38] "GET /health HTTP/1.1" 200 -
127.0.0.1 - - [15/Jan/2026 07:31:38] "GET /health HTTP/1.1" 200 -
127.0.0.1 - - [15/Jan/2026 07:31:43] "GET /health HTTP/1.1" 200 -

====================================================================================================
[API REQUEST] GET /health
[API REQUEST] No parameters
====================================================================================================

[API RESPONSE] ✅ 200 GET /health


====================================================================================================
[API REQUEST] GET /health
[API REQUEST] No parameters
====================================================================================================

[API RESPONSE] ✅ 200 GET /health


====================================================================================================
[API REQUEST] GET /health
[API REQUEST] No parameters
====================================================================================================

[API RESPONSE] ✅ 200 GET /health


====================================================================================================
[API REQUEST] GET /health
[API REQUEST] No parameters
====================================================================================================

[API RESPONSE] ✅ 200 GET /health


====================================================================================================
[API REQUEST] GET /health
[API REQUEST] No parameters
====================================================================================================

[API RESPONSE] ✅ 200 GET /health


====================================================================================================
[API REQUEST] GET /health
[API REQUEST] No parameters
====================================================================================================

[API RESPONSE] ✅ 200 GET /health


====================================================================================================
[API REQUEST] GET /health
[API REQUEST] No parameters
====================================================================================================

[API RESPONSE] ✅ 200 GET /health


====================================================================================================
[API REQUEST] GET /health
[API REQUEST] No parameters
====================================================================================================

[API RESPONSE] ✅ 200 GET /health


====================================================================================================
[API REQUEST] GET /health
[API REQUEST] No parameters
====================================================================================================

[API RESPONSE] ✅ 200 GET /health


====================================================================================================
[API REQUEST] GET /health
[API REQUEST] No parameters
====================================================================================================

[API RESPONSE] ✅ 200 GET /health


====================================================================================================
[API REQUEST] GET /health
[API REQUEST] No parameters
====================================================================================================

[API RESPONSE] ✅ 200 GET /health


====================================================================================================
[API REQUEST] GET /health
[API REQUEST] No parameters
====================================================================================================

[API RESPONSE] ✅ 200 GET /health


====================================================================================================
[API REQUEST] GET /health
[API REQUEST] No parameters
====================================================================================================

[API RESPONSE] ✅ 200 GET /health


====================================================================================================
[API REQUEST] GET /health
[API REQUEST] No parameters
====================================================================================================

[API RESPONSE] ✅ 200 GET /health


====================================================================================================
[API REQUEST] GET /health
[API REQUEST] No parameters
====================================================================================================

[API RESPONSE] ✅ 200 GET /health


====================================================================================================
[API REQUEST] GET /health
[API REQUEST] No parameters
====================================================================================================

[API RESPONSE] ✅ 200 GET /health


====================================================================================================
[API REQUEST] GET /health
[API REQUEST] No parameters
====================================================================================================

[API RESPONSE] ✅ 200 GET /health


====================================================================================================
[API REQUEST] GET /health
[API REQUEST] No parameters
====================================================================================================

[API RESPONSE] ✅ 200 GET /health


====================================================================================================
[API REQUEST] GET /health
[API REQUEST] No parameters
====================================================================================================

[API RESPONSE] ✅ 200 GET /health


====================================================================================================
[API REQUEST] GET /health
[API REQUEST] No parameters
====================================================================================================

[API RESPONSE] ✅ 200 GET /health


====================================================================================================
[API REQUEST] GET /health
[API REQUEST] No parameters
====================================================================================================

[API RESPONSE] ✅ 200 GET /health


====================================================================================================
[API REQUEST] GET /health
[API REQUEST] No parameters
====================================================================================================

[API RESPONSE] ✅ 200 GET /health


====================================================================================================
[API REQUEST] GET /health
[API REQUEST] No parameters
====================================================================================================

[API RESPONSE] ✅ 200 GET /health


====================================================================================================
[API REQUEST] GET /health
[API REQUEST] No parameters
====================================================================================================

[API RESPONSE] ✅ 200 GET /health


====================================================================================================
[API REQUEST] GET /health
[API REQUEST] No parameters
====================================================================================================

[API RESPONSE] ✅ 200 GET /health


====================================================================================================
[API REQUEST] GET /health
[API REQUEST] No parameters
====================================================================================================

[API RESPONSE] ✅ 200 GET /health


====================================================================================================
[API REQUEST] GET /health
[API REQUEST] No parameters
====================================================================================================

[API RESPONSE] ✅ 200 GET /health


====================================================================================================
[API REQUEST] GET /health
[API REQUEST] No parameters
127.0.0.1 - - [15/Jan/2026 07:31:43] "GET /health HTTP/1.1" 200 -
127.0.0.1 - - [15/Jan/2026 07:31:43] "GET /health HTTP/1.1" 200 -
127.0.0.1 - - [15/Jan/2026 07:31:43] "GET /health HTTP/1.1" 200 -
127.0.0.1 - - [15/Jan/2026 07:31:48] "GET /health HTTP/1.1" 200 -
127.0.0.1 - - [15/Jan/2026 07:31:48] "GET /health HTTP/1.1" 200 -
127.0.0.1 - - [15/Jan/2026 07:31:48] "GET /health HTTP/1.1" 200 -
127.0.0.1 - - [15/Jan/2026 07:31:48] "GET /health HTTP/1.1" 200 -
127.0.0.1 - - [15/Jan/2026 07:31:53] "GET /health HTTP/1.1" 200 -
127.0.0.1 - - [15/Jan/2026 07:31:53] "GET /health HTTP/1.1" 200 -
127.0.0.1 - - [15/Jan/2026 07:31:53] "GET /health HTTP/1.1" 200 -
127.0.0.1 - - [15/Jan/2026 07:31:53] "GET /health HTTP/1.1" 200 -
127.0.0.1 - - [15/Jan/2026 07:31:58] "GET /health HTTP/1.1" 200 -
127.0.0.1 - - [15/Jan/2026 07:31:58] "GET /health HTTP/1.1" 200 -
127.0.0.1 - - [15/Jan/2026 07:31:58] "GET /health HTTP/1.1" 200 -
127.0.0.1 - - [15/Jan/2026 07:31:58] "GET /health HTTP/1.1" 200 -
127.0.0.1 - - [15/Jan/2026 07:32:03] "GET /health HTTP/1.1" 200 -
127.0.0.1 - - [15/Jan/2026 07:32:03] "GET /health HTTP/1.1" 200 -
127.0.0.1 - - [15/Jan/2026 07:32:03] "GET /health HTTP/1.1" 200 -
127.0.0.1 - - [15/Jan/2026 07:32:03] "GET /health HTTP/1.1" 200 -
127.0.0.1 - - [15/Jan/2026 07:32:08] "GET /health HTTP/1.1" 200 -
127.0.0.1 - - [15/Jan/2026 07:32:08] "GET /health HTTP/1.1" 200 -
127.0.0.1 - - [15/Jan/2026 07:32:08] "GET /health HTTP/1.1" 200 -
127.0.0.1 - - [15/Jan/2026 07:32:08] "GET /health HTTP/1.1" 200 -
127.0.0.1 - - [15/Jan/2026 07:32:13] "GET /health HTTP/1.1" 200 -
127.0.0.1 - - [15/Jan/2026 07:32:13] "GET /health HTTP/1.1" 200 -
127.0.0.1 - - [15/Jan/2026 07:32:13] "GET /health HTTP/1.1" 200 -
127.0.0.1 - - [15/Jan/2026 07:32:13] "GET /health HTTP/1.1" 200 -
127.0.0.1 - - [15/Jan/2026 07:32:18] "GET /health HTTP/1.1" 200 -
====================================================================================================

[API RESPONSE] ✅ 200 GET /health


====================================================================================================
[API REQUEST] GET /health
[API REQUEST] No parameters
====================================================================================================

[API RESPONSE] ✅ 200 GET /health


====================================================================================================
[API REQUEST] GET /health
[API REQUEST] No parameters
====================================================================================================

[API RESPONSE] ✅ 200 GET /health


====================================================================================================
[API REQUEST] GET /health
[API REQUEST] No parameters
====================================================================================================

[API RESPONSE] ✅ 200 GET /health


====================================================================================================
[API REQUEST] GET /health
[API REQUEST] No parameters
====================================================================================================

[API RESPONSE] ✅ 200 GET /health


====================================================================================================
[API REQUEST] GET /health
[API REQUEST] No parameters
====================================================================================================

[API RESPONSE] ✅ 200 GET /health


====================================================================================================
[API REQUEST] GET /health
[API REQUEST] No parameters
====================================================================================================

[API RESPONSE] ✅ 200 GET /health


====================================================================================================
[API REQUEST] GET /health
[API REQUEST] No parameters
====================================================================================================

[API RESPONSE] ✅ 200 GET /health


====================================================================================================
[API REQUEST] GET /health
[API REQUEST] No parameters
====================================================================================================

[API RESPONSE] ✅ 200 GET /health


====================================================================================================
[API REQUEST] GET /health
[API REQUEST] No parameters
====================================================================================================

[API RESPONSE] ✅ 200 GET /health


====================================================================================================
[API REQUEST] GET /health
[API REQUEST] No parameters
====================================================================================================

[API RESPONSE] ✅ 200 GET /health


====================================================================================================
[API REQUEST] GET /health
[API REQUEST] No parameters
====================================================================================================

[API RESPONSE] ✅ 200 GET /health


====================================================================================================
[API REQUEST] GET /health
[API REQUEST] No parameters
====================================================================================================

[API RESPONSE] ✅ 200 GET /health


====================================================================================================
[API REQUEST] GET /health
[API REQUEST] No parameters
====================================================================================================

[API RESPONSE] ✅ 200 GET /health


====================================================================================================
[API REQUEST] GET /health
[API REQUEST] No parameters
====================================================================================================

[API RESPONSE] ✅ 200 GET /health


====================================================================================================
[API REQUEST] GET /health
[API REQUEST] No parameters
====================================================================================================

[API RESPONSE] ✅ 200 GET /health


====================================================================================================
[API REQUEST] GET /health
[API REQUEST] No parameters
====================================================================================================

[API RESPONSE] ✅ 200 GET /health


====================================================================================================
[API REQUEST] GET /health
[API REQUEST] No parameters
====================================================================================================

[API RESPONSE] ✅ 200 GET /health


====================================================================================================
[API REQUEST] GET /health
[API REQUEST] No parameters
====================================================================================================

[API RESPONSE] ✅ 200 GET /health


====================================================================================================
[API REQUEST] GET /health
[API REQUEST] No parameters
====================================================================================================

[API RESPONSE] ✅ 200 GET /health


====================================================================================================
[API REQUEST] GET /health
[API REQUEST] No parameters
====================================================================================================

[API RESPONSE] ✅ 200 GET /health


====================================================================================================
[API REQUEST] GET /health
[API REQUEST] No parameters
====================================================================================================

[API RESPONSE] ✅ 200 GET /health


====================================================================================================
[API REQUEST] GET /health
[API REQUEST] No parameters
====================================================================================================

[API RESPONSE] ✅ 200 GET /health


====================================================================================================
[API REQUEST] GET /health
[API REQUEST] No parameters
====================================================================================================

[API RESPONSE] ✅ 200 GET /health


====================================================================================================
[API REQUEST] GET /health
[API REQUEST] No parameters
====================================================================================================

[API RESPONSE] ✅ 200 GET /health


====================================================================================================
[API REQUEST] GET /health
[API REQUEST] No parameters
====================================================================================================

[API RESPONSE] ✅ 200 GET /health


====================================================================================================
[API REQUEST] GET /health
[API REQUEST] No parameters
====================================================================================================

[API RESPONSE] ✅ 200 GET /health


====================================================================================================
[API REQUEST] GET /health
[API REQUEST] No parameters
====================================================================================================

[API RESPONSE] ✅ 200 GET /health


====================================================================================================
127.0.0.1 - - [15/Jan/2026 07:32:18] "GET /health HTTP/1.1" 200 -
127.0.0.1 - - [15/Jan/2026 07:32:18] "GET /health HTTP/1.1" 200 -
127.0.0.1 - - [15/Jan/2026 07:32:18] "GET /health HTTP/1.1" 200 -
127.0.0.1 - - [15/Jan/2026 07:32:23] "GET /health HTTP/1.1" 200 -
127.0.0.1 - - [15/Jan/2026 07:32:23] "GET /health HTTP/1.1" 200 -
127.0.0.1 - - [15/Jan/2026 07:32:23] "GET /health HTTP/1.1" 200 -
127.0.0.1 - - [15/Jan/2026 07:32:23] "GET /health HTTP/1.1" 200 -
127.0.0.1 - - [15/Jan/2026 07:32:29] "GET /health HTTP/1.1" 200 -
127.0.0.1 - - [15/Jan/2026 07:32:29] "GET /health HTTP/1.1" 200 -
127.0.0.1 - - [15/Jan/2026 07:32:29] "GET /health HTTP/1.1" 200 -
127.0.0.1 - - [15/Jan/2026 07:32:29] "GET /health HTTP/1.1" 200 -
127.0.0.1 - - [15/Jan/2026 07:32:34] "GET /health HTTP/1.1" 200 -
127.0.0.1 - - [15/Jan/2026 07:32:34] "GET /health HTTP/1.1" 200 -
127.0.0.1 - - [15/Jan/2026 07:32:34] "GET /health HTTP/1.1" 200 -
127.0.0.1 - - [15/Jan/2026 07:32:34] "GET /health HTTP/1.1" 200 -
127.0.0.1 - - [15/Jan/2026 07:32:39] "GET /health HTTP/1.1" 200 -
127.0.0.1 - - [15/Jan/2026 07:32:39] "GET /health HTTP/1.1" 200 -
127.0.0.1 - - [15/Jan/2026 07:32:39] "GET /health HTTP/1.1" 200 -
127.0.0.1 - - [15/Jan/2026 07:32:39] "GET /health HTTP/1.1" 200 -
127.0.0.1 - - [15/Jan/2026 07:32:44] "GET /health HTTP/1.1" 200 -
127.0.0.1 - - [15/Jan/2026 07:32:44] "GET /health HTTP/1.1" 200 -
127.0.0.1 - - [15/Jan/2026 07:32:44] "GET /health HTTP/1.1" 200 -
127.0.0.1 - - [15/Jan/2026 07:32:44] "GET /health HTTP/1.1" 200 -
127.0.0.1 - - [15/Jan/2026 07:32:49] "GET /health HTTP/1.1" 200 -
127.0.0.1 - - [15/Jan/2026 07:32:49] "GET /health HTTP/1.1" 200 -
127.0.0.1 - - [15/Jan/2026 07:32:49] "GET /health HTTP/1.1" 200 -
127.0.0.1 - - [15/Jan/2026 07:32:49] "GET /health HTTP/1.1" 200 -
127.0.0.1 - - [15/Jan/2026 07:32:54] "GET /health HTTP/1.1" 200 -
[API REQUEST] GET /health
[API REQUEST] No parameters
====================================================================================================

[API RESPONSE] ✅ 200 GET /health


====================================================================================================
[API REQUEST] GET /health
[API REQUEST] No parameters
====================================================================================================

[API RESPONSE] ✅ 200 GET /health


====================================================================================================
[API REQUEST] GET /health
[API REQUEST] No parameters
====================================================================================================

[API RESPONSE] ✅ 200 GET /health


====================================================================================================
[API REQUEST] GET /health
[API REQUEST] No parameters
====================================================================================================

[API RESPONSE] ✅ 200 GET /health


====================================================================================================
[API REQUEST] GET /health
[API REQUEST] No parameters
====================================================================================================

[API RESPONSE] ✅ 200 GET /health


====================================================================================================
[API REQUEST] GET /health
[API REQUEST] No parameters
====================================================================================================

[API RESPONSE] ✅ 200 GET /health


====================================================================================================
[API REQUEST] GET /health
[API REQUEST] No parameters
====================================================================================================

[API RESPONSE] ✅ 200 GET /health


====================================================================================================
[API REQUEST] GET /health
[API REQUEST] No parameters
====================================================================================================

[API RESPONSE] ✅ 200 GET /health


====================================================================================================
[API REQUEST] GET /health
[API REQUEST] No parameters
====================================================================================================

[API RESPONSE] ✅ 200 GET /health


====================================================================================================
[API REQUEST] GET /health
[API REQUEST] No parameters
====================================================================================================

[API RESPONSE] ✅ 200 GET /health


====================================================================================================
[API REQUEST] GET /health
[API REQUEST] No parameters
====================================================================================================

[API RESPONSE] ✅ 200 GET /health


====================================================================================================
[API REQUEST] GET /health
[API REQUEST] No parameters
====================================================================================================

[API RESPONSE] ✅ 200 GET /health


====================================================================================================
[API REQUEST] GET /health
[API REQUEST] No parameters
====================================================================================================

[API RESPONSE] ✅ 200 GET /health


====================================================================================================
[API REQUEST] GET /health
[API REQUEST] No parameters
====================================================================================================

[API RESPONSE] ✅ 200 GET /health


====================================================================================================
[API REQUEST] GET /health
[API REQUEST] No parameters
====================================================================================================

[API RESPONSE] ✅ 200 GET /health


====================================================================================================
[API REQUEST] GET /health
[API REQUEST] No parameters
====================================================================================================

[API RESPONSE] ✅ 200 GET /health


====================================================================================================
[API REQUEST] GET /health
[API REQUEST] No parameters
====================================================================================================

[API RESPONSE] ✅ 200 GET /health


====================================================================================================
[API REQUEST] GET /health
[API REQUEST] No parameters
====================================================================================================

[API RESPONSE] ✅ 200 GET /health


====================================================================================================
[API REQUEST] GET /health
[API REQUEST] No parameters
====================================================================================================

[API RESPONSE] ✅ 200 GET /health


====================================================================================================
[API REQUEST] GET /health
[API REQUEST] No parameters
====================================================================================================

[API RESPONSE] ✅ 200 GET /health


====================================================================================================
[API REQUEST] GET /health
[API REQUEST] No parameters
====================================================================================================

[API RESPONSE] ✅ 200 GET /health


====================================================================================================
[API REQUEST] GET /health
[API REQUEST] No parameters
====================================================================================================

[API RESPONSE] ✅ 200 GET /health


====================================================================================================
[API REQUEST] GET /health
[API REQUEST] No parameters
====================================================================================================

[API RESPONSE] ✅ 200 GET /health


====================================================================================================
[API REQUEST] GET /health
[API REQUEST] No parameters
====================================================================================================

[API RESPONSE] ✅ 200 GET /health


====================================================================================================
[API REQUEST] GET /health
[API REQUEST] No parameters
====================================================================================================

[API RESPONSE] ✅ 200 GET /health


====================================================================================================
[API REQUEST] GET /health
[API REQUEST] No parameters
====================================================================================================

[API RESPONSE] ✅ 200 GET /health


====================================================================================================
[API REQUEST] GET /health
[API REQUEST] No parameters
====================================================================================================

[API RESPONSE] ✅ 200 GET /health


====================================================================================================
[API REQUEST] GET /health
[API REQUEST] No parameters
====================================================================================================

[API RESPONSE] ✅ 200 GET /health

127.0.0.1 - - [15/Jan/2026 07:32:54] "GET /health HTTP/1.1" 200 -
127.0.0.1 - - [15/Jan/2026 07:32:54] "GET /health HTTP/1.1" 200 -
127.0.0.1 - - [15/Jan/2026 07:32:54] "GET /health HTTP/1.1" 200 -
127.0.0.1 - - [15/Jan/2026 07:32:59] "GET /health HTTP/1.1" 200 -
127.0.0.1 - - [15/Jan/2026 07:32:59] "GET /health HTTP/1.1" 200 -
127.0.0.1 - - [15/Jan/2026 07:32:59] "GET /health HTTP/1.1" 200 -
127.0.0.1 - - [15/Jan/2026 07:32:59] "GET /health HTTP/1.1" 200 -
127.0.0.1 - - [15/Jan/2026 07:33:04] "GET /health HTTP/1.1" 200 -
127.0.0.1 - - [15/Jan/2026 07:33:04] "GET /health HTTP/1.1" 200 -
127.0.0.1 - - [15/Jan/2026 07:33:04] "GET /health HTTP/1.1" 200 -
127.0.0.1 - - [15/Jan/2026 07:33:04] "GET /health HTTP/1.1" 200 -
127.0.0.1 - - [15/Jan/2026 07:33:09] "GET /health HTTP/1.1" 200 -
127.0.0.1 - - [15/Jan/2026 07:33:09] "GET /health HTTP/1.1" 200 -
127.0.0.1 - - [15/Jan/2026 07:33:09] "GET /health HTTP/1.1" 200 -
127.0.0.1 - - [15/Jan/2026 07:33:09] "GET /health HTTP/1.1" 200 -
127.0.0.1 - - [15/Jan/2026 07:33:14] "GET /health HTTP/1.1" 200 -
127.0.0.1 - - [15/Jan/2026 07:33:14] "GET /health HTTP/1.1" 200 -
127.0.0.1 - - [15/Jan/2026 07:33:14] "GET /health HTTP/1.1" 200 -
127.0.0.1 - - [15/Jan/2026 07:33:14] "GET /health HTTP/1.1" 200 -
127.0.0.1 - - [15/Jan/2026 07:33:20] "GET /health HTTP/1.1" 200 -
127.0.0.1 - - [15/Jan/2026 07:33:20] "GET /health HTTP/1.1" 200 -
127.0.0.1 - - [15/Jan/2026 07:33:20] "GET /health HTTP/1.1" 200 -
127.0.0.1 - - [15/Jan/2026 07:33:20] "GET /health HTTP/1.1" 200 -
127.0.0.1 - - [15/Jan/2026 07:33:25] "GET /health HTTP/1.1" 200 -
127.0.0.1 - - [15/Jan/2026 07:33:25] "GET /health HTTP/1.1" 200 -
127.0.0.1 - - [15/Jan/2026 07:33:25] "GET /health HTTP/1.1" 200 -
127.0.0.1 - - [15/Jan/2026 07:33:25] "GET /health HTTP/1.1" 200 -

====================================================================================================
[API REQUEST] GET /health
[API REQUEST] No parameters
====================================================================================================

[API RESPONSE] ✅ 200 GET /health


====================================================================================================
[API REQUEST] GET /health
[API REQUEST] No parameters
====================================================================================================

[API RESPONSE] ✅ 200 GET /health


====================================================================================================
[API REQUEST] GET /health
[API REQUEST] No parameters
====================================================================================================

[API RESPONSE] ✅ 200 GET /health


====================================================================================================
[API REQUEST] GET /health
[API REQUEST] No parameters
====================================================================================================

[API RESPONSE] ✅ 200 GET /health


====================================================================================================
[API REQUEST] GET /health
[API REQUEST] No parameters
====================================================================================================

[API RESPONSE] ✅ 200 GET /health


====================================================================================================
[API REQUEST] GET /health
[API REQUEST] No parameters
====================================================================================================

[API RESPONSE] ✅ 200 GET /health


====================================================================================================
[API REQUEST] GET /health
[API REQUEST] No parameters
====================================================================================================

[API RESPONSE] ✅ 200 GET /health


====================================================================================================
[API REQUEST] GET /health
[API REQUEST] No parameters
====================================================================================================

[API RESPONSE] ✅ 200 GET /health


====================================================================================================
[API REQUEST] GET /health
[API REQUEST] No parameters
====================================================================================================

[API RESPONSE] ✅ 200 GET /health


====================================================================================================
[API REQUEST] GET /health
[API REQUEST] No parameters
====================================================================================================

[API RESPONSE] ✅ 200 GET /health


====================================================================================================
[API REQUEST] GET /health
[API REQUEST] No parameters
====================================================================================================

[API RESPONSE] ✅ 200 GET /health


====================================================================================================
[API REQUEST] GET /health
[API REQUEST] No parameters
====================================================================================================

[API RESPONSE] ✅ 200 GET /health


====================================================================================================
[API REQUEST] GET /health
[API REQUEST] No parameters
====================================================================================================

[API RESPONSE] ✅ 200 GET /health


====================================================================================================
[API REQUEST] GET /health
[API REQUEST] No parameters
====================================================================================================

[API RESPONSE] ✅ 200 GET /health


====================================================================================================
[API REQUEST] GET /health
[API REQUEST] No parameters
====================================================================================================

[API RESPONSE] ✅ 200 GET /health


====================================================================================================
[API REQUEST] GET /health
[API REQUEST] No parameters
====================================================================================================

[API RESPONSE] ✅ 200 GET /health


====================================================================================================
[API REQUEST] GET /health
[API REQUEST] No parameters
====================================================================================================

[API RESPONSE] ✅ 200 GET /health


====================================================================================================
[API REQUEST] GET /health
[API REQUEST] No parameters
====================================================================================================

[API RESPONSE] ✅ 200 GET /health


====================================================================================================
[API REQUEST] GET /health
[API REQUEST] No parameters
====================================================================================================


====================================================================================================
[API REQUEST] GET /health
[API REQUEST] No parameters
====================================================================================================

[API RESPONSE] ✅ 200 GET /health

[API RESPONSE] ✅ 200 GET /health


====================================================================================================
[API REQUEST] GET /health
[API REQUEST] No parameters
====================================================================================================

[API RESPONSE] ✅ 200 GET /health


====================================================================================================
[API REQUEST] GET /health
[API REQUEST] No parameters
====================================================================================================

[API RESPONSE] ✅ 200 GET /health


====================================================================================================
[API REQUEST] GET /health
[API REQUEST] No parameters
====================================================================================================

[API RESPONSE] ✅ 200 GET /health


====================================================================================================
[API REQUEST] GET /health
[API REQUEST] No parameters
====================================================================================================

[API RESPONSE] ✅ 200 GET /health


====================================================================================================
[API REQUEST] GET /health
[API REQUEST] No parameters
====================================================================================================

[API RESPONSE] ✅ 200 GET /health


====================================================================================================
[API REQUEST] GET /health
[API REQUEST] No parameters
====================================================================================================

[API RESPONSE] ✅ 200 GET /health


====================================================================================================
[API REQUEST] GET /health
[API REQUEST] No parameters
orresponding bytecode).

    To support loading from source code, the abstractmethods inherited from
    ResourceLoader and ExecutionLoader need to be implemented. To also support
    loading from bytecode, the optional methods specified directly by this ABC
    is required.

    Inherited abs127.0.0.1 - - [15/Jan/2026 07:33:30] "GET /health HTTP/1.1" 200 -
127.0.0.1 - - [15/Jan/2026 07:33:30] "GET /health HTTP/1.1" 200 -
127.0.0.1 - - [15/Jan/2026 07:33:30] "GET /health HTTP/1.1" 200 -
127.0.0.1 - - [15/Jan/2026 07:33:30] "GET /health HTTP/1.1" 200 -
127.0.0.1 - - [15/Jan/2026 07:33:36] "GET /health HTTP/1.1" 200 -
127.0.0.1 - - [15/Jan/2026 07:33:36] "GET /health HTTP/1.1" 200 -
127.0.0.1 - - [15/Jan/2026 07:33:36] "GET /health HTTP/1.1" 200 -
127.0.0.1 - - [15/Jan/2026 07:33:36] "GET /health HTTP/1.1" 200 -
127.0.0.1 - - [15/Jan/2026 07:33:41] "GET /health HTTP/1.1" 200 -
127.0.0.1 - - [15/Jan/2026 07:33:41] "GET /health HTTP/1.1" 200 -
127.0.0.1 - - [15/Jan/2026 07:33:41] "GET /health HTTP/1.1" 200 -
127.0.0.1 - - [15/Jan/2026 07:33:41] "GET /health HTTP/1.1" 200 -
127.0.0.1 - - [15/Jan/2026 07:33:47] "GET /health HTTP/1.1" 200 -
127.0.0.1 - - [15/Jan/2026 07:33:47] "GET /health HTTP/1.1" 200 -
127.0.0.1 - - [15/Jan/2026 07:33:47] "GET /health HTTP/1.1" 200 -
127.0.0.1 - - [15/Jan/2026 07:33:47] "GET /health HTTP/1.1" 200 -
127.0.0.1 - - [15/Jan/2026 07:33:52] "GET /health HTTP/1.1" 200 -
127.0.0.1 - - [15/Jan/2026 07:33:52] "GET /health HTTP/1.1" 200 -
127.0.0.1 - - [15/Jan/2026 07:33:52] "GET /health HTTP/1.1" 200 -
127.0.0.1 - - [15/Jan/2026 07:33:52] "GET /health HTTP/1.1" 200 -
127.0.0.1 - - [15/Jan/2026 07:33:57] "GET /health HTTP/1.1" 200 -
127.0.0.1 - - [15/Jan/2026 07:33:57] "GET /health HTTP/1.1" 200 -
127.0.0.1 - - [15/Jan/2026 07:33:57] "GET /health HTTP/1.1" 200 -
127.0.0.1 - - [15/Jan/2026 07:33:57] "GET /health HTTP/1.1" 200 -
127.0.0.1 - - [15/Jan/2026 07:34:02] "GET /health HTTP/1.1" 200 -
127.0.0.1 - - [15/Jan/2026 07:34:02] "GET /health HTTP/1.1" 200 -
127.0.0.1 - - [15/Jan/2026 07:34:02] "GET /health HTTP/1.1" 200 -
127.0.0.1 - - [15/Jan/2026 07:34:02] "GET /health HTTP/1.1" 200 -
====================================================================================================

[API RESPONSE] ✅ 200 GET /health


====================================================================================================
[API REQUEST] GET /health
[API REQUEST] No parameters
====================================================================================================

[API RESPONSE] ✅ 200 GET /health


====================================================================================================
[API REQUEST] GET /health
[API REQUEST] No parameters
====================================================================================================

[API RESPONSE] ✅ 200 GET /health


====================================================================================================
[API REQUEST] GET /health
[API REQUEST] No parameters
====================================================================================================

[API RESPONSE] ✅ 200 GET /health


====================================================================================================
[API REQUEST] GET /health
[API REQUEST] No parameters
====================================================================================================


====================================================================================================
[API REQUEST] GET /health
[API REQUEST] No parameters
====================================================================================================


====================================================================================================
[API REQUEST] GET /health
[API REQUEST] No parameters
====================================================================================================

[API RESPONSE] ✅ 200 GET /health

[API RESPONSE] ✅ 200 GET /health

[API RESPONSE] ✅ 200 GET /health


====================================================================================================
[API REQUEST] GET /health
[API REQUEST] No parameters
====================================================================================================

[API RESPONSE] ✅ 200 GET /health


====================================================================================================
[API REQUEST] GET /health
[API REQUEST] No parameters
====================================================================================================

[API RESPONSE] ✅ 200 GET /health


====================================================================================================
[API REQUEST] GET /health
[API REQUEST] No parameters
====================================================================================================

[API RESPONSE] ✅ 200 GET /health


====================================================================================================
[API REQUEST] GET /health
[API REQUEST] No parameters
====================================================================================================

[API RESPONSE] ✅ 200 GET /health


====================================================================================================
[API REQUEST] GET /health
[API REQUEST] No parameters
====================================================================================================

[API RESPONSE] ✅ 200 GET /health


====================================================================================================
[API REQUEST] GET /health
[API REQUEST] No parameters
====================================================================================================


====================================================================================================
[API REQUEST] GET /health
[API REQUEST] No parameters
====================================================================================================

[API RESPONSE] ✅ 200 GET /health

[API RESPONSE] ✅ 200 GET /health


====================================================================================================
[API REQUEST] GET /health
[API REQUEST] No parameters
====================================================================================================

[API RESPONSE] ✅ 200 GET /health


====================================================================================================
[API REQUEST] GET /health
[API REQUEST] No parameters
====================================================================================================

[API RESPONSE] ✅ 200 GET /health


====================================================================================================
[API REQUEST] GET /health
[API REQUEST] No parameters
====================================================================================================

[API RESPONSE] ✅ 200 GET /health


====================================================================================================
[API REQUEST] GET /health
[API REQUEST] No parameters
====================================================================================================

[API RESPONSE] ✅ 200 GET /health


====================================================================================================
[API REQUEST] GET /health
[API REQUEST] No parameters
====================================================================================================

[API RESPONSE] ✅ 200 GET /health


====================================================================================================
[API REQUEST] GET /health
[API REQUEST] No parameters
====================================================================================================

[API RESPONSE] ✅ 200 GET /health


====================================================================================================
[API REQUEST] GET /health
[API REQUEST] No parameters
====================================================================================================

[API RESPONSE] ✅ 200 GET /health


====================================================================================================
[API REQUEST] GET /health
[API REQUEST] No parameters
====================================================================================================

[API RESPONSE] ✅ 200 GET /health


====================================================================================================
[API REQUEST] GET /health
[API REQUEST] No parameters
====================================================================================================

[API RESPONSE] ✅ 200 GET /health


====================================================================================================
[API REQUEST] GET /health
[API REQUEST] No parameters
====================================================================================================

[API RESPONSE] ✅ 200 GET /health


====================================================================================================
[API REQUEST] GET /health
[API REQUEST] No parameters
====================================================================================================

[API RESPONSE] ✅ 200 GET /health


====================================================================================================
[API REQUEST] GET /health
[API REQUEST] No parameters
====================================================================================================

[API RESPONSE] ✅ 200 GET /health


====================================================================================================
[API REQUEST] GET /health
[API REQUEST] No parameters
====================================================================================================

[API RESPONSE] ✅ 200 GET /health


====================================================================================================
[API REQUEST] GET /health
[API REQUEST] No parameters
====================================================================================================

[API RESPONSE] ✅ 200 GET /health


====================================================================================================
127.0.0.1 - - [15/Jan/2026 07:34:07] "GET /health HTTP/1.1" 200 -
127.0.0.1 - - [15/Jan/2026 07:34:07] "GET /health HTTP/1.1" 200 -
127.0.0.1 - - [15/Jan/2026 07:34:07] "GET /health HTTP/1.1" 200 -
127.0.0.1 - - [15/Jan/2026 07:34:07] "GET /health HTTP/1.1" 200 -
127.0.0.1 - - [15/Jan/2026 07:34:12] "GET /health HTTP/1.1" 200 -
127.0.0.1 - - [15/Jan/2026 07:34:12] "GET /health HTTP/1.1" 200 -
127.0.0.1 - - [15/Jan/2026 07:34:12] "GET /health HTTP/1.1" 200 -
127.0.0.1 - - [15/Jan/2026 07:34:12] "GET /health HTTP/1.1" 200 -
127.0.0.1 - - [15/Jan/2026 07:34:17] "GET /health HTTP/1.1" 200 -
127.0.0.1 - - [15/Jan/2026 07:34:17] "GET /health HTTP/1.1" 200 -
127.0.0.1 - - [15/Jan/2026 07:34:17] "GET /health HTTP/1.1" 200 -
127.0.0.1 - - [15/Jan/2026 07:34:17] "GET /health HTTP/1.1" 200 -
