[INFO] Job Service v2.3-DB-FIXED starting...
[INFO] Database connection management fixed for real-time status updates
[INIT] AI_SERVICE_URL: http://127.0.0.1:5100/analyze
[INIT] Port: 5005
[INIT] Database: /Users/shaydu/dev/mondrian-macos/mondrian/mondrian.db
[INIT] Debug mode: False
[INIT] Created directories
[INIT] Initializing database...
[INIT] Database schema OK
[INIT] RAG Default: ENABLED (from RAG_ENABLED env var)
============================================================
Starting Job Service v2.3-DB-FIXED on port 5005...
Host: 0.0.0.0:5005
AI Service: http://127.0.0.1:5100/analyze
============================================================
 * Serving Flask app 'job_service_v2.3'
 * Debug mode: off
[31m[1mWARNING: This is a development server. Do not use it in a production deployment. Use a production WSGI server instead.[0m
 * Running on all addresses (0.0.0.0)
 * Running on http://127.0.0.1:5005
 * Running on http://10.0.0.131:5005
[33mPress CTRL+C to quit[0m
127.0.0.1 - - [15/Jan/2026 07:20:25] "GET /health HTTP/1.1" 200 -
127.0.0.1 - - [15/Jan/2026 07:20:27] "GET /health HTTP/1.1" 200 -
127.0.0.1 - - [15/Jan/2026 07:20:27] "GET /health HTTP/1.1" 200 -
127.0.0.1 - - [15/Jan/2026 07:20:29] "GET /health HTTP/1.1" 200 -
127.0.0.1 - - [15/Jan/2026 07:20:30] "GET /health HTTP/1.1" 200 -
127.0.0.1 - - [15/Jan/2026 07:20:31] "GET /health HTTP/1.1" 200 -
127.0.0.1 - - [15/Jan/2026 07:20:32] "GET /health HTTP/1.1" 200 -
127.0.0.1 - - [15/Jan/2026 07:20:32] "GET /health HTTP/1.1" 200 -
127.0.0.1 - - [15/Jan/2026 07:20:34] "GET /health HTTP/1.1" 200 -
127.0.0.1 - - [15/Jan/2026 07:20:35] "GET /health HTTP/1.1" 200 -
127.0.0.1 - - [15/Jan/2026 07:20:35] "GET /health HTTP/1.1" 200 -
127.0.0.1 - - [15/Jan/2026 07:20:37] "GET /health HTTP/1.1" 200 -
127.0.0.1 - - [15/Jan/2026 07:20:37] "GET /health HTTP/1.1" 200 -
127.0.0.1 - - [15/Jan/2026 07:20:39] "GET /health HTTP/1.1" 200 -
127.0.0.1 - - [15/Jan/2026 07:20:40] "GET /health HTTP/1.1" 200 -
127.0.0.1 - - [15/Jan/2026 07:20:42] "GET /health HTTP/1.1" 200 -
127.0.0.1 - - [15/Jan/2026 07:20:43] "GET /health HTTP/1.1" 200 -
127.0.0.1 - - [15/Jan/2026 07:20:44] "GET /health HTTP/1.1" 200 -
127.0.0.1 - - [15/Jan/2026 07:20:45] "GET /health HTTP/1.1" 200 -
127.0.0.1 - - [15/Jan/2026 07:20:48] "GET /health HTTP/1.1" 200 -
127.0.0.1 - - [15/Jan/2026 07:20:48] "GET /health HTTP/1.1" 200 -
127.0.0.1 - - [15/Jan/2026 07:20:49] "GET /health HTTP/1.1" 200 -
127.0.0.1 - - [15/Jan/2026 07:20:50] "GET /health HTTP/1.1" 200 -
127.0.0.1 - - [15/Jan/2026 07:20:53] "GET /health HTTP/1.1" 200 -
127.0.0.1 - - [15/Jan/2026 07:20:53] "GET /health HTTP/1.1" 200 -
127.0.0.1 - - [15/Jan/2026 07:20:54] "GET /health HTTP/1.1" 200 -
127.0.0.1 - - [15/Jan/2026 07:20:55] "GET /health HTTP/1.1" 200 -

====================================================================================================
[API REQUEST] GET /health
[API REQUEST] No parameters
====================================================================================================

[API RESPONSE] ✅ 200 GET /health


====================================================================================================
[API REQUEST] GET /health
[API REQUEST] No parameters
====================================================================================================

[API RESPONSE] ✅ 200 GET /health


====================================================================================================
[API REQUEST] GET /health
[API REQUEST] No parameters
====================================================================================================

[API RESPONSE] ✅ 200 GET /health


====================================================================================================
[API REQUEST] GET /health
[API REQUEST] No parameters
====================================================================================================

[API RESPONSE] ✅ 200 GET /health


====================================================================================================
[API REQUEST] GET /health
[API REQUEST] No parameters
====================================================================================================

[API RESPONSE] ✅ 200 GET /health


====================================================================================================
[API REQUEST] GET /health
[API REQUEST] No parameters
====================================================================================================

[API RESPONSE] ✅ 200 GET /health


====================================================================================================
[API REQUEST] GET /health
[API REQUEST] No parameters
====================================================================================================

[API RESPONSE] ✅ 200 GET /health


====================================================================================================
[API REQUEST] GET /health
[API REQUEST] No parameters
====================================================================================================

[API RESPONSE] ✅ 200 GET /health


====================================================================================================
[API REQUEST] GET /health
[API REQUEST] No parameters
====================================================================================================

[API RESPONSE] ✅ 200 GET /health


====================================================================================================
[API REQUEST] GET /health
[API REQUEST] No parameters
====================================================================================================

[API RESPONSE] ✅ 200 GET /health


====================================================================================================
[API REQUEST] GET /health
[API REQUEST] No parameters
====================================================================================================

[API RESPONSE] ✅ 200 GET /health


====================================================================================================
[API REQUEST] GET /health
[API REQUEST] No parameters
====================================================================================================

[API RESPONSE] ✅ 200 GET /health


====================================================================================================
[API REQUEST] GET /health
[API REQUEST] No parameters
====================================================================================================

[API RESPONSE] ✅ 200 GET /health


====================================================================================================
[API REQUEST] GET /health
[API REQUEST] No parameters
====================================================================================================

[API RESPONSE] ✅ 200 GET /health


====================================================================================================
[API REQUEST] GET /health
[API REQUEST] No parameters
====================================================================================================

[API RESPONSE] ✅ 200 GET /health


====================================================================================================
[API REQUEST] GET /health
[API REQUEST] No parameters
====================================================================================================

[API RESPONSE] ✅ 200 GET /health


====================================================================================================
[API REQUEST] GET /health
[API REQUEST] No parameters
====================================================================================================

[API RESPONSE] ✅ 200 GET /health


====================================================================================================
[API REQUEST] GET /health
[API REQUEST] No parameters
====================================================================================================

[API RESPONSE] ✅ 200 GET /health


====================================================================================================
[API REQUEST] GET /health
[API REQUEST] No parameters
====================================================================================================

[API RESPONSE] ✅ 200 GET /health


====================================================================================================
[API REQUEST] GET /health
[API REQUEST] No parameters
====================================================================================================

[API RESPONSE] ✅ 200 GET /health


====================================================================================================
[API REQUEST] GET /health
[API REQUEST] No parameters
====================================================================================================

[API RESPONSE] ✅ 200 GET /health


====================================================================================================
[API REQUEST] GET /health
[API REQUEST] No parameters
====================================================================================================

[API RESPONSE] ✅ 200 GET /health


====================================================================================================
[API REQUEST] GET /health
[API REQUEST] No parameters
====================================================================================================

[API RESPONSE] ✅ 200 GET /health


====================================================================================================
[API REQUEST] GET /health
[API REQUEST] No parameters
====================================================================================================

[API RESPONSE] ✅ 200 GET /health


====================================================================================================
[API REQUEST] GET /health
[API REQUEST] No parameters
====================================================================================================

[API RESPONSE] ✅ 200 GET /health


====================================================================================================
[API REQUEST] GET /health
[API REQUEST] No parameters
====================================================================================================

[API RESPONSE] ✅ 200 GET /health


====================================================================================================
[API REQUEST] GET /health
[API REQUEST] No parameters
====================================================================================================

[API RESPONSE] ✅ 200 GET /health


====================================================================================================
[API REQUEST] GET /health
[API REQUEST] No parameters
127.0.0.1 - - [15/Jan/2026 07:20:58] "GET /health HTTP/1.1" 200 -
127.0.0.1 - - [15/Jan/2026 07:20:58] "GET /health HTTP/1.1" 200 -
127.0.0.1 - - [15/Jan/2026 07:20:59] "GET /health HTTP/1.1" 200 -
127.0.0.1 - - [15/Jan/2026 07:21:00] "GET /health HTTP/1.1" 200 -
127.0.0.1 - - [15/Jan/2026 07:21:03] "GET /health HTTP/1.1" 200 -
127.0.0.1 - - [15/Jan/2026 07:21:03] "GET /health HTTP/1.1" 200 -
127.0.0.1 - - [15/Jan/2026 07:21:05] "GET /health HTTP/1.1" 200 -
127.0.0.1 - - [15/Jan/2026 07:21:05] "GET /health HTTP/1.1" 200 -
127.0.0.1 - - [15/Jan/2026 07:21:08] "GET /health HTTP/1.1" 200 -
127.0.0.1 - - [15/Jan/2026 07:21:08] "GET /health HTTP/1.1" 200 -
127.0.0.1 - - [15/Jan/2026 07:21:10] "GET /health HTTP/1.1" 200 -
127.0.0.1 - - [15/Jan/2026 07:21:10] "GET /health HTTP/1.1" 200 -
127.0.0.1 - - [15/Jan/2026 07:21:13] "GET /health HTTP/1.1" 200 -
127.0.0.1 - - [15/Jan/2026 07:21:13] "GET /health HTTP/1.1" 200 -
127.0.0.1 - - [15/Jan/2026 07:21:15] "GET /health HTTP/1.1" 200 -
127.0.0.1 - - [15/Jan/2026 07:21:15] "GET /health HTTP/1.1" 200 -
127.0.0.1 - - [15/Jan/2026 07:21:18] "GET /health HTTP/1.1" 200 -
127.0.0.1 - - [15/Jan/2026 07:21:18] "GET /health HTTP/1.1" 200 -
127.0.0.1 - - [15/Jan/2026 07:21:20] "GET /health HTTP/1.1" 200 -
127.0.0.1 - - [15/Jan/2026 07:21:20] "GET /health HTTP/1.1" 200 -
