[INFO] Job Service v2.3-DB-FIXED starting...
[INFO] Database connection management fixed for real-time status updates
[INIT] AI_SERVICE_URL: http://127.0.0.1:5100/analyze
[INIT] Port: 5005
[INIT] Database: /Users/shaydu/dev/mondrian-macos/mondrian/mondrian.db
[INIT] Debug mode: False
[INIT] Created directories
[INIT] Initializing database...
[INIT] Database schema OK
[INIT] RAG Default: ENABLED (from RAG_ENABLED env var)
============================================================
Starting Job Service v2.3-DB-FIXED on port 5005...
Host: 0.0.0.0:5005
AI Service: http://127.0.0.1:5100/analyze
============================================================
 * Serving Flask app 'job_service_v2.3'
 * Debug mode: off
[31m[1mWARNING: This is a development server. Do not use it in a production deployment. Use a production WSGI server instead.[0m
 * Running on all addresses (0.0.0.0)
 * Running on http://127.0.0.1:5005
 * Running on http://10.0.0.131:5005
[33mPress CTRL+C to quit[0m
127.0.0.1 - - [15/Jan/2026 04:39:06] "GET /health HTTP/1.1" 200 -
127.0.0.1 - - [15/Jan/2026 04:39:10] "GET /health HTTP/1.1" 200 -
127.0.0.1 - - [15/Jan/2026 04:39:10] "GET /health HTTP/1.1" 200 -
127.0.0.1 - - [15/Jan/2026 04:39:15] "GET /health HTTP/1.1" 200 -
127.0.0.1 - - [15/Jan/2026 04:39:20] "GET /health HTTP/1.1" 200 -
127.0.0.1 - - [15/Jan/2026 04:39:25] "GET /health HTTP/1.1" 200 -
127.0.0.1 - - [15/Jan/2026 04:39:30] "GET /health HTTP/1.1" 200 -
127.0.0.1 - - [15/Jan/2026 04:39:35] "GET /health HTTP/1.1" 200 -
127.0.0.1 - - [15/Jan/2026 04:39:40] "GET /health HTTP/1.1" 200 -
127.0.0.1 - - [15/Jan/2026 04:39:45] "GET /health HTTP/1.1" 200 -
127.0.0.1 - - [15/Jan/2026 04:39:51] "GET /health HTTP/1.1" 200 -
127.0.0.1 - - [15/Jan/2026 04:39:56] "GET /health HTTP/1.1" 200 -
127.0.0.1 - - [15/Jan/2026 04:40:01] "GET /health HTTP/1.1" 200 -
127.0.0.1 - - [15/Jan/2026 04:40:06] "GET /health HTTP/1.1" 200 -
127.0.0.1 - - [15/Jan/2026 04:40:11] "GET /health HTTP/1.1" 200 -
127.0.0.1 - - [15/Jan/2026 04:40:16] "GET /health HTTP/1.1" 200 -
127.0.0.1 - - [15/Jan/2026 04:40:21] "GET /health HTTP/1.1" 200 -
127.0.0.1 - - [15/Jan/2026 04:40:26] "GET /health HTTP/1.1" 200 -
127.0.0.1 - - [15/Jan/2026 04:40:31] "GET /health HTTP/1.1" 200 -
127.0.0.1 - - [15/Jan/2026 04:40:36] "GET /health HTTP/1.1" 200 -
127.0.0.1 - - [15/Jan/2026 04:40:41] "GET /health HTTP/1.1" 200 -
127.0.0.1 - - [15/Jan/2026 04:40:46] "GET /health HTTP/1.1" 200 -
127.0.0.1 - - [15/Jan/2026 04:40:51] "GET /health HTTP/1.1" 200 -
127.0.0.1 - - [15/Jan/2026 04:40:56] "GET /health HTTP/1.1" 200 -
127.0.0.1 - - [15/Jan/2026 04:41:01] "GET /health HTTP/1.1" 200 -
127.0.0.1 - - [15/Jan/2026 04:41:06] "GET /health HTTP/1.1" 200 -
127.0.0.1 - - [15/Jan/2026 04:41:11] "GET /health HTTP/1.1" 200 -

====================================================================================================
[API REQUEST] GET /health
[API REQUEST] No parameters
====================================================================================================

[API RESPONSE] ✅ 200 GET /health


====================================================================================================
[API REQUEST] GET /health
[API REQUEST] No parameters
====================================================================================================

[API RESPONSE] ✅ 200 GET /health


====================================================================================================
[API REQUEST] GET /health
[API REQUEST] No parameters
====================================================================================================

[API RESPONSE] ✅ 200 GET /health


====================================================================================================
[API REQUEST] GET /health
[API REQUEST] No parameters
====================================================================================================

[API RESPONSE] ✅ 200 GET /health


====================================================================================================
[API REQUEST] GET /health
[API REQUEST] No parameters
====================================================================================================

[API RESPONSE] ✅ 200 GET /health


====================================================================================================
[API REQUEST] GET /health
[API REQUEST] No parameters
====================================================================================================

[API RESPONSE] ✅ 200 GET /health


====================================================================================================
[API REQUEST] GET /health
[API REQUEST] No parameters
====================================================================================================

[API RESPONSE] ✅ 200 GET /health


====================================================================================================
[API REQUEST] GET /health
[API REQUEST] No parameters
====================================================================================================

[API RESPONSE] ✅ 200 GET /health


====================================================================================================
[API REQUEST] GET /health
[API REQUEST] No parameters
====================================================================================================

[API RESPONSE] ✅ 200 GET /health


====================================================================================================
[API REQUEST] GET /health
[API REQUEST] No parameters
====================================================================================================

[API RESPONSE] ✅ 200 GET /health


====================================================================================================
[API REQUEST] GET /health
[API REQUEST] No parameters
====================================================================================================

[API RESPONSE] ✅ 200 GET /health


====================================================================================================
[API REQUEST] GET /health
[API REQUEST] No parameters
====================================================================================================

[API RESPONSE] ✅ 200 GET /health


====================================================================================================
[API REQUEST] GET /health
[API REQUEST] No parameters
====================================================================================================

[API RESPONSE] ✅ 200 GET /health


====================================================================================================
[API REQUEST] GET /health
[API REQUEST] No parameters
====================================================================================================

[API RESPONSE] ✅ 200 GET /health


====================================================================================================
[API REQUEST] GET /health
[API REQUEST] No parameters
====================================================================================================

[API RESPONSE] ✅ 200 GET /health


====================================================================================================
[API REQUEST] GET /health
[API REQUEST] No parameters
====================================================================================================

[API RESPONSE] ✅ 200 GET /health


====================================================================================================
[API REQUEST] GET /health
[API REQUEST] No parameters
====================================================================================================

[API RESPONSE] ✅ 200 GET /health


====================================================================================================
[API REQUEST] GET /health
[API REQUEST] No parameters
====================================================================================================

[API RESPONSE] ✅ 200 GET /health


====================================================================================================
[API REQUEST] GET /health
[API REQUEST] No parameters
====================================================================================================

[API RESPONSE] ✅ 200 GET /health


====================================================================================================
[API REQUEST] GET /health
[API REQUEST] No parameters
====================================================================================================

[API RESPONSE] ✅ 200 GET /health


====================================================================================================
[API REQUEST] GET /health
[API REQUEST] No parameters
====================================================================================================

[API RESPONSE] ✅ 200 GET /health


====================================================================================================
[API REQUEST] GET /health
[API REQUEST] No parameters
====================================================================================================

[API RESPONSE] ✅ 200 GET /health


====================================================================================================
[API REQUEST] GET /health
[API REQUEST] No parameters
====================================================================================================

[API RESPONSE] ✅ 200 GET /health


====================================================================================================
[API REQUEST] GET /health
[API REQUEST] No parameters
====================================================================================================

[API RESPONSE] ✅ 200 GET /health


====================================================================================================
[API REQUEST] GET /health
[API REQUEST] No parameters
====================================================================================================

[API RESPONSE] ✅ 200 GET /health


====================================================================================================
[API REQUEST] GET /health
[API REQUEST] No parameters
====================================================================================================

[API RESPONSE] ✅ 200 GET /health


====================================================================================================
[API REQUEST] GET /health
[API REQUEST] No parameters
====================================================================================================

[API RESPONSE] ✅ 200 GET /health


====================================================================================================
[API REQUEST] GET /health
[API REQUEST] No parameters
127.0.0.1 - - [15/Jan/2026 04:41:16] "GET /health HTTP/1.1" 200 -
127.0.0.1 - - [15/Jan/2026 04:41:21] "GET /health HTTP/1.1" 200 -
127.0.0.1 - - [15/Jan/2026 04:41:26] "GET /health HTTP/1.1" 200 -
127.0.0.1 - - [15/Jan/2026 04:41:31] "GET /health HTTP/1.1" 200 -
127.0.0.1 - - [15/Jan/2026 04:41:36] "GET /health HTTP/1.1" 200 -
127.0.0.1 - - [15/Jan/2026 04:41:41] "GET /health HTTP/1.1" 200 -
127.0.0.1 - - [15/Jan/2026 04:41:46] "GET /health HTTP/1.1" 200 -
127.0.0.1 - - [15/Jan/2026 04:41:51] "GET /health HTTP/1.1" 200 -
127.0.0.1 - - [15/Jan/2026 04:41:56] "GET /health HTTP/1.1" 200 -
127.0.0.1 - - [15/Jan/2026 04:42:01] "GET /health HTTP/1.1" 200 -
127.0.0.1 - - [15/Jan/2026 04:42:06] "GET /health HTTP/1.1" 200 -
127.0.0.1 - - [15/Jan/2026 04:42:11] "GET /health HTTP/1.1" 200 -
127.0.0.1 - - [15/Jan/2026 04:42:16] "GET /health HTTP/1.1" 200 -
127.0.0.1 - - [15/Jan/2026 04:42:21] "GET /health HTTP/1.1" 200 -
====================================================================================================

[API RESPONSE] ✅ 200 GET /health


====================================================================================================
[API REQUEST] GET /health
[API REQUEST] No parameters
====================================================================================================

[API RESPONSE] ✅ 200 GET /health


====================================================================================================
[API REQUEST] GET /health
[API REQUEST] No parameters
====================================================================================================

[API RESPONSE] ✅ 200 GET /health


====================================================================================================
[API REQUEST] GET /health
[API REQUEST] No parameters
====================================================================================================

[API RESPONSE] ✅ 200 GET /health


====================================================================================================
[API REQUEST] GET /health
[API REQUEST] No parameters
====================================================================================================

[API RESPONSE] ✅ 200 GET /health


====================================================================================================
[API REQUEST] GET /health
[API REQUEST] No parameters
====================================================================================================

[API RESPONSE] ✅ 200 GET /health


====================================================================================================
[API REQUEST] GET /health
[API REQUEST] No parameters
====================================================================================================

[API RESPONSE] ✅ 200 GET /health


====================================================================================================
[API REQUEST] GET /health
[API REQUEST] No parameters
====================================================================================================

[API RESPONSE] ✅ 200 GET /health


====================================================================================================
[API REQUEST] GET /health
[API REQUEST] No parameters
====================================================================================================

[API RESPONSE] ✅ 200 GET /health


====================================================================================================
[API REQUEST] GET /health
[API REQUEST] No parameters
====================================================================================================

[API RESPONSE] ✅ 200 GET /health


====================================================================================================
[API REQUEST] GET /health
[API REQUEST] No parameters
====================================================================================================

[API RESPONSE] ✅ 200 GET /health


====================================================================================================
[API REQUEST] GET /health
[API REQUEST] No parameters
====================================================================================================

[API RESPONSE] ✅ 200 GET /health


====================================================================================================
[API REQUEST] GET /health
[API REQUEST] No parameters
====================================================================================================

[API RESPONSE] ✅ 200 GET /health


====================================================================================================
[API REQUEST] GET /health
[API REQUEST] No parameters
====================================================================================================

[API RESPONSE] ✅ 200 GET /health

