[INFO] Job Service v2.3-DB-FIXED starting...
[INFO] Database connection management fixed for real-time status updates
[INIT] AI_SERVICE_URL: http://127.0.0.1:5100/analyze
[INIT] Port: 5005
[INIT] Database: /Users/shaydu/dev/mondrian-macos/mondrian/mondrian.db
[INIT] Debug mode: False
[INIT] Created directories
[INIT] Initializing database...
[INIT] Database schema OK
[INIT] RAG Default: ENABLED (from RAG_ENABLED env var)
============================================================
Starting Job Service v2.3-DB-FIXED on port 5005...
Host: 0.0.0.0:5005
AI Service: http://127.0.0.1:5100/analyze
============================================================
 * Serving Flask app 'job_service_v2.3'
 * Debug mode: off
[31m[1mWARNING: This is a development server. Do not use it in a production deployment. Use a production WSGI server instead.[0m
 * Running on all addresses (0.0.0.0)
 * Running on http://127.0.0.1:5005
 * Running on http://10.0.0.131:5005
[33mPress CTRL+C to quit[0m
127.0.0.1 - - [15/Jan/2026 04:45:48] "GET /health HTTP/1.1" 200 -
127.0.0.1 - - [15/Jan/2026 04:45:52] "GET /health HTTP/1.1" 200 -
127.0.0.1 - - [15/Jan/2026 04:45:52] "GET /health HTTP/1.1" 200 -
127.0.0.1 - - [15/Jan/2026 04:45:54] "GET /health HTTP/1.1" 200 -
127.0.0.1 - - [15/Jan/2026 04:45:57] "GET /health HTTP/1.1" 200 -
127.0.0.1 - - [15/Jan/2026 04:46:02] "GET /health HTTP/1.1" 200 -
127.0.0.1 - - [15/Jan/2026 04:46:07] "GET /health HTTP/1.1" 200 -
127.0.0.1 - - [15/Jan/2026 04:46:12] "GET /health HTTP/1.1" 200 -
127.0.0.1 - - [15/Jan/2026 04:46:17] "GET /health HTTP/1.1" 200 -
127.0.0.1 - - [15/Jan/2026 04:46:23] "GET /health HTTP/1.1" 200 -
127.0.0.1 - - [15/Jan/2026 04:46:28] "GET /health HTTP/1.1" 200 -
127.0.0.1 - - [15/Jan/2026 04:46:33] "GET /health HTTP/1.1" 200 -
127.0.0.1 - - [15/Jan/2026 04:46:38] "GET /health HTTP/1.1" 200 -
127.0.0.1 - - [15/Jan/2026 04:46:43] "GET /health HTTP/1.1" 200 -
127.0.0.1 - - [15/Jan/2026 04:46:48] "GET /health HTTP/1.1" 200 -
127.0.0.1 - - [15/Jan/2026 04:46:53] "GET /health HTTP/1.1" 200 -
127.0.0.1 - - [15/Jan/2026 04:46:55] "GET /health HTTP/1.1" 200 -
127.0.0.1 - - [15/Jan/2026 04:46:58] "GET /health HTTP/1.1" 200 -
127.0.0.1 - - [15/Jan/2026 04:47:03] "GET /health HTTP/1.1" 200 -
127.0.0.1 - - [15/Jan/2026 04:47:08] "GET /health HTTP/1.1" 200 -
127.0.0.1 - - [15/Jan/2026 04:47:13] "GET /health HTTP/1.1" 200 -
127.0.0.1 - - [15/Jan/2026 04:47:18] "GET /health HTTP/1.1" 200 -
127.0.0.1 - - [15/Jan/2026 04:47:23] "GET /health HTTP/1.1" 200 -
127.0.0.1 - - [15/Jan/2026 04:47:28] "GET /health HTTP/1.1" 200 -
127.0.0.1 - - [15/Jan/2026 04:47:34] "GET /health HTTP/1.1" 200 -
127.0.0.1 - - [15/Jan/2026 04:47:39] "GET /health HTTP/1.1" 200 -
127.0.0.1 - - [15/Jan/2026 04:47:44] "GET /health HTTP/1.1" 200 -

====================================================================================================
[API REQUEST] GET /health
[API REQUEST] No parameters
====================================================================================================

[API RESPONSE] ✅ 200 GET /health


====================================================================================================
[API REQUEST] GET /health
[API REQUEST] No parameters
====================================================================================================

[API RESPONSE] ✅ 200 GET /health


====================================================================================================
[API REQUEST] GET /health
[API REQUEST] No parameters
====================================================================================================

[API RESPONSE] ✅ 200 GET /health


====================================================================================================
[API REQUEST] GET /health
[API REQUEST] No parameters
====================================================================================================

[API RESPONSE] ✅ 200 GET /health


====================================================================================================
[API REQUEST] GET /health
[API REQUEST] No parameters
====================================================================================================

[API RESPONSE] ✅ 200 GET /health


====================================================================================================
[API REQUEST] GET /health
[API REQUEST] No parameters
====================================================================================================

[API RESPONSE] ✅ 200 GET /health


====================================================================================================
[API REQUEST] GET /health
[API REQUEST] No parameters
====================================================================================================

[API RESPONSE] ✅ 200 GET /health


====================================================================================================
[API REQUEST] GET /health
[API REQUEST] No parameters
====================================================================================================

[API RESPONSE] ✅ 200 GET /health


====================================================================================================
[API REQUEST] GET /health
[API REQUEST] No parameters
====================================================================================================

[API RESPONSE] ✅ 200 GET /health


====================================================================================================
[API REQUEST] GET /health
[API REQUEST] No parameters
====================================================================================================

[API RESPONSE] ✅ 200 GET /health


====================================================================================================
[API REQUEST] GET /health
[API REQUEST] No parameters
====================================================================================================

[API RESPONSE] ✅ 200 GET /health


====================================================================================================
[API REQUEST] GET /health
[API REQUEST] No parameters
====================================================================================================

[API RESPONSE] ✅ 200 GET /health


====================================================================================================
[API REQUEST] GET /health
[API REQUEST] No parameters
====================================================================================================

[API RESPONSE] ✅ 200 GET /health


====================================================================================================
[API REQUEST] GET /health
[API REQUEST] No parameters
====================================================================================================

[API RESPONSE] ✅ 200 GET /health


====================================================================================================
[API REQUEST] GET /health
[API REQUEST] No parameters
====================================================================================================

[API RESPONSE] ✅ 200 GET /health


====================================================================================================
[API REQUEST] GET /health
[API REQUEST] No parameters
====================================================================================================

[API RESPONSE] ✅ 200 GET /health


====================================================================================================
[API REQUEST] GET /health
[API REQUEST] No parameters
====================================================================================================

[API RESPONSE] ✅ 200 GET /health


====================================================================================================
[API REQUEST] GET /health
[API REQUEST] No parameters
====================================================================================================

[API RESPONSE] ✅ 200 GET /health


====================================================================================================
[API REQUEST] GET /health
[API REQUEST] No parameters
====================================================================================================

[API RESPONSE] ✅ 200 GET /health


====================================================================================================
[API REQUEST] GET /health
[API REQUEST] No parameters
====================================================================================================

[API RESPONSE] ✅ 200 GET /health


====================================================================================================
[API REQUEST] GET /health
[API REQUEST] No parameters
====================================================================================================

[API RESPONSE] ✅ 200 GET /health


====================================================================================================
[API REQUEST] GET /health
[API REQUEST] No parameters
====================================================================================================

[API RESPONSE] ✅ 200 GET /health


====================================================================================================
[API REQUEST] GET /health
[API REQUEST] No parameters
====================================================================================================

[API RESPONSE] ✅ 200 GET /health


====================================================================================================
[API REQUEST] GET /health
[API REQUEST] No parameters
====================================================================================================

[API RESPONSE] ✅ 200 GET /health


====================================================================================================
[API REQUEST] GET /health
[API REQUEST] No parameters
====================================================================================================

[API RESPONSE] ✅ 200 GET /health


====================================================================================================
[API REQUEST] GET /health
[API REQUEST] No parameters
====================================================================================================

[API RESPONSE] ✅ 200 GET /health


====================================================================================================
[API REQUEST] GET /health
[API REQUEST] No parameters
====================================================================================================

[API RESPONSE] ✅ 200 GET /health


====================================================================================================
[API REQUEST] GET /health
[API REQUEST] No parameters
127.0.0.1 - - [15/Jan/2026 04:47:50] "GET /health HTTP/1.1" 200 -
127.0.0.1 - - [15/Jan/2026 04:47:55] "GET /health HTTP/1.1" 200 -
127.0.0.1 - - [15/Jan/2026 04:48:00] "GET /health HTTP/1.1" 200 -
127.0.0.1 - - [15/Jan/2026 04:48:06] "GET /health HTTP/1.1" 200 -
127.0.0.1 - - [15/Jan/2026 04:48:11] "GET /health HTTP/1.1" 200 -
127.0.0.1 - - [15/Jan/2026 04:48:16] "GET /health HTTP/1.1" 200 -
127.0.0.1 - - [15/Jan/2026 04:48:21] "GET /health HTTP/1.1" 200 -
127.0.0.1 - - [15/Jan/2026 04:48:26] "GET /health HTTP/1.1" 200 -
127.0.0.1 - - [15/Jan/2026 04:48:32] "GET /health HTTP/1.1" 200 -
127.0.0.1 - - [15/Jan/2026 04:48:37] "GET /health HTTP/1.1" 200 -
127.0.0.1 - - [15/Jan/2026 04:48:43] "GET /health HTTP/1.1" 200 -
127.0.0.1 - - [15/Jan/2026 04:48:49] "GET /health HTTP/1.1" 200 -
127.0.0.1 - - [15/Jan/2026 04:48:55] "GET /health HTTP/1.1" 200 -
127.0.0.1 - - [15/Jan/2026 04:49:02] "GET /health HTTP/1.1" 200 -
127.0.0.1 - - [15/Jan/2026 04:49:09] "GET /health HTTP/1.1" 200 -
127.0.0.1 - - [15/Jan/2026 04:49:15] "GET /health HTTP/1.1" 200 -
127.0.0.1 - - [15/Jan/2026 04:49:20] "GET /health HTTP/1.1" 200 -
127.0.0.1 - - [15/Jan/2026 04:49:26] "GET /health HTTP/1.1" 200 -
127.0.0.1 - - [15/Jan/2026 04:49:32] "GET /health HTTP/1.1" 200 -
127.0.0.1 - - [15/Jan/2026 04:49:38] "GET /health HTTP/1.1" 200 -
127.0.0.1 - - [15/Jan/2026 04:49:44] "GET /health HTTP/1.1" 200 -
127.0.0.1 - - [15/Jan/2026 04:49:49] "GET /health HTTP/1.1" 200 -
127.0.0.1 - - [15/Jan/2026 04:49:54] "GET /health HTTP/1.1" 200 -
127.0.0.1 - - [15/Jan/2026 04:49:59] "GET /health HTTP/1.1" 200 -
127.0.0.1 - - [15/Jan/2026 04:50:04] "GET /health HTTP/1.1" 200 -
127.0.0.1 - - [15/Jan/2026 04:50:09] "GET /health HTTP/1.1" 200 -
127.0.0.1 - - [15/Jan/2026 04:50:14] "GET /health HTTP/1.1" 200 -
127.0.0.1 - - [15/Jan/2026 04:50:19] "GET /health HTTP/1.1" 200 -
====================================================================================================

[API RESPONSE] ✅ 200 GET /health


====================================================================================================
[API REQUEST] GET /health
[API REQUEST] No parameters
====================================================================================================

[API RESPONSE] ✅ 200 GET /health


====================================================================================================
[API REQUEST] GET /health
[API REQUEST] No parameters
====================================================================================================

[API RESPONSE] ✅ 200 GET /health


====================================================================================================
[API REQUEST] GET /health
[API REQUEST] No parameters
====================================================================================================

[API RESPONSE] ✅ 200 GET /health


====================================================================================================
[API REQUEST] GET /health
[API REQUEST] No parameters
====================================================================================================

[API RESPONSE] ✅ 200 GET /health


====================================================================================================
[API REQUEST] GET /health
[API REQUEST] No parameters
====================================================================================================

[API RESPONSE] ✅ 200 GET /health


====================================================================================================
[API REQUEST] GET /health
[API REQUEST] No parameters
====================================================================================================

[API RESPONSE] ✅ 200 GET /health


====================================================================================================
[API REQUEST] GET /health
[API REQUEST] No parameters
====================================================================================================

[API RESPONSE] ✅ 200 GET /health


====================================================================================================
[API REQUEST] GET /health
[API REQUEST] No parameters
====================================================================================================

[API RESPONSE] ✅ 200 GET /health


====================================================================================================
[API REQUEST] GET /health
[API REQUEST] No parameters
====================================================================================================

[API RESPONSE] ✅ 200 GET /health


====================================================================================================
[API REQUEST] GET /health
[API REQUEST] No parameters
====================================================================================================

[API RESPONSE] ✅ 200 GET /health


====================================================================================================
[API REQUEST] GET /health
[API REQUEST] No parameters
====================================================================================================

[API RESPONSE] ✅ 200 GET /health


====================================================================================================
[API REQUEST] GET /health
[API REQUEST] No parameters
====================================================================================================

[API RESPONSE] ✅ 200 GET /health


====================================================================================================
[API REQUEST] GET /health
[API REQUEST] No parameters
====================================================================================================

[API RESPONSE] ✅ 200 GET /health


====================================================================================================
[API REQUEST] GET /health
[API REQUEST] No parameters
====================================================================================================

[API RESPONSE] ✅ 200 GET /health


====================================================================================================
[API REQUEST] GET /health
[API REQUEST] No parameters
====================================================================================================

[API RESPONSE] ✅ 200 GET /health


====================================================================================================
[API REQUEST] GET /health
[API REQUEST] No parameters
====================================================================================================

[API RESPONSE] ✅ 200 GET /health


====================================================================================================
[API REQUEST] GET /health
[API REQUEST] No parameters
====================================================================================================

[API RESPONSE] ✅ 200 GET /health


====================================================================================================
[API REQUEST] GET /health
[API REQUEST] No parameters
====================================================================================================

[API RESPONSE] ✅ 200 GET /health


====================================================================================================
[API REQUEST] GET /health
[API REQUEST] No parameters
====================================================================================================

[API RESPONSE] ✅ 200 GET /health


====================================================================================================
[API REQUEST] GET /health
[API REQUEST] No parameters
====================================================================================================

[API RESPONSE] ✅ 200 GET /health


====================================================================================================
[API REQUEST] GET /health
[API REQUEST] No parameters
====================================================================================================

[API RESPONSE] ✅ 200 GET /health


====================================================================================================
[API REQUEST] GET /health
[API REQUEST] No parameters
====================================================================================================

[API RESPONSE] ✅ 200 GET /health


====================================================================================================
[API REQUEST] GET /health
[API REQUEST] No parameters
====================================================================================================

[API RESPONSE] ✅ 200 GET /health


====================================================================================================
[API REQUEST] GET /health
[API REQUEST] No parameters
====================================================================================================

[API RESPONSE] ✅ 200 GET /health


====================================================================================================
[API REQUEST] GET /health
[API REQUEST] No parameters
====================================================================================================

[API RESPONSE] ✅ 200 GET /health


====================================================================================================
[API REQUEST] GET /health
[API REQUEST] No parameters
====================================================================================================

[API RESPONSE] ✅ 200 GET /health


====================================================================================================
[API REQUEST] GET /health
[API REQUEST] No parameters
====================================================================================================

[API RESPONSE] ✅ 200 GET /health


====================================================================================================
127.0.0.1 - - [15/Jan/2026 04:50:24] "GET /health HTTP/1.1" 200 -
127.0.0.1 - - [15/Jan/2026 04:50:29] "GET /health HTTP/1.1" 200 -
127.0.0.1 - - [15/Jan/2026 04:50:34] "GET /health HTTP/1.1" 200 -
127.0.0.1 - - [15/Jan/2026 04:50:39] "GET /health HTTP/1.1" 200 -
127.0.0.1 - - [15/Jan/2026 04:50:45] "GET /health HTTP/1.1" 200 -
127.0.0.1 - - [15/Jan/2026 04:50:50] "GET /health HTTP/1.1" 200 -
127.0.0.1 - - [15/Jan/2026 04:50:55] "GET /health HTTP/1.1" 200 -
127.0.0.1 - - [15/Jan/2026 04:51:00] "GET /health HTTP/1.1" 200 -
127.0.0.1 - - [15/Jan/2026 04:51:05] "GET /health HTTP/1.1" 200 -
127.0.0.1 - - [15/Jan/2026 04:51:10] "GET /health HTTP/1.1" 200 -
127.0.0.1 - - [15/Jan/2026 04:51:15] "GET /health HTTP/1.1" 200 -
127.0.0.1 - - [15/Jan/2026 04:51:20] "GET /health HTTP/1.1" 200 -
127.0.0.1 - - [15/Jan/2026 04:51:25] "GET /health HTTP/1.1" 200 -
127.0.0.1 - - [15/Jan/2026 04:51:30] "GET /health HTTP/1.1" 200 -
127.0.0.1 - - [15/Jan/2026 04:51:35] "GET /health HTTP/1.1" 200 -
127.0.0.1 - - [15/Jan/2026 04:51:40] "GET /health HTTP/1.1" 200 -
127.0.0.1 - - [15/Jan/2026 04:51:45] "GET /health HTTP/1.1" 200 -
127.0.0.1 - - [15/Jan/2026 04:51:50] "GET /health HTTP/1.1" 200 -
127.0.0.1 - - [15/Jan/2026 04:51:55] "GET /health HTTP/1.1" 200 -
127.0.0.1 - - [15/Jan/2026 04:52:00] "GET /health HTTP/1.1" 200 -
127.0.0.1 - - [15/Jan/2026 04:52:05] "GET /health HTTP/1.1" 200 -
127.0.0.1 - - [15/Jan/2026 04:52:10] "GET /health HTTP/1.1" 200 -
127.0.0.1 - - [15/Jan/2026 04:52:15] "GET /health HTTP/1.1" 200 -
127.0.0.1 - - [15/Jan/2026 04:52:20] "GET /health HTTP/1.1" 200 -
127.0.0.1 - - [15/Jan/2026 04:52:25] "GET /health HTTP/1.1" 200 -
127.0.0.1 - - [15/Jan/2026 04:52:30] "GET /health HTTP/1.1" 200 -
127.0.0.1 - - [15/Jan/2026 04:52:35] "GET /health HTTP/1.1" 200 -
127.0.0.1 - - [15/Jan/2026 04:52:40] "GET /health HTTP/1.1" 200 -
[API REQUEST] GET /health
[API REQUEST] No parameters
====================================================================================================

[API RESPONSE] ✅ 200 GET /health


====================================================================================================
[API REQUEST] GET /health
[API REQUEST] No parameters
====================================================================================================

[API RESPONSE] ✅ 200 GET /health


====================================================================================================
[API REQUEST] GET /health
[API REQUEST] No parameters
====================================================================================================

[API RESPONSE] ✅ 200 GET /health


====================================================================================================
[API REQUEST] GET /health
[API REQUEST] No parameters
====================================================================================================

[API RESPONSE] ✅ 200 GET /health


====================================================================================================
[API REQUEST] GET /health
[API REQUEST] No parameters
====================================================================================================

[API RESPONSE] ✅ 200 GET /health


====================================================================================================
[API REQUEST] GET /health
[API REQUEST] No parameters
====================================================================================================

[API RESPONSE] ✅ 200 GET /health


====================================================================================================
[API REQUEST] GET /health
[API REQUEST] No parameters
====================================================================================================

[API RESPONSE] ✅ 200 GET /health


====================================================================================================
[API REQUEST] GET /health
[API REQUEST] No parameters
====================================================================================================

[API RESPONSE] ✅ 200 GET /health


====================================================================================================
[API REQUEST] GET /health
[API REQUEST] No parameters
====================================================================================================

[API RESPONSE] ✅ 200 GET /health


====================================================================================================
[API REQUEST] GET /health
[API REQUEST] No parameters
====================================================================================================

[API RESPONSE] ✅ 200 GET /health


====================================================================================================
[API REQUEST] GET /health
[API REQUEST] No parameters
====================================================================================================

[API RESPONSE] ✅ 200 GET /health


====================================================================================================
[API REQUEST] GET /health
[API REQUEST] No parameters
====================================================================================================

[API RESPONSE] ✅ 200 GET /health


====================================================================================================
[API REQUEST] GET /health
[API REQUEST] No parameters
====================================================================================================

[API RESPONSE] ✅ 200 GET /health


====================================================================================================
[API REQUEST] GET /health
[API REQUEST] No parameters
====================================================================================================

[API RESPONSE] ✅ 200 GET /health


====================================================================================================
[API REQUEST] GET /health
[API REQUEST] No parameters
====================================================================================================

[API RESPONSE] ✅ 200 GET /health


====================================================================================================
[API REQUEST] GET /health
[API REQUEST] No parameters
====================================================================================================

[API RESPONSE] ✅ 200 GET /health


====================================================================================================
[API REQUEST] GET /health
[API REQUEST] No parameters
====================================================================================================

[API RESPONSE] ✅ 200 GET /health


====================================================================================================
[API REQUEST] GET /health
[API REQUEST] No parameters
====================================================================================================

[API RESPONSE] ✅ 200 GET /health


====================================================================================================
[API REQUEST] GET /health
[API REQUEST] No parameters
====================================================================================================

[API RESPONSE] ✅ 200 GET /health


====================================================================================================
[API REQUEST] GET /health
[API REQUEST] No parameters
====================================================================================================

[API RESPONSE] ✅ 200 GET /health


====================================================================================================
[API REQUEST] GET /health
[API REQUEST] No parameters
====================================================================================================

[API RESPONSE] ✅ 200 GET /health


====================================================================================================
[API REQUEST] GET /health
[API REQUEST] No parameters
====================================================================================================

[API RESPONSE] ✅ 200 GET /health


====================================================================================================
[API REQUEST] GET /health
[API REQUEST] No parameters
====================================================================================================

[API RESPONSE] ✅ 200 GET /health


====================================================================================================
[API REQUEST] GET /health
[API REQUEST] No parameters
====================================================================================================

[API RESPONSE] ✅ 200 GET /health


====================================================================================================
[API REQUEST] GET /health
[API REQUEST] No parameters
====================================================================================================

[API RESPONSE] ✅ 200 GET /health


====================================================================================================
[API REQUEST] GET /health
[API REQUEST] No parameters
====================================================================================================

[API RESPONSE] ✅ 200 GET /health


====================================================================================================
[API REQUEST] GET /health
[API REQUEST] No parameters
====================================================================================================

[API RESPONSE] ✅ 200 GET /health


====================================================================================================
[API REQUEST] GET /health
[API REQUEST] No parameters
====================================================================================================

[API RESPONSE] ✅ 200 GET /health

127.0.0.1 - - [15/Jan/2026 04:52:45] "GET /health HTTP/1.1" 200 -
127.0.0.1 - - [15/Jan/2026 04:52:50] "GET /health HTTP/1.1" 200 -
127.0.0.1 - - [15/Jan/2026 04:52:55] "GET /health HTTP/1.1" 200 -
127.0.0.1 - - [15/Jan/2026 04:53:00] "GET /health HTTP/1.1" 200 -
127.0.0.1 - - [15/Jan/2026 04:53:05] "GET /health HTTP/1.1" 200 -
127.0.0.1 - - [15/Jan/2026 04:53:10] "GET /health HTTP/1.1" 200 -
127.0.0.1 - - [15/Jan/2026 04:53:15] "GET /health HTTP/1.1" 200 -
127.0.0.1 - - [15/Jan/2026 04:53:20] "GET /health HTTP/1.1" 200 -
127.0.0.1 - - [15/Jan/2026 04:53:25] "GET /health HTTP/1.1" 200 -
127.0.0.1 - - [15/Jan/2026 04:53:30] "GET /health HTTP/1.1" 200 -
127.0.0.1 - - [15/Jan/2026 04:53:35] "GET /health HTTP/1.1" 200 -
127.0.0.1 - - [15/Jan/2026 04:53:40] "GET /health HTTP/1.1" 200 -
127.0.0.1 - - [15/Jan/2026 04:53:45] "GET /health HTTP/1.1" 200 -
127.0.0.1 - - [15/Jan/2026 04:53:50] "GET /health HTTP/1.1" 200 -
127.0.0.1 - - [15/Jan/2026 04:53:55] "GET /health HTTP/1.1" 200 -
127.0.0.1 - - [15/Jan/2026 04:54:00] "GET /health HTTP/1.1" 200 -
127.0.0.1 - - [15/Jan/2026 04:54:05] "GET /health HTTP/1.1" 200 -
127.0.0.1 - - [15/Jan/2026 04:54:10] "GET /health HTTP/1.1" 200 -
127.0.0.1 - - [15/Jan/2026 04:54:15] "GET /health HTTP/1.1" 200 -
127.0.0.1 - - [15/Jan/2026 04:54:20] "GET /health HTTP/1.1" 200 -
127.0.0.1 - - [15/Jan/2026 04:54:25] "GET /health HTTP/1.1" 200 -
127.0.0.1 - - [15/Jan/2026 04:54:30] "GET /health HTTP/1.1" 200 -
127.0.0.1 - - [15/Jan/2026 04:54:35] "GET /health HTTP/1.1" 200 -
127.0.0.1 - - [15/Jan/2026 04:54:40] "GET /health HTTP/1.1" 200 -
127.0.0.1 - - [15/Jan/2026 04:54:46] "GET /health HTTP/1.1" 200 -
127.0.0.1 - - [15/Jan/2026 04:54:49] "GET /health HTTP/1.1" 200 -
127.0.0.1 - - [15/Jan/2026 04:54:51] "GET /health HTTP/1.1" 200 -

====================================================================================================
[API REQUEST] GET /health
[API REQUEST] No parameters
====================================================================================================

[API RESPONSE] ✅ 200 GET /health


====================================================================================================
[API REQUEST] GET /health
[API REQUEST] No parameters
====================================================================================================

[API RESPONSE] ✅ 200 GET /health


====================================================================================================
[API REQUEST] GET /health
[API REQUEST] No parameters
====================================================================================================

[API RESPONSE] ✅ 200 GET /health


====================================================================================================
[API REQUEST] GET /health
[API REQUEST] No parameters
====================================================================================================

[API RESPONSE] ✅ 200 GET /health


====================================================================================================
[API REQUEST] GET /health
[API REQUEST] No parameters
====================================================================================================

[API RESPONSE] ✅ 200 GET /health


====================================================================================================
[API REQUEST] GET /health
[API REQUEST] No parameters
====================================================================================================

[API RESPONSE] ✅ 200 GET /health


====================================================================================================
[API REQUEST] GET /health
[API REQUEST] No parameters
====================================================================================================

[API RESPONSE] ✅ 200 GET /health


====================================================================================================
[API REQUEST] GET /health
[API REQUEST] No parameters
====================================================================================================

[API RESPONSE] ✅ 200 GET /health


====================================================================================================
[API REQUEST] GET /health
[API REQUEST] No parameters
====================================================================================================

[API RESPONSE] ✅ 200 GET /health


====================================================================================================
[API REQUEST] GET /health
[API REQUEST] No parameters
====================================================================================================

[API RESPONSE] ✅ 200 GET /health


====================================================================================================
[API REQUEST] GET /health
[API REQUEST] No parameters
====================================================================================================

[API RESPONSE] ✅ 200 GET /health


====================================================================================================
[API REQUEST] GET /health
[API REQUEST] No parameters
====================================================================================================

[API RESPONSE] ✅ 200 GET /health


====================================================================================================
[API REQUEST] GET /health
[API REQUEST] No parameters
====================================================================================================

[API RESPONSE] ✅ 200 GET /health


====================================================================================================
[API REQUEST] GET /health
[API REQUEST] No parameters
====================================================================================================

[API RESPONSE] ✅ 200 GET /health


====================================================================================================
[API REQUEST] GET /health
[API REQUEST] No parameters
====================================================================================================

[API RESPONSE] ✅ 200 GET /health


====================================================================================================
[API REQUEST] GET /health
[API REQUEST] No parameters
====================================================================================================

[API RESPONSE] ✅ 200 GET /health


====================================================================================================
[API REQUEST] GET /health
[API REQUEST] No parameters
====================================================================================================

[API RESPONSE] ✅ 200 GET /health


====================================================================================================
[API REQUEST] GET /health
[API REQUEST] No parameters
====================================================================================================

[API RESPONSE] ✅ 200 GET /health


====================================================================================================
[API REQUEST] GET /health
[API REQUEST] No parameters
====================================================================================================

[API RESPONSE] ✅ 200 GET /health


====================================================================================================
[API REQUEST] GET /health
[API REQUEST] No parameters
====================================================================================================

[API RESPONSE] ✅ 200 GET /health


====================================================================================================
[API REQUEST] GET /health
[API REQUEST] No parameters
====================================================================================================

[API RESPONSE] ✅ 200 GET /health


====================================================================================================
[API REQUEST] GET /health
[API REQUEST] No parameters
====================================================================================================

[API RESPONSE] ✅ 200 GET /health


====================================================================================================
[API REQUEST] GET /health
[API REQUEST] No parameters
====================================================================================================

[API RESPONSE] ✅ 200 GET /health


====================================================================================================
[API REQUEST] GET /health
[API REQUEST] No parameters
====================================================================================================

[API RESPONSE] ✅ 200 GET /health


====================================================================================================
[API REQUEST] GET /health
[API REQUEST] No parameters
====================================================================================================

[API RESPONSE] ✅ 200 GET /health


====================================================================================================
[API REQUEST] GET /health
[API REQUEST] No parameters
====================================================================================================

[API RESPONSE] ✅ 200 GET /health


====================================================================================================
[API REQUEST] GET /health
[API REQUEST] No parameters
====================================================================================================

[API RESPONSE] ✅ 200 GET /health

