[INFO] Job Service v2.3-DB-FIXED starting...
[INFO] Database connection management fixed for real-time status updates
[INIT] AI_SERVICE_URL: http://127.0.0.1:5100/analyze
[INIT] Port: 5005
[INIT] Database: /Users/shaydu/dev/mondrian-macos/mondrian/mondrian.db
[INIT] Debug mode: False
[INIT] Created directories
[INIT] Initializing database...
[INIT] Database schema OK
[INIT] RAG Default: ENABLED (from RAG_ENABLED env var)
============================================================
Starting Job Service v2.3-DB-FIXED on port 5005...
Host: 0.0.0.0:5005
AI Service: http://127.0.0.1:5100/analyze
============================================================
 * Serving Flask app 'job_service_v2.3'
 * Debug mode: off
[31m[1mWARNING: This is a development server. Do not use it in a production deployment. Use a production WSGI server instead.[0m
 * Running on all addresses (0.0.0.0)
 * Running on http://127.0.0.1:5005
 * Running on http://10.0.0.131:5005
[33mPress CTRL+C to quit[0m
127.0.0.1 - - [15/Jan/2026 05:50:34] "GET /health HTTP/1.1" 200 -
127.0.0.1 - - [15/Jan/2026 05:50:35] "GET /health HTTP/1.1" 200 -
127.0.0.1 - - [15/Jan/2026 05:50:36] "GET /health HTTP/1.1" 200 -
127.0.0.1 - - [15/Jan/2026 05:50:39] "GET /health HTTP/1.1" 200 -
127.0.0.1 - - [15/Jan/2026 05:50:40] "GET /health HTTP/1.1" 200 -
127.0.0.1 - - [15/Jan/2026 05:50:40] "GET /health HTTP/1.1" 200 -
127.0.0.1 - - [15/Jan/2026 05:50:40] "GET /health HTTP/1.1" 200 -
127.0.0.1 - - [15/Jan/2026 05:50:44] "GET /health HTTP/1.1" 200 -
127.0.0.1 - - [15/Jan/2026 05:50:45] "GET /health HTTP/1.1" 200 -
127.0.0.1 - - [15/Jan/2026 05:50:45] "GET /health HTTP/1.1" 200 -
127.0.0.1 - - [15/Jan/2026 05:50:46] "GET /health HTTP/1.1" 200 -
127.0.0.1 - - [15/Jan/2026 05:50:50] "GET /health HTTP/1.1" 200 -
127.0.0.1 - - [15/Jan/2026 05:50:50] "GET /health HTTP/1.1" 200 -
127.0.0.1 - - [15/Jan/2026 05:50:50] "GET /health HTTP/1.1" 200 -
127.0.0.1 - - [15/Jan/2026 05:50:55] "GET /health HTTP/1.1" 200 -
127.0.0.1 - - [15/Jan/2026 05:50:55] "GET /health HTTP/1.1" 200 -
127.0.0.1 - - [15/Jan/2026 05:50:55] "GET /health HTTP/1.1" 200 -
127.0.0.1 - - [15/Jan/2026 05:51:00] "GET /health HTTP/1.1" 200 -
127.0.0.1 - - [15/Jan/2026 05:51:00] "GET /health HTTP/1.1" 200 -
127.0.0.1 - - [15/Jan/2026 05:51:00] "GET /health HTTP/1.1" 200 -
127.0.0.1 - - [15/Jan/2026 05:51:05] "GET /health HTTP/1.1" 200 -
127.0.0.1 - - [15/Jan/2026 05:51:05] "GET /health HTTP/1.1" 200 -
127.0.0.1 - - [15/Jan/2026 05:51:05] "GET /health HTTP/1.1" 200 -
127.0.0.1 - - [15/Jan/2026 05:51:10] "GET /health HTTP/1.1" 200 -
127.0.0.1 - - [15/Jan/2026 05:51:10] "GET /health HTTP/1.1" 200 -
127.0.0.1 - - [15/Jan/2026 05:51:11] "GET /health HTTP/1.1" 200 -
127.0.0.1 - - [15/Jan/2026 05:51:15] "GET /health HTTP/1.1" 200 -

====================================================================================================
[API REQUEST] GET /health
[API REQUEST] No parameters
====================================================================================================

[API RESPONSE] ✅ 200 GET /health


====================================================================================================
[API REQUEST] GET /health
[API REQUEST] No parameters
====================================================================================================

[API RESPONSE] ✅ 200 GET /health


====================================================================================================
[API REQUEST] GET /health
[API REQUEST] No parameters
====================================================================================================

[API RESPONSE] ✅ 200 GET /health


====================================================================================================
[API REQUEST] GET /health
[API REQUEST] No parameters
====================================================================================================

[API RESPONSE] ✅ 200 GET /health


====================================================================================================
[API REQUEST] GET /health
[API REQUEST] No parameters
====================================================================================================

[API RESPONSE] ✅ 200 GET /health


====================================================================================================
[API REQUEST] GET /health
[API REQUEST] No parameters
====================================================================================================

[API RESPONSE] ✅ 200 GET /health


====================================================================================================
[API REQUEST] GET /health
[API REQUEST] No parameters
====================================================================================================

[API RESPONSE] ✅ 200 GET /health


====================================================================================================
[API REQUEST] GET /health
[API REQUEST] No parameters
====================================================================================================

[API RESPONSE] ✅ 200 GET /health


====================================================================================================
[API REQUEST] GET /health
[API REQUEST] No parameters
====================================================================================================

[API RESPONSE] ✅ 200 GET /health


====================================================================================================
[API REQUEST] GET /health
[API REQUEST] No parameters
====================================================================================================

[API RESPONSE] ✅ 200 GET /health


====================================================================================================
[API REQUEST] GET /health
[API REQUEST] No parameters
====================================================================================================

[API RESPONSE] ✅ 200 GET /health


====================================================================================================
[API REQUEST] GET /health
[API REQUEST] No parameters
====================================================================================================

[API RESPONSE] ✅ 200 GET /health


====================================================================================================
[API REQUEST] GET /health
[API REQUEST] No parameters
====================================================================================================

[API RESPONSE] ✅ 200 GET /health


====================================================================================================
[API REQUEST] GET /health
[API REQUEST] No parameters
====================================================================================================

[API RESPONSE] ✅ 200 GET /health


====================================================================================================
[API REQUEST] GET /health
[API REQUEST] No parameters
====================================================================================================

[API RESPONSE] ✅ 200 GET /health


====================================================================================================
[API REQUEST] GET /health
[API REQUEST] No parameters
====================================================================================================

[API RESPONSE] ✅ 200 GET /health


====================================================================================================
[API REQUEST] GET /health
[API REQUEST] No parameters
====================================================================================================

[API RESPONSE] ✅ 200 GET /health


====================================================================================================
[API REQUEST] GET /health
[API REQUEST] No parameters
====================================================================================================

[API RESPONSE] ✅ 200 GET /health


====================================================================================================
[API REQUEST] GET /health
[API REQUEST] No parameters
====================================================================================================

[API RESPONSE] ✅ 200 GET /health


====================================================================================================
[API REQUEST] GET /health
[API REQUEST] No parameters
====================================================================================================

[API RESPONSE] ✅ 200 GET /health


====================================================================================================
[API REQUEST] GET /health
[API REQUEST] No parameters
====================================================================================================

[API RESPONSE] ✅ 200 GET /health


====================================================================================================
[API REQUEST] GET /health
[API REQUEST] No parameters
====================================================================================================

[API RESPONSE] ✅ 200 GET /health


====================================================================================================
[API REQUEST] GET /health
[API REQUEST] No parameters
====================================================================================================

[API RESPONSE] ✅ 200 GET /health


====================================================================================================
[API REQUEST] GET /health
[API REQUEST] No parameters
====================================================================================================

[API RESPONSE] ✅ 200 GET /health


====================================================================================================
[API REQUEST] GET /health
[API REQUEST] No parameters
====================================================================================================

[API RESPONSE] ✅ 200 GET /health


====================================================================================================
[API REQUEST] GET /health
[API REQUEST] No parameters
====================================================================================================

[API RESPONSE] ✅ 200 GET /health


====================================================================================================
[API REQUEST] GET /health
[API REQUEST] No parameters
====================================================================================================

[API RESPONSE] ✅ 200 GET /health


====================================================================================================
[API REQUEST] GET /health
[API REQUEST] No parameters
127.0.0.1 - - [15/Jan/2026 05:51:15] "GET /health HTTP/1.1" 200 -
127.0.0.1 - - [15/Jan/2026 05:51:16] "GET /health HTTP/1.1" 200 -
127.0.0.1 - - [15/Jan/2026 05:51:20] "GET /health HTTP/1.1" 200 -
127.0.0.1 - - [15/Jan/2026 05:51:20] "GET /health HTTP/1.1" 200 -
127.0.0.1 - - [15/Jan/2026 05:51:21] "GET /health HTTP/1.1" 200 -
127.0.0.1 - - [15/Jan/2026 05:51:25] "GET /health HTTP/1.1" 200 -
127.0.0.1 - - [15/Jan/2026 05:51:25] "GET /health HTTP/1.1" 200 -
127.0.0.1 - - [15/Jan/2026 05:51:26] "GET /health HTTP/1.1" 200 -
127.0.0.1 - - [15/Jan/2026 05:51:30] "GET /health HTTP/1.1" 200 -
127.0.0.1 - - [15/Jan/2026 05:51:30] "GET /health HTTP/1.1" 200 -
127.0.0.1 - - [15/Jan/2026 05:51:31] "GET /health HTTP/1.1" 200 -
127.0.0.1 - - [15/Jan/2026 05:51:35] "GET /health HTTP/1.1" 200 -
127.0.0.1 - - [15/Jan/2026 05:51:35] "GET /health HTTP/1.1" 200 -
127.0.0.1 - - [15/Jan/2026 05:51:36] "GET /health HTTP/1.1" 200 -
127.0.0.1 - - [15/Jan/2026 05:51:38] "GET /health HTTP/1.1" 200 -
127.0.0.1 - - [15/Jan/2026 05:51:41] "GET /health HTTP/1.1" 200 -
127.0.0.1 - - [15/Jan/2026 05:51:41] "GET /health HTTP/1.1" 200 -
127.0.0.1 - - [15/Jan/2026 05:51:41] "GET /health HTTP/1.1" 200 -
127.0.0.1 - - [15/Jan/2026 05:51:46] "GET /health HTTP/1.1" 200 -
127.0.0.1 - - [15/Jan/2026 05:51:46] "GET /health HTTP/1.1" 200 -
127.0.0.1 - - [15/Jan/2026 05:51:46] "GET /health HTTP/1.1" 200 -
127.0.0.1 - - [15/Jan/2026 05:51:51] "GET /health HTTP/1.1" 200 -
127.0.0.1 - - [15/Jan/2026 05:51:51] "GET /health HTTP/1.1" 200 -
127.0.0.1 - - [15/Jan/2026 05:51:51] "GET /health HTTP/1.1" 200 -
127.0.0.1 - - [15/Jan/2026 05:51:56] "GET /health HTTP/1.1" 200 -
127.0.0.1 - - [15/Jan/2026 05:51:56] "GET /health HTTP/1.1" 200 -
127.0.0.1 - - [15/Jan/2026 05:51:56] "GET /health HTTP/1.1" 200 -
127.0.0.1 - - [15/Jan/2026 05:52:01] "GET /health HTTP/1.1" 200 -
====================================================================================================

[API RESPONSE] ✅ 200 GET /health


====================================================================================================
[API REQUEST] GET /health
[API REQUEST] No parameters
====================================================================================================

[API RESPONSE] ✅ 200 GET /health


====================================================================================================
[API REQUEST] GET /health
[API REQUEST] No parameters
====================================================================================================

[API RESPONSE] ✅ 200 GET /health


====================================================================================================
[API REQUEST] GET /health
[API REQUEST] No parameters
====================================================================================================

[API RESPONSE] ✅ 200 GET /health


====================================================================================================
[API REQUEST] GET /health
[API REQUEST] No parameters
====================================================================================================

[API RESPONSE] ✅ 200 GET /health


====================================================================================================
[API REQUEST] GET /health
[API REQUEST] No parameters
====================================================================================================

[API RESPONSE] ✅ 200 GET /health


====================================================================================================
[API REQUEST] GET /health
[API REQUEST] No parameters
====================================================================================================

[API RESPONSE] ✅ 200 GET /health


====================================================================================================
[API REQUEST] GET /health
[API REQUEST] No parameters
====================================================================================================

[API RESPONSE] ✅ 200 GET /health


====================================================================================================
[API REQUEST] GET /health
[API REQUEST] No parameters
====================================================================================================

[API RESPONSE] ✅ 200 GET /health


====================================================================================================
[API REQUEST] GET /health
[API REQUEST] No parameters
====================================================================================================

[API RESPONSE] ✅ 200 GET /health


====================================================================================================
[API REQUEST] GET /health
[API REQUEST] No parameters
====================================================================================================

[API RESPONSE] ✅ 200 GET /health


====================================================================================================
[API REQUEST] GET /health
[API REQUEST] No parameters
====================================================================================================

[API RESPONSE] ✅ 200 GET /health


====================================================================================================
[API REQUEST] GET /health
[API REQUEST] No parameters
====================================================================================================

[API RESPONSE] ✅ 200 GET /health


====================================================================================================
[API REQUEST] GET /health
[API REQUEST] No parameters
====================================================================================================

[API RESPONSE] ✅ 200 GET /health


====================================================================================================
[API REQUEST] GET /health
[API REQUEST] No parameters
====================================================================================================

[API RESPONSE] ✅ 200 GET /health


====================================================================================================
[API REQUEST] GET /health
[API REQUEST] No parameters
====================================================================================================

[API RESPONSE] ✅ 200 GET /health


====================================================================================================
[API REQUEST] GET /health
[API REQUEST] No parameters
====================================================================================================

[API RESPONSE] ✅ 200 GET /health


====================================================================================================
[API REQUEST] GET /health
[API REQUEST] No parameters
====================================================================================================

[API RESPONSE] ✅ 200 GET /health


====================================================================================================
[API REQUEST] GET /health
[API REQUEST] No parameters
====================================================================================================

[API RESPONSE] ✅ 200 GET /health


====================================================================================================
[API REQUEST] GET /health
[API REQUEST] No parameters
====================================================================================================

[API RESPONSE] ✅ 200 GET /health


====================================================================================================
[API REQUEST] GET /health
[API REQUEST] No parameters
====================================================================================================

[API RESPONSE] ✅ 200 GET /health


====================================================================================================
[API REQUEST] GET /health
[API REQUEST] No parameters
====================================================================================================


====================================================================================================
[API REQUEST] GET /health
[API REQUEST] No parameters
====================================================================================================

[API RESPONSE] ✅ 200 GET /health

[API RESPONSE] ✅ 200 GET /health


====================================================================================================
[API REQUEST] GET /health
[API REQUEST] No parameters
====================================================================================================

[API RESPONSE] ✅ 200 GET /health


====================================================================================================
[API REQUEST] GET /health
[API REQUEST] No parameters
====================================================================================================

[API RESPONSE] ✅ 200 GET /health


====================================================================================================
[API REQUEST] GET /health
[API REQUEST] No parameters
====================================================================================================

[API RESPONSE] ✅ 200 GET /health


====================================================================================================
[API REQUEST] GET /health
[API REQUEST] No parameters
====================================================================================================

[API RESPONSE] ✅ 200 GET /health


====================================================================================================
[API REQUEST] GET /health
[API REQUEST] No parameters
====================================================================================================

[API RESPONSE] ✅ 200 GET /health


====================================================================================================
127.0.0.1 - - [15/Jan/2026 05:52:01] "GET /health HTTP/1.1" 200 -
127.0.0.1 - - [15/Jan/2026 05:52:01] "GET /health HTTP/1.1" 200 -
127.0.0.1 - - [15/Jan/2026 05:52:06] "GET /health HTTP/1.1" 200 -
127.0.0.1 - - [15/Jan/2026 05:52:06] "GET /health HTTP/1.1" 200 -
127.0.0.1 - - [15/Jan/2026 05:52:06] "GET /health HTTP/1.1" 200 -
127.0.0.1 - - [15/Jan/2026 05:52:11] "GET /health HTTP/1.1" 200 -
127.0.0.1 - - [15/Jan/2026 05:52:11] "GET /health HTTP/1.1" 200 -
127.0.0.1 - - [15/Jan/2026 05:52:11] "GET /health HTTP/1.1" 200 -
127.0.0.1 - - [15/Jan/2026 05:52:16] "GET /health HTTP/1.1" 200 -
127.0.0.1 - - [15/Jan/2026 05:52:16] "GET /health HTTP/1.1" 200 -
127.0.0.1 - - [15/Jan/2026 05:52:16] "GET /health HTTP/1.1" 200 -
127.0.0.1 - - [15/Jan/2026 05:52:22] "GET /health HTTP/1.1" 200 -
127.0.0.1 - - [15/Jan/2026 05:52:22] "GET /health HTTP/1.1" 200 -
127.0.0.1 - - [15/Jan/2026 05:52:22] "GET /health HTTP/1.1" 200 -
127.0.0.1 - - [15/Jan/2026 05:52:27] "GET /health HTTP/1.1" 200 -
127.0.0.1 - - [15/Jan/2026 05:52:27] "GET /health HTTP/1.1" 200 -
127.0.0.1 - - [15/Jan/2026 05:52:27] "GET /health HTTP/1.1" 200 -
127.0.0.1 - - [15/Jan/2026 05:52:33] "GET /health HTTP/1.1" 200 -
127.0.0.1 - - [15/Jan/2026 05:52:33] "GET /health HTTP/1.1" 200 -
127.0.0.1 - - [15/Jan/2026 05:52:33] "GET /health HTTP/1.1" 200 -
127.0.0.1 - - [15/Jan/2026 05:52:38] "GET /health HTTP/1.1" 200 -
127.0.0.1 - - [15/Jan/2026 05:52:38] "GET /health HTTP/1.1" 200 -
127.0.0.1 - - [15/Jan/2026 05:52:38] "GET /health HTTP/1.1" 200 -
127.0.0.1 - - [15/Jan/2026 05:52:44] "GET /health HTTP/1.1" 200 -
127.0.0.1 - - [15/Jan/2026 05:52:44] "GET /health HTTP/1.1" 200 -
127.0.0.1 - - [15/Jan/2026 05:52:44] "GET /health HTTP/1.1" 200 -
[API REQUEST] GET /health
[API REQUEST] No parameters
====================================================================================================

[API RESPONSE] ✅ 200 GET /health


====================================================================================================
[API REQUEST] GET /health
[API REQUEST] No parameters
====================================================================================================

[API RESPONSE] ✅ 200 GET /health


====================================================================================================
[API REQUEST] GET /health
[API REQUEST] No parameters
====================================================================================================

[API RESPONSE] ✅ 200 GET /health


====================================================================================================
[API REQUEST] GET /health
[API REQUEST] No parameters
====================================================================================================

[API RESPONSE] ✅ 200 GET /health


====================================================================================================
[API REQUEST] GET /health
[API REQUEST] No parameters
====================================================================================================

[API RESPONSE] ✅ 200 GET /health


====================================================================================================
[API REQUEST] GET /health
[API REQUEST] No parameters
====================================================================================================

[API RESPONSE] ✅ 200 GET /health


====================================================================================================
[API REQUEST] GET /health
[API REQUEST] No parameters
====================================================================================================

[API RESPONSE] ✅ 200 GET /health


====================================================================================================
[API REQUEST] GET /health
[API REQUEST] No parameters
====================================================================================================

[API RESPONSE] ✅ 200 GET /health


====================================================================================================
[API REQUEST] GET /health
[API REQUEST] No parameters
====================================================================================================

[API RESPONSE] ✅ 200 GET /health


====================================================================================================
[API REQUEST] GET /health
[API REQUEST] No parameters
====================================================================================================

[API RESPONSE] ✅ 200 GET /health


====================================================================================================
[API REQUEST] GET /health
[API REQUEST] No parameters
====================================================================================================

[API RESPONSE] ✅ 200 GET /health


====================================================================================================
[API REQUEST] GET /health
[API REQUEST] No parameters
====================================================================================================


====================================================================================================
[API REQUEST] GET /health
[API REQUEST] No parameters
====================================================================================================

[API RESPONSE] ✅ 200 GET /health

[API RESPONSE] ✅ 200 GET /health


====================================================================================================
[API REQUEST] GET /health
[API REQUEST] No parameters
====================================================================================================

[API RESPONSE] ✅ 200 GET /health


====================================================================================================
[API REQUEST] GET /health
[API REQUEST] No parameters
====================================================================================================


====================================================================================================
[API REQUEST] GET /health
[API REQUEST] No parameters
====================================================================================================

[API RESPONSE] ✅ 200 GET /health


====================================================================================================
[API REQUEST] GET /health
[API REQUEST] No parameters
====================================================================================================

[API RESPONSE] ✅ 200 GET /health

[API RESPONSE] ✅ 200 GET /health


====================================================================================================
[API REQUEST] GET /health
[API REQUEST] No parameters
====================================================================================================


====================================================================================================
[API REQUEST] GET /health
[API REQUEST] No parameters
====================================================================================================

[API RESPONSE] ✅ 200 GET /health

[API RESPONSE] ✅ 200 GET /health


====================================================================================================
[API REQUEST] GET /health
[API REQUEST] No parameters
====================================================================================================

[API RESPONSE] ✅ 200 GET /health


====================================================================================================
[API REQUEST] GET /health
[API REQUEST] No parameters
====================================================================================================


====================================================================================================
[API REQUEST] GET /health
[API REQUEST] No parameters
====================================================================================================


====================================================================================================
[API REQUEST] GET /health
[API REQUEST] No parameters
====================================================================================================

[API RESPONSE] ✅ 200 GET /health

[API RESPONSE] ✅ 200 GET /health

[API RESPONSE] ✅ 200 GET /health


====================================================================================================
[API REQUEST] GET /health
[API REQUEST] No parameters
====================================================================================================


====================================================================================================
[API REQUEST] GET /health
[API REQUEST] No parameters
====================================================================================================


====================================================================================================
[API REQUEST] GET /health
[API REQUEST] No parameters
====================================================================================================

[API RESPONSE] ✅ 200 GET /health

[API RESPONSE] ✅ 200 GET /health

[API RESPONSE] ✅ 200 GET /health


====================================================================================================
[API REQUEST] GET /health
[API REQUEST] No parameters
====================================================================================================


====================================================================================================
[API REQUEST] GET /health
[API REQUEST] No parameters
====================================================================================================


====================================================================================================
[API REQUEST] GET /health
127.0.0.1 - - [15/Jan/2026 05:52:51] "GET /health HTTP/1.1" 200 -
127.0.0.1 - - [15/Jan/2026 05:52:51] "GET /health HTTP/1.1" 200 -
127.0.0.1 - - [15/Jan/2026 05:52:51] "GET /health HTTP/1.1" 200 -
127.0.0.1 - - [15/Jan/2026 05:52:57] "GET /health HTTP/1.1" 200 -
127.0.0.1 - - [15/Jan/2026 05:52:57] "GET /health HTTP/1.1" 200 -
127.0.0.1 - - [15/Jan/2026 05:52:57] "GET /health HTTP/1.1" 200 -
127.0.0.1 - - [15/Jan/2026 05:53:03] "GET /health HTTP/1.1" 200 -
127.0.0.1 - - [15/Jan/2026 05:53:03] "GET /health HTTP/1.1" 200 -
127.0.0.1 - - [15/Jan/2026 05:53:03] "GET /health HTTP/1.1" 200 -
127.0.0.1 - - [15/Jan/2026 05:53:09] "GET /health HTTP/1.1" 200 -
127.0.0.1 - - [15/Jan/2026 05:53:09] "GET /health HTTP/1.1" 200 -
127.0.0.1 - - [15/Jan/2026 05:53:09] "GET /health HTTP/1.1" 200 -
127.0.0.1 - - [15/Jan/2026 05:53:16] "GET /health HTTP/1.1" 200 -
127.0.0.1 - - [15/Jan/2026 05:53:16] "GET /health HTTP/1.1" 200 -
127.0.0.1 - - [15/Jan/2026 05:53:16] "GET /health HTTP/1.1" 200 -
127.0.0.1 - - [15/Jan/2026 05:53:22] "GET /health HTTP/1.1" 200 -
127.0.0.1 - - [15/Jan/2026 05:53:22] "GET /health HTTP/1.1" 200 -
127.0.0.1 - - [15/Jan/2026 05:53:22] "GET /health HTTP/1.1" 200 -
127.0.0.1 - - [15/Jan/2026 05:53:28] "GET /health HTTP/1.1" 200 -
127.0.0.1 - - [15/Jan/2026 05:53:28] "GET /health HTTP/1.1" 200 -
127.0.0.1 - - [15/Jan/2026 05:53:28] "GET /health HTTP/1.1" 200 -
127.0.0.1 - - [15/Jan/2026 05:53:35] "GET /health HTTP/1.1" 200 -
127.0.0.1 - - [15/Jan/2026 05:53:35] "GET /health HTTP/1.1" 200 -
127.0.0.1 - - [15/Jan/2026 05:53:35] "GET /health HTTP/1.1" 200 -
127.0.0.1 - - [15/Jan/2026 05:53:41] "GET /health HTTP/1.1" 200 -
127.0.0.1 - - [15/Jan/2026 05:53:41] "GET /health HTTP/1.1" 200 -
127.0.0.1 - - [15/Jan/2026 05:53:41] "GET /health HTTP/1.1" 200 -
127.0.0.1 - - [15/Jan/2026 05:53:47] "GET /health HTTP/1.1" 200 -
127.0.0.1 - - [15/Jan/2026 05:53:47] "GET /health HTTP/1.1" 200 -
127.0.0.1 - - [15/Jan/2026 05:53:47] "GET /health HTTP/1.1" 200 -
[API REQUEST] No parameters
====================================================================================================

[API RESPONSE] ✅ 200 GET /health


====================================================================================================
[API REQUEST] GET /health
[API REQUEST] No parameters
====================================================================================================


====================================================================================================
[API REQUEST] GET /health
[API REQUEST] No parameters
====================================================================================================

[API RESPONSE] ✅ 200 GET /health

[API RESPONSE] ✅ 200 GET /health


====================================================================================================
[API REQUEST] GET /health
[API REQUEST] No parameters
====================================================================================================

[API RESPONSE] ✅ 200 GET /health


====================================================================================================
[API REQUEST] GET /health
[API REQUEST] No parameters
====================================================================================================


====================================================================================================
[API REQUEST] GET /health
[API REQUEST] No parameters
====================================================================================================


====================================================================================================
[API REQUEST] GET /health
[API REQUEST] No parameters
====================================================================================================

[API RESPONSE] ✅ 200 GET /health

[API RESPONSE] ✅ 200 GET /health

[API RESPONSE] ✅ 200 GET /health


====================================================================================================
[API REQUEST] GET /health
[API REQUEST] No parameters
====================================================================================================


====================================================================================================
[API REQUEST] GET /health
[API REQUEST] No parameters
====================================================================================================


====================================================================================================
[API REQUEST] GET /health
[API REQUEST] No parameters
====================================================================================================

[API RESPONSE] ✅ 200 GET /health

[API RESPONSE] ✅ 200 GET /health

[API RESPONSE] ✅ 200 GET /health


====================================================================================================
[API REQUEST] GET /health
[API REQUEST] No parameters
====================================================================================================


====================================================================================================
[API REQUEST] GET /health
[API REQUEST] No parameters
====================================================================================================

[API RESPONSE] ✅ 200 GET /health


====================================================================================================
[API REQUEST] GET /health
[API REQUEST] No parameters
====================================================================================================

[API RESPONSE] ✅ 200 GET /health

[API RESPONSE] ✅ 200 GET /health


====================================================================================================
[API REQUEST] GET /health
[API REQUEST] No parameters
====================================================================================================


====================================================================================================
[API REQUEST] GET /health
[API REQUEST] No parameters
====================================================================================================


====================================================================================================
[API REQUEST] GET /health
[API REQUEST] No parameters
====================================================================================================

[API RESPONSE] ✅ 200 GET /health

[API RESPONSE] ✅ 200 GET /health

[API RESPONSE] ✅ 200 GET /health


====================================================================================================
[API REQUEST] GET /health
[API REQUEST] No parameters
====================================================================================================


====================================================================================================
[API REQUEST] GET /health
[API REQUEST] No parameters
====================================================================================================


====================================================================================================
[API REQUEST] GET /health
[API REQUEST] No parameters
====================================================================================================

[API RESPONSE] ✅ 200 GET /health

[API RESPONSE] ✅ 200 GET /health

[API RESPONSE] ✅ 200 GET /health


====================================================================================================
[API REQUEST] GET /health
[API REQUEST] No parameters
====================================================================================================


====================================================================================================
[API REQUEST] GET /health
[API REQUEST] No parameters
====================================================================================================

[API RESPONSE] ✅ 200 GET /health


====================================================================================================
[API REQUEST] GET /health
[API REQUEST] No parameters
====================================================================================================

[API RESPONSE] ✅ 200 GET /health

[API RESPONSE] ✅ 200 GET /health


====================================================================================================
[API REQUEST] GET /health
[API REQUEST] No parameters
====================================================================================================


====================================================================================================
[API REQUEST] GET /health
[API REQUEST] No parameters
====================================================================================================

[API RESPONSE] ✅ 200 GET /health


====================================================================================================
[API REQUEST] GET /health
[API REQUEST] No parameters
====================================================================================================

[API RESPONSE] ✅ 200 GET /health

[API RESPONSE] ✅ 200 GET /health


====================================================================================================
[API REQUEST] GET /health
[API REQUEST] No parameters
====================================================================================================

[API RESPONSE] ✅ 200 GET /health


====================================================================================================
[API REQUEST] GET /health
[API REQUEST] No parameters
====================================================================================================

[API RESPONSE] ✅ 200 GET /health


====================================================================================================
[API REQUEST] GET /health
[API REQUEST] No parameters
====================================================================================================

[API RESPONSE] ✅ 200 GET /health

                                                                |th HTTP127.0.0.1 - - [15/Jan/2026 05:53:52] "GET /health HTTP/1.1" 200 -
127.0.0.1 - - [15/Jan/2026 05:53:52] "GET /health HTTP/1.1" 200 -
127.0.0.1 - - [15/Jan/2026 05:53:52] "GET /health HTTP/1.1" 200 -
127.0.0.1 - - [15/Jan/2026 05:53:57] "GET /health HTTP/1.1" 200 -
127.0.0.1 - - [15/Jan/2026 05:53:57] "GET /health HTTP/1.1" 200 -
127.0.0.1 - - [15/Jan/2026 05:53:57] "GET /health HTTP/1.1" 200 -
127.0.0.1 - - [15/Jan/2026 05:54:02] "GET /health HTTP/1.1" 200 -
127.0.0.1 - - [15/Jan/2026 05:54:02] "GET /health HTTP/1.1" 200 -
127.0.0.1 - - [15/Jan/2026 05:54:02] "GET /health HTTP/1.1" 200 -
127.0.0.1 - - [15/Jan/2026 05:54:07] "GET /health HTTP/1.1" 200 -
127.0.0.1 - - [15/Jan/2026 05:54:07] "GET /health HTTP/1.1" 200 -
127.0.0.1 - - [15/Jan/2026 05:54:07] "GET /health HTTP/1.1" 200 -
127.0.0.1 - - [15/Jan/2026 05:54:12] "GET /health HTTP/1.1" 200 -
127.0.0.1 - - [15/Jan/2026 05:54:12] "GET /health HTTP/1.1" 200 -
127.0.0.1 - - [15/Jan/2026 05:54:12] "GET /health HTTP/1.1" 200 -
127.0.0.1 - - [15/Jan/2026 05:54:17] "GET /health HTTP/1.1" 200 -
127.0.0.1 - - [15/Jan/2026 05:54:17] "GET /health HTTP/1.1" 200 -
127.0.0.1 - - [15/Jan/2026 05:54:17] "GET /health HTTP/1.1" 200 -
127.0.0.1 - - [15/Jan/2026 05:54:22] "GET /health HTTP/1.1" 200 -
127.0.0.1 - - [15/Jan/2026 05:54:22] "GET /health HTTP/1.1" 200 -
127.0.0.1 - - [15/Jan/2026 05:54:22] "GET /health HTTP/1.1" 200 -
127.0.0.1 - - [15/Jan/2026 05:54:27] "GET /health HTTP/1.1" 200 -
127.0.0.1 - - [15/Jan/2026 05:54:27] "GET /health HTTP/1.1" 200 -
127.0.0.1 - - [15/Jan/2026 05:54:27] "GET /health HTTP/1.1" 200 -
127.0.0.1 - - [15/Jan/2026 05:54:32] "GET /health HTTP/1.1" 200 -
127.0.0.1 - - [15/Jan/2026 05:54:32] "GET /health HTTP/1.1" 200 -
127.0.0.1 - - [15/Jan/2026 05:54:32] "GET /health HTTP/1.1" 200 -

====================================================================================================
[API REQUEST] GET /health
[API REQUEST] No parameters
====================================================================================================

[API RESPONSE] ✅ 200 GET /health


====================================================================================================
[API REQUEST] GET /health
[API REQUEST] No parameters
====================================================================================================

[API RESPONSE] ✅ 200 GET /health


====================================================================================================
[API REQUEST] GET /health
[API REQUEST] No parameters
====================================================================================================

[API RESPONSE] ✅ 200 GET /health


====================================================================================================
[API REQUEST] GET /health
[API REQUEST] No parameters
====================================================================================================

[API RESPONSE] ✅ 200 GET /health


====================================================================================================
[API REQUEST] GET /health
[API REQUEST] No parameters
====================================================================================================

[API RESPONSE] ✅ 200 GET /health


====================================================================================================
[API REQUEST] GET /health
[API REQUEST] No parameters
====================================================================================================

[API RESPONSE] ✅ 200 GET /health


====================================================================================================
[API REQUEST] GET /health
[API REQUEST] No parameters
====================================================================================================

[API RESPONSE] ✅ 200 GET /health


====================================================================================================
[API REQUEST] GET /health
[API REQUEST] No parameters
====================================================================================================

[API RESPONSE] ✅ 200 GET /health


====================================================================================================
[API REQUEST] GET /health
[API REQUEST] No parameters
====================================================================================================

[API RESPONSE] ✅ 200 GET /health


====================================================================================================
[API REQUEST] GET /health
[API REQUEST] No parameters
====================================================================================================

[API RESPONSE] ✅ 200 GET /health


====================================================================================================
[API REQUEST] GET /health
[API REQUEST] No parameters
====================================================================================================

[API RESPONSE] ✅ 200 GET /health


====================================================================================================
[API REQUEST] GET /health
[API REQUEST] No parameters
====================================================================================================

[API RESPONSE] ✅ 200 GET /health


====================================================================================================
[API REQUEST] GET /health
[API REQUEST] No parameters
====================================================================================================

[API RESPONSE] ✅ 200 GET /health


====================================================================================================
[API REQUEST] GET /health
[API REQUEST] No parameters
====================================================================================================

[API RESPONSE] ✅ 200 GET /health


====================================================================================================
[API REQUEST] GET /health
[API REQUEST] No parameters
====================================================================================================

[API RESPONSE] ✅ 200 GET /health


====================================================================================================
[API REQUEST] GET /health
[API REQUEST] No parameters
====================================================================================================

[API RESPONSE] ✅ 200 GET /health


====================================================================================================
[API REQUEST] GET /health
[API REQUEST] No parameters
====================================================================================================

[API RESPONSE] ✅ 200 GET /health


====================================================================================================
[API REQUEST] GET /health
[API REQUEST] No parameters
====================================================================================================

[API RESPONSE] ✅ 200 GET /health


====================================================================================================
[API REQUEST] GET /health
[API REQUEST] No parameters
====================================================================================================

[API RESPONSE] ✅ 200 GET /health


====================================================================================================
[API REQUEST] GET /health
[API REQUEST] No parameters
====================================================================================================

[API RESPONSE] ✅ 200 GET /health


====================================================================================================
[API REQUEST] GET /health
[API REQUEST] No parameters
====================================================================================================

[API RESPONSE] ✅ 200 GET /health


====================================================================================================
[API REQUEST] GET /health
[API REQUEST] No parameters
====================================================================================================

[API RESPONSE] ✅ 200 GET /health


====================================================================================================
[API REQUEST] GET /health
[API REQUEST] No parameters
====================================================================================================

[API RESPONSE] ✅ 200 GET /health


====================================================================================================
[API REQUEST] GET /health
[API REQUEST] No parameters
====================================================================================================

[API RESPONSE] ✅ 200 GET /health


====================================================================================================
[API REQUEST] GET /health
[API REQUEST] No parameters
====================================================================================================

[API RESPONSE] ✅ 200 GET /health


====================================================================================================
[API REQUEST] GET /health
[API REQUEST] No parameters
====================================================================================================

[API RESPONSE] ✅ 200 GET /health


====================================================================================================
[API REQUEST] GET /health
[API REQUEST] No parameters
====================================================================================================

[API RESPONSE] ✅ 200 GET /health


====================================================================================================
[API REQUEST] GET /health
[API REQUEST] No parameters
127.0.0.1 - - [15/Jan/2026 05:54:37] "GET /health HTTP/1.1" 200 -
127.0.0.1 - - [15/Jan/2026 05:54:37] "GET /health HTTP/1.1" 200 -
127.0.0.1 - - [15/Jan/2026 05:54:37] "GET /health HTTP/1.1" 200 -
