[INFO] Job Service v2.3-DB-FIXED starting...
[INFO] Database connection management fixed for real-time status updates
[CONFIG] ANALYSIS_MODE loaded: baseline (from env: baseline)
[INIT] AI_SERVICE_URL: http://127.0.0.1:5100/analyze
[INIT] Port: 5005
[INIT] Database: /Users/shaydu/dev/mondrian-macos/mondrian/mondrian.db
[INIT] Debug mode: False
[INIT] Created directories
[INIT] Initializing database...
[INIT] Database schema OK
[INIT] RAG Default: DISABLED (from RAG_ENABLED env var)
============================================================
Starting Job Service v2.3-DB-FIXED on port 5005...
Host: 0.0.0.0:5005
AI Service: http://127.0.0.1:5100/analyze
============================================================
 * Serving Flask app 'job_service_v2.3'
 * Debug mode: off
[31m[1mWARNING: This is a development server. Do not use it in a production deployment. Use a production WSGI server instead.[0m
 * Running on all addresses (0.0.0.0)
 * Running on http://127.0.0.1:5005
 * Running on http://10.0.0.131:5005
[33mPress CTRL+C to quit[0m
127.0.0.1 - - [15/Jan/2026 07:34:32] "GET /health HTTP/1.1" 200 -
127.0.0.1 - - [15/Jan/2026 07:34:32] "GET /health HTTP/1.1" 200 -
127.0.0.1 - - [15/Jan/2026 07:34:32] "GET /health HTTP/1.1" 200 -
127.0.0.1 - - [15/Jan/2026 07:34:32] "GET /health HTTP/1.1" 200 -
127.0.0.1 - - [15/Jan/2026 07:34:34] "GET /health HTTP/1.1" 200 -
127.0.0.1 - - [15/Jan/2026 07:34:36] "GET /health HTTP/1.1" 200 -
127.0.0.1 - - [15/Jan/2026 07:34:37] "GET /health HTTP/1.1" 200 -
127.0.0.1 - - [15/Jan/2026 07:34:37] "GET /health HTTP/1.1" 200 -
127.0.0.1 - - [15/Jan/2026 07:34:37] "GET /health HTTP/1.1" 200 -
127.0.0.1 - - [15/Jan/2026 07:34:37] "GET /health HTTP/1.1" 200 -
127.0.0.1 - - [15/Jan/2026 07:34:42] "GET /health HTTP/1.1" 200 -
127.0.0.1 - - [15/Jan/2026 07:34:42] "GET /health HTTP/1.1" 200 -
127.0.0.1 - - [15/Jan/2026 07:34:42] "GET /health HTTP/1.1" 200 -
127.0.0.1 - - [15/Jan/2026 07:34:42] "GET /health HTTP/1.1" 200 -
127.0.0.1 - - [15/Jan/2026 07:34:47] "GET /health HTTP/1.1" 200 -
127.0.0.1 - - [15/Jan/2026 07:34:47] "GET /health HTTP/1.1" 200 -
127.0.0.1 - - [15/Jan/2026 07:34:47] "GET /health HTTP/1.1" 200 -
127.0.0.1 - - [15/Jan/2026 07:34:47] "GET /health HTTP/1.1" 200 -
127.0.0.1 - - [15/Jan/2026 07:34:52] "GET /health HTTP/1.1" 200 -
127.0.0.1 - - [15/Jan/2026 07:34:52] "GET /health HTTP/1.1" 200 -
127.0.0.1 - - [15/Jan/2026 07:34:52] "GET /health HTTP/1.1" 200 -
127.0.0.1 - - [15/Jan/2026 07:34:52] "GET /health HTTP/1.1" 200 -
127.0.0.1 - - [15/Jan/2026 07:34:57] "GET /health HTTP/1.1" 200 -
127.0.0.1 - - [15/Jan/2026 07:34:57] "GET /health HTTP/1.1" 200 -
127.0.0.1 - - [15/Jan/2026 07:34:57] "GET /health HTTP/1.1" 200 -
127.0.0.1 - - [15/Jan/2026 07:34:57] "GET /health HTTP/1.1" 200 -
127.0.0.1 - - [15/Jan/2026 07:35:02] "GET /health HTTP/1.1" 200 -

====================================================================================================
[API REQUEST] GET /health
[API REQUEST] No parameters
====================================================================================================

[API RESPONSE] ✅ 200 GET /health


====================================================================================================
[API REQUEST] GET /health
[API REQUEST] No parameters
====================================================================================================

[API RESPONSE] ✅ 200 GET /health


====================================================================================================
[API REQUEST] GET /health
[API REQUEST] No parameters
====================================================================================================

[API RESPONSE] ✅ 200 GET /health


====================================================================================================
[API REQUEST] GET /health
[API REQUEST] No parameters
====================================================================================================

[API RESPONSE] ✅ 200 GET /health


====================================================================================================
[API REQUEST] GET /health
[API REQUEST] No parameters
====================================================================================================

[API RESPONSE] ✅ 200 GET /health


====================================================================================================
[API REQUEST] GET /health
[API REQUEST] No parameters
====================================================================================================

[API RESPONSE] ✅ 200 GET /health


====================================================================================================
[API REQUEST] GET /health
[API REQUEST] No parameters
====================================================================================================

[API RESPONSE] ✅ 200 GET /health


====================================================================================================
[API REQUEST] GET /health
[API REQUEST] No parameters
====================================================================================================

[API RESPONSE] ✅ 200 GET /health


====================================================================================================
[API REQUEST] GET /health
[API REQUEST] No parameters
====================================================================================================

[API RESPONSE] ✅ 200 GET /health


====================================================================================================
[API REQUEST] GET /health
[API REQUEST] No parameters
====================================================================================================

[API RESPONSE] ✅ 200 GET /health


====================================================================================================
[API REQUEST] GET /health
[API REQUEST] No parameters
====================================================================================================

[API RESPONSE] ✅ 200 GET /health


====================================================================================================
[API REQUEST] GET /health
[API REQUEST] No parameters
====================================================================================================

[API RESPONSE] ✅ 200 GET /health


====================================================================================================
[API REQUEST] GET /health
[API REQUEST] No parameters
====================================================================================================

[API RESPONSE] ✅ 200 GET /health


====================================================================================================
[API REQUEST] GET /health
[API REQUEST] No parameters
====================================================================================================

[API RESPONSE] ✅ 200 GET /health


====================================================================================================
[API REQUEST] GET /health
[API REQUEST] No parameters
====================================================================================================

[API RESPONSE] ✅ 200 GET /health


====================================================================================================
[API REQUEST] GET /health
[API REQUEST] No parameters
====================================================================================================

[API RESPONSE] ✅ 200 GET /health


====================================================================================================
[API REQUEST] GET /health
[API REQUEST] No parameters
====================================================================================================

[API RESPONSE] ✅ 200 GET /health


====================================================================================================
[API REQUEST] GET /health
[API REQUEST] No parameters
====================================================================================================

[API RESPONSE] ✅ 200 GET /health


====================================================================================================
[API REQUEST] GET /health
[API REQUEST] No parameters
====================================================================================================

[API RESPONSE] ✅ 200 GET /health


====================================================================================================
[API REQUEST] GET /health
[API REQUEST] No parameters
====================================================================================================

[API RESPONSE] ✅ 200 GET /health


====================================================================================================
[API REQUEST] GET /health
[API REQUEST] No parameters
====================================================================================================

[API RESPONSE] ✅ 200 GET /health


====================================================================================================
[API REQUEST] GET /health
[API REQUEST] No parameters
====================================================================================================

[API RESPONSE] ✅ 200 GET /health


====================================================================================================
[API REQUEST] GET /health
[API REQUEST] No parameters
====================================================================================================

[API RESPONSE] ✅ 200 GET /health


====================================================================================================
[API REQUEST] GET /health
[API REQUEST] No parameters
====================================================================================================

[API RESPONSE] ✅ 200 GET /health


====================================================================================================
[API REQUEST] GET /health
[API REQUEST] No parameters
====================================================================================================

[API RESPONSE] ✅ 200 GET /health


====================================================================================================
[API REQUEST] GET /health
[API REQUEST] No parameters
====================================================================================================

[API RESPONSE] ✅ 200 GET /health


====================================================================================================
[API REQUEST] GET /health
[API REQUEST] No parameters
====================================================================================================

[API RESPONSE] ✅ 200 GET /health


====================================================================================================
[API REQUEST] GET /health
[API REQUEST] No parameters
127.0.0.1 - - [15/Jan/2026 07:35:02] "GET /health HTTP/1.1" 200 -
127.0.0.1 - - [15/Jan/2026 07:35:02] "GET /health HTTP/1.1" 200 -
127.0.0.1 - - [15/Jan/2026 07:35:02] "GET /health HTTP/1.1" 200 -
127.0.0.1 - - [15/Jan/2026 07:35:07] "GET /health HTTP/1.1" 200 -
127.0.0.1 - - [15/Jan/2026 07:35:07] "GET /health HTTP/1.1" 200 -
127.0.0.1 - - [15/Jan/2026 07:35:07] "GET /health HTTP/1.1" 200 -
127.0.0.1 - - [15/Jan/2026 07:35:07] "GET /health HTTP/1.1" 200 -
127.0.0.1 - - [15/Jan/2026 07:35:12] "GET /health HTTP/1.1" 200 -
127.0.0.1 - - [15/Jan/2026 07:35:12] "GET /health HTTP/1.1" 200 -
127.0.0.1 - - [15/Jan/2026 07:35:12] "GET /health HTTP/1.1" 200 -
127.0.0.1 - - [15/Jan/2026 07:35:12] "GET /health HTTP/1.1" 200 -
127.0.0.1 - - [15/Jan/2026 07:35:17] "GET /health HTTP/1.1" 200 -
127.0.0.1 - - [15/Jan/2026 07:35:17] "GET /health HTTP/1.1" 200 -
127.0.0.1 - - [15/Jan/2026 07:35:17] "GET /health HTTP/1.1" 200 -
127.0.0.1 - - [15/Jan/2026 07:35:17] "GET /health HTTP/1.1" 200 -
127.0.0.1 - - [15/Jan/2026 07:35:22] "GET /health HTTP/1.1" 200 -
127.0.0.1 - - [15/Jan/2026 07:35:22] "GET /health HTTP/1.1" 200 -
127.0.0.1 - - [15/Jan/2026 07:35:22] "GET /health HTTP/1.1" 200 -
127.0.0.1 - - [15/Jan/2026 07:35:22] "GET /health HTTP/1.1" 200 -
127.0.0.1 - - [15/Jan/2026 07:35:27] "GET /health HTTP/1.1" 200 -
127.0.0.1 - - [15/Jan/2026 07:35:27] "GET /health HTTP/1.1" 200 -
127.0.0.1 - - [15/Jan/2026 07:35:27] "GET /health HTTP/1.1" 200 -
127.0.0.1 - - [15/Jan/2026 07:35:27] "GET /health HTTP/1.1" 200 -
127.0.0.1 - - [15/Jan/2026 07:35:32] "GET /health HTTP/1.1" 200 -
127.0.0.1 - - [15/Jan/2026 07:35:32] "GET /health HTTP/1.1" 200 -
127.0.0.1 - - [15/Jan/2026 07:35:32] "GET /health HTTP/1.1" 200 -
127.0.0.1 - - [15/Jan/2026 07:35:32] "GET /health HTTP/1.1" 200 -
127.0.0.1 - - [15/Jan/2026 07:35:37] "GET /health HTTP/1.1" 200 -
====================================================================================================

[API RESPONSE] ✅ 200 GET /health


====================================================================================================
[API REQUEST] GET /health
[API REQUEST] No parameters
====================================================================================================

[API RESPONSE] ✅ 200 GET /health


====================================================================================================
[API REQUEST] GET /health
[API REQUEST] No parameters
====================================================================================================

[API RESPONSE] ✅ 200 GET /health


====================================================================================================
[API REQUEST] GET /health
[API REQUEST] No parameters
====================================================================================================

[API RESPONSE] ✅ 200 GET /health


====================================================================================================
[API REQUEST] GET /health
[API REQUEST] No parameters
====================================================================================================

[API RESPONSE] ✅ 200 GET /health


====================================================================================================
[API REQUEST] GET /health
[API REQUEST] No parameters
====================================================================================================

[API RESPONSE] ✅ 200 GET /health


====================================================================================================
[API REQUEST] GET /health
[API REQUEST] No parameters
====================================================================================================

[API RESPONSE] ✅ 200 GET /health


====================================================================================================
[API REQUEST] GET /health
[API REQUEST] No parameters
====================================================================================================

[API RESPONSE] ✅ 200 GET /health


====================================================================================================
[API REQUEST] GET /health
[API REQUEST] No parameters
====================================================================================================

[API RESPONSE] ✅ 200 GET /health


====================================================================================================
[API REQUEST] GET /health
[API REQUEST] No parameters
====================================================================================================

[API RESPONSE] ✅ 200 GET /health


====================================================================================================
[API REQUEST] GET /health
[API REQUEST] No parameters
====================================================================================================

[API RESPONSE] ✅ 200 GET /health


====================================================================================================
[API REQUEST] GET /health
[API REQUEST] No parameters
====================================================================================================

[API RESPONSE] ✅ 200 GET /health


====================================================================================================
[API REQUEST] GET /health
[API REQUEST] No parameters
====================================================================================================

[API RESPONSE] ✅ 200 GET /health


====================================================================================================
[API REQUEST] GET /health
[API REQUEST] No parameters
====================================================================================================

[API RESPONSE] ✅ 200 GET /health


====================================================================================================
[API REQUEST] GET /health
[API REQUEST] No parameters
====================================================================================================

[API RESPONSE] ✅ 200 GET /health


====================================================================================================
[API REQUEST] GET /health
[API REQUEST] No parameters
====================================================================================================

[API RESPONSE] ✅ 200 GET /health


====================================================================================================
[API REQUEST] GET /health
[API REQUEST] No parameters
====================================================================================================

[API RESPONSE] ✅ 200 GET /health


====================================================================================================
[API REQUEST] GET /health
[API REQUEST] No parameters
====================================================================================================

[API RESPONSE] ✅ 200 GET /health


====================================================================================================
[API REQUEST] GET /health
[API REQUEST] No parameters
====================================================================================================

[API RESPONSE] ✅ 200 GET /health


====================================================================================================
[API REQUEST] GET /health
[API REQUEST] No parameters
====================================================================================================

[API RESPONSE] ✅ 200 GET /health


====================================================================================================
[API REQUEST] GET /health
[API REQUEST] No parameters
====================================================================================================

[API RESPONSE] ✅ 200 GET /health


====================================================================================================
[API REQUEST] GET /health
[API REQUEST] No parameters
====================================================================================================

[API RESPONSE] ✅ 200 GET /health


====================================================================================================
[API REQUEST] GET /health
[API REQUEST] No parameters
====================================================================================================

[API RESPONSE] ✅ 200 GET /health


====================================================================================================
[API REQUEST] GET /health
[API REQUEST] No parameters
====================================================================================================

[API RESPONSE] ✅ 200 GET /health


====================================================================================================
[API REQUEST] GET /health
[API REQUEST] No parameters
====================================================================================================

[API RESPONSE] ✅ 200 GET /health


====================================================================================================
[API REQUEST] GET /health
[API REQUEST] No parameters
====================================================================================================

[API RESPONSE] ✅ 200 GET /health


====================================================================================================
[API REQUEST] GET /health
[API REQUEST] No parameters
====================================================================================================

[API RESPONSE] ✅ 200 GET /health


====================================================================================================
[API REQUEST] GET /health
[API REQUEST] No parameters
====================================================================================================

[API RESPONSE] ✅ 200 GET /health


====================================================================================================
127.0.0.1 - - [15/Jan/2026 07:35:37] "GET /health HTTP/1.1" 200 -
127.0.0.1 - - [15/Jan/2026 07:35:37] "GET /health HTTP/1.1" 200 -
127.0.0.1 - - [15/Jan/2026 07:35:37] "GET /health HTTP/1.1" 200 -
127.0.0.1 - - [15/Jan/2026 07:35:43] "GET /health HTTP/1.1" 200 -
127.0.0.1 - - [15/Jan/2026 07:35:43] "GET /health HTTP/1.1" 200 -
127.0.0.1 - - [15/Jan/2026 07:35:43] "GET /health HTTP/1.1" 200 -
127.0.0.1 - - [15/Jan/2026 07:35:43] "GET /health HTTP/1.1" 200 -
127.0.0.1 - - [15/Jan/2026 07:35:48] "GET /health HTTP/1.1" 200 -
127.0.0.1 - - [15/Jan/2026 07:35:48] "GET /health HTTP/1.1" 200 -
127.0.0.1 - - [15/Jan/2026 07:35:48] "GET /health HTTP/1.1" 200 -
127.0.0.1 - - [15/Jan/2026 07:35:48] "GET /health HTTP/1.1" 200 -
127.0.0.1 - - [15/Jan/2026 07:35:53] "GET /health HTTP/1.1" 200 -
127.0.0.1 - - [15/Jan/2026 07:35:53] "GET /health HTTP/1.1" 200 -
127.0.0.1 - - [15/Jan/2026 07:35:53] "GET /health HTTP/1.1" 200 -
127.0.0.1 - - [15/Jan/2026 07:35:53] "GET /health HTTP/1.1" 200 -
127.0.0.1 - - [15/Jan/2026 07:35:58] "GET /health HTTP/1.1" 200 -
127.0.0.1 - - [15/Jan/2026 07:35:58] "GET /health HTTP/1.1" 200 -
127.0.0.1 - - [15/Jan/2026 07:35:58] "GET /health HTTP/1.1" 200 -
127.0.0.1 - - [15/Jan/2026 07:35:58] "GET /health HTTP/1.1" 200 -
127.0.0.1 - - [15/Jan/2026 07:36:03] "GET /health HTTP/1.1" 200 -
127.0.0.1 - - [15/Jan/2026 07:36:03] "GET /health HTTP/1.1" 200 -
127.0.0.1 - - [15/Jan/2026 07:36:03] "GET /health HTTP/1.1" 200 -
127.0.0.1 - - [15/Jan/2026 07:36:03] "GET /health HTTP/1.1" 200 -
127.0.0.1 - - [15/Jan/2026 07:36:04] "[33mGET /favicon.ico HTTP/1.1[0m" 404 -
127.0.0.1 - - [15/Jan/2026 07:36:04] "[33mGET /favicon.ico HTTP/1.1[0m" 404 -
127.0.0.1 - - [15/Jan/2026 07:36:08] "GET /health HTTP/1.1" 200 -
127.0.0.1 - - [15/Jan/2026 07:36:08] "GET /health HTTP/1.1" 200 -
127.0.0.1 - - [15/Jan/2026 07:36:08] "GET /health HTTP/1.1" 200 -
[API REQUEST] GET /health
[API REQUEST] No parameters
====================================================================================================

[API RESPONSE] ✅ 200 GET /health


====================================================================================================
[API REQUEST] GET /health
[API REQUEST] No parameters
====================================================================================================

[API RESPONSE] ✅ 200 GET /health


====================================================================================================
[API REQUEST] GET /health
[API REQUEST] No parameters
====================================================================================================

[API RESPONSE] ✅ 200 GET /health


====================================================================================================
[API REQUEST] GET /health
[API REQUEST] No parameters
====================================================================================================

[API RESPONSE] ✅ 200 GET /health


====================================================================================================
[API REQUEST] GET /health
[API REQUEST] No parameters
====================================================================================================

[API RESPONSE] ✅ 200 GET /health


====================================================================================================
[API REQUEST] GET /health
[API REQUEST] No parameters
====================================================================================================

[API RESPONSE] ✅ 200 GET /health


====================================================================================================
[API REQUEST] GET /health
[API REQUEST] No parameters
====================================================================================================

[API RESPONSE] ✅ 200 GET /health


====================================================================================================
[API REQUEST] GET /health
[API REQUEST] No parameters
====================================================================================================

[API RESPONSE] ✅ 200 GET /health


====================================================================================================
[API REQUEST] GET /health
[API REQUEST] No parameters
====================================================================================================

[API RESPONSE] ✅ 200 GET /health


====================================================================================================
[API REQUEST] GET /health
[API REQUEST] No parameters
====================================================================================================

[API RESPONSE] ✅ 200 GET /health


====================================================================================================
[API REQUEST] GET /health
[API REQUEST] No parameters
====================================================================================================

[API RESPONSE] ✅ 200 GET /health


====================================================================================================
[API REQUEST] GET /health
[API REQUEST] No parameters
====================================================================================================

[API RESPONSE] ✅ 200 GET /health


====================================================================================================
[API REQUEST] GET /health
[API REQUEST] No parameters
====================================================================================================

[API RESPONSE] ✅ 200 GET /health


====================================================================================================
[API REQUEST] GET /health
[API REQUEST] No parameters
====================================================================================================

[API RESPONSE] ✅ 200 GET /health


====================================================================================================
[API REQUEST] GET /health
[API REQUEST] No parameters
====================================================================================================

[API RESPONSE] ✅ 200 GET /health


====================================================================================================
[API REQUEST] GET /health
[API REQUEST] No parameters
====================================================================================================

[API RESPONSE] ✅ 200 GET /health


====================================================================================================
[API REQUEST] GET /health
[API REQUEST] No parameters
====================================================================================================

[API RESPONSE] ✅ 200 GET /health


====================================================================================================
[API REQUEST] GET /health
[API REQUEST] No parameters
====================================================================================================

[API RESPONSE] ✅ 200 GET /health


====================================================================================================
[API REQUEST] GET /health
[API REQUEST] No parameters
====================================================================================================

[API RESPONSE] ✅ 200 GET /health


====================================================================================================
[API REQUEST] GET /health
[API REQUEST] No parameters
====================================================================================================

[API RESPONSE] ✅ 200 GET /health


====================================================================================================
[API REQUEST] GET /health
[API REQUEST] No parameters
====================================================================================================

[API RESPONSE] ✅ 200 GET /health


====================================================================================================
[API REQUEST] GET /health
[API REQUEST] No parameters
====================================================================================================

[API RESPONSE] ✅ 200 GET /health


====================================================================================================
[API REQUEST] GET /health
[API REQUEST] No parameters
====================================================================================================

[API RESPONSE] ✅ 200 GET /health


====================================================================================================
[API REQUEST] GET /favicon.ico
[API REQUEST] No parameters
====================================================================================================

[API RESPONSE] ❌ 404 GET /favicon.ico


====================================================================================================
[API REQUEST] GET /favicon.ico
[API REQUEST] No parameters
====================================================================================================

[API RESPONSE] ❌ 404 GET /favicon.ico


====================================================================================================
[API REQUEST] GET /health
[API REQUEST] No parameters
====================================================================================================

[API RESPONSE] ✅ 200 GET /health


====================================================================================================
[API REQUEST] GET /health
[API REQUEST] No parameters
====================================================================================================

[API RESPONSE] ✅ 200 GET /health


====================================================================================================
[API REQUEST] GET /health
[API REQUEST] No parameters
====================================================================================================

[API RESPONSE] ✅ 200 GET /health

127.0.0.1 - - [15/Jan/2026 07:36:08] "GET /health HTTP/1.1" 200 -
127.0.0.1 - - [15/Jan/2026 07:36:13] "GET /health HTTP/1.1" 200 -
127.0.0.1 - - [15/Jan/2026 07:36:13] "GET /health HTTP/1.1" 200 -
127.0.0.1 - - [15/Jan/2026 07:36:13] "GET /health HTTP/1.1" 200 -
127.0.0.1 - - [15/Jan/2026 07:36:13] "GET /health HTTP/1.1" 200 -
127.0.0.1 - - [15/Jan/2026 07:36:19] "GET /health HTTP/1.1" 200 -
127.0.0.1 - - [15/Jan/2026 07:36:19] "GET /health HTTP/1.1" 200 -
127.0.0.1 - - [15/Jan/2026 07:36:19] "GET /health HTTP/1.1" 200 -
127.0.0.1 - - [15/Jan/2026 07:36:19] "GET /health HTTP/1.1" 200 -
127.0.0.1 - - [15/Jan/2026 07:36:24] "GET /health HTTP/1.1" 200 -
127.0.0.1 - - [15/Jan/2026 07:36:24] "GET /health HTTP/1.1" 200 -
127.0.0.1 - - [15/Jan/2026 07:36:24] "GET /health HTTP/1.1" 200 -
127.0.0.1 - - [15/Jan/2026 07:36:24] "GET /health HTTP/1.1" 200 -
127.0.0.1 - - [15/Jan/2026 07:36:30] "GET /health HTTP/1.1" 200 -
127.0.0.1 - - [15/Jan/2026 07:36:30] "GET /health HTTP/1.1" 200 -
127.0.0.1 - - [15/Jan/2026 07:36:30] "GET /health HTTP/1.1" 200 -
127.0.0.1 - - [15/Jan/2026 07:36:30] "GET /health HTTP/1.1" 200 -
127.0.0.1 - - [15/Jan/2026 07:36:35] "GET /health HTTP/1.1" 200 -
127.0.0.1 - - [15/Jan/2026 07:36:35] "GET /health HTTP/1.1" 200 -
127.0.0.1 - - [15/Jan/2026 07:36:35] "GET /health HTTP/1.1" 200 -
127.0.0.1 - - [15/Jan/2026 07:36:35] "GET /health HTTP/1.1" 200 -
127.0.0.1 - - [15/Jan/2026 07:36:40] "GET /health HTTP/1.1" 200 -
127.0.0.1 - - [15/Jan/2026 07:36:40] "GET /health HTTP/1.1" 200 -
127.0.0.1 - - [15/Jan/2026 07:36:40] "GET /health HTTP/1.1" 200 -
127.0.0.1 - - [15/Jan/2026 07:36:40] "GET /health HTTP/1.1" 200 -
127.0.0.1 - - [15/Jan/2026 07:36:45] "GET /health HTTP/1.1" 200 -
127.0.0.1 - - [15/Jan/2026 07:36:45] "GET /health HTTP/1.1" 200 -

====================================================================================================
[API REQUEST] GET /health
[API REQUEST] No parameters
====================================================================================================

[API RESPONSE] ✅ 200 GET /health


====================================================================================================
[API REQUEST] GET /health
[API REQUEST] No parameters
====================================================================================================

[API RESPONSE] ✅ 200 GET /health


====================================================================================================
[API REQUEST] GET /health
[API REQUEST] No parameters
====================================================================================================

[API RESPONSE] ✅ 200 GET /health


====================================================================================================
[API REQUEST] GET /health
[API REQUEST] No parameters
====================================================================================================

[API RESPONSE] ✅ 200 GET /health


====================================================================================================
[API REQUEST] GET /health
[API REQUEST] No parameters
====================================================================================================

[API RESPONSE] ✅ 200 GET /health


====================================================================================================
[API REQUEST] GET /health
[API REQUEST] No parameters
====================================================================================================


====================================================================================================
[API REQUEST] GET /health
[API REQUEST] No parameters
====================================================================================================

[API RESPONSE] ✅ 200 GET /health


====================================================================================================
[API REQUEST] GET /health
[API REQUEST] No parameters
====================================================================================================

[API RESPONSE] ✅ 200 GET /health

[API RESPONSE] ✅ 200 GET /health


====================================================================================================
[API REQUEST] GET /health
[API REQUEST] No parameters
====================================================================================================

[API RESPONSE] ✅ 200 GET /health


====================================================================================================
[API REQUEST] GET /health
[API REQUEST] No parameters
====================================================================================================

[API RESPONSE] ✅ 200 GET /health


====================================================================================================
[API REQUEST] GET /health
[API REQUEST] No parameters
====================================================================================================

[API RESPONSE] ✅ 200 GET /health


====================================================================================================
[API REQUEST] GET /health
[API REQUEST] No parameters
====================================================================================================

[API RESPONSE] ✅ 200 GET /health


====================================================================================================
[API REQUEST] GET /health
[API REQUEST] No parameters
====================================================================================================

[API RESPONSE] ✅ 200 GET /health


====================================================================================================
[API REQUEST] GET /health
[API REQUEST] No parameters
====================================================================================================

[API RESPONSE] ✅ 200 GET /health


====================================================================================================
[API REQUEST] GET /health
[API REQUEST] No parameters
====================================================================================================

[API RESPONSE] ✅ 200 GET /health


====================================================================================================
[API REQUEST] GET /health
[API REQUEST] No parameters
====================================================================================================

[API RESPONSE] ✅ 200 GET /health


====================================================================================================
[API REQUEST] GET /health
[API REQUEST] No parameters
====================================================================================================

[API RESPONSE] ✅ 200 GET /health


====================================================================================================
[API REQUEST] GET /health
[API REQUEST] No parameters
====================================================================================================

[API RESPONSE] ✅ 200 GET /health


====================================================================================================
[API REQUEST] GET /health
[API REQUEST] No parameters
====================================================================================================

[API RESPONSE] ✅ 200 GET /health


====================================================================================================
[API REQUEST] GET /health
[API REQUEST] No parameters
====================================================================================================

[API RESPONSE] ✅ 200 GET /health


====================================================================================================
[API REQUEST] GET /health
[API REQUEST] No parameters
====================================================================================================

[API RESPONSE] ✅ 200 GET /health


====================================================================================================
[API REQUEST] GET /health
[API REQUEST] No parameters
====================================================================================================


====================================================================================================
[API REQUEST] GET /health
[API REQUEST] No parameters
====================================================================================================

[API RESPONSE] ✅ 200 GET /health

[API RESPONSE] ✅ 200 GET /health


====================================================================================================
[API REQUEST] GET /health
[API REQUEST] No parameters
====================================================================================================

[API RESPONSE] ✅ 200 GET /health


====================================================================================================
[API REQUEST] GET /health
[API REQUEST] No parameters
====================================================================================================

[API RESPONSE] ✅ 200 GET /health


====================================================================================================
[API REQUEST] GET /health
[API REQUEST] No parameters
====================================================================================================

[API RESPONSE] ✅ 200 GET /health


====================================================================================================
[API REQUEST] GET /health
[API REQUEST] No parameters
====================================================================================================

[API RESPONSE] ✅ 200 GET /health


====================================================================================================
[API REQUEST] GET /health
[API REQUEST] No parameters
127.0.0.1 - - [15/Jan/2026 07:36:45] "GET /health HTTP/1.1" 200 -
127.0.0.1 - - [15/Jan/2026 07:36:45] "GET /health HTTP/1.1" 200 -
127.0.0.1 - - [15/Jan/2026 07:36:51] "GET /health HTTP/1.1" 200 -
127.0.0.1 - - [15/Jan/2026 07:36:51] "GET /health HTTP/1.1" 200 -
127.0.0.1 - - [15/Jan/2026 07:36:51] "GET /health HTTP/1.1" 200 -
127.0.0.1 - - [15/Jan/2026 07:36:51] "GET /health HTTP/1.1" 200 -
127.0.0.1 - - [15/Jan/2026 07:36:56] "GET /health HTTP/1.1" 200 -
127.0.0.1 - - [15/Jan/2026 07:36:56] "GET /health HTTP/1.1" 200 -
127.0.0.1 - - [15/Jan/2026 07:36:56] "GET /health HTTP/1.1" 200 -
127.0.0.1 - - [15/Jan/2026 07:36:56] "GET /health HTTP/1.1" 200 -
127.0.0.1 - - [15/Jan/2026 07:37:01] "GET /health HTTP/1.1" 200 -
127.0.0.1 - - [15/Jan/2026 07:37:01] "GET /health HTTP/1.1" 200 -
127.0.0.1 - - [15/Jan/2026 07:37:01] "GET /health HTTP/1.1" 200 -
127.0.0.1 - - [15/Jan/2026 07:37:01] "GET /health HTTP/1.1" 200 -
127.0.0.1 - - [15/Jan/2026 07:37:06] "GET /health HTTP/1.1" 200 -
127.0.0.1 - - [15/Jan/2026 07:37:06] "GET /health HTTP/1.1" 200 -
127.0.0.1 - - [15/Jan/2026 07:37:06] "GET /health HTTP/1.1" 200 -
127.0.0.1 - - [15/Jan/2026 07:37:06] "GET /health HTTP/1.1" 200 -
127.0.0.1 - - [15/Jan/2026 07:37:11] "GET /health HTTP/1.1" 200 -
127.0.0.1 - - [15/Jan/2026 07:37:11] "GET /health HTTP/1.1" 200 -
127.0.0.1 - - [15/Jan/2026 07:37:11] "GET /health HTTP/1.1" 200 -
127.0.0.1 - - [15/Jan/2026 07:37:11] "GET /health HTTP/1.1" 200 -
127.0.0.1 - - [15/Jan/2026 07:37:16] "GET /health HTTP/1.1" 200 -
127.0.0.1 - - [15/Jan/2026 07:37:16] "GET /health HTTP/1.1" 200 -
127.0.0.1 - - [15/Jan/2026 07:37:16] "GET /health HTTP/1.1" 200 -
127.0.0.1 - - [15/Jan/2026 07:37:16] "GET /health HTTP/1.1" 200 -
