[INFO] Job Service v2.3-DB-FIXED starting...
[INFO] Database connection management fixed for real-time status updates
[INIT] AI_SERVICE_URL: http://127.0.0.1:5100/analyze
[INIT] Port: 5005
[INIT] Database: /Users/shaydu/dev/mondrian-macos/mondrian/mondrian.db
[INIT] Debug mode: False
[INIT] Created directories
[INIT] Initializing database...
[INIT] Database schema OK
[INIT] RAG Default: ENABLED (from RAG_ENABLED env var)
============================================================
Starting Job Service v2.3-DB-FIXED on port 5005...
Host: 0.0.0.0:5005
AI Service: http://127.0.0.1:5100/analyze
============================================================
 * Serving Flask app 'job_service_v2.3'
 * Debug mode: off
[31m[1mWARNING: This is a development server. Do not use it in a production deployment. Use a production WSGI server instead.[0m
 * Running on all addresses (0.0.0.0)
 * Running on http://127.0.0.1:5005
 * Running on http://10.0.0.131:5005
[33mPress CTRL+C to quit[0m
127.0.0.1 - - [15/Jan/2026 06:03:17] "GET /health HTTP/1.1" 200 -
127.0.0.1 - - [15/Jan/2026 06:03:17] "GET /health HTTP/1.1" 200 -
127.0.0.1 - - [15/Jan/2026 06:03:17] "GET /health HTTP/1.1" 200 -
127.0.0.1 - - [15/Jan/2026 06:03:20] "GET /health HTTP/1.1" 200 -
127.0.0.1 - - [15/Jan/2026 06:03:22] "GET /health HTTP/1.1" 200 -
127.0.0.1 - - [15/Jan/2026 06:03:22] "GET /health HTTP/1.1" 200 -
127.0.0.1 - - [15/Jan/2026 06:03:22] "GET /health HTTP/1.1" 200 -
127.0.0.1 - - [15/Jan/2026 06:03:24] "GET /health HTTP/1.1" 200 -
127.0.0.1 - - [15/Jan/2026 06:03:24] "GET /health HTTP/1.1" 200 -
127.0.0.1 - - [15/Jan/2026 06:03:27] "GET /health HTTP/1.1" 200 -
127.0.0.1 - - [15/Jan/2026 06:03:27] "GET /health HTTP/1.1" 200 -
127.0.0.1 - - [15/Jan/2026 06:03:27] "GET /health HTTP/1.1" 200 -
127.0.0.1 - - [15/Jan/2026 06:03:29] "GET /health HTTP/1.1" 200 -
127.0.0.1 - - [15/Jan/2026 06:03:32] "GET /health HTTP/1.1" 200 -
127.0.0.1 - - [15/Jan/2026 06:03:32] "GET /health HTTP/1.1" 200 -
127.0.0.1 - - [15/Jan/2026 06:03:32] "GET /health HTTP/1.1" 200 -
127.0.0.1 - - [15/Jan/2026 06:03:34] "GET /health HTTP/1.1" 200 -
127.0.0.1 - - [15/Jan/2026 06:03:37] "GET /health HTTP/1.1" 200 -
127.0.0.1 - - [15/Jan/2026 06:03:37] "GET /health HTTP/1.1" 200 -
127.0.0.1 - - [15/Jan/2026 06:03:37] "GET /health HTTP/1.1" 200 -
127.0.0.1 - - [15/Jan/2026 06:03:39] "GET /health HTTP/1.1" 200 -
127.0.0.1 - - [15/Jan/2026 06:03:42] "GET /health HTTP/1.1" 200 -
127.0.0.1 - - [15/Jan/2026 06:03:42] "GET /health HTTP/1.1" 200 -
127.0.0.1 - - [15/Jan/2026 06:03:42] "GET /health HTTP/1.1" 200 -
127.0.0.1 - - [15/Jan/2026 06:03:44] "GET /health HTTP/1.1" 200 -
127.0.0.1 - - [15/Jan/2026 06:03:47] "GET /health HTTP/1.1" 200 -

====================================================================================================
[API REQUEST] GET /health
[API REQUEST] No parameters
====================================================================================================

[API RESPONSE] ✅ 200 GET /health


====================================================================================================
[API REQUEST] GET /health
[API REQUEST] No parameters
====================================================================================================

[API RESPONSE] ✅ 200 GET /health


====================================================================================================
[API REQUEST] GET /health
[API REQUEST] No parameters
====================================================================================================

[API RESPONSE] ✅ 200 GET /health


====================================================================================================
[API REQUEST] GET /health
[API REQUEST] No parameters
====================================================================================================

[API RESPONSE] ✅ 200 GET /health


====================================================================================================
[API REQUEST] GET /health
[API REQUEST] No parameters
====================================================================================================

[API RESPONSE] ✅ 200 GET /health


====================================================================================================
[API REQUEST] GET /health
[API REQUEST] No parameters
====================================================================================================

[API RESPONSE] ✅ 200 GET /health


====================================================================================================
[API REQUEST] GET /health
[API REQUEST] No parameters
====================================================================================================

[API RESPONSE] ✅ 200 GET /health


====================================================================================================
[API REQUEST] GET /health
[API REQUEST] No parameters
====================================================================================================

[API RESPONSE] ✅ 200 GET /health


====================================================================================================
[API REQUEST] GET /health
[API REQUEST] No parameters
====================================================================================================

[API RESPONSE] ✅ 200 GET /health


====================================================================================================
[API REQUEST] GET /health
[API REQUEST] No parameters
====================================================================================================

[API RESPONSE] ✅ 200 GET /health


====================================================================================================
[API REQUEST] GET /health
[API REQUEST] No parameters
====================================================================================================

[API RESPONSE] ✅ 200 GET /health


====================================================================================================
[API REQUEST] GET /health
[API REQUEST] No parameters
====================================================================================================

[API RESPONSE] ✅ 200 GET /health


====================================================================================================
[API REQUEST] GET /health
[API REQUEST] No parameters
====================================================================================================

[API RESPONSE] ✅ 200 GET /health


====================================================================================================
[API REQUEST] GET /health
[API REQUEST] No parameters
====================================================================================================

[API RESPONSE] ✅ 200 GET /health


====================================================================================================
[API REQUEST] GET /health
[API REQUEST] No parameters
====================================================================================================

[API RESPONSE] ✅ 200 GET /health


====================================================================================================
[API REQUEST] GET /health
[API REQUEST] No parameters
====================================================================================================

[API RESPONSE] ✅ 200 GET /health


====================================================================================================
[API REQUEST] GET /health
[API REQUEST] No parameters
====================================================================================================

[API RESPONSE] ✅ 200 GET /health


====================================================================================================
[API REQUEST] GET /health
[API REQUEST] No parameters
====================================================================================================

[API RESPONSE] ✅ 200 GET /health


====================================================================================================
[API REQUEST] GET /health
[API REQUEST] No parameters
====================================================================================================

[API RESPONSE] ✅ 200 GET /health


====================================================================================================
[API REQUEST] GET /health
[API REQUEST] No parameters
====================================================================================================

[API RESPONSE] ✅ 200 GET /health


====================================================================================================
[API REQUEST] GET /health
[API REQUEST] No parameters
====================================================================================================

[API RESPONSE] ✅ 200 GET /health


====================================================================================================
[API REQUEST] GET /health
[API REQUEST] No parameters
====================================================================================================

[API RESPONSE] ✅ 200 GET /health


====================================================================================================
[API REQUEST] GET /health
[API REQUEST] No parameters
====================================================================================================

[API RESPONSE] ✅ 200 GET /health


====================================================================================================
[API REQUEST] GET /health
[API REQUEST] No parameters
====================================================================================================

[API RESPONSE] ✅ 200 GET /health


====================================================================================================
[API REQUEST] GET /health
[API REQUEST] No parameters
====================================================================================================

[API RESPONSE] ✅ 200 GET /health


====================================================================================================
[API REQUEST] GET /health
[API REQUEST] No parameters
====================================================================================================

[API RESPONSE] ✅ 200 GET /health


====================================================================================================
[API REQUEST] GET /health
[API REQUEST] No parameters
====================================================================================================

[API RESPONSE] ✅ 200 GET /health


====================================================================================================
[API REQUEST] GET /health
[API REQUEST] No parameters
127.0.0.1 - - [15/Jan/2026 06:03:47] "GET /health HTTP/1.1" 200 -
127.0.0.1 - - [15/Jan/2026 06:03:47] "GET /health HTTP/1.1" 200 -
127.0.0.1 - - [15/Jan/2026 06:03:49] "GET /health HTTP/1.1" 200 -
127.0.0.1 - - [15/Jan/2026 06:03:52] "GET /health HTTP/1.1" 200 -
127.0.0.1 - - [15/Jan/2026 06:03:52] "GET /health HTTP/1.1" 200 -
127.0.0.1 - - [15/Jan/2026 06:03:52] "GET /health HTTP/1.1" 200 -
127.0.0.1 - - [15/Jan/2026 06:03:54] "GET /health HTTP/1.1" 200 -
127.0.0.1 - - [15/Jan/2026 06:03:57] "GET /health HTTP/1.1" 200 -
127.0.0.1 - - [15/Jan/2026 06:03:57] "GET /health HTTP/1.1" 200 -
127.0.0.1 - - [15/Jan/2026 06:03:57] "GET /health HTTP/1.1" 200 -
127.0.0.1 - - [15/Jan/2026 06:03:59] "GET /health HTTP/1.1" 200 -
127.0.0.1 - - [15/Jan/2026 06:04:02] "GET /health HTTP/1.1" 200 -
127.0.0.1 - - [15/Jan/2026 06:04:02] "GET /health HTTP/1.1" 200 -
127.0.0.1 - - [15/Jan/2026 06:04:02] "GET /health HTTP/1.1" 200 -
127.0.0.1 - - [15/Jan/2026 06:04:04] "GET /health HTTP/1.1" 200 -
127.0.0.1 - - [15/Jan/2026 06:04:07] "GET /health HTTP/1.1" 200 -
127.0.0.1 - - [15/Jan/2026 06:04:07] "GET /health HTTP/1.1" 200 -
127.0.0.1 - - [15/Jan/2026 06:04:07] "GET /health HTTP/1.1" 200 -
127.0.0.1 - - [15/Jan/2026 06:04:09] "GET /health HTTP/1.1" 200 -
127.0.0.1 - - [15/Jan/2026 06:04:12] "GET /health HTTP/1.1" 200 -
127.0.0.1 - - [15/Jan/2026 06:04:12] "GET /health HTTP/1.1" 200 -
127.0.0.1 - - [15/Jan/2026 06:04:12] "GET /health HTTP/1.1" 200 -
127.0.0.1 - - [15/Jan/2026 06:04:14] "GET /health HTTP/1.1" 200 -
127.0.0.1 - - [15/Jan/2026 06:04:15] "GET /health HTTP/1.1" 200 -
127.0.0.1 - - [15/Jan/2026 06:04:17] "GET /health HTTP/1.1" 200 -
127.0.0.1 - - [15/Jan/2026 06:04:17] "GET /health HTTP/1.1" 200 -
127.0.0.1 - - [15/Jan/2026 06:04:17] "GET /health HTTP/1.1" 200 -
127.0.0.1 - - [15/Jan/2026 06:04:19] "GET /health HTTP/1.1" 200 -
127.0.0.1 - - [15/Jan/2026 06:04:23] "GET /health HTTP/1.1" 200 -
====================================================================================================

[API RESPONSE] ✅ 200 GET /health


====================================================================================================
[API REQUEST] GET /health
[API REQUEST] No parameters
====================================================================================================

[API RESPONSE] ✅ 200 GET /health


====================================================================================================
[API REQUEST] GET /health
[API REQUEST] No parameters
====================================================================================================

[API RESPONSE] ✅ 200 GET /health


====================================================================================================
[API REQUEST] GET /health
[API REQUEST] No parameters
====================================================================================================

[API RESPONSE] ✅ 200 GET /health


====================================================================================================
[API REQUEST] GET /health
[API REQUEST] No parameters
====================================================================================================

[API RESPONSE] ✅ 200 GET /health


====================================================================================================
[API REQUEST] GET /health
[API REQUEST] No parameters
====================================================================================================

[API RESPONSE] ✅ 200 GET /health


====================================================================================================
[API REQUEST] GET /health
[API REQUEST] No parameters
====================================================================================================

[API RESPONSE] ✅ 200 GET /health


====================================================================================================
[API REQUEST] GET /health
[API REQUEST] No parameters
====================================================================================================

[API RESPONSE] ✅ 200 GET /health


====================================================================================================
[API REQUEST] GET /health
[API REQUEST] No parameters
====================================================================================================

[API RESPONSE] ✅ 200 GET /health


====================================================================================================
[API REQUEST] GET /health
[API REQUEST] No parameters
====================================================================================================

[API RESPONSE] ✅ 200 GET /health


====================================================================================================
[API REQUEST] GET /health
[API REQUEST] No parameters
====================================================================================================

[API RESPONSE] ✅ 200 GET /health


====================================================================================================
[API REQUEST] GET /health
[API REQUEST] No parameters
====================================================================================================

[API RESPONSE] ✅ 200 GET /health


====================================================================================================
[API REQUEST] GET /health
[API REQUEST] No parameters
====================================================================================================

[API RESPONSE] ✅ 200 GET /health


====================================================================================================
[API REQUEST] GET /health
[API REQUEST] No parameters
====================================================================================================

[API RESPONSE] ✅ 200 GET /health


====================================================================================================
[API REQUEST] GET /health
[API REQUEST] No parameters
====================================================================================================

[API RESPONSE] ✅ 200 GET /health


====================================================================================================
[API REQUEST] GET /health
[API REQUEST] No parameters
====================================================================================================

[API RESPONSE] ✅ 200 GET /health


====================================================================================================
[API REQUEST] GET /health
[API REQUEST] No parameters
====================================================================================================

[API RESPONSE] ✅ 200 GET /health


====================================================================================================
[API REQUEST] GET /health
[API REQUEST] No parameters
====================================================================================================

[API RESPONSE] ✅ 200 GET /health


====================================================================================================
[API REQUEST] GET /health
[API REQUEST] No parameters
====================================================================================================

[API RESPONSE] ✅ 200 GET /health


====================================================================================================
[API REQUEST] GET /health
[API REQUEST] No parameters
====================================================================================================

[API RESPONSE] ✅ 200 GET /health


====================================================================================================
[API REQUEST] GET /health
[API REQUEST] No parameters
====================================================================================================

[API RESPONSE] ✅ 200 GET /health


====================================================================================================
[API REQUEST] GET /health
[API REQUEST] No parameters
====================================================================================================

[API RESPONSE] ✅ 200 GET /health


====================================================================================================
[API REQUEST] GET /health
[API REQUEST] No parameters
====================================================================================================

[API RESPONSE] ✅ 200 GET /health


====================================================================================================
[API REQUEST] GET /health
[API REQUEST] No parameters
====================================================================================================

[API RESPONSE] ✅ 200 GET /health


====================================================================================================
[API REQUEST] GET /health
[API REQUEST] No parameters
====================================================================================================

[API RESPONSE] ✅ 200 GET /health


====================================================================================================
[API REQUEST] GET /health
[API REQUEST] No parameters
====================================================================================================

[API RESPONSE] ✅ 200 GET /health


====================================================================================================
[API REQUEST] GET /health
[API REQUEST] No parameters
====================================================================================================

[API RESPONSE] ✅ 200 GET /health


====================================================================================================
[API REQUEST] GET /health
[API REQUEST] No parameters
====================================================================================================

[API RESPONSE] ✅ 200 GET /health


====================================================================================================
127.0.0.1 - - [15/Jan/2026 06:04:23] "GET /health HTTP/1.1" 200 -
127.0.0.1 - - [15/Jan/2026 06:04:23] "GET /health HTTP/1.1" 200 -
127.0.0.1 - - [15/Jan/2026 06:04:24] "GET /health HTTP/1.1" 200 -
127.0.0.1 - - [15/Jan/2026 06:04:28] "GET /health HTTP/1.1" 200 -
127.0.0.1 - - [15/Jan/2026 06:04:28] "GET /health HTTP/1.1" 200 -
127.0.0.1 - - [15/Jan/2026 06:04:28] "GET /health HTTP/1.1" 200 -
127.0.0.1 - - [15/Jan/2026 06:04:29] "GET /health HTTP/1.1" 200 -
127.0.0.1 - - [15/Jan/2026 06:04:33] "GET /health HTTP/1.1" 200 -
127.0.0.1 - - [15/Jan/2026 06:04:33] "GET /health HTTP/1.1" 200 -
127.0.0.1 - - [15/Jan/2026 06:04:33] "GET /health HTTP/1.1" 200 -
127.0.0.1 - - [15/Jan/2026 06:04:34] "GET /health HTTP/1.1" 200 -
127.0.0.1 - - [15/Jan/2026 06:04:38] "GET /health HTTP/1.1" 200 -
127.0.0.1 - - [15/Jan/2026 06:04:38] "GET /health HTTP/1.1" 200 -
127.0.0.1 - - [15/Jan/2026 06:04:38] "GET /health HTTP/1.1" 200 -
127.0.0.1 - - [15/Jan/2026 06:04:39] "GET /health HTTP/1.1" 200 -
127.0.0.1 - - [15/Jan/2026 06:04:43] "GET /health HTTP/1.1" 200 -
127.0.0.1 - - [15/Jan/2026 06:04:43] "GET /health HTTP/1.1" 200 -
127.0.0.1 - - [15/Jan/2026 06:04:43] "GET /health HTTP/1.1" 200 -
127.0.0.1 - - [15/Jan/2026 06:04:44] "GET /health HTTP/1.1" 200 -
127.0.0.1 - - [15/Jan/2026 06:04:48] "GET /health HTTP/1.1" 200 -
127.0.0.1 - - [15/Jan/2026 06:04:48] "GET /health HTTP/1.1" 200 -
127.0.0.1 - - [15/Jan/2026 06:04:48] "GET /health HTTP/1.1" 200 -
127.0.0.1 - - [15/Jan/2026 06:04:49] "GET /health HTTP/1.1" 200 -
127.0.0.1 - - [15/Jan/2026 06:04:53] "GET /health HTTP/1.1" 200 -
127.0.0.1 - - [15/Jan/2026 06:04:53] "GET /health HTTP/1.1" 200 -
127.0.0.1 - - [15/Jan/2026 06:04:53] "GET /health HTTP/1.1" 200 -
127.0.0.1 - - [15/Jan/2026 06:04:54] "GET /health HTTP/1.1" 200 -
127.0.0.1 - - [15/Jan/2026 06:04:58] "GET /health HTTP/1.1" 200 -
[API REQUEST] GET /health
[API REQUEST] No parameters
====================================================================================================

[API RESPONSE] ✅ 200 GET /health


====================================================================================================
[API REQUEST] GET /health
[API REQUEST] No parameters
====================================================================================================

[API RESPONSE] ✅ 200 GET /health


====================================================================================================
[API REQUEST] GET /health
[API REQUEST] No parameters
====================================================================================================

[API RESPONSE] ✅ 200 GET /health


====================================================================================================
[API REQUEST] GET /health
[API REQUEST] No parameters
====================================================================================================

[API RESPONSE] ✅ 200 GET /health


====================================================================================================
[API REQUEST] GET /health
[API REQUEST] No parameters
====================================================================================================

[API RESPONSE] ✅ 200 GET /health


====================================================================================================
[API REQUEST] GET /health
[API REQUEST] No parameters
====================================================================================================

[API RESPONSE] ✅ 200 GET /health


====================================================================================================
[API REQUEST] GET /health
[API REQUEST] No parameters
====================================================================================================

[API RESPONSE] ✅ 200 GET /health


====================================================================================================
[API REQUEST] GET /health
[API REQUEST] No parameters
====================================================================================================

[API RESPONSE] ✅ 200 GET /health


====================================================================================================
[API REQUEST] GET /health
[API REQUEST] No parameters
====================================================================================================

[API RESPONSE] ✅ 200 GET /health


====================================================================================================
[API REQUEST] GET /health
[API REQUEST] No parameters
====================================================================================================

[API RESPONSE] ✅ 200 GET /health


====================================================================================================
[API REQUEST] GET /health
[API REQUEST] No parameters
====================================================================================================

[API RESPONSE] ✅ 200 GET /health


====================================================================================================
[API REQUEST] GET /health
[API REQUEST] No parameters
====================================================================================================

[API RESPONSE] ✅ 200 GET /health


====================================================================================================
[API REQUEST] GET /health
[API REQUEST] No parameters
====================================================================================================

[API RESPONSE] ✅ 200 GET /health


====================================================================================================
[API REQUEST] GET /health
[API REQUEST] No parameters
====================================================================================================

[API RESPONSE] ✅ 200 GET /health


====================================================================================================
[API REQUEST] GET /health
[API REQUEST] No parameters
====================================================================================================

[API RESPONSE] ✅ 200 GET /health


====================================================================================================
[API REQUEST] GET /health
[API REQUEST] No parameters
====================================================================================================

[API RESPONSE] ✅ 200 GET /health


====================================================================================================
[API REQUEST] GET /health
[API REQUEST] No parameters
====================================================================================================

[API RESPONSE] ✅ 200 GET /health


====================================================================================================
[API REQUEST] GET /health
[API REQUEST] No parameters
====================================================================================================

[API RESPONSE] ✅ 200 GET /health


====================================================================================================
[API REQUEST] GET /health
[API REQUEST] No parameters
====================================================================================================

[API RESPONSE] ✅ 200 GET /health


====================================================================================================
[API REQUEST] GET /health
[API REQUEST] No parameters
====================================================================================================

[API RESPONSE] ✅ 200 GET /health


====================================================================================================
[API REQUEST] GET /health
[API REQUEST] No parameters
====================================================================================================

[API RESPONSE] ✅ 200 GET /health


====================================================================================================
[API REQUEST] GET /health
[API REQUEST] No parameters
====================================================================================================

[API RESPONSE] ✅ 200 GET /health


====================================================================================================
[API REQUEST] GET /health
[API REQUEST] No parameters
====================================================================================================

[API RESPONSE] ✅ 200 GET /health


====================================================================================================
[API REQUEST] GET /health
[API REQUEST] No parameters
====================================================================================================


====================================================================================================
[API REQUEST] GET /health
[API REQUEST] No parameters
====================================================================================================

[API RESPONSE] ✅ 200 GET /health

[API RESPONSE] ✅ 200 GET /health


====================================================================================================
[API REQUEST] GET /health
[API REQUEST] No parameters
====================================================================================================

[API RESPONSE] ✅ 200 GET /health


====================================================================================================
[API REQUEST] GET /health
[API REQUEST] No parameters
====================================================================================================

[API RESPONSE] ✅ 200 GET /health


====================================================================================================
[API REQUEST] GET /health
[API REQUEST] No parameters
====================================================================================================

[API RESPONSE] ✅ 200 GET /health

127.0.0.1 - - [15/Jan/2026 06:04:58] "GET /health HTTP/1.1" 200 -
127.0.0.1 - - [15/Jan/2026 06:04:58] "GET /health HTTP/1.1" 200 -
127.0.0.1 - - [15/Jan/2026 06:04:59] "GET /health HTTP/1.1" 200 -
127.0.0.1 - - [15/Jan/2026 06:05:02] "GET /health HTTP/1.1" 200 -
127.0.0.1 - - [15/Jan/2026 06:05:03] "GET /health HTTP/1.1" 200 -
127.0.0.1 - - [15/Jan/2026 06:05:03] "GET /health HTTP/1.1" 200 -
127.0.0.1 - - [15/Jan/2026 06:05:03] "GET /health HTTP/1.1" 200 -
127.0.0.1 - - [15/Jan/2026 06:05:05] "GET /health HTTP/1.1" 200 -
127.0.0.1 - - [15/Jan/2026 06:05:09] "GET /health HTTP/1.1" 200 -
127.0.0.1 - - [15/Jan/2026 06:05:09] "GET /health HTTP/1.1" 200 -
127.0.0.1 - - [15/Jan/2026 06:05:09] "GET /health HTTP/1.1" 200 -
127.0.0.1 - - [15/Jan/2026 06:05:10] "GET /health HTTP/1.1" 200 -
127.0.0.1 - - [15/Jan/2026 06:05:14] "GET /health HTTP/1.1" 200 -
127.0.0.1 - - [15/Jan/2026 06:05:14] "GET /health HTTP/1.1" 200 -
127.0.0.1 - - [15/Jan/2026 06:05:14] "GET /health HTTP/1.1" 200 -
127.0.0.1 - - [15/Jan/2026 06:05:15] "GET /health HTTP/1.1" 200 -
127.0.0.1 - - [15/Jan/2026 06:05:19] "GET /health HTTP/1.1" 200 -
127.0.0.1 - - [15/Jan/2026 06:05:19] "GET /health HTTP/1.1" 200 -
127.0.0.1 - - [15/Jan/2026 06:05:19] "GET /health HTTP/1.1" 200 -
127.0.0.1 - - [15/Jan/2026 06:05:20] "GET /health HTTP/1.1" 200 -
127.0.0.1 - - [15/Jan/2026 06:05:24] "GET /health HTTP/1.1" 200 -
127.0.0.1 - - [15/Jan/2026 06:05:24] "GET /health HTTP/1.1" 200 -
127.0.0.1 - - [15/Jan/2026 06:05:24] "GET /health HTTP/1.1" 200 -
127.0.0.1 - - [15/Jan/2026 06:05:25] "GET /health HTTP/1.1" 200 -
127.0.0.1 - - [15/Jan/2026 06:05:29] "GET /health HTTP/1.1" 200 -
127.0.0.1 - - [15/Jan/2026 06:05:29] "GET /health HTTP/1.1" 200 -
127.0.0.1 - - [15/Jan/2026 06:05:29] "GET /health HTTP/1.1" 200 -

====================================================================================================
[API REQUEST] GET /health
[API REQUEST] No parameters
====================================================================================================

[API RESPONSE] ✅ 200 GET /health


====================================================================================================
[API REQUEST] GET /health
[API REQUEST] No parameters
====================================================================================================

[API RESPONSE] ✅ 200 GET /health


====================================================================================================
[API REQUEST] GET /health
[API REQUEST] No parameters
====================================================================================================

[API RESPONSE] ✅ 200 GET /health


====================================================================================================
[API REQUEST] GET /health
[API REQUEST] No parameters
====================================================================================================

[API RESPONSE] ✅ 200 GET /health


====================================================================================================
[API REQUEST] GET /health
[API REQUEST] No parameters
====================================================================================================

[API RESPONSE] ✅ 200 GET /health


====================================================================================================
[API REQUEST] GET /health
[API REQUEST] No parameters
====================================================================================================

[API RESPONSE] ✅ 200 GET /health


====================================================================================================
[API REQUEST] GET /health
[API REQUEST] No parameters
====================================================================================================

[API RESPONSE] ✅ 200 GET /health


====================================================================================================
[API REQUEST] GET /health
[API REQUEST] No parameters
====================================================================================================

[API RESPONSE] ✅ 200 GET /health


====================================================================================================
[API REQUEST] GET /health
[API REQUEST] No parameters
====================================================================================================

[API RESPONSE] ✅ 200 GET /health


====================================================================================================
[API REQUEST] GET /health
[API REQUEST] No parameters
====================================================================================================

[API RESPONSE] ✅ 200 GET /health


====================================================================================================
[API REQUEST] GET /health
[API REQUEST] No parameters
====================================================================================================

[API RESPONSE] ✅ 200 GET /health


====================================================================================================
[API REQUEST] GET /health
[API REQUEST] No parameters
====================================================================================================

[API RESPONSE] ✅ 200 GET /health


====================================================================================================
[API REQUEST] GET /health
[API REQUEST] No parameters
====================================================================================================

[API RESPONSE] ✅ 200 GET /health


====================================================================================================
[API REQUEST] GET /health
[API REQUEST] No parameters
====================================================================================================

[API RESPONSE] ✅ 200 GET /health


====================================================================================================
[API REQUEST] GET /health
[API REQUEST] No parameters
====================================================================================================

[API RESPONSE] ✅ 200 GET /health


====================================================================================================
[API REQUEST] GET /health
[API REQUEST] No parameters
====================================================================================================

[API RESPONSE] ✅ 200 GET /health


====================================================================================================
[API REQUEST] GET /health
[API REQUEST] No parameters
====================================================================================================

[API RESPONSE] ✅ 200 GET /health


====================================================================================================
[API REQUEST] GET /health
[API REQUEST] No parameters
====================================================================================================

[API RESPONSE] ✅ 200 GET /health


====================================================================================================
[API REQUEST] GET /health
[API REQUEST] No parameters
====================================================================================================

[API RESPONSE] ✅ 200 GET /health


====================================================================================================
[API REQUEST] GET /health
[API REQUEST] No parameters
====================================================================================================

[API RESPONSE] ✅ 200 GET /health


====================================================================================================
[API REQUEST] GET /health
[API REQUEST] No parameters
====================================================================================================

[API RESPONSE] ✅ 200 GET /health


====================================================================================================
[API REQUEST] GET /health
[API REQUEST] No parameters
====================================================================================================

[API RESPONSE] ✅ 200 GET /health


====================================================================================================
[API REQUEST] GET /health
[API REQUEST] No parameters
====================================================================================================

[API RESPONSE] ✅ 200 GET /health


====================================================================================================
[API REQUEST] GET /health
[API REQUEST] No parameters
====================================================================================================

[API RESPONSE] ✅ 200 GET /health


====================================================================================================
[API REQUEST] GET /health
[API REQUEST] No parameters
====================================================================================================

[API RESPONSE] ✅ 200 GET /health


====================================================================================================
[API REQUEST] GET /health
[API REQUEST] No parameters
====================================================================================================

[API RESPONSE] ✅ 200 GET /health


====================================================================================================
[API REQUEST] GET /health
[API REQUEST] No parameters
====================================================================================================

[API RESPONSE] ✅ 200 GET /health


====================================================================================================
[API REQUEST] GET /health
[API REQUEST] No parameters
127.0.0.1 - - [15/Jan/2026 06:05:30] "GET /health HTTP/1.1" 200 -
127.0.0.1 - - [15/Jan/2026 06:05:34] "GET /health HTTP/1.1" 200 -
127.0.0.1 - - [15/Jan/2026 06:05:34] "GET /health HTTP/1.1" 200 -
127.0.0.1 - - [15/Jan/2026 06:05:34] "GET /health HTTP/1.1" 200 -
127.0.0.1 - - [15/Jan/2026 06:05:35] "GET /health HTTP/1.1" 200 -
127.0.0.1 - - [15/Jan/2026 06:05:39] "GET /health HTTP/1.1" 200 -
127.0.0.1 - - [15/Jan/2026 06:05:39] "GET /health HTTP/1.1" 200 -
127.0.0.1 - - [15/Jan/2026 06:05:39] "GET /health HTTP/1.1" 200 -
127.0.0.1 - - [15/Jan/2026 06:05:40] "GET /health HTTP/1.1" 200 -
127.0.0.1 - - [15/Jan/2026 06:05:44] "GET /health HTTP/1.1" 200 -
127.0.0.1 - - [15/Jan/2026 06:05:44] "GET /health HTTP/1.1" 200 -
127.0.0.1 - - [15/Jan/2026 06:05:44] "GET /health HTTP/1.1" 200 -
127.0.0.1 - - [15/Jan/2026 06:05:45] "GET /health HTTP/1.1" 200 -
127.0.0.1 - - [15/Jan/2026 06:05:49] "GET /health HTTP/1.1" 200 -
127.0.0.1 - - [15/Jan/2026 06:05:49] "GET /health HTTP/1.1" 200 -
127.0.0.1 - - [15/Jan/2026 06:05:49] "GET /health HTTP/1.1" 200 -
127.0.0.1 - - [15/Jan/2026 06:05:50] "GET /health HTTP/1.1" 200 -
127.0.0.1 - - [15/Jan/2026 06:05:55] "GET /health HTTP/1.1" 200 -
127.0.0.1 - - [15/Jan/2026 06:05:55] "GET /health HTTP/1.1" 200 -
127.0.0.1 - - [15/Jan/2026 06:05:55] "GET /health HTTP/1.1" 200 -
127.0.0.1 - - [15/Jan/2026 06:05:55] "GET /health HTTP/1.1" 200 -
127.0.0.1 - - [15/Jan/2026 06:06:00] "GET /health HTTP/1.1" 200 -
127.0.0.1 - - [15/Jan/2026 06:06:00] "GET /health HTTP/1.1" 200 -
127.0.0.1 - - [15/Jan/2026 06:06:00] "GET /health HTTP/1.1" 200 -
127.0.0.1 - - [15/Jan/2026 06:06:01] "GET /health HTTP/1.1" 200 -
127.0.0.1 - - [15/Jan/2026 06:06:05] "GET /health HTTP/1.1" 200 -
127.0.0.1 - - [15/Jan/2026 06:06:05] "GET /health HTTP/1.1" 200 -
127.0.0.1 - - [15/Jan/2026 06:06:05] "GET /health HTTP/1.1" 200 -
====================================================================================================

[API RESPONSE] ✅ 200 GET /health


====================================================================================================
[API REQUEST] GET /health
[API REQUEST] No parameters
====================================================================================================

[API RESPONSE] ✅ 200 GET /health


====================================================================================================
[API REQUEST] GET /health
[API REQUEST] No parameters
====================================================================================================

[API RESPONSE] ✅ 200 GET /health


====================================================================================================
[API REQUEST] GET /health
[API REQUEST] No parameters
====================================================================================================

[API RESPONSE] ✅ 200 GET /health


====================================================================================================
[API REQUEST] GET /health
[API REQUEST] No parameters
====================================================================================================

[API RESPONSE] ✅ 200 GET /health


====================================================================================================
[API REQUEST] GET /health
[API REQUEST] No parameters
====================================================================================================

[API RESPONSE] ✅ 200 GET /health


====================================================================================================
[API REQUEST] GET /health
[API REQUEST] No parameters
====================================================================================================

[API RESPONSE] ✅ 200 GET /health


====================================================================================================
[API REQUEST] GET /health
[API REQUEST] No parameters
====================================================================================================

[API RESPONSE] ✅ 200 GET /health


====================================================================================================
[API REQUEST] GET /health
[API REQUEST] No parameters
====================================================================================================

[API RESPONSE] ✅ 200 GET /health


====================================================================================================
[API REQUEST] GET /health
[API REQUEST] No parameters
====================================================================================================

[API RESPONSE] ✅ 200 GET /health


====================================================================================================
[API REQUEST] GET /health
[API REQUEST] No parameters
====================================================================================================

[API RESPONSE] ✅ 200 GET /health


====================================================================================================
[API REQUEST] GET /health
[API REQUEST] No parameters
====================================================================================================

[API RESPONSE] ✅ 200 GET /health


====================================================================================================
[API REQUEST] GET /health
[API REQUEST] No parameters
====================================================================================================

[API RESPONSE] ✅ 200 GET /health


====================================================================================================
[API REQUEST] GET /health
[API REQUEST] No parameters
====================================================================================================

[API RESPONSE] ✅ 200 GET /health


====================================================================================================
[API REQUEST] GET /health
[API REQUEST] No parameters
====================================================================================================

[API RESPONSE] ✅ 200 GET /health


====================================================================================================
[API REQUEST] GET /health
[API REQUEST] No parameters
====================================================================================================

[API RESPONSE] ✅ 200 GET /health


====================================================================================================
[API REQUEST] GET /health
[API REQUEST] No parameters
====================================================================================================

[API RESPONSE] ✅ 200 GET /health


====================================================================================================
[API REQUEST] GET /health
[API REQUEST] No parameters
====================================================================================================

[API RESPONSE] ✅ 200 GET /health


====================================================================================================
[API REQUEST] GET /health
[API REQUEST] No parameters
====================================================================================================

[API RESPONSE] ✅ 200 GET /health


====================================================================================================
[API REQUEST] GET /health
[API REQUEST] No parameters
====================================================================================================

[API RESPONSE] ✅ 200 GET /health


====================================================================================================
[API REQUEST] GET /health
[API REQUEST] No parameters
====================================================================================================

[API RESPONSE] ✅ 200 GET /health


====================================================================================================
[API REQUEST] GET /health
[API REQUEST] No parameters
====================================================================================================


====================================================================================================
[API REQUEST] GET /health
[API REQUEST] No parameters
====================================================================================================

[API RESPONSE] ✅ 200 GET /health

[API RESPONSE] ✅ 200 GET /health


====================================================================================================
[API REQUEST] GET /health
[API REQUEST] No parameters
====================================================================================================

[API RESPONSE] ✅ 200 GET /health


====================================================================================================
[API REQUEST] GET /health
[API REQUEST] No parameters
====================================================================================================

[API RESPONSE] ✅ 200 GET /health


====================================================================================================
[API REQUEST] GET /health
[API REQUEST] No parameters
====================================================================================================

[API RESPONSE] ✅ 200 GET /health


====================================================================================================
[API REQUEST] GET /health
[API REQUEST] No parameters
====================================================================================================

[API RESPONSE] ✅ 200 GET /health


====================================================================================================
[API REQUEST] GET /health
[API REQUEST] No parameters
====================================================================================================

[API RESPONSE] ✅ 200 GET /health


====================================================================================================
127.0.0.1 - - [15/Jan/2026 06:06:06] "GET /health HTTP/1.1" 200 -
127.0.0.1 - - [15/Jan/2026 06:06:11] "GET /health HTTP/1.1" 200 -
127.0.0.1 - - [15/Jan/2026 06:06:11] "GET /health HTTP/1.1" 200 -
127.0.0.1 - - [15/Jan/2026 06:06:11] "GET /health HTTP/1.1" 200 -
127.0.0.1 - - [15/Jan/2026 06:06:11] "GET /health HTTP/1.1" 200 -
127.0.0.1 - - [15/Jan/2026 06:06:16] "GET /health HTTP/1.1" 200 -
127.0.0.1 - - [15/Jan/2026 06:06:16] "GET /health HTTP/1.1" 200 -
127.0.0.1 - - [15/Jan/2026 06:06:16] "GET /health HTTP/1.1" 200 -
127.0.0.1 - - [15/Jan/2026 06:06:16] "GET /health HTTP/1.1" 200 -
127.0.0.1 - - [15/Jan/2026 06:06:22] "GET /health HTTP/1.1" 200 -
127.0.0.1 - - [15/Jan/2026 06:06:22] "GET /health HTTP/1.1" 200 -
127.0.0.1 - - [15/Jan/2026 06:06:22] "GET /health HTTP/1.1" 200 -
127.0.0.1 - - [15/Jan/2026 06:06:22] "GET /health HTTP/1.1" 200 -
127.0.0.1 - - [15/Jan/2026 06:06:28] "GET /health HTTP/1.1" 200 -
127.0.0.1 - - [15/Jan/2026 06:06:28] "GET /health HTTP/1.1" 200 -
127.0.0.1 - - [15/Jan/2026 06:06:28] "GET /health HTTP/1.1" 200 -
127.0.0.1 - - [15/Jan/2026 06:06:28] "GET /health HTTP/1.1" 200 -
127.0.0.1 - - [15/Jan/2026 06:06:33] "GET /health HTTP/1.1" 200 -
127.0.0.1 - - [15/Jan/2026 06:06:33] "GET /health HTTP/1.1" 200 -
127.0.0.1 - - [15/Jan/2026 06:06:33] "GET /health HTTP/1.1" 200 -
127.0.0.1 - - [15/Jan/2026 06:06:33] "GET /health HTTP/1.1" 200 -
127.0.0.1 - - [15/Jan/2026 06:06:39] "GET /health HTTP/1.1" 200 -
127.0.0.1 - - [15/Jan/2026 06:06:39] "GET /health HTTP/1.1" 200 -
127.0.0.1 - - [15/Jan/2026 06:06:39] "GET /health HTTP/1.1" 200 -
127.0.0.1 - - [15/Jan/2026 06:06:39] "GET /health HTTP/1.1" 200 -
[API REQUEST] GET /health
[API REQUEST] No parameters
====================================================================================================

[API RESPONSE] ✅ 200 GET /health


====================================================================================================
[API REQUEST] GET /health
[API REQUEST] No parameters
====================================================================================================


====================================================================================================
[API REQUEST] GET /health
[API REQUEST] No parameters
====================================================================================================

[API RESPONSE] ✅ 200 GET /health


====================================================================================================
[API REQUEST] GET /health
[API REQUEST] No parameters
====================================================================================================

[API RESPONSE] ✅ 200 GET /health

[API RESPONSE] ✅ 200 GET /health


====================================================================================================
[API REQUEST] GET /health
[API REQUEST] No parameters
====================================================================================================

[API RESPONSE] ✅ 200 GET /health


====================================================================================================
[API REQUEST] GET /health
[API REQUEST] No parameters
====================================================================================================


====================================================================================================
[API REQUEST] GET /health
[API REQUEST] No parameters
====================================================================================================

[API RESPONSE] ✅ 200 GET /health

[API RESPONSE] ✅ 200 GET /health


====================================================================================================
[API REQUEST] GET /health
[API REQUEST] No parameters
====================================================================================================

[API RESPONSE] ✅ 200 GET /health


====================================================================================================
[API REQUEST] GET /health
[API REQUEST] No parameters
====================================================================================================

[API RESPONSE] ✅ 200 GET /health


====================================================================================================
[API REQUEST] GET /health
[API REQUEST] No parameters
====================================================================================================


====================================================================================================
[API REQUEST] GET /health
[API REQUEST] No parameters
====================================================================================================


====================================================================================================
[API REQUEST] GET /health
[API REQUEST] No parameters
====================================================================================================

[API RESPONSE] ✅ 200 GET /health

[API RESPONSE] ✅ 200 GET /health

[API RESPONSE] ✅ 200 GET /health


====================================================================================================
[API REQUEST] GET /health
[API REQUEST] No parameters
====================================================================================================

[API RESPONSE] ✅ 200 GET /health


====================================================================================================
[API REQUEST] GET /health
[API REQUEST] No parameters
====================================================================================================


====================================================================================================
[API REQUEST] GET /health
[API REQUEST] No parameters
====================================================================================================


====================================================================================================
[API REQUEST] GET /health
[API REQUEST] No parameters
====================================================================================================

[API RESPONSE] ✅ 200 GET /health

[API RESPONSE] ✅ 200 GET /health

[API RESPONSE] ✅ 200 GET /health


====================================================================================================
[API REQUEST] GET /health
[API REQUEST] No parameters
====================================================================================================

[API RESPONSE] ✅ 200 GET /health


====================================================================================================
[API REQUEST] GET /health
[API REQUEST] No parameters
====================================================================================================


====================================================================================================
[API REQUEST] GET /health
[API REQUEST] No parameters
====================================================================================================


====================================================================================================
[API REQUEST] GET /health
[API REQUEST] No parameters
====================================================================================================

[API RESPONSE] ✅ 200 GET /health


====================================================================================================
[API REQUEST] GET /health
[API REQUEST] No parameters
====================================================================================================

[API RESPONSE] ✅ 200 GET /health

[API RESPONSE] ✅ 200 GET /health

[API RESPONSE] ✅ 200 GET /health


====================================================================================================
[API REQUEST] GET /health
[API REQUEST] No parameters
====================================================================================================


====================================================================================================
[API REQUEST] GET /health
[API REQUEST] No parameters
====================================================================================================

[API RESPONSE] ✅ 200 GET /health


====================================================================================================
[API REQUEST] GET /health
[API REQUEST] No parameters
====================================================================================================

[API RESPONSE] ✅ 200 GET /health

[API RESPONSE] ✅ 200 GET /health


====================================================================================================
[API REQUEST] GET /health
[API REQUEST] No parameters
====================================================================================================

[API RESPONSE] ✅ 200 GET /health

