[MONITOR] Mondrian Monitoring Service v2.5-JSON-RAG starting...
2026-01-08 18:55:46,577 [INFO] __main__: Starting Mondrian services...
2026-01-08 18:55:46,578 [INFO] __main__: Starting caption_service
2026-01-08 18:55:46,578 [INFO] __main__: Clearing Python bytecode cache...
2026-01-08 18:55:46,617 [INFO] __main__: Ensuring single instance of caption_service
2026-01-08 18:55:46,637 [WARNING] __main__: Failed to check network connections: (pid=38828)
2026-01-08 18:55:47,646 [INFO] __main__: Started caption_service (PID: 38845)
2026-01-08 18:55:49,649 [INFO] __main__: Starting embedding_service
2026-01-08 18:55:49,649 [INFO] __main__: Clearing Python bytecode cache...
2026-01-08 18:55:49,682 [INFO] __main__: Ensuring single instance of embedding_service
2026-01-08 18:55:49,697 [WARNING] __main__: Failed to check network connections: (pid=38828)
2026-01-08 18:55:50,704 [INFO] __main__: Started embedding_service (PID: 38860)
2026-01-08 18:55:52,710 [INFO] __main__: Starting rag_service
2026-01-08 18:55:52,710 [INFO] __main__: Clearing Python bytecode cache...
2026-01-08 18:55:52,741 [INFO] __main__: Ensuring single instance of rag_service
2026-01-08 18:55:52,756 [WARNING] __main__: Failed to check network connections: (pid=38828)
2026-01-08 18:55:53,763 [INFO] __main__: Started rag_service (PID: 38891)
2026-01-08 18:55:55,767 [INFO] __main__: Starting ai_advisor
2026-01-08 18:55:55,767 [INFO] __main__: Clearing Python bytecode cache...
2026-01-08 18:55:55,795 [INFO] __main__: Ensuring single instance of ai_advisor
2026-01-08 18:55:55,810 [WARNING] __main__: Failed to check network connections: (pid=38828)
2026-01-08 18:55:56,819 [INFO] __main__: Started ai_advisor (PID: 38895)
2026-01-08 18:55:59,825 [INFO] __main__: Starting job_service
2026-01-08 18:55:59,825 [INFO] __main__: Clearing Python bytecode cache...
2026-01-08 18:55:59,850 [INFO] __main__: Ensuring single instance of job_service
2026-01-08 18:55:59,866 [WARNING] __main__: Failed to check network connections: (pid=38828)
2026-01-08 18:56:00,873 [INFO] __main__: Started job_service (PID: 38901)
2026-01-08 18:56:03,876 [INFO] __main__: Starting health check loop
2026-01-08 18:56:03,876 [INFO] __main__: Starting job monitoring loop
2026-01-08 18:56:03,877 [INFO] __main__: Starting cleanup loop
2026-01-08 18:56:03,877 [INFO] __main__: Monitoring loops started
2026-01-08 18:56:03,878 [INFO] __main__: Cleanup: Querying database at: /Users/shaydu/dev/mondrian-macos/mondrian.db
2026-01-08 18:56:03,885 [INFO] __main__: Health check ai_advisor: OK
2026-01-08 18:56:03,886 [INFO] __main__: No active jobs
2026-01-08 18:56:03,887 [INFO] __main__: Health check job_service: OK
2026-01-08 18:56:03,889 [INFO] __main__: Health check caption_service: OK
2026-01-08 18:56:03,891 [INFO] __main__: Health check embedding_service: OK
2026-01-08 18:56:03,894 [INFO] __main__: Health check rag_service: OK
2026-01-08 18:56:08,894 [INFO] __main__: No active jobs
2026-01-08 18:56:13,906 [INFO] __main__: No active jobs
2026-01-08 18:56:18,914 [INFO] __main__: No active jobs
2026-01-08 18:56:23,927 [INFO] __main__: No active jobs
2026-01-08 18:56:28,939 [INFO] __main__: No active jobs
2026-01-08 18:56:33,906 [INFO] __main__: Health check ai_advisor: OK
2026-01-08 18:56:33,908 [INFO] __main__: Health check job_service: OK
2026-01-08 18:56:33,910 [INFO] __main__: Health check caption_service: OK
2026-01-08 18:56:33,948 [INFO] __main__: No active jobs
2026-01-08 18:56:34,001 [INFO] __main__: Health check embedding_service: OK
2026-01-08 18:56:34,004 [INFO] __main__: Health check rag_service: OK
2026-01-08 18:56:38,952 [INFO] __main__: No active jobs
2026-01-08 18:56:43,960 [INFO] __main__: No active jobs
2026-01-08 18:56:48,970 [INFO] __main__: No active jobs
2026-01-08 18:56:53,979 [INFO] __main__: No active jobs
2026-01-08 18:56:58,988 [INFO] __main__: No active jobs
2026-01-08 18:57:03,887 [INFO] __main__: Cleanup: Querying database at: /Users/shaydu/dev/mondrian-macos/mondrian.db
2026-01-08 18:57:03,997 [INFO] __main__: No active jobs
2026-01-08 18:57:04,007 [INFO] __main__: Health check ai_advisor: OK
2026-01-08 18:57:04,009 [INFO] __main__: Health check job_service: OK
2026-01-08 18:57:04,011 [INFO] __main__: Health check caption_service: OK
2026-01-08 18:57:04,012 [INFO] __main__: Health check embedding_service: OK
2026-01-08 18:57:04,015 [INFO] __main__: Health check rag_service: OK
2026-01-08 18:57:09,006 [INFO] __main__: No active jobs
2026-01-08 18:57:14,014 [INFO] __main__: No active jobs
2026-01-08 18:57:19,022 [INFO] __main__: No active jobs
2026-01-08 18:57:24,030 [INFO] __main__: No active jobs
2026-01-08 18:57:29,035 [INFO] __main__: No active jobs
2026-01-08 18:57:34,019 [INFO] __main__: Health check ai_advisor: OK
2026-01-08 18:57:34,021 [INFO] __main__: Health check job_service: OK
2026-01-08 18:57:34,023 [INFO] __main__: Health check caption_service: OK
2026-01-08 18:57:34,025 [INFO] __main__: Health check embedding_service: OK
2026-01-08 18:57:34,028 [INFO] __main__: Health check rag_service: OK
2026-01-08 18:57:34,043 [INFO] __main__: No active jobs
2026-01-08 18:57:39,052 [INFO] __main__: No active jobs
2026-01-08 18:57:44,060 [INFO] __main__: No active jobs
2026-01-08 18:57:49,067 [INFO] __main__: No active jobs
2026-01-08 18:57:54,074 [INFO] __main__: No active jobs
2026-01-08 18:57:59,079 [INFO] __main__: No active jobs
2026-01-08 18:58:03,893 [INFO] __main__: Cleanup: Querying database at: /Users/shaydu/dev/mondrian-macos/mondrian.db
2026-01-08 18:58:04,036 [INFO] __main__: Health check ai_advisor: OK
2026-01-08 18:58:04,038 [INFO] __main__: Health check job_service: OK
2026-01-08 18:58:04,040 [INFO] __main__: Health check caption_service: OK
2026-01-08 18:58:04,042 [INFO] __main__: Health check embedding_service: OK
2026-01-08 18:58:04,045 [INFO] __main__: Health check rag_service: OK
2026-01-08 18:58:04,087 [INFO] __main__: No active jobs
2026-01-08 18:58:09,092 [INFO] __main__: No active jobs
2026-01-08 18:58:14,100 [INFO] __main__: No active jobs
2026-01-08 18:58:19,108 [INFO] __main__: No active jobs
2026-01-08 18:58:24,120 [INFO] __main__: No active jobs
2026-01-08 18:58:29,126 [INFO] __main__: No active jobs
2026-01-08 18:58:34,057 [INFO] __main__: Health check ai_advisor: OK
2026-01-08 18:58:34,061 [INFO] __main__: Health check job_service: OK
2026-01-08 18:58:34,063 [INFO] __main__: Health check caption_service: OK
2026-01-08 18:58:34,066 [INFO] __main__: Health check embedding_service: OK
2026-01-08 18:58:34,070 [INFO] __main__: Health check rag_service: OK
2026-01-08 18:58:34,134 [INFO] __main__: No active jobs
2026-01-08 18:58:39,145 [INFO] __main__: No active jobs
2026-01-08 18:58:44,153 [INFO] __main__: No active jobs
2026-01-08 18:58:49,159 [INFO] __main__: No active jobs
2026-01-08 18:58:54,168 [INFO] __main__: No active jobs
2026-01-08 18:58:59,178 [INFO] __main__: No active jobs
2026-01-08 18:59:03,908 [INFO] __main__: Cleanup: Querying database at: /Users/shaydu/dev/mondrian-macos/mondrian.db
2026-01-08 18:59:04,075 [INFO] __main__: Health check ai_advisor: OK
2026-01-08 18:59:04,076 [INFO] __main__: Health check job_service: OK
2026-01-08 18:59:04,078 [INFO] __main__: Health check caption_service: OK
2026-01-08 18:59:04,079 [INFO] __main__: Health check embedding_service: OK
2026-01-08 18:59:04,082 [INFO] __main__: Health check rag_service: OK
2026-01-08 18:59:04,184 [INFO] __main__: No active jobs
2026-01-08 18:59:09,199 [INFO] __main__: No active jobs
2026-01-08 18:59:14,215 [INFO] __main__: No active jobs
2026-01-08 18:59:19,230 [INFO] __main__: No active jobs
2026-01-08 18:59:24,247 [INFO] __main__: No active jobs
2026-01-08 18:59:29,261 [INFO] __main__: No active jobs
2026-01-08 18:59:34,094 [INFO] __main__: Health check ai_advisor: OK
2026-01-08 18:59:34,098 [INFO] __main__: Health check job_service: OK
2026-01-08 18:59:34,101 [INFO] __main__: Health check caption_service: OK
2026-01-08 18:59:34,104 [INFO] __main__: Health check embedding_service: OK
2026-01-08 18:59:34,109 [INFO] __main__: Health check rag_service: OK
2026-01-08 18:59:34,276 [INFO] __main__: No active jobs
2026-01-08 18:59:39,291 [INFO] __main__: No active jobs
2026-01-08 18:59:44,305 [INFO] __main__: No active jobs
2026-01-08 18:59:49,320 [INFO] __main__: No active jobs
2026-01-08 18:59:54,340 [INFO] __main__: No active jobs
2026-01-08 19:42:02,615 [INFO] __main__: No active jobs
2026-01-08 19:42:07,033 [INFO] __main__: Cleanup: Querying database at: /Users/shaydu/dev/mondrian-macos/mondrian.db
2026-01-08 19:42:07,237 [INFO] __main__: Health check ai_advisor: OK
2026-01-08 19:42:07,241 [INFO] __main__: Health check job_service: OK
2026-01-08 19:42:07,245 [INFO] __main__: Health check caption_service: OK
2026-01-08 19:42:07,248 [INFO] __main__: Health check embedding_service: OK
2026-01-08 19:42:07,253 [INFO] __main__: Health check rag_service: OK
2026-01-08 19:42:07,500 [INFO] __main__: No active jobs
2026-01-08 19:42:12,522 [INFO] __main__: No active jobs
2026-01-08 19:42:17,533 [INFO] __main__: No active jobs
2026-01-08 19:42:22,552 [INFO] __main__: No active jobs
2026-01-08 19:42:27,569 [INFO] __main__: No active jobs
2026-01-08 19:42:32,591 [INFO] __main__: No active jobs
2026-01-08 19:42:37,266 [INFO] __main__: Health check ai_advisor: OK
2026-01-08 19:42:37,269 [INFO] __main__: Health check job_service: OK
2026-01-08 19:42:37,271 [INFO] __main__: Health check caption_service: OK
2026-01-08 19:42:37,274 [INFO] __main__: Health check embedding_service: OK
2026-01-08 19:42:37,280 [INFO] __main__: Health check rag_service: OK
2026-01-08 19:42:37,611 [INFO] __main__: No active jobs
2026-01-08 19:42:42,631 [INFO] __main__: No active jobs
2026-01-08 19:42:59,428 [INFO] __main__: No active jobs
2026-01-08 19:43:04,444 [INFO] __main__: No active jobs
2026-01-08 19:43:09,453 [INFO] __main__: No active jobs
2026-01-08 19:43:14,467 [INFO] __main__: No active jobs
2026-01-08 19:43:18,837 [INFO] __main__: Cleanup: Querying database at: /Users/shaydu/dev/mondrian-macos/mondrian.db
2026-01-08 19:43:19,075 [INFO] __main__: Health check ai_advisor: OK
2026-01-08 19:43:19,078 [INFO] __main__: Health check job_service: OK
2026-01-08 19:43:19,080 [INFO] __main__: Health check caption_service: OK
2026-01-08 19:43:19,082 [INFO] __main__: Health check embedding_service: OK
2026-01-08 19:43:19,086 [INFO] __main__: Health check rag_service: OK
2026-01-08 19:43:19,482 [INFO] __main__: No active jobs
2026-01-08 19:43:24,493 [INFO] __main__: No active jobs
2026-01-08 19:43:29,508 [INFO] __main__: No active jobs
2026-01-08 19:43:34,529 [INFO] __main__: No active jobs
2026-01-08 19:43:39,550 [INFO] __main__: No active jobs
2026-01-08 19:43:44,572 [INFO] __main__: No active jobs
2026-01-08 19:43:49,098 [INFO] __main__: Health check ai_advisor: OK
2026-01-08 19:43:49,101 [INFO] __main__: Health check job_service: OK
2026-01-08 19:43:49,104 [INFO] __main__: Health check caption_service: OK
2026-01-08 19:43:49,107 [INFO] __main__: Health check embedding_service: OK
2026-01-08 19:43:49,112 [INFO] __main__: Health check rag_service: OK
2026-01-08 19:43:49,592 [INFO] __main__: No active jobs
2026-01-08 19:43:54,614 [INFO] __main__: No active jobs
2026-01-08 19:43:59,634 [INFO] __main__: No active jobs
2026-01-08 19:44:04,654 [INFO] __main__: No active jobs
2026-01-08 19:44:09,682 [INFO] __main__: No active jobs
2026-01-08 19:44:14,688 [INFO] __main__: No active jobs
2026-01-08 19:44:18,852 [INFO] __main__: Cleanup: Querying database at: /Users/shaydu/dev/mondrian-macos/mondrian.db
2026-01-08 19:44:19,130 [INFO] __main__: Health check ai_advisor: OK
2026-01-08 19:44:19,134 [INFO] __main__: Health check job_service: OK
2026-01-08 19:44:19,137 [INFO] __main__: Health check caption_service: OK
2026-01-08 19:44:19,140 [INFO] __main__: Health check embedding_service: OK
2026-01-08 19:44:19,145 [INFO] __main__: Health check rag_service: OK
2026-01-08 19:44:19,703 [INFO] __main__: No active jobs
2026-01-08 19:47:08,153 [INFO] __main__: No active jobs
2026-01-08 19:47:13,162 [INFO] __main__: No active jobs
2026-01-08 19:47:18,170 [INFO] __main__: No active jobs
2026-01-08 19:47:23,179 [INFO] __main__: No active jobs
2026-01-08 19:47:28,187 [INFO] __main__: No active jobs
2026-01-08 19:47:32,584 [INFO] __main__: Health check ai_advisor: OK
2026-01-08 19:47:32,586 [INFO] __main__: Health check job_service: OK
2026-01-08 19:47:32,589 [INFO] __main__: Health check caption_service: OK
2026-01-08 19:47:32,591 [INFO] __main__: Health check embedding_service: OK
2026-01-08 19:47:32,595 [INFO] __main__: Health check rag_service: OK
2026-01-08 19:47:33,195 [INFO] __main__: No active jobs
2026-01-08 19:47:38,202 [INFO] __main__: No active jobs
2026-01-08 19:47:43,211 [INFO] __main__: No active jobs
2026-01-08 19:47:48,220 [INFO] __main__: No active jobs
2026-01-08 19:47:53,224 [INFO] __main__: No active jobs
2026-01-08 19:47:58,235 [INFO] __main__: No active jobs
2026-01-08 19:48:02,293 [INFO] __main__: Cleanup: Querying database at: /Users/shaydu/dev/mondrian-macos/mondrian.db
2026-01-08 19:48:02,604 [INFO] __main__: Health check ai_advisor: OK
2026-01-08 19:48:02,606 [INFO] __main__: Health check job_service: OK
2026-01-08 19:48:02,607 [INFO] __main__: Health check caption_service: OK
2026-01-08 19:48:02,609 [INFO] __main__: Health check embedding_service: OK
2026-01-08 19:48:02,612 [INFO] __main__: Health check rag_service: OK
2026-01-08 19:48:03,245 [INFO] __main__: No active jobs
2026-01-08 19:48:08,252 [INFO] __main__: No active jobs
2026-01-08 19:48:13,267 [INFO] __main__: No active jobs
2026-01-08 19:48:18,277 [INFO] __main__: No active jobs
2026-01-08 19:48:23,285 [INFO] __main__: No active jobs
2026-01-08 19:48:28,294 [INFO] __main__: No active jobs
2026-01-08 19:48:32,617 [INFO] __main__: Health check ai_advisor: OK
2026-01-08 19:48:32,619 [INFO] __main__: Health check job_service: OK
2026-01-08 19:48:32,622 [INFO] __main__: Health check caption_service: OK
2026-01-08 19:48:32,625 [INFO] __main__: Health check embedding_service: OK
2026-01-08 19:48:32,630 [INFO] __main__: Health check rag_service: OK
2026-01-08 19:48:33,302 [INFO] __main__: No active jobs
2026-01-08 19:48:38,312 [INFO] __main__: No active jobs
2026-01-08 19:48:43,320 [INFO] __main__: No active jobs
2026-01-08 19:48:48,330 [INFO] __main__: No active jobs
2026-01-08 19:48:53,339 [INFO] __main__: No active jobs
2026-01-08 19:48:58,351 [INFO] __main__: No active jobs
2026-01-08 19:49:02,310 [INFO] __main__: Cleanup: Querying database at: /Users/shaydu/dev/mondrian-macos/mondrian.db
2026-01-08 19:49:02,637 [INFO] __main__: Health check ai_advisor: OK
2026-01-08 19:49:02,640 [INFO] __main__: Health check job_service: OK
2026-01-08 19:49:02,642 [INFO] __main__: Health check caption_service: OK
2026-01-08 19:49:02,644 [INFO] __main__: Health check embedding_service: OK
2026-01-08 19:49:02,648 [INFO] __main__: Health check rag_service: OK
2026-01-08 19:49:03,359 [INFO] __main__: No active jobs
2026-01-08 19:49:08,371 [INFO] __main__: No active jobs
2026-01-08 19:49:13,385 [INFO] __main__: No active jobs
2026-01-08 19:49:18,395 [INFO] __main__: No active jobs
2026-01-08 19:49:23,400 [INFO] __main__: No active jobs
2026-01-08 19:49:28,411 [INFO] __main__: No active jobs
2026-01-08 19:49:32,655 [INFO] __main__: Health check ai_advisor: OK
2026-01-08 19:49:32,657 [INFO] __main__: Health check job_service: OK
2026-01-08 19:49:32,659 [INFO] __main__: Health check caption_service: OK
2026-01-08 19:49:32,661 [INFO] __main__: Health check embedding_service: OK
2026-01-08 19:49:32,664 [INFO] __main__: Health check rag_service: OK
2026-01-08 19:49:33,418 [INFO] __main__: No active jobs
2026-01-08 19:49:38,427 [INFO] __main__: No active jobs
2026-01-08 19:49:43,434 [INFO] __main__: No active jobs
2026-01-08 19:49:48,441 [INFO] __main__: No active jobs
2026-01-08 19:49:53,446 [INFO] __main__: No active jobs
2026-01-08 19:49:58,454 [INFO] __main__: No active jobs
2026-01-08 19:50:02,325 [INFO] __main__: Cleanup: Querying database at: /Users/shaydu/dev/mondrian-macos/mondrian.db
2026-01-08 19:50:02,668 [INFO] __main__: Health check ai_advisor: OK
2026-01-08 19:50:02,671 [INFO] __main__: Health check job_service: OK
2026-01-08 19:50:02,673 [INFO] __main__: Health check caption_service: OK
2026-01-08 19:50:02,676 [INFO] __main__: Health check embedding_service: OK
2026-01-08 19:50:02,679 [INFO] __main__: Health check rag_service: OK
2026-01-08 19:50:03,464 [INFO] __main__: No active jobs
2026-01-08 19:50:08,471 [INFO] __main__: No active jobs
2026-01-08 19:50:13,478 [INFO] __main__: No active jobs
2026-01-08 19:50:18,489 [INFO] __main__: No active jobs
2026-01-08 19:50:23,498 [INFO] __main__: No active jobs
2026-01-08 19:50:28,509 [INFO] __main__: No active jobs
2026-01-08 19:50:32,686 [INFO] __main__: Health check ai_advisor: OK
2026-01-08 19:50:32,690 [INFO] __main__: Health check job_service: OK
2026-01-08 19:50:32,692 [INFO] __main__: Health check caption_service: OK
2026-01-08 19:50:32,694 [INFO] __main__: Health check embedding_service: OK
2026-01-08 19:50:32,699 [INFO] __main__: Health check rag_service: OK
2026-01-08 19:50:33,517 [INFO] __main__: No active jobs
2026-01-08 19:50:38,525 [INFO] __main__: No active jobs
2026-01-08 19:50:43,532 [INFO] __main__: No active jobs
2026-01-08 19:50:48,544 [INFO] __main__: No active jobs
2026-01-08 19:50:53,554 [INFO] __main__: No active jobs
2026-01-08 19:50:58,570 [INFO] __main__: No active jobs
2026-01-08 19:51:02,334 [INFO] __main__: Cleanup: Querying database at: /Users/shaydu/dev/mondrian-macos/mondrian.db
2026-01-08 19:51:02,711 [INFO] __main__: Health check ai_advisor: OK
2026-01-08 19:51:02,715 [INFO] __main__: Health check job_service: OK
2026-01-08 19:51:02,718 [INFO] __main__: Health check caption_service: OK
2026-01-08 19:51:02,721 [INFO] __main__: Health check embedding_service: OK
2026-01-08 19:51:02,727 [INFO] __main__: Health check rag_service: OK
2026-01-08 19:51:03,586 [INFO] __main__: No active jobs
2026-01-08 19:51:08,596 [INFO] __main__: No active jobs
2026-01-08 19:51:13,610 [INFO] __main__: No active jobs
2026-01-08 19:51:18,626 [INFO] __main__: No active jobs
2026-01-08 19:51:23,634 [INFO] __main__: No active jobs
2026-01-08 19:51:28,643 [INFO] __main__: No active jobs
2026-01-08 19:51:32,733 [INFO] __main__: Health check ai_advisor: OK
2026-01-08 19:51:32,735 [INFO] __main__: Health check job_service: OK
2026-01-08 19:51:32,737 [INFO] __main__: Health check caption_service: OK
2026-01-08 19:51:32,740 [INFO] __main__: Health check embedding_service: OK
2026-01-08 19:51:32,744 [INFO] __main__: Health check rag_service: OK
2026-01-08 19:51:33,659 [INFO] __main__: No active jobs
2026-01-08 19:51:38,667 [INFO] __main__: No active jobs
2026-01-08 19:51:43,685 [INFO] __main__: No active jobs
2026-01-08 19:51:48,702 [INFO] __main__: No active jobs
2026-01-08 19:51:53,712 [INFO] __main__: No active jobs
2026-01-08 19:51:58,728 [INFO] __main__: No active jobs
2026-01-08 19:52:02,344 [INFO] __main__: Cleanup: Querying database at: /Users/shaydu/dev/mondrian-macos/mondrian.db
2026-01-08 19:52:02,756 [INFO] __main__: Health check ai_advisor: OK
2026-01-08 19:52:02,759 [INFO] __main__: Health check job_service: OK
2026-01-08 19:52:02,762 [INFO] __main__: Health check caption_service: OK
2026-01-08 19:52:02,765 [INFO] __main__: Health check embedding_service: OK
2026-01-08 19:52:02,770 [INFO] __main__: Health check rag_service: OK
2026-01-08 19:52:03,743 [INFO] __main__: No active jobs
2026-01-08 19:52:08,751 [INFO] __main__: No active jobs
2026-01-08 19:52:13,766 [INFO] __main__: No active jobs
2026-01-08 19:52:18,781 [INFO] __main__: No active jobs
2026-01-08 19:52:23,798 [INFO] __main__: No active jobs
2026-01-08 19:52:28,813 [INFO] __main__: No active jobs
2026-01-08 19:52:32,780 [INFO] __main__: Health check ai_advisor: OK
2026-01-08 19:52:32,783 [INFO] __main__: Health check job_service: OK
2026-01-08 19:52:32,786 [INFO] __main__: Health check caption_service: OK
2026-01-08 19:52:32,789 [INFO] __main__: Health check embedding_service: OK
2026-01-08 19:52:32,794 [INFO] __main__: Health check rag_service: OK
2026-01-08 19:52:33,826 [INFO] __main__: No active jobs
2026-01-08 19:52:38,843 [INFO] __main__: No active jobs
2026-01-08 19:52:43,860 [INFO] __main__: No active jobs
2026-01-08 19:52:48,874 [INFO] __main__: No active jobs
2026-01-08 19:52:53,890 [INFO] __main__: No active jobs
2026-01-08 19:52:58,907 [INFO] __main__: No active jobs
2026-01-08 19:53:02,355 [INFO] __main__: Cleanup: Querying database at: /Users/shaydu/dev/mondrian-macos/mondrian.db
2026-01-08 19:53:02,806 [INFO] __main__: Health check ai_advisor: OK
2026-01-08 19:53:02,810 [INFO] __main__: Health check job_service: OK
2026-01-08 19:53:02,812 [INFO] __main__: Health check caption_service: OK
2026-01-08 19:53:02,815 [INFO] __main__: Health check embedding_service: OK
2026-01-08 19:53:02,821 [INFO] __main__: Health check rag_service: OK
2026-01-08 19:53:03,925 [INFO] __main__: No active jobs
2026-01-08 19:53:08,941 [INFO] __main__: No active jobs
2026-01-08 19:53:13,957 [INFO] __main__: No active jobs
2026-01-08 19:53:18,971 [INFO] __main__: No active jobs
2026-01-08 19:53:23,977 [INFO] __main__: No active jobs
2026-01-08 19:53:28,989 [INFO] __main__: No active jobs
2026-01-08 19:53:32,828 [INFO] __main__: Health check ai_advisor: OK
2026-01-08 19:53:32,830 [INFO] __main__: Health check job_service: OK
2026-01-08 19:53:32,832 [INFO] __main__: Health check caption_service: OK
2026-01-08 19:53:32,834 [INFO] __main__: Health check embedding_service: OK
2026-01-08 19:53:32,839 [INFO] __main__: Health check rag_service: OK
2026-01-08 19:53:33,995 [INFO] __main__: No active jobs
2026-01-08 19:53:39,012 [INFO] __main__: No active jobs
2026-01-08 19:53:44,023 [INFO] __main__: No active jobs
2026-01-08 19:53:49,031 [INFO] __main__: No active jobs
2026-01-08 19:53:54,040 [INFO] __main__: No active jobs
